


ARM Macro Assembler    Page 1 


    1 00000000         ;/******************************************************
                       ********************//**
    2 00000000         ; * @file     startup_LPC17xx.s
    3 00000000         ; * @brief    CMSIS Cortex-M3 Core Device Startup File f
                       or
    4 00000000         ; *           NXP LPC17xx Device Series
    5 00000000         ; * @version  V1.10
    6 00000000         ; * @date     06. April 2011
    7 00000000         ; *
    8 00000000         ; * @note
    9 00000000         ; * Copyright (C) 2009-2011 ARM Limited. All rights rese
                       rved.
   10 00000000         ; *
   11 00000000         ; * @par
   12 00000000         ; * ARM Limited (ARM) is supplying this software for use
                        with Cortex-M
   13 00000000         ; * processor based microcontrollers.  This file can be 
                       freely distributed
   14 00000000         ; * within development tools that are supporting such AR
                       M based processors.
   15 00000000         ; *
   16 00000000         ; * @par
   17 00000000         ; * THIS SOFTWARE IS PROVIDED "AS IS".  NO WARRANTIES, W
                       HETHER EXPRESS, IMPLIED
   18 00000000         ; * OR STATUTORY, INCLUDING, BUT NOT LIMITED TO, IMPLIED
                        WARRANTIES OF
   19 00000000         ; * MERCHANTABILITY AND FITNESS FOR A PARTICULAR PURPOSE
                        APPLY TO THIS SOFTWARE.
   20 00000000         ; * ARM SHALL NOT, IN ANY CIRCUMSTANCES, BE LIABLE FOR S
                       PECIAL, INCIDENTAL, OR
   21 00000000         ; * CONSEQUENTIAL DAMAGES, FOR ANY REASON WHATSOEVER.
   22 00000000         ; *
   23 00000000         ; ******************************************************
                       ************************/
   24 00000000         
   25 00000000         ; *------- <<< Use Configuration Wizard in Context Menu 
                       >>> ------------------
   26 00000000         
   27 00000000         ; <h> Stack Configuration
   28 00000000         ;   <o> Stack Size (in Bytes) <0x0-0xFFFFFFFF:8>
   29 00000000         ; </h>
   30 00000000         
   31 00000000 00000200 
                       Stack_Size
                               EQU              0x00000200
   32 00000000         
   33 00000000                 AREA             STACK, NOINIT, READWRITE, ALIGN
=3
   34 00000000         Stack_Mem
                               SPACE            Stack_Size
   35 00000200         __initial_sp
   36 00000200         
   37 00000200         
   38 00000200         ; <h> Heap Configuration
   39 00000200         ;   <o>  Heap Size (in Bytes) <0x0-0xFFFFFFFF:8>
   40 00000200         ; </h>
   41 00000200         
   42 00000200 00000000 
                       Heap_Size



ARM Macro Assembler    Page 2 


                               EQU              0x00000000
   43 00000200         
   44 00000200                 AREA             HEAP, NOINIT, READWRITE, ALIGN=
3
   45 00000000         __heap_base
   46 00000000         Heap_Mem
                               SPACE            Heap_Size
   47 00000000         __heap_limit
   48 00000000         
   49 00000000         
   50 00000000                 PRESERVE8
   51 00000000                 THUMB
   52 00000000         
   53 00000000         
   54 00000000         ; Vector Table Mapped to Address 0 at Reset
   55 00000000         
   56 00000000                 AREA             RESET, DATA, READONLY
   57 00000000                 EXPORT           __Vectors
   58 00000000         
   59 00000000 00000000 
                       __Vectors
                               DCD              __initial_sp ; Top of Stack
   60 00000004 00000000        DCD              Reset_Handler ; Reset Handler
   61 00000008 00000000        DCD              NMI_Handler ; NMI Handler
   62 0000000C 00000000        DCD              HardFault_Handler ; Hard Fault 
                                                            Handler
   63 00000010 00000000        DCD              MemManage_Handler 
                                                            ; MPU Fault Handler
                                                            
   64 00000014 00000000        DCD              BusFault_Handler 
                                                            ; Bus Fault Handler
                                                            
   65 00000018 00000000        DCD              UsageFault_Handler ; Usage Faul
                                                            t Handler
   66 0000001C 00000000        DCD              0           ; Reserved
   67 00000020 00000000        DCD              0           ; Reserved
   68 00000024 00000000        DCD              0           ; Reserved
   69 00000028 00000000        DCD              0           ; Reserved
   70 0000002C 00000000        DCD              SVC_Handler ; SVCall Handler
   71 00000030 00000000        DCD              DebugMon_Handler ; Debug Monito
                                                            r Handler
   72 00000034 00000000        DCD              0           ; Reserved
   73 00000038 00000000        DCD              PendSV_Handler ; PendSV Handler
                                                            
   74 0000003C 00000000        DCD              SysTick_Handler 
                                                            ; SysTick Handler
   75 00000040         
   76 00000040         ; External Interrupts
   77 00000040 00000000        DCD              WDT_IRQHandler ; 16: Watchdog T
                                                            imer
   78 00000044 00000000        DCD              TIMER0_IRQHandler ; 17: Timer0
   79 00000048 00000000        DCD              TIMER1_IRQHandler ; 18: Timer1
   80 0000004C 00000000        DCD              TIMER2_IRQHandler ; 19: Timer2
   81 00000050 00000000        DCD              TIMER3_IRQHandler ; 20: Timer3
   82 00000054 00000000        DCD              UART0_IRQHandler ; 21: UART0
   83 00000058 00000000        DCD              UART1_IRQHandler ; 22: UART1
   84 0000005C 00000000        DCD              UART2_IRQHandler ; 23: UART2
   85 00000060 00000000        DCD              UART3_IRQHandler ; 24: UART3
   86 00000064 00000000        DCD              PWM1_IRQHandler ; 25: PWM1



ARM Macro Assembler    Page 3 


   87 00000068 00000000        DCD              I2C0_IRQHandler ; 26: I2C0
   88 0000006C 00000000        DCD              I2C1_IRQHandler ; 27: I2C1
   89 00000070 00000000        DCD              I2C2_IRQHandler ; 28: I2C2
   90 00000074 00000000        DCD              SPI_IRQHandler ; 29: SPI
   91 00000078 00000000        DCD              SSP0_IRQHandler ; 30: SSP0
   92 0000007C 00000000        DCD              SSP1_IRQHandler ; 31: SSP1
   93 00000080 00000000        DCD              PLL0_IRQHandler ; 32: PLL0 Lock
                                                             (Main PLL)
   94 00000084 00000000        DCD              RTC_IRQHandler ; 33: Real Time 
                                                            Clock
   95 00000088 00000000        DCD              EINT0_IRQHandler ; 34: External
                                                             Interrupt 0
   96 0000008C 00000000        DCD              EINT1_IRQHandler ; 35: External
                                                             Interrupt 1
   97 00000090 00000000        DCD              EINT2_IRQHandler ; 36: External
                                                             Interrupt 2
   98 00000094 00000000        DCD              EINT3_IRQHandler ; 37: External
                                                             Interrupt 3
   99 00000098 00000000        DCD              ADC_IRQHandler 
                                                            ; 38: A/D Converter
                                                            
  100 0000009C 00000000        DCD              BOD_IRQHandler ; 39: Brown-Out 
                                                            Detect
  101 000000A0 00000000        DCD              USB_IRQHandler ; 40: USB
  102 000000A4 00000000        DCD              CAN_IRQHandler ; 41: CAN
  103 000000A8 00000000        DCD              DMA_IRQHandler ; 42: General Pu
                                                            rpose DMA
  104 000000AC 00000000        DCD              I2S_IRQHandler ; 43: I2S
  105 000000B0 00000000        DCD              ENET_IRQHandler ; 44: Ethernet
  106 000000B4 00000000        DCD              RIT_IRQHandler ; 45: Repetitive
                                                             Interrupt Timer
  107 000000B8 00000000        DCD              MCPWM_IRQHandler ; 46: Motor Co
                                                            ntrol PWM
  108 000000BC 00000000        DCD              QEI_IRQHandler ; 47: Quadrature
                                                             Encoder Interface
  109 000000C0 00000000        DCD              PLL1_IRQHandler ; 48: PLL1 Lock
                                                             (USB PLL)
  110 000000C4 00000000        DCD              USBActivity_IRQHandler ; 49: US
                                                            B Activity interrup
                                                            t to wakeup
  111 000000C8 00000000        DCD              CANActivity_IRQHandler ; 50: CA
                                                            N Activity interrup
                                                            t to wakeup
  112 000000CC         
  113 000000CC         
  114 000000CC                 IF               :LNOT::DEF:NO_CRP
  115 000000CC                 AREA             |.ARM.__at_0x02FC|, CODE, READO
NLY
  116 00000000 FFFFFFFF 
                       CRP_Key DCD              0xFFFFFFFF
  117 00000004                 ENDIF
  118 00000004         
  119 00000004                 AREA             MAT, DATA,READONLY
  120 00000000         ;DCD 4,9,2,3,5,7,8,1,6 ;Magic
  121 00000000         ;DCD 5,9,2,3,5,7,8,1,15  ;NoMagic
  122 00000000 00000040 
              00000002 
              00000003 
              0000003D 



ARM Macro Assembler    Page 4 


              0000003C 
              00000006 
              00000007 
              00000039 riga1   DCD              64, 2, 3, 61, 60, 6, 7, 57
  123 00000020 00000009 
              00000037 
              00000036 
              0000000C 
              0000000D 
              00000033 
              00000032 
              00000010 riga2   DCD              9 ,55, 54, 12, 13, 51, 50, 16
  124 00000040 00000011 
              0000002F 
              0000002E 
              00000014 
              00000015 
              0000002B 
              0000002A 
              00000018 riga3   DCD              17 ,47, 46, 20, 21, 43 ,42, 24
  125 00000060 00000028 
              0000001A 
              0000001B 
              00000025 
              00000024 
              0000001E 
              0000001F 
              00000021 riga4   DCD              40 ,26 ,27, 37, 36 ,30 ,31, 33
  126 00000080 00000020 
              00000022 
              00000023 
              0000001D 
              0000001C 
              00000026 
              00000027 
              00000019 riga5   DCD              32 ,34 ,35, 29, 28, 38, 39, 25
  127 000000A0 00000029 
              00000017 
              00000016 
              0000002C 
              0000002D 
              00000013 
              00000012 
              00000030 riga6   DCD              41 ,23 ,22 ,44 ,45 ,19 ,18 ,48
  128 000000C0 00000031 
              0000000F 
              0000000E 
              00000034 
              00000035 
              0000000B 
              0000000A 
              00000038 riga7   DCD              49 ,15, 14, 52, 53, 11, 10, 56
  129 000000E0 00000008 
              0000003A 
              0000003B 
              00000005 
              00000004 
              0000003E 
              0000003F 



ARM Macro Assembler    Page 5 


              00000001 riga8   DCD              8 ,58 ,59 ,5 ,4 ,62 ,63, 1
  130 00000100         
  131 00000100 00000008 
                       N       EQU              8
  132 00000100 00000104 
                       M       EQU              (N*((N*N)+1))/2
  133 00000100                 AREA             ausiliaria, DATA,READWRITE
  134 00000000 00 00 00 
              00 00 00 
              00 00 00 
              00 00 00 
              00 00 00 
              00 00 00 
              00 00 00 
              00 00 00 
              00 00 00 
              00 00 00 
              00 00 00 
              00 00 00 
              00 00 00 
              00 00 00 
              00 00 00 
              00 00 00 
              00 00 00 
              00 00 00 
              00 00 00 
              00 00 00 
              00 00 00 
              00 00    VETT    SPACE            65
  135 00000041                 AREA             |.text|, CODE, READONLY
  136 00000000         
  137 00000000         
  138 00000000         ; Reset Handler
  139 00000000         
  140 00000000         Reset_Handler
                               PROC
  141 00000000                 EXPORT           Reset_Handler             [WEAK
]
  142 00000000         
  143 00000000 485E            LDR              R0,=MAT
  144 00000002 F04F 0108       MOV              R1,#N
  145 00000006         
  146 00000006 E92D 0803       PUSH             {R0,R1,R11}
  147 0000000A F7FF FFFE       BL               magicSquare
  148 0000000E E8BD 0803       POP              {R0,R1,R11}
  149 00000012 E7FE    STOP    B                STOP
  150 00000014                 ENDP
  151 00000014         
  152 00000014         
  153 00000014         magicSquare
                               PROC
  154 00000014 E92D 57FC       PUSH             {R2,R3,R4,R5,R6,R7,R8,R9,R10,R1
2,LR}
  155 00000018         
  156 00000018 E003    first   B                equalsCheck
  157 0000001A E028    secondControl
                               B                rowCheck
  158 0000001C E046    thirdControl
                               B                columnCheck



ARM Macro Assembler    Page 6 


  159 0000001E E067    fourthControl
                               B                diagonalCheck
  160 00000020 E07A    fifthControl
                               B                antiDiagCheck
  161 00000022         
  162 00000022         
  163 00000022         ;///////////////////////////////////////////////////////
                       //////////////////////   
  164 00000022         
  165 00000022         ;CONTROLLO CHE TUTTI I NUMERI SIANO DIVERSI E CHE RISPET
                       TINO IL RANGE [0-N^2];
  166 00000022         
  167 00000022 9A0B    equalsCheck
                               LDR              R2,[SP,#44] ;indirizzo
  168 00000024 9B0C            LDR              R3,[SP,#48] ;N
  169 00000026 F04F 0601       MOV              R6,#1       ;flag 
  170 0000002A EA87 0707       EOR              R7,R7
  171 0000002E         
  172 0000002E 4C54            LDR              R4,=VETT
  173 00000030 F852 5B04 
                       loop    LDR              R5,[R2],#4
  174 00000034 E008            B                rangeCheck
  175 00000036         
  176 00000036 442C    inRange ADD              R4,R5       ;calcolo indirizzo 
                                                            posizione nel vetto
                                                            re
  177 00000038 7026            STRB             R6,[R4]     ;setto cella vettor
                                                            e ad 1
  178 0000003A EBA4 0405       SUB              R4,R5       ;ripristino R4
  179 0000003E         
  180 0000003E F107 0701       ADD              R7,#1
  181 00000042 2F40            CMP              R7,#N*N
  182 00000044 D006            BEQ              vettCheck
  183 00000046 E7F3            B                loop
  184 00000048         
  185 00000048         
  186 00000048 2D40    rangeCheck
                               CMP              R5,#N*N     ;devono essere mino
                                                            ri di N^2
  187 0000004A D900            BLS              second
  188 0000004C E080            B                noPerfectSquare
  189 0000004E 2D00    second  CMP              R5,#0       ;devono essere magg
                                                            iori di 0
  190 00000050 D1F1            BNE              inRange
  191 00000052 E07D            B                noPerfectSquare
  192 00000054         
  193 00000054 EA86 0606 
                       vettCheck
                               EOR              R6,R6
  194 00000058 F104 0401       ADD              R4,#1       ; non devo controll
                                                            are la prima casell
                                                            a perchè nessun num
                                                            ero deve essere ugu
                                                            ale a 0.
  195 0000005C F814 5B01 
                       loop1   LDRB             R5,[R4],#1
  196 00000060 2D00            CMP              R5,#0
  197 00000062 D075            BEQ              noPerfectSquare
  198 00000064 F106 0601       ADD              R6,#1



ARM Macro Assembler    Page 7 


  199 00000068 2E40            CMP              R6,#N*N
  200 0000006A D0D6            BEQ              secondControl
  201 0000006C E7F6            B                loop1
  202 0000006E         ;///////////////////////////////////////////////////////
                       ////////////////////// 
  203 0000006E         
  204 0000006E         ;CONTROLLO LA SOMMA PER TUTTE LE RIGHR 
  205 0000006E 9A0B    rowCheck
                               LDR              R2,[SP,#44] ;indirizzo
  206 00000070 9B0C            LDR              R3,[SP,#48] ;N
  207 00000072 EA87 0707       EOR              R7,R7
  208 00000076 EA88 0808       EOR              R8,R8
  209 0000007A EA86 0606       EOR              R6,R6
  210 0000007E         
  211 0000007E F1B8 0F08 
                       loopExt CMP              R8,#N
  212 00000082 D0CB            BEQ              thirdControl
  213 00000084 F852 4B04       LDR              R4,[R2],#4
  214 00000088 4426            ADD              R6,R4
  215 0000008A         
  216 0000008A F852 5B04 
                       loopInt LDR              R5,[R2],#4
  217 0000008E 442E            ADD              R6,R5
  218 00000090 F107 0701       ADD              R7,#1
  219 00000094 2F06            CMP              R7,#N-2
  220 00000096 D9F8            BLS              loopInt
  221 00000098         
  222 00000098 F5B6 7F82       CMP              R6,#M
  223 0000009C D158            BNE              noPerfectSquare
  224 0000009E EA87 0707       EOR              R7,R7
  225 000000A2 EA86 0606       EOR              R6,R6
  226 000000A6 F108 0801       ADD              R8,#1
  227 000000AA E7E8            B                loopExt
  228 000000AC         ;///////////////////////////////////////////////////////
                       ////////////////////// 
  229 000000AC         
  230 000000AC         ;CONTROLLO LA SOMMA PER TUTTE LE COLONNE
  231 000000AC 9A0B    columnCheck
                               LDR              R2,[SP,#44] ;indirizzo
  232 000000AE 9B0C            LDR              R3,[SP,#48] ;N
  233 000000B0 EA87 0707       EOR              R7,R7
  234 000000B4 EA88 0808       EOR              R8,R8
  235 000000B8 EA86 0606       EOR              R6,R6
  236 000000BC         
  237 000000BC F1B8 0F08 
                       loopExt1
                               CMP              R8,#N
  238 000000C0 D0AD            BEQ              fourthControl
  239 000000C2 F852 4B20       LDR              R4,[R2],#N*4
  240 000000C6 4426            ADD              R6,R4
  241 000000C8         
  242 000000C8 F852 5B20 
                       loopInt1
                               LDR              R5,[R2],#N*4
  243 000000CC 442E            ADD              R6,R5
  244 000000CE F107 0701       ADD              R7,#1
  245 000000D2 2F06            CMP              R7,#N-2
  246 000000D4 D9F8            BLS              loopInt1
  247 000000D6         



ARM Macro Assembler    Page 8 


  248 000000D6 F5B6 7F82       CMP              R6,#M
  249 000000DA D139            BNE              noPerfectSquare
  250 000000DC EA87 0707       EOR              R7,R7
  251 000000E0 EA86 0606       EOR              R6,R6
  252 000000E4 F108 0801       ADD              R8,#1
  253 000000E8 9A0B            LDR              R2,[sp,#44] ;indirizzo
  254 000000EA F102 0204       ADD              R2,#4
  255 000000EE E7E5            B                loopExt1
  256 000000F0         ;///////////////////////////////////////////////////////
                       ////////////////////// 
  257 000000F0         
  258 000000F0         ; CONTROLLO LA SOMMA PER LA DIAGONALE
  259 000000F0 9A0B    diagonalCheck
                               LDR              R2,[SP,#44] ;indirizzo
  260 000000F2 9B0C            LDR              R3,[SP,#48] ;N
  261 000000F4 EA86 0606       EOR              R6,R6
  262 000000F8 EA87 0707       EOR              R7,R7
  263 000000FC         
  264 000000FC         
  265 000000FC F852 4B24       LDR              R4,[R2],#(N+1)*4
  266 00000100 4426            ADD              R6,R4
  267 00000102         
  268 00000102 F852 5B24 
                       loopInt2
                               LDR              R5,[R2],#(N+1)*4
  269 00000106 442E            ADD              R6,R5
  270 00000108 F107 0701       ADD              R7,#1
  271 0000010C 2F06            CMP              R7,#N-2
  272 0000010E D9F8            BLS              loopInt2
  273 00000110         
  274 00000110 F5B6 7F82       CMP              R6,#M
  275 00000114 D084            BEQ              fifthControl
  276 00000116 E01B            B                noPerfectSquare
  277 00000118         ;///////////////////////////////////////////////////////
                       ////////////////////// 
  278 00000118         
  279 00000118         ;CONTROLLO LA SOMMA PER ANTIDIAGONALE
  280 00000118 9A0B    antiDiagCheck
                               LDR              R2,[SP,#44] ;indirizzo
  281 0000011A 9B0C            LDR              R3,[SP,#48] ;N
  282 0000011C EA86 0606       EOR              R6,R6
  283 00000120 EA87 0707       EOR              R7,R7
  284 00000124 F102 021C       ADD              R2,#(N-1)*4 ;parto dal fondo de
                                                            lla prima rigaM
  285 00000128         
  286 00000128 F852 4B1C       LDR              R4,[R2],#(N-1)*4
  287 0000012C 4426            ADD              R6,R4
  288 0000012E         
  289 0000012E F852 5B1C 
                       loopInt3
                               LDR              R5,[R2],#(N-1)*4
  290 00000132 442E            ADD              R6,R5
  291 00000134 F107 0701       ADD              R7,#1
  292 00000138 2F06            CMP              R7,#N-2
  293 0000013A D9F8            BLS              loopInt3
  294 0000013C         
  295 0000013C F5B6 7F82       CMP              R6,#M
  296 00000140 D000            BEQ              fine
  297 00000142 E005            B                noPerfectSquare



ARM Macro Assembler    Page 9 


  298 00000144         ;///////////////////////////////////////////////////////
                       //////////////////////   
  299 00000144 F04F 0B01 
                       fine    MOV              R11,#1
  300 00000148 F8CD B034       STR              R11,[SP,#52]
  301 0000014C E8BD 97FC       POP              {R2,R3,R4,R5,R6,R7,R8,R9,R10,R1
2,PC}
  302 00000150         
  303 00000150         
  304 00000150 F04F 0B00 
                       noPerfectSquare
                               MOV              R11,#0
  305 00000154 F8CD B034       STR              R11,[SP,#52]
  306 00000158 E8BD 97FC       POP              {R2,R3,R4,R5,R6,R7,R8,R9,R10,R1
2,PC}
  307 0000015C                 ENDP
  308 0000015C         
  309 0000015C         
  310 0000015C         ; Dummy Exception Handlers (infinite loops which can be 
                       modified)
  311 0000015C         
  312 0000015C         NMI_Handler
                               PROC
  313 0000015C                 EXPORT           NMI_Handler               [WEAK
]
  314 0000015C E7FE            B                .
  315 0000015E                 ENDP
  317 0000015E         HardFault_Handler
                               PROC
  318 0000015E                 EXPORT           HardFault_Handler         [WEAK
]
  319 0000015E E7FE            B                .
  320 00000160                 ENDP
  322 00000160         MemManage_Handler
                               PROC
  323 00000160                 EXPORT           MemManage_Handler         [WEAK
]
  324 00000160 E7FE            B                .
  325 00000162                 ENDP
  327 00000162         BusFault_Handler
                               PROC
  328 00000162                 EXPORT           BusFault_Handler          [WEAK
]
  329 00000162 E7FE            B                .
  330 00000164                 ENDP
  332 00000164         UsageFault_Handler
                               PROC
  333 00000164                 EXPORT           UsageFault_Handler        [WEAK
]
  334 00000164 E7FE            B                .
  335 00000166                 ENDP
  336 00000166         SVC_Handler
                               PROC
  337 00000166                 EXPORT           SVC_Handler               [WEAK
]
  338 00000166 E7FE            B                .
  339 00000168                 ENDP
  341 00000168         DebugMon_Handler
                               PROC



ARM Macro Assembler    Page 10 


  342 00000168                 EXPORT           DebugMon_Handler          [WEAK
]
  343 00000168 E7FE            B                .
  344 0000016A                 ENDP
  345 0000016A         PendSV_Handler
                               PROC
  346 0000016A                 EXPORT           PendSV_Handler            [WEAK
]
  347 0000016A E7FE            B                .
  348 0000016C                 ENDP
  349 0000016C         SysTick_Handler
                               PROC
  350 0000016C                 EXPORT           SysTick_Handler           [WEAK
]
  351 0000016C E7FE            B                .
  352 0000016E                 ENDP
  353 0000016E         
  354 0000016E         Default_Handler
                               PROC
  355 0000016E         
  356 0000016E                 EXPORT           WDT_IRQHandler            [WEAK
]
  357 0000016E                 EXPORT           TIMER0_IRQHandler         [WEAK
]
  358 0000016E                 EXPORT           TIMER1_IRQHandler         [WEAK
]
  359 0000016E                 EXPORT           TIMER2_IRQHandler         [WEAK
]
  360 0000016E                 EXPORT           TIMER3_IRQHandler         [WEAK
]
  361 0000016E                 EXPORT           UART0_IRQHandler          [WEAK
]
  362 0000016E                 EXPORT           UART1_IRQHandler          [WEAK
]
  363 0000016E                 EXPORT           UART2_IRQHandler          [WEAK
]
  364 0000016E                 EXPORT           UART3_IRQHandler          [WEAK
]
  365 0000016E                 EXPORT           PWM1_IRQHandler           [WEAK
]
  366 0000016E                 EXPORT           I2C0_IRQHandler           [WEAK
]
  367 0000016E                 EXPORT           I2C1_IRQHandler           [WEAK
]
  368 0000016E                 EXPORT           I2C2_IRQHandler           [WEAK
]
  369 0000016E                 EXPORT           SPI_IRQHandler            [WEAK
]
  370 0000016E                 EXPORT           SSP0_IRQHandler           [WEAK
]
  371 0000016E                 EXPORT           SSP1_IRQHandler           [WEAK
]
  372 0000016E                 EXPORT           PLL0_IRQHandler           [WEAK
]
  373 0000016E                 EXPORT           RTC_IRQHandler            [WEAK
]
  374 0000016E                 EXPORT           EINT0_IRQHandler          [WEAK
]
  375 0000016E                 EXPORT           EINT1_IRQHandler          [WEAK



ARM Macro Assembler    Page 11 


]
  376 0000016E                 EXPORT           EINT2_IRQHandler          [WEAK
]
  377 0000016E                 EXPORT           EINT3_IRQHandler          [WEAK
]
  378 0000016E                 EXPORT           ADC_IRQHandler            [WEAK
]
  379 0000016E                 EXPORT           BOD_IRQHandler            [WEAK
]
  380 0000016E                 EXPORT           USB_IRQHandler            [WEAK
]
  381 0000016E                 EXPORT           CAN_IRQHandler            [WEAK
]
  382 0000016E                 EXPORT           DMA_IRQHandler            [WEAK
]
  383 0000016E                 EXPORT           I2S_IRQHandler            [WEAK
]
  384 0000016E                 EXPORT           ENET_IRQHandler           [WEAK
]
  385 0000016E                 EXPORT           RIT_IRQHandler            [WEAK
]
  386 0000016E                 EXPORT           MCPWM_IRQHandler          [WEAK
]
  387 0000016E                 EXPORT           QEI_IRQHandler            [WEAK
]
  388 0000016E                 EXPORT           PLL1_IRQHandler           [WEAK
]
  389 0000016E                 EXPORT           USBActivity_IRQHandler    [WEAK
]
  390 0000016E                 EXPORT           CANActivity_IRQHandler    [WEAK
]
  391 0000016E         
  392 0000016E         WDT_IRQHandler
  393 0000016E         TIMER0_IRQHandler
  394 0000016E         TIMER1_IRQHandler
  395 0000016E         TIMER2_IRQHandler
  396 0000016E         TIMER3_IRQHandler
  397 0000016E         UART0_IRQHandler
  398 0000016E         UART1_IRQHandler
  399 0000016E         UART2_IRQHandler
  400 0000016E         UART3_IRQHandler
  401 0000016E         PWM1_IRQHandler
  402 0000016E         I2C0_IRQHandler
  403 0000016E         I2C1_IRQHandler
  404 0000016E         I2C2_IRQHandler
  405 0000016E         SPI_IRQHandler
  406 0000016E         SSP0_IRQHandler
  407 0000016E         SSP1_IRQHandler
  408 0000016E         PLL0_IRQHandler
  409 0000016E         RTC_IRQHandler
  410 0000016E         EINT0_IRQHandler
  411 0000016E         EINT1_IRQHandler
  412 0000016E         EINT2_IRQHandler
  413 0000016E         EINT3_IRQHandler
  414 0000016E         ADC_IRQHandler
  415 0000016E         BOD_IRQHandler
  416 0000016E         USB_IRQHandler
  417 0000016E         CAN_IRQHandler
  418 0000016E         DMA_IRQHandler



ARM Macro Assembler    Page 12 


  419 0000016E         I2S_IRQHandler
  420 0000016E         ENET_IRQHandler
  421 0000016E         RIT_IRQHandler
  422 0000016E         MCPWM_IRQHandler
  423 0000016E         QEI_IRQHandler
  424 0000016E         PLL1_IRQHandler
  425 0000016E         USBActivity_IRQHandler
  426 0000016E         CANActivity_IRQHandler
  427 0000016E         
  428 0000016E E7FE            B                .
  429 00000170         
  430 00000170                 ENDP
  431 00000170         
  432 00000170         
  433 00000170                 ALIGN
  434 00000170         
  435 00000170         
  436 00000170         ; User Initial Stack & Heap
  437 00000170         
  438 00000170                 IF               :DEF:__MICROLIB
  445 00000170         
  446 00000170         ;IMPORT  __use_two_region_memory
  447 00000170                 EXPORT           __user_initial_stackheap
  448 00000170         __user_initial_stackheap
  449 00000170         
  450 00000170 4804            LDR              R0, =  Heap_Mem
  451 00000172 4905            LDR              R1, =(Stack_Mem + Stack_Size)
  452 00000174 4A03            LDR              R2, = (Heap_Mem +  Heap_Size)
  453 00000176 4B05            LDR              R3, = Stack_Mem
  454 00000178 4770            BX               LR
  455 0000017A         
  456 0000017A 00 00           ALIGN
  457 0000017C         
  458 0000017C                 ENDIF
  459 0000017C         
  460 0000017C         
  461 0000017C                 END
              00000000 
              00000000 
              00000000 
              00000200 
              00000000 
Command Line: --debug --xref --cpu=Cortex-M3 --apcs=interwork --depend=.\startu
p_lpc17xx.d -o.\startup_lpc17xx.o -I"Z:\Volumes\HDD\Documenti HDD\Politecnico 2
018:2019\ASE\keil2\ARM\RV31\INC" -I"Z:\Volumes\HDD\Documenti HDD\Politecnico 20
18:2019\ASE\keil2\ARM\CMSIS\Include" -I"Z:\Volumes\HDD\Documenti HDD\Politecnic
o 2018:2019\ASE\keil2\ARM\Inc\NXP\LPC17xx" --predefine="__EVAL SETA 1" --list=.
\startup_lpc17xx.lst startup_LPC17xx.s



ARM Macro Assembler    Page 1 Alphabetic symbol ordering
Relocatable symbols

STACK 00000000

Symbol: STACK
   Definitions
      At line 33 in file startup_LPC17xx.s
   Uses
      None
Comment: STACK unused
Stack_Mem 00000000

Symbol: Stack_Mem
   Definitions
      At line 34 in file startup_LPC17xx.s
   Uses
      At line 451 in file startup_LPC17xx.s
      At line 453 in file startup_LPC17xx.s

__initial_sp 00000200

Symbol: __initial_sp
   Definitions
      At line 35 in file startup_LPC17xx.s
   Uses
      At line 59 in file startup_LPC17xx.s
Comment: __initial_sp used once
3 symbols



ARM Macro Assembler    Page 1 Alphabetic symbol ordering
Relocatable symbols

HEAP 00000000

Symbol: HEAP
   Definitions
      At line 44 in file startup_LPC17xx.s
   Uses
      None
Comment: HEAP unused
Heap_Mem 00000000

Symbol: Heap_Mem
   Definitions
      At line 46 in file startup_LPC17xx.s
   Uses
      At line 450 in file startup_LPC17xx.s
      At line 452 in file startup_LPC17xx.s

__heap_base 00000000

Symbol: __heap_base
   Definitions
      At line 45 in file startup_LPC17xx.s
   Uses
      None
Comment: __heap_base unused
__heap_limit 00000000

Symbol: __heap_limit
   Definitions
      At line 47 in file startup_LPC17xx.s
   Uses
      None
Comment: __heap_limit unused
4 symbols



ARM Macro Assembler    Page 1 Alphabetic symbol ordering
Relocatable symbols

RESET 00000000

Symbol: RESET
   Definitions
      At line 56 in file startup_LPC17xx.s
   Uses
      None
Comment: RESET unused
__Vectors 00000000

Symbol: __Vectors
   Definitions
      At line 59 in file startup_LPC17xx.s
   Uses
      At line 57 in file startup_LPC17xx.s
Comment: __Vectors used once
2 symbols



ARM Macro Assembler    Page 1 Alphabetic symbol ordering
Relocatable symbols

.ARM.__at_0x02FC 00000000

Symbol: .ARM.__at_0x02FC
   Definitions
      At line 115 in file startup_LPC17xx.s
   Uses
      None
Comment: .ARM.__at_0x02FC unused
CRP_Key 00000000

Symbol: CRP_Key
   Definitions
      At line 116 in file startup_LPC17xx.s
   Uses
      None
Comment: CRP_Key unused
2 symbols



ARM Macro Assembler    Page 1 Alphabetic symbol ordering
Relocatable symbols

MAT 00000000

Symbol: MAT
   Definitions
      At line 119 in file startup_LPC17xx.s
   Uses
      At line 143 in file startup_LPC17xx.s
Comment: MAT used once
riga1 00000000

Symbol: riga1
   Definitions
      At line 122 in file startup_LPC17xx.s
   Uses
      None
Comment: riga1 unused
riga2 00000020

Symbol: riga2
   Definitions
      At line 123 in file startup_LPC17xx.s
   Uses
      None
Comment: riga2 unused
riga3 00000040

Symbol: riga3
   Definitions
      At line 124 in file startup_LPC17xx.s
   Uses
      None
Comment: riga3 unused
riga4 00000060

Symbol: riga4
   Definitions
      At line 125 in file startup_LPC17xx.s
   Uses
      None
Comment: riga4 unused
riga5 00000080

Symbol: riga5
   Definitions
      At line 126 in file startup_LPC17xx.s
   Uses
      None
Comment: riga5 unused
riga6 000000A0

Symbol: riga6
   Definitions
      At line 127 in file startup_LPC17xx.s
   Uses
      None
Comment: riga6 unused
riga7 000000C0

Symbol: riga7



ARM Macro Assembler    Page 2 Alphabetic symbol ordering
Relocatable symbols

   Definitions
      At line 128 in file startup_LPC17xx.s
   Uses
      None
Comment: riga7 unused
riga8 000000E0

Symbol: riga8
   Definitions
      At line 129 in file startup_LPC17xx.s
   Uses
      None
Comment: riga8 unused
9 symbols



ARM Macro Assembler    Page 1 Alphabetic symbol ordering
Relocatable symbols

VETT 00000000

Symbol: VETT
   Definitions
      At line 134 in file startup_LPC17xx.s
   Uses
      At line 172 in file startup_LPC17xx.s
Comment: VETT used once
ausiliaria 00000000

Symbol: ausiliaria
   Definitions
      At line 133 in file startup_LPC17xx.s
   Uses
      None
Comment: ausiliaria unused
2 symbols



ARM Macro Assembler    Page 1 Alphabetic symbol ordering
Relocatable symbols

.text 00000000

Symbol: .text
   Definitions
      At line 135 in file startup_LPC17xx.s
   Uses
      None
Comment: .text unused
ADC_IRQHandler 0000016E

Symbol: ADC_IRQHandler
   Definitions
      At line 414 in file startup_LPC17xx.s
   Uses
      At line 99 in file startup_LPC17xx.s
      At line 378 in file startup_LPC17xx.s

BOD_IRQHandler 0000016E

Symbol: BOD_IRQHandler
   Definitions
      At line 415 in file startup_LPC17xx.s
   Uses
      At line 100 in file startup_LPC17xx.s
      At line 379 in file startup_LPC17xx.s

BusFault_Handler 00000162

Symbol: BusFault_Handler
   Definitions
      At line 327 in file startup_LPC17xx.s
   Uses
      At line 64 in file startup_LPC17xx.s
      At line 328 in file startup_LPC17xx.s

CANActivity_IRQHandler 0000016E

Symbol: CANActivity_IRQHandler
   Definitions
      At line 426 in file startup_LPC17xx.s
   Uses
      At line 111 in file startup_LPC17xx.s
      At line 390 in file startup_LPC17xx.s

CAN_IRQHandler 0000016E

Symbol: CAN_IRQHandler
   Definitions
      At line 417 in file startup_LPC17xx.s
   Uses
      At line 102 in file startup_LPC17xx.s
      At line 381 in file startup_LPC17xx.s

DMA_IRQHandler 0000016E

Symbol: DMA_IRQHandler
   Definitions
      At line 418 in file startup_LPC17xx.s
   Uses



ARM Macro Assembler    Page 2 Alphabetic symbol ordering
Relocatable symbols

      At line 103 in file startup_LPC17xx.s
      At line 382 in file startup_LPC17xx.s

DebugMon_Handler 00000168

Symbol: DebugMon_Handler
   Definitions
      At line 341 in file startup_LPC17xx.s
   Uses
      At line 71 in file startup_LPC17xx.s
      At line 342 in file startup_LPC17xx.s

Default_Handler 0000016E

Symbol: Default_Handler
   Definitions
      At line 354 in file startup_LPC17xx.s
   Uses
      None
Comment: Default_Handler unused
EINT0_IRQHandler 0000016E

Symbol: EINT0_IRQHandler
   Definitions
      At line 410 in file startup_LPC17xx.s
   Uses
      At line 95 in file startup_LPC17xx.s
      At line 374 in file startup_LPC17xx.s

EINT1_IRQHandler 0000016E

Symbol: EINT1_IRQHandler
   Definitions
      At line 411 in file startup_LPC17xx.s
   Uses
      At line 96 in file startup_LPC17xx.s
      At line 375 in file startup_LPC17xx.s

EINT2_IRQHandler 0000016E

Symbol: EINT2_IRQHandler
   Definitions
      At line 412 in file startup_LPC17xx.s
   Uses
      At line 97 in file startup_LPC17xx.s
      At line 376 in file startup_LPC17xx.s

EINT3_IRQHandler 0000016E

Symbol: EINT3_IRQHandler
   Definitions
      At line 413 in file startup_LPC17xx.s
   Uses
      At line 98 in file startup_LPC17xx.s
      At line 377 in file startup_LPC17xx.s

ENET_IRQHandler 0000016E

Symbol: ENET_IRQHandler



ARM Macro Assembler    Page 3 Alphabetic symbol ordering
Relocatable symbols

   Definitions
      At line 420 in file startup_LPC17xx.s
   Uses
      At line 105 in file startup_LPC17xx.s
      At line 384 in file startup_LPC17xx.s

HardFault_Handler 0000015E

Symbol: HardFault_Handler
   Definitions
      At line 317 in file startup_LPC17xx.s
   Uses
      At line 62 in file startup_LPC17xx.s
      At line 318 in file startup_LPC17xx.s

I2C0_IRQHandler 0000016E

Symbol: I2C0_IRQHandler
   Definitions
      At line 402 in file startup_LPC17xx.s
   Uses
      At line 87 in file startup_LPC17xx.s
      At line 366 in file startup_LPC17xx.s

I2C1_IRQHandler 0000016E

Symbol: I2C1_IRQHandler
   Definitions
      At line 403 in file startup_LPC17xx.s
   Uses
      At line 88 in file startup_LPC17xx.s
      At line 367 in file startup_LPC17xx.s

I2C2_IRQHandler 0000016E

Symbol: I2C2_IRQHandler
   Definitions
      At line 404 in file startup_LPC17xx.s
   Uses
      At line 89 in file startup_LPC17xx.s
      At line 368 in file startup_LPC17xx.s

I2S_IRQHandler 0000016E

Symbol: I2S_IRQHandler
   Definitions
      At line 419 in file startup_LPC17xx.s
   Uses
      At line 104 in file startup_LPC17xx.s
      At line 383 in file startup_LPC17xx.s

MCPWM_IRQHandler 0000016E

Symbol: MCPWM_IRQHandler
   Definitions
      At line 422 in file startup_LPC17xx.s
   Uses
      At line 107 in file startup_LPC17xx.s
      At line 386 in file startup_LPC17xx.s



ARM Macro Assembler    Page 4 Alphabetic symbol ordering
Relocatable symbols


MemManage_Handler 00000160

Symbol: MemManage_Handler
   Definitions
      At line 322 in file startup_LPC17xx.s
   Uses
      At line 63 in file startup_LPC17xx.s
      At line 323 in file startup_LPC17xx.s

NMI_Handler 0000015C

Symbol: NMI_Handler
   Definitions
      At line 312 in file startup_LPC17xx.s
   Uses
      At line 61 in file startup_LPC17xx.s
      At line 313 in file startup_LPC17xx.s

PLL0_IRQHandler 0000016E

Symbol: PLL0_IRQHandler
   Definitions
      At line 408 in file startup_LPC17xx.s
   Uses
      At line 93 in file startup_LPC17xx.s
      At line 372 in file startup_LPC17xx.s

PLL1_IRQHandler 0000016E

Symbol: PLL1_IRQHandler
   Definitions
      At line 424 in file startup_LPC17xx.s
   Uses
      At line 109 in file startup_LPC17xx.s
      At line 388 in file startup_LPC17xx.s

PWM1_IRQHandler 0000016E

Symbol: PWM1_IRQHandler
   Definitions
      At line 401 in file startup_LPC17xx.s
   Uses
      At line 86 in file startup_LPC17xx.s
      At line 365 in file startup_LPC17xx.s

PendSV_Handler 0000016A

Symbol: PendSV_Handler
   Definitions
      At line 345 in file startup_LPC17xx.s
   Uses
      At line 73 in file startup_LPC17xx.s
      At line 346 in file startup_LPC17xx.s

QEI_IRQHandler 0000016E

Symbol: QEI_IRQHandler
   Definitions



ARM Macro Assembler    Page 5 Alphabetic symbol ordering
Relocatable symbols

      At line 423 in file startup_LPC17xx.s
   Uses
      At line 108 in file startup_LPC17xx.s
      At line 387 in file startup_LPC17xx.s

RIT_IRQHandler 0000016E

Symbol: RIT_IRQHandler
   Definitions
      At line 421 in file startup_LPC17xx.s
   Uses
      At line 106 in file startup_LPC17xx.s
      At line 385 in file startup_LPC17xx.s

RTC_IRQHandler 0000016E

Symbol: RTC_IRQHandler
   Definitions
      At line 409 in file startup_LPC17xx.s
   Uses
      At line 94 in file startup_LPC17xx.s
      At line 373 in file startup_LPC17xx.s

Reset_Handler 00000000

Symbol: Reset_Handler
   Definitions
      At line 140 in file startup_LPC17xx.s
   Uses
      At line 60 in file startup_LPC17xx.s
      At line 141 in file startup_LPC17xx.s

SPI_IRQHandler 0000016E

Symbol: SPI_IRQHandler
   Definitions
      At line 405 in file startup_LPC17xx.s
   Uses
      At line 90 in file startup_LPC17xx.s
      At line 369 in file startup_LPC17xx.s

SSP0_IRQHandler 0000016E

Symbol: SSP0_IRQHandler
   Definitions
      At line 406 in file startup_LPC17xx.s
   Uses
      At line 91 in file startup_LPC17xx.s
      At line 370 in file startup_LPC17xx.s

SSP1_IRQHandler 0000016E

Symbol: SSP1_IRQHandler
   Definitions
      At line 407 in file startup_LPC17xx.s
   Uses
      At line 92 in file startup_LPC17xx.s
      At line 371 in file startup_LPC17xx.s




ARM Macro Assembler    Page 6 Alphabetic symbol ordering
Relocatable symbols

STOP 00000012

Symbol: STOP
   Definitions
      At line 149 in file startup_LPC17xx.s
   Uses
      At line 149 in file startup_LPC17xx.s
Comment: STOP used once
SVC_Handler 00000166

Symbol: SVC_Handler
   Definitions
      At line 336 in file startup_LPC17xx.s
   Uses
      At line 70 in file startup_LPC17xx.s
      At line 337 in file startup_LPC17xx.s

SysTick_Handler 0000016C

Symbol: SysTick_Handler
   Definitions
      At line 349 in file startup_LPC17xx.s
   Uses
      At line 74 in file startup_LPC17xx.s
      At line 350 in file startup_LPC17xx.s

TIMER0_IRQHandler 0000016E

Symbol: TIMER0_IRQHandler
   Definitions
      At line 393 in file startup_LPC17xx.s
   Uses
      At line 78 in file startup_LPC17xx.s
      At line 357 in file startup_LPC17xx.s

TIMER1_IRQHandler 0000016E

Symbol: TIMER1_IRQHandler
   Definitions
      At line 394 in file startup_LPC17xx.s
   Uses
      At line 79 in file startup_LPC17xx.s
      At line 358 in file startup_LPC17xx.s

TIMER2_IRQHandler 0000016E

Symbol: TIMER2_IRQHandler
   Definitions
      At line 395 in file startup_LPC17xx.s
   Uses
      At line 80 in file startup_LPC17xx.s
      At line 359 in file startup_LPC17xx.s

TIMER3_IRQHandler 0000016E

Symbol: TIMER3_IRQHandler
   Definitions
      At line 396 in file startup_LPC17xx.s
   Uses



ARM Macro Assembler    Page 7 Alphabetic symbol ordering
Relocatable symbols

      At line 81 in file startup_LPC17xx.s
      At line 360 in file startup_LPC17xx.s

UART0_IRQHandler 0000016E

Symbol: UART0_IRQHandler
   Definitions
      At line 397 in file startup_LPC17xx.s
   Uses
      At line 82 in file startup_LPC17xx.s
      At line 361 in file startup_LPC17xx.s

UART1_IRQHandler 0000016E

Symbol: UART1_IRQHandler
   Definitions
      At line 398 in file startup_LPC17xx.s
   Uses
      At line 83 in file startup_LPC17xx.s
      At line 362 in file startup_LPC17xx.s

UART2_IRQHandler 0000016E

Symbol: UART2_IRQHandler
   Definitions
      At line 399 in file startup_LPC17xx.s
   Uses
      At line 84 in file startup_LPC17xx.s
      At line 363 in file startup_LPC17xx.s

UART3_IRQHandler 0000016E

Symbol: UART3_IRQHandler
   Definitions
      At line 400 in file startup_LPC17xx.s
   Uses
      At line 85 in file startup_LPC17xx.s
      At line 364 in file startup_LPC17xx.s

USBActivity_IRQHandler 0000016E

Symbol: USBActivity_IRQHandler
   Definitions
      At line 425 in file startup_LPC17xx.s
   Uses
      At line 110 in file startup_LPC17xx.s
      At line 389 in file startup_LPC17xx.s

USB_IRQHandler 0000016E

Symbol: USB_IRQHandler
   Definitions
      At line 416 in file startup_LPC17xx.s
   Uses
      At line 101 in file startup_LPC17xx.s
      At line 380 in file startup_LPC17xx.s

UsageFault_Handler 00000164




ARM Macro Assembler    Page 8 Alphabetic symbol ordering
Relocatable symbols

Symbol: UsageFault_Handler
   Definitions
      At line 332 in file startup_LPC17xx.s
   Uses
      At line 65 in file startup_LPC17xx.s
      At line 333 in file startup_LPC17xx.s

WDT_IRQHandler 0000016E

Symbol: WDT_IRQHandler
   Definitions
      At line 392 in file startup_LPC17xx.s
   Uses
      At line 77 in file startup_LPC17xx.s
      At line 356 in file startup_LPC17xx.s

__user_initial_stackheap 00000170

Symbol: __user_initial_stackheap
   Definitions
      At line 448 in file startup_LPC17xx.s
   Uses
      At line 447 in file startup_LPC17xx.s
Comment: __user_initial_stackheap used once
antiDiagCheck 00000118

Symbol: antiDiagCheck
   Definitions
      At line 280 in file startup_LPC17xx.s
   Uses
      At line 160 in file startup_LPC17xx.s
Comment: antiDiagCheck used once
columnCheck 000000AC

Symbol: columnCheck
   Definitions
      At line 231 in file startup_LPC17xx.s
   Uses
      At line 158 in file startup_LPC17xx.s
Comment: columnCheck used once
diagonalCheck 000000F0

Symbol: diagonalCheck
   Definitions
      At line 259 in file startup_LPC17xx.s
   Uses
      At line 159 in file startup_LPC17xx.s
Comment: diagonalCheck used once
equalsCheck 00000022

Symbol: equalsCheck
   Definitions
      At line 167 in file startup_LPC17xx.s
   Uses
      At line 156 in file startup_LPC17xx.s
Comment: equalsCheck used once
fifthControl 00000020

Symbol: fifthControl



ARM Macro Assembler    Page 9 Alphabetic symbol ordering
Relocatable symbols

   Definitions
      At line 160 in file startup_LPC17xx.s
   Uses
      At line 275 in file startup_LPC17xx.s
Comment: fifthControl used once
fine 00000144

Symbol: fine
   Definitions
      At line 299 in file startup_LPC17xx.s
   Uses
      At line 296 in file startup_LPC17xx.s
Comment: fine used once
first 00000018

Symbol: first
   Definitions
      At line 156 in file startup_LPC17xx.s
   Uses
      None
Comment: first unused
fourthControl 0000001E

Symbol: fourthControl
   Definitions
      At line 159 in file startup_LPC17xx.s
   Uses
      At line 238 in file startup_LPC17xx.s
Comment: fourthControl used once
inRange 00000036

Symbol: inRange
   Definitions
      At line 176 in file startup_LPC17xx.s
   Uses
      At line 190 in file startup_LPC17xx.s
Comment: inRange used once
loop 00000030

Symbol: loop
   Definitions
      At line 173 in file startup_LPC17xx.s
   Uses
      At line 183 in file startup_LPC17xx.s
Comment: loop used once
loop1 0000005C

Symbol: loop1
   Definitions
      At line 195 in file startup_LPC17xx.s
   Uses
      At line 201 in file startup_LPC17xx.s
Comment: loop1 used once
loopExt 0000007E

Symbol: loopExt
   Definitions
      At line 211 in file startup_LPC17xx.s
   Uses



ARM Macro Assembler    Page 10 Alphabetic symbol ordering
Relocatable symbols

      At line 227 in file startup_LPC17xx.s
Comment: loopExt used once
loopExt1 000000BC

Symbol: loopExt1
   Definitions
      At line 237 in file startup_LPC17xx.s
   Uses
      At line 255 in file startup_LPC17xx.s
Comment: loopExt1 used once
loopInt 0000008A

Symbol: loopInt
   Definitions
      At line 216 in file startup_LPC17xx.s
   Uses
      At line 220 in file startup_LPC17xx.s
Comment: loopInt used once
loopInt1 000000C8

Symbol: loopInt1
   Definitions
      At line 242 in file startup_LPC17xx.s
   Uses
      At line 246 in file startup_LPC17xx.s
Comment: loopInt1 used once
loopInt2 00000102

Symbol: loopInt2
   Definitions
      At line 268 in file startup_LPC17xx.s
   Uses
      At line 272 in file startup_LPC17xx.s
Comment: loopInt2 used once
loopInt3 0000012E

Symbol: loopInt3
   Definitions
      At line 289 in file startup_LPC17xx.s
   Uses
      At line 293 in file startup_LPC17xx.s
Comment: loopInt3 used once
magicSquare 00000014

Symbol: magicSquare
   Definitions
      At line 153 in file startup_LPC17xx.s
   Uses
      At line 147 in file startup_LPC17xx.s
Comment: magicSquare used once
noPerfectSquare 00000150

Symbol: noPerfectSquare
   Definitions
      At line 304 in file startup_LPC17xx.s
   Uses
      At line 188 in file startup_LPC17xx.s
      At line 191 in file startup_LPC17xx.s
      At line 197 in file startup_LPC17xx.s



ARM Macro Assembler    Page 11 Alphabetic symbol ordering
Relocatable symbols

      At line 223 in file startup_LPC17xx.s
      At line 249 in file startup_LPC17xx.s
      At line 276 in file startup_LPC17xx.s
      At line 297 in file startup_LPC17xx.s

rangeCheck 00000048

Symbol: rangeCheck
   Definitions
      At line 186 in file startup_LPC17xx.s
   Uses
      At line 174 in file startup_LPC17xx.s
Comment: rangeCheck used once
rowCheck 0000006E

Symbol: rowCheck
   Definitions
      At line 205 in file startup_LPC17xx.s
   Uses
      At line 157 in file startup_LPC17xx.s
Comment: rowCheck used once
second 0000004E

Symbol: second
   Definitions
      At line 189 in file startup_LPC17xx.s
   Uses
      At line 187 in file startup_LPC17xx.s
Comment: second used once
secondControl 0000001A

Symbol: secondControl
   Definitions
      At line 157 in file startup_LPC17xx.s
   Uses
      At line 200 in file startup_LPC17xx.s
Comment: secondControl used once
thirdControl 0000001C

Symbol: thirdControl
   Definitions
      At line 158 in file startup_LPC17xx.s
   Uses
      At line 212 in file startup_LPC17xx.s
Comment: thirdControl used once
vettCheck 00000054

Symbol: vettCheck
   Definitions
      At line 193 in file startup_LPC17xx.s
   Uses
      At line 182 in file startup_LPC17xx.s
Comment: vettCheck used once
74 symbols



ARM Macro Assembler    Page 1 Alphabetic symbol ordering
Absolute symbols

Heap_Size 00000000

Symbol: Heap_Size
   Definitions
      At line 42 in file startup_LPC17xx.s
   Uses
      At line 46 in file startup_LPC17xx.s
      At line 452 in file startup_LPC17xx.s

M 00000104

Symbol: M
   Definitions
      At line 132 in file startup_LPC17xx.s
   Uses
      At line 222 in file startup_LPC17xx.s
      At line 248 in file startup_LPC17xx.s
      At line 274 in file startup_LPC17xx.s
      At line 295 in file startup_LPC17xx.s

N 00000008

Symbol: N
   Definitions
      At line 131 in file startup_LPC17xx.s
   Uses
      At line 132 in file startup_LPC17xx.s
      At line 132 in file startup_LPC17xx.s
      At line 132 in file startup_LPC17xx.s
      At line 144 in file startup_LPC17xx.s
      At line 181 in file startup_LPC17xx.s
      At line 181 in file startup_LPC17xx.s
      At line 186 in file startup_LPC17xx.s
      At line 186 in file startup_LPC17xx.s
      At line 199 in file startup_LPC17xx.s
      At line 199 in file startup_LPC17xx.s
      At line 211 in file startup_LPC17xx.s
      At line 219 in file startup_LPC17xx.s
      At line 237 in file startup_LPC17xx.s
      At line 239 in file startup_LPC17xx.s
      At line 242 in file startup_LPC17xx.s
      At line 245 in file startup_LPC17xx.s
      At line 265 in file startup_LPC17xx.s
      At line 268 in file startup_LPC17xx.s
      At line 271 in file startup_LPC17xx.s
      At line 284 in file startup_LPC17xx.s
      At line 286 in file startup_LPC17xx.s
      At line 289 in file startup_LPC17xx.s
      At line 292 in file startup_LPC17xx.s

Stack_Size 00000200

Symbol: Stack_Size
   Definitions
      At line 31 in file startup_LPC17xx.s
   Uses
      At line 34 in file startup_LPC17xx.s
      At line 451 in file startup_LPC17xx.s




ARM Macro Assembler    Page 2 Alphabetic symbol ordering
Absolute symbols

4 symbols
437 symbols in table
