


ARM Macro Assembler    Page 1 


    1 00000000         ;/******************************************************
                       ********************//**
    2 00000000         ; * @file     startup_LPC17xx.s
    3 00000000         ; * @brief    CMSIS Cortex-M3 Core Device Startup File f
                       or
    4 00000000         ; *           NXP LPC17xx Device Series
    5 00000000         ; * @version  V1.10
    6 00000000         ; * @date     06. April 2011
    7 00000000         ; *
    8 00000000         ; * @note
    9 00000000         ; * Copyright (C) 2009-2011 ARM Limited. All rights rese
                       rved.
   10 00000000         ; *
   11 00000000         ; * @par
   12 00000000         ; * ARM Limited (ARM) is supplying this software for use
                        with Cortex-M
   13 00000000         ; * processor based microcontrollers.  This file can be 
                       freely distributed
   14 00000000         ; * within development tools that are supporting such AR
                       M based processors.
   15 00000000         ; *
   16 00000000         ; * @par
   17 00000000         ; * THIS SOFTWARE IS PROVIDED "AS IS".  NO WARRANTIES, W
                       HETHER EXPRESS, IMPLIED
   18 00000000         ; * OR STATUTORY, INCLUDING, BUT NOT LIMITED TO, IMPLIED
                        WARRANTIES OF
   19 00000000         ; * MERCHANTABILITY AND FITNESS FOR A PARTICULAR PURPOSE
                        APPLY TO THIS SOFTWARE.
   20 00000000         ; * ARM SHALL NOT, IN ANY CIRCUMSTANCES, BE LIABLE FOR S
                       PECIAL, INCIDENTAL, OR
   21 00000000         ; * CONSEQUENTIAL DAMAGES, FOR ANY REASON WHATSOEVER.
   22 00000000         ; *
   23 00000000         ; ******************************************************
                       ************************/
   24 00000000         
   25 00000000         ; *------- <<< Use Configuration Wizard in Context Menu 
                       >>> ------------------
   26 00000000         
   27 00000000         ; <h> Stack Configuration
   28 00000000         ;   <o> Stack Size (in Bytes) <0x0-0xFFFFFFFF:8>
   29 00000000         ; </h>
   30 00000000         
   31 00000000 00000200 
                       Stack_Size
                               EQU              0x00000200
   32 00000000         
   33 00000000                 AREA             STACK, NOINIT, READWRITE, ALIGN
=3
   34 00000000         Stack_Mem
                               SPACE            Stack_Size
   35 00000200         __initial_sp
   36 00000200         
   37 00000200         
   38 00000200         ; <h> Heap Configuration
   39 00000200         ;   <o>  Heap Size (in Bytes) <0x0-0xFFFFFFFF:8>
   40 00000200         ; </h>
   41 00000200         
   42 00000200 00000000 
                       Heap_Size



ARM Macro Assembler    Page 2 


                               EQU              0x00000000
   43 00000200         
   44 00000200                 AREA             HEAP, NOINIT, READWRITE, ALIGN=
3
   45 00000000         __heap_base
   46 00000000         Heap_Mem
                               SPACE            Heap_Size
   47 00000000         __heap_limit
   48 00000000         
   49 00000000         
   50 00000000                 PRESERVE8
   51 00000000                 THUMB
   52 00000000         
   53 00000000         
   54 00000000         ; Vector Table Mapped to Address 0 at Reset
   55 00000000         
   56 00000000                 AREA             RESET, DATA, READONLY
   57 00000000                 EXPORT           __Vectors
   58 00000000         
   59 00000000 00000000 
                       __Vectors
                               DCD              __initial_sp ; Top of Stack
   60 00000004 00000000        DCD              Reset_Handler ; Reset Handler
   61 00000008 00000000        DCD              NMI_Handler ; NMI Handler
   62 0000000C 00000000        DCD              HardFault_Handler ; Hard Fault 
                                                            Handler
   63 00000010 00000000        DCD              MemManage_Handler 
                                                            ; MPU Fault Handler
                                                            
   64 00000014 00000000        DCD              BusFault_Handler 
                                                            ; Bus Fault Handler
                                                            
   65 00000018 00000000        DCD              UsageFault_Handler ; Usage Faul
                                                            t Handler
   66 0000001C 00000000        DCD              0           ; Reserved
   67 00000020 00000000        DCD              0           ; Reserved
   68 00000024 00000000        DCD              0           ; Reserved
   69 00000028 00000000        DCD              0           ; Reserved
   70 0000002C 00000000        DCD              SVC_Handler ; SVCall Handler
   71 00000030 00000000        DCD              DebugMon_Handler ; Debug Monito
                                                            r Handler
   72 00000034 00000000        DCD              0           ; Reserved
   73 00000038 00000000        DCD              PendSV_Handler ; PendSV Handler
                                                            
   74 0000003C 00000000        DCD              SysTick_Handler 
                                                            ; SysTick Handler
   75 00000040         
   76 00000040         ; External Interrupts
   77 00000040 00000000        DCD              WDT_IRQHandler ; 16: Watchdog T
                                                            imer
   78 00000044 00000000        DCD              TIMER0_IRQHandler ; 17: Timer0
   79 00000048 00000000        DCD              TIMER1_IRQHandler ; 18: Timer1
   80 0000004C 00000000        DCD              TIMER2_IRQHandler ; 19: Timer2
   81 00000050 00000000        DCD              TIMER3_IRQHandler ; 20: Timer3
   82 00000054 00000000        DCD              UART0_IRQHandler ; 21: UART0
   83 00000058 00000000        DCD              UART1_IRQHandler ; 22: UART1
   84 0000005C 00000000        DCD              UART2_IRQHandler ; 23: UART2
   85 00000060 00000000        DCD              UART3_IRQHandler ; 24: UART3
   86 00000064 00000000        DCD              PWM1_IRQHandler ; 25: PWM1



ARM Macro Assembler    Page 3 


   87 00000068 00000000        DCD              I2C0_IRQHandler ; 26: I2C0
   88 0000006C 00000000        DCD              I2C1_IRQHandler ; 27: I2C1
   89 00000070 00000000        DCD              I2C2_IRQHandler ; 28: I2C2
   90 00000074 00000000        DCD              SPI_IRQHandler ; 29: SPI
   91 00000078 00000000        DCD              SSP0_IRQHandler ; 30: SSP0
   92 0000007C 00000000        DCD              SSP1_IRQHandler ; 31: SSP1
   93 00000080 00000000        DCD              PLL0_IRQHandler ; 32: PLL0 Lock
                                                             (Main PLL)
   94 00000084 00000000        DCD              RTC_IRQHandler ; 33: Real Time 
                                                            Clock
   95 00000088 00000000        DCD              EINT0_IRQHandler ; 34: External
                                                             Interrupt 0
   96 0000008C 00000000        DCD              EINT1_IRQHandler ; 35: External
                                                             Interrupt 1
   97 00000090 00000000        DCD              EINT2_IRQHandler ; 36: External
                                                             Interrupt 2
   98 00000094 00000000        DCD              EINT3_IRQHandler ; 37: External
                                                             Interrupt 3
   99 00000098 00000000        DCD              ADC_IRQHandler 
                                                            ; 38: A/D Converter
                                                            
  100 0000009C 00000000        DCD              BOD_IRQHandler ; 39: Brown-Out 
                                                            Detect
  101 000000A0 00000000        DCD              USB_IRQHandler ; 40: USB
  102 000000A4 00000000        DCD              CAN_IRQHandler ; 41: CAN
  103 000000A8 00000000        DCD              DMA_IRQHandler ; 42: General Pu
                                                            rpose DMA
  104 000000AC 00000000        DCD              I2S_IRQHandler ; 43: I2S
  105 000000B0 00000000        DCD              ENET_IRQHandler ; 44: Ethernet
  106 000000B4 00000000        DCD              RIT_IRQHandler ; 45: Repetitive
                                                             Interrupt Timer
  107 000000B8 00000000        DCD              MCPWM_IRQHandler ; 46: Motor Co
                                                            ntrol PWM
  108 000000BC 00000000        DCD              QEI_IRQHandler ; 47: Quadrature
                                                             Encoder Interface
  109 000000C0 00000000        DCD              PLL1_IRQHandler ; 48: PLL1 Lock
                                                             (USB PLL)
  110 000000C4 00000000        DCD              USBActivity_IRQHandler ; 49: US
                                                            B Activity interrup
                                                            t to wakeup
  111 000000C8 00000000        DCD              CANActivity_IRQHandler ; 50: CA
                                                            N Activity interrup
                                                            t to wakeup
  112 000000CC         
  113 000000CC         
  114 000000CC                 IF               :LNOT::DEF:NO_CRP
  115 000000CC                 AREA             |.ARM.__at_0x02FC|, CODE, READO
NLY
  116 00000000 FFFFFFFF 
                       CRP_Key DCD              0xFFFFFFFF
  117 00000004                 ENDIF
  118 00000004         
  119 00000004                 AREA             myData,DATA,READWRITE
  120 00000000 00 00 00 
              00 00 00 
              00 00 00 
              00 00 00 
              00 00 00 
              00       mem_alloc



ARM Macro Assembler    Page 4 


                               SPACE            16
  121 00000010                 AREA             |.text|, CODE, READONLY
  122 00000000         
  123 00000000         
  124 00000000         ; Reset Handler
  125 00000000         
  126 00000000         Reset_Handler
                               PROC
  127 00000000                 EXPORT           Reset_Handler             [WEAK
]
  128 00000000 E007            B                over
  129 00000002 79 E1 49 
              DD E0 3B 
              BE EC 09 
              C8 30 20 
              F6 5E AF 
              A4       myConstants
                               DCW              57721,56649, 15328,60606, 51209
, 8240, 24310, 42159
  130 00000012 4818    over    LDR              R0,=mem_alloc ;salvo indirizzo 
                                                            primo byte di mem_a
                                                            lloc
  131 00000014 4918            LDR              R1,=myConstants
  132 00000016 880A            LDRH             R2,[R1]     ;carica dalla memor
                                                            ia 16 bit
  133 00000018 F831 3F02       LDRH             R3,[R1,#0x2]!
  134 0000001C F831 4F02       LDRH             R4,[R1,#0x2]!
  135 00000020 F831 5F02       LDRH             R5,[R1,#0x2]!
  136 00000024 F831 6F02       LDRH             R6,[R1,#0x2]!
  137 00000028 F831 7F02       LDRH             R7,[R1,#0x2]!
  138 0000002C F831 8F02       LDRH             R8,[R1,#0x2]!
  139 00000030 F831 9F02       LDRH             R9,[R1,#0x2]!
  140 00000034         ;il risultato della somma sarà su 32 bit
  141 00000034 EB02 0A03       ADD              R10,R2,R3
  142 00000038 EB04 0B05       ADD              R11,R4,R5
  143 0000003C EB06 0C07       ADD              R12,R6,R7
  144 00000040 EB08 0E09       ADD              R14,R8,R9
  145 00000044         
  146 00000044 F8C0 A000       STR              R10,[R0]    ;carica in memoria 
                                                            32 bit
  147 00000048 F840 BF04       STR              R11,[R0,#0x4]!
  148 0000004C F840 CF04       STR              R12,[R0,#0x4]!
  149 00000050 F840 EF04       STR              R14,[R0,#0x4]!
  150 00000054         
  151 00000054         
  152 00000054         
  153 00000054                 ENDP
  154 00000054         
  155 00000054         
  156 00000054         ; Dummy Exception Handlers (infinite loops which can be 
                       modified)
  157 00000054         
  158 00000054         NMI_Handler
                               PROC
  159 00000054                 EXPORT           NMI_Handler               [WEAK
]
  160 00000054 E7FE            B                .
  161 00000056                 ENDP
  163 00000056         HardFault_Handler



ARM Macro Assembler    Page 5 


                               PROC
  164 00000056                 EXPORT           HardFault_Handler         [WEAK
]
  165 00000056 E7FE            B                .
  166 00000058                 ENDP
  168 00000058         MemManage_Handler
                               PROC
  169 00000058                 EXPORT           MemManage_Handler         [WEAK
]
  170 00000058 E7FE            B                .
  171 0000005A                 ENDP
  173 0000005A         BusFault_Handler
                               PROC
  174 0000005A                 EXPORT           BusFault_Handler          [WEAK
]
  175 0000005A E7FE            B                .
  176 0000005C                 ENDP
  178 0000005C         UsageFault_Handler
                               PROC
  179 0000005C                 EXPORT           UsageFault_Handler        [WEAK
]
  180 0000005C E7FE            B                .
  181 0000005E                 ENDP
  182 0000005E         SVC_Handler
                               PROC
  183 0000005E                 EXPORT           SVC_Handler               [WEAK
]
  184 0000005E E7FE            B                .
  185 00000060                 ENDP
  187 00000060         DebugMon_Handler
                               PROC
  188 00000060                 EXPORT           DebugMon_Handler          [WEAK
]
  189 00000060 E7FE            B                .
  190 00000062                 ENDP
  191 00000062         PendSV_Handler
                               PROC
  192 00000062                 EXPORT           PendSV_Handler            [WEAK
]
  193 00000062 E7FE            B                .
  194 00000064                 ENDP
  195 00000064         SysTick_Handler
                               PROC
  196 00000064                 EXPORT           SysTick_Handler           [WEAK
]
  197 00000064 E7FE            B                .
  198 00000066                 ENDP
  199 00000066         
  200 00000066         Default_Handler
                               PROC
  201 00000066         
  202 00000066                 EXPORT           WDT_IRQHandler            [WEAK
]
  203 00000066                 EXPORT           TIMER0_IRQHandler         [WEAK
]
  204 00000066                 EXPORT           TIMER1_IRQHandler         [WEAK
]
  205 00000066                 EXPORT           TIMER2_IRQHandler         [WEAK
]



ARM Macro Assembler    Page 6 


  206 00000066                 EXPORT           TIMER3_IRQHandler         [WEAK
]
  207 00000066                 EXPORT           UART0_IRQHandler          [WEAK
]
  208 00000066                 EXPORT           UART1_IRQHandler          [WEAK
]
  209 00000066                 EXPORT           UART2_IRQHandler          [WEAK
]
  210 00000066                 EXPORT           UART3_IRQHandler          [WEAK
]
  211 00000066                 EXPORT           PWM1_IRQHandler           [WEAK
]
  212 00000066                 EXPORT           I2C0_IRQHandler           [WEAK
]
  213 00000066                 EXPORT           I2C1_IRQHandler           [WEAK
]
  214 00000066                 EXPORT           I2C2_IRQHandler           [WEAK
]
  215 00000066                 EXPORT           SPI_IRQHandler            [WEAK
]
  216 00000066                 EXPORT           SSP0_IRQHandler           [WEAK
]
  217 00000066                 EXPORT           SSP1_IRQHandler           [WEAK
]
  218 00000066                 EXPORT           PLL0_IRQHandler           [WEAK
]
  219 00000066                 EXPORT           RTC_IRQHandler            [WEAK
]
  220 00000066                 EXPORT           EINT0_IRQHandler          [WEAK
]
  221 00000066                 EXPORT           EINT1_IRQHandler          [WEAK
]
  222 00000066                 EXPORT           EINT2_IRQHandler          [WEAK
]
  223 00000066                 EXPORT           EINT3_IRQHandler          [WEAK
]
  224 00000066                 EXPORT           ADC_IRQHandler            [WEAK
]
  225 00000066                 EXPORT           BOD_IRQHandler            [WEAK
]
  226 00000066                 EXPORT           USB_IRQHandler            [WEAK
]
  227 00000066                 EXPORT           CAN_IRQHandler            [WEAK
]
  228 00000066                 EXPORT           DMA_IRQHandler            [WEAK
]
  229 00000066                 EXPORT           I2S_IRQHandler            [WEAK
]
  230 00000066                 EXPORT           ENET_IRQHandler           [WEAK
]
  231 00000066                 EXPORT           RIT_IRQHandler            [WEAK
]
  232 00000066                 EXPORT           MCPWM_IRQHandler          [WEAK
]
  233 00000066                 EXPORT           QEI_IRQHandler            [WEAK
]
  234 00000066                 EXPORT           PLL1_IRQHandler           [WEAK
]
  235 00000066                 EXPORT           USBActivity_IRQHandler    [WEAK



ARM Macro Assembler    Page 7 


]
  236 00000066                 EXPORT           CANActivity_IRQHandler    [WEAK
]
  237 00000066         
  238 00000066         WDT_IRQHandler
  239 00000066         TIMER0_IRQHandler
  240 00000066         TIMER1_IRQHandler
  241 00000066         TIMER2_IRQHandler
  242 00000066         TIMER3_IRQHandler
  243 00000066         UART0_IRQHandler
  244 00000066         UART1_IRQHandler
  245 00000066         UART2_IRQHandler
  246 00000066         UART3_IRQHandler
  247 00000066         PWM1_IRQHandler
  248 00000066         I2C0_IRQHandler
  249 00000066         I2C1_IRQHandler
  250 00000066         I2C2_IRQHandler
  251 00000066         SPI_IRQHandler
  252 00000066         SSP0_IRQHandler
  253 00000066         SSP1_IRQHandler
  254 00000066         PLL0_IRQHandler
  255 00000066         RTC_IRQHandler
  256 00000066         EINT0_IRQHandler
  257 00000066         EINT1_IRQHandler
  258 00000066         EINT2_IRQHandler
  259 00000066         EINT3_IRQHandler
  260 00000066         ADC_IRQHandler
  261 00000066         BOD_IRQHandler
  262 00000066         USB_IRQHandler
  263 00000066         CAN_IRQHandler
  264 00000066         DMA_IRQHandler
  265 00000066         I2S_IRQHandler
  266 00000066         ENET_IRQHandler
  267 00000066         RIT_IRQHandler
  268 00000066         MCPWM_IRQHandler
  269 00000066         QEI_IRQHandler
  270 00000066         PLL1_IRQHandler
  271 00000066         USBActivity_IRQHandler
  272 00000066         CANActivity_IRQHandler
  273 00000066         
  274 00000066 E7FE            B                .
  275 00000068         
  276 00000068                 ENDP
  277 00000068         
  278 00000068         
  279 00000068                 ALIGN
  280 00000068         
  281 00000068         
  282 00000068         ; User Initial Stack & Heap
  283 00000068         
  284 00000068                 IF               :DEF:__MICROLIB
  291 00000068         
  292 00000068         ;IMPORT  __use_two_region_memory
  293 00000068                 EXPORT           __user_initial_stackheap
  294 00000068         __user_initial_stackheap
  295 00000068         
  296 00000068 4804            LDR              R0, =  Heap_Mem
  297 0000006A 4905            LDR              R1, =(Stack_Mem + Stack_Size)
  298 0000006C 4A03            LDR              R2, = (Heap_Mem +  Heap_Size)



ARM Macro Assembler    Page 8 


  299 0000006E 4B05            LDR              R3, = Stack_Mem
  300 00000070 4770            BX               LR
  301 00000072         
  302 00000072 00 00           ALIGN
  303 00000074         
  304 00000074                 ENDIF
  305 00000074         
  306 00000074         
  307 00000074                 END
              00000000 
              00000000 
              00000000 
              00000200 
              00000000 
Command Line: --debug --xref --cpu=Cortex-M3 --apcs=interwork --depend=.\startu
p_lpc17xx.d -o.\startup_lpc17xx.o -I"Z:\Volumes\HDD\Documenti HDD\Politecnico 2
018:2019\ASE\Keil\ARM\RV31\INC" -I"Z:\Volumes\HDD\Documenti HDD\Politecnico 201
8:2019\ASE\Keil\ARM\CMSIS\Include" -I"Z:\Volumes\HDD\Documenti HDD\Politecnico 
2018:2019\ASE\Keil\ARM\Inc\NXP\LPC17xx" --predefine="__EVAL SETA 1" --list=.\st
artup_lpc17xx.lst startup_LPC17xx.s



ARM Macro Assembler    Page 1 Alphabetic symbol ordering
Relocatable symbols

STACK 00000000

Symbol: STACK
   Definitions
      At line 33 in file startup_LPC17xx.s
   Uses
      None
Comment: STACK unused
Stack_Mem 00000000

Symbol: Stack_Mem
   Definitions
      At line 34 in file startup_LPC17xx.s
   Uses
      At line 297 in file startup_LPC17xx.s
      At line 299 in file startup_LPC17xx.s

__initial_sp 00000200

Symbol: __initial_sp
   Definitions
      At line 35 in file startup_LPC17xx.s
   Uses
      At line 59 in file startup_LPC17xx.s
Comment: __initial_sp used once
3 symbols



ARM Macro Assembler    Page 1 Alphabetic symbol ordering
Relocatable symbols

HEAP 00000000

Symbol: HEAP
   Definitions
      At line 44 in file startup_LPC17xx.s
   Uses
      None
Comment: HEAP unused
Heap_Mem 00000000

Symbol: Heap_Mem
   Definitions
      At line 46 in file startup_LPC17xx.s
   Uses
      At line 296 in file startup_LPC17xx.s
      At line 298 in file startup_LPC17xx.s

__heap_base 00000000

Symbol: __heap_base
   Definitions
      At line 45 in file startup_LPC17xx.s
   Uses
      None
Comment: __heap_base unused
__heap_limit 00000000

Symbol: __heap_limit
   Definitions
      At line 47 in file startup_LPC17xx.s
   Uses
      None
Comment: __heap_limit unused
4 symbols



ARM Macro Assembler    Page 1 Alphabetic symbol ordering
Relocatable symbols

RESET 00000000

Symbol: RESET
   Definitions
      At line 56 in file startup_LPC17xx.s
   Uses
      None
Comment: RESET unused
__Vectors 00000000

Symbol: __Vectors
   Definitions
      At line 59 in file startup_LPC17xx.s
   Uses
      At line 57 in file startup_LPC17xx.s
Comment: __Vectors used once
2 symbols



ARM Macro Assembler    Page 1 Alphabetic symbol ordering
Relocatable symbols

.ARM.__at_0x02FC 00000000

Symbol: .ARM.__at_0x02FC
   Definitions
      At line 115 in file startup_LPC17xx.s
   Uses
      None
Comment: .ARM.__at_0x02FC unused
CRP_Key 00000000

Symbol: CRP_Key
   Definitions
      At line 116 in file startup_LPC17xx.s
   Uses
      None
Comment: CRP_Key unused
2 symbols



ARM Macro Assembler    Page 1 Alphabetic symbol ordering
Relocatable symbols

mem_alloc 00000000

Symbol: mem_alloc
   Definitions
      At line 120 in file startup_LPC17xx.s
   Uses
      At line 130 in file startup_LPC17xx.s
Comment: mem_alloc used once
myData 00000000

Symbol: myData
   Definitions
      At line 119 in file startup_LPC17xx.s
   Uses
      None
Comment: myData unused
2 symbols



ARM Macro Assembler    Page 1 Alphabetic symbol ordering
Relocatable symbols

.text 00000000

Symbol: .text
   Definitions
      At line 121 in file startup_LPC17xx.s
   Uses
      None
Comment: .text unused
ADC_IRQHandler 00000066

Symbol: ADC_IRQHandler
   Definitions
      At line 260 in file startup_LPC17xx.s
   Uses
      At line 99 in file startup_LPC17xx.s
      At line 224 in file startup_LPC17xx.s

BOD_IRQHandler 00000066

Symbol: BOD_IRQHandler
   Definitions
      At line 261 in file startup_LPC17xx.s
   Uses
      At line 100 in file startup_LPC17xx.s
      At line 225 in file startup_LPC17xx.s

BusFault_Handler 0000005A

Symbol: BusFault_Handler
   Definitions
      At line 173 in file startup_LPC17xx.s
   Uses
      At line 64 in file startup_LPC17xx.s
      At line 174 in file startup_LPC17xx.s

CANActivity_IRQHandler 00000066

Symbol: CANActivity_IRQHandler
   Definitions
      At line 272 in file startup_LPC17xx.s
   Uses
      At line 111 in file startup_LPC17xx.s
      At line 236 in file startup_LPC17xx.s

CAN_IRQHandler 00000066

Symbol: CAN_IRQHandler
   Definitions
      At line 263 in file startup_LPC17xx.s
   Uses
      At line 102 in file startup_LPC17xx.s
      At line 227 in file startup_LPC17xx.s

DMA_IRQHandler 00000066

Symbol: DMA_IRQHandler
   Definitions
      At line 264 in file startup_LPC17xx.s
   Uses



ARM Macro Assembler    Page 2 Alphabetic symbol ordering
Relocatable symbols

      At line 103 in file startup_LPC17xx.s
      At line 228 in file startup_LPC17xx.s

DebugMon_Handler 00000060

Symbol: DebugMon_Handler
   Definitions
      At line 187 in file startup_LPC17xx.s
   Uses
      At line 71 in file startup_LPC17xx.s
      At line 188 in file startup_LPC17xx.s

Default_Handler 00000066

Symbol: Default_Handler
   Definitions
      At line 200 in file startup_LPC17xx.s
   Uses
      None
Comment: Default_Handler unused
EINT0_IRQHandler 00000066

Symbol: EINT0_IRQHandler
   Definitions
      At line 256 in file startup_LPC17xx.s
   Uses
      At line 95 in file startup_LPC17xx.s
      At line 220 in file startup_LPC17xx.s

EINT1_IRQHandler 00000066

Symbol: EINT1_IRQHandler
   Definitions
      At line 257 in file startup_LPC17xx.s
   Uses
      At line 96 in file startup_LPC17xx.s
      At line 221 in file startup_LPC17xx.s

EINT2_IRQHandler 00000066

Symbol: EINT2_IRQHandler
   Definitions
      At line 258 in file startup_LPC17xx.s
   Uses
      At line 97 in file startup_LPC17xx.s
      At line 222 in file startup_LPC17xx.s

EINT3_IRQHandler 00000066

Symbol: EINT3_IRQHandler
   Definitions
      At line 259 in file startup_LPC17xx.s
   Uses
      At line 98 in file startup_LPC17xx.s
      At line 223 in file startup_LPC17xx.s

ENET_IRQHandler 00000066

Symbol: ENET_IRQHandler



ARM Macro Assembler    Page 3 Alphabetic symbol ordering
Relocatable symbols

   Definitions
      At line 266 in file startup_LPC17xx.s
   Uses
      At line 105 in file startup_LPC17xx.s
      At line 230 in file startup_LPC17xx.s

HardFault_Handler 00000056

Symbol: HardFault_Handler
   Definitions
      At line 163 in file startup_LPC17xx.s
   Uses
      At line 62 in file startup_LPC17xx.s
      At line 164 in file startup_LPC17xx.s

I2C0_IRQHandler 00000066

Symbol: I2C0_IRQHandler
   Definitions
      At line 248 in file startup_LPC17xx.s
   Uses
      At line 87 in file startup_LPC17xx.s
      At line 212 in file startup_LPC17xx.s

I2C1_IRQHandler 00000066

Symbol: I2C1_IRQHandler
   Definitions
      At line 249 in file startup_LPC17xx.s
   Uses
      At line 88 in file startup_LPC17xx.s
      At line 213 in file startup_LPC17xx.s

I2C2_IRQHandler 00000066

Symbol: I2C2_IRQHandler
   Definitions
      At line 250 in file startup_LPC17xx.s
   Uses
      At line 89 in file startup_LPC17xx.s
      At line 214 in file startup_LPC17xx.s

I2S_IRQHandler 00000066

Symbol: I2S_IRQHandler
   Definitions
      At line 265 in file startup_LPC17xx.s
   Uses
      At line 104 in file startup_LPC17xx.s
      At line 229 in file startup_LPC17xx.s

MCPWM_IRQHandler 00000066

Symbol: MCPWM_IRQHandler
   Definitions
      At line 268 in file startup_LPC17xx.s
   Uses
      At line 107 in file startup_LPC17xx.s
      At line 232 in file startup_LPC17xx.s



ARM Macro Assembler    Page 4 Alphabetic symbol ordering
Relocatable symbols


MemManage_Handler 00000058

Symbol: MemManage_Handler
   Definitions
      At line 168 in file startup_LPC17xx.s
   Uses
      At line 63 in file startup_LPC17xx.s
      At line 169 in file startup_LPC17xx.s

NMI_Handler 00000054

Symbol: NMI_Handler
   Definitions
      At line 158 in file startup_LPC17xx.s
   Uses
      At line 61 in file startup_LPC17xx.s
      At line 159 in file startup_LPC17xx.s

PLL0_IRQHandler 00000066

Symbol: PLL0_IRQHandler
   Definitions
      At line 254 in file startup_LPC17xx.s
   Uses
      At line 93 in file startup_LPC17xx.s
      At line 218 in file startup_LPC17xx.s

PLL1_IRQHandler 00000066

Symbol: PLL1_IRQHandler
   Definitions
      At line 270 in file startup_LPC17xx.s
   Uses
      At line 109 in file startup_LPC17xx.s
      At line 234 in file startup_LPC17xx.s

PWM1_IRQHandler 00000066

Symbol: PWM1_IRQHandler
   Definitions
      At line 247 in file startup_LPC17xx.s
   Uses
      At line 86 in file startup_LPC17xx.s
      At line 211 in file startup_LPC17xx.s

PendSV_Handler 00000062

Symbol: PendSV_Handler
   Definitions
      At line 191 in file startup_LPC17xx.s
   Uses
      At line 73 in file startup_LPC17xx.s
      At line 192 in file startup_LPC17xx.s

QEI_IRQHandler 00000066

Symbol: QEI_IRQHandler
   Definitions



ARM Macro Assembler    Page 5 Alphabetic symbol ordering
Relocatable symbols

      At line 269 in file startup_LPC17xx.s
   Uses
      At line 108 in file startup_LPC17xx.s
      At line 233 in file startup_LPC17xx.s

RIT_IRQHandler 00000066

Symbol: RIT_IRQHandler
   Definitions
      At line 267 in file startup_LPC17xx.s
   Uses
      At line 106 in file startup_LPC17xx.s
      At line 231 in file startup_LPC17xx.s

RTC_IRQHandler 00000066

Symbol: RTC_IRQHandler
   Definitions
      At line 255 in file startup_LPC17xx.s
   Uses
      At line 94 in file startup_LPC17xx.s
      At line 219 in file startup_LPC17xx.s

Reset_Handler 00000000

Symbol: Reset_Handler
   Definitions
      At line 126 in file startup_LPC17xx.s
   Uses
      At line 60 in file startup_LPC17xx.s
      At line 127 in file startup_LPC17xx.s

SPI_IRQHandler 00000066

Symbol: SPI_IRQHandler
   Definitions
      At line 251 in file startup_LPC17xx.s
   Uses
      At line 90 in file startup_LPC17xx.s
      At line 215 in file startup_LPC17xx.s

SSP0_IRQHandler 00000066

Symbol: SSP0_IRQHandler
   Definitions
      At line 252 in file startup_LPC17xx.s
   Uses
      At line 91 in file startup_LPC17xx.s
      At line 216 in file startup_LPC17xx.s

SSP1_IRQHandler 00000066

Symbol: SSP1_IRQHandler
   Definitions
      At line 253 in file startup_LPC17xx.s
   Uses
      At line 92 in file startup_LPC17xx.s
      At line 217 in file startup_LPC17xx.s




ARM Macro Assembler    Page 6 Alphabetic symbol ordering
Relocatable symbols

SVC_Handler 0000005E

Symbol: SVC_Handler
   Definitions
      At line 182 in file startup_LPC17xx.s
   Uses
      At line 70 in file startup_LPC17xx.s
      At line 183 in file startup_LPC17xx.s

SysTick_Handler 00000064

Symbol: SysTick_Handler
   Definitions
      At line 195 in file startup_LPC17xx.s
   Uses
      At line 74 in file startup_LPC17xx.s
      At line 196 in file startup_LPC17xx.s

TIMER0_IRQHandler 00000066

Symbol: TIMER0_IRQHandler
   Definitions
      At line 239 in file startup_LPC17xx.s
   Uses
      At line 78 in file startup_LPC17xx.s
      At line 203 in file startup_LPC17xx.s

TIMER1_IRQHandler 00000066

Symbol: TIMER1_IRQHandler
   Definitions
      At line 240 in file startup_LPC17xx.s
   Uses
      At line 79 in file startup_LPC17xx.s
      At line 204 in file startup_LPC17xx.s

TIMER2_IRQHandler 00000066

Symbol: TIMER2_IRQHandler
   Definitions
      At line 241 in file startup_LPC17xx.s
   Uses
      At line 80 in file startup_LPC17xx.s
      At line 205 in file startup_LPC17xx.s

TIMER3_IRQHandler 00000066

Symbol: TIMER3_IRQHandler
   Definitions
      At line 242 in file startup_LPC17xx.s
   Uses
      At line 81 in file startup_LPC17xx.s
      At line 206 in file startup_LPC17xx.s

UART0_IRQHandler 00000066

Symbol: UART0_IRQHandler
   Definitions
      At line 243 in file startup_LPC17xx.s



ARM Macro Assembler    Page 7 Alphabetic symbol ordering
Relocatable symbols

   Uses
      At line 82 in file startup_LPC17xx.s
      At line 207 in file startup_LPC17xx.s

UART1_IRQHandler 00000066

Symbol: UART1_IRQHandler
   Definitions
      At line 244 in file startup_LPC17xx.s
   Uses
      At line 83 in file startup_LPC17xx.s
      At line 208 in file startup_LPC17xx.s

UART2_IRQHandler 00000066

Symbol: UART2_IRQHandler
   Definitions
      At line 245 in file startup_LPC17xx.s
   Uses
      At line 84 in file startup_LPC17xx.s
      At line 209 in file startup_LPC17xx.s

UART3_IRQHandler 00000066

Symbol: UART3_IRQHandler
   Definitions
      At line 246 in file startup_LPC17xx.s
   Uses
      At line 85 in file startup_LPC17xx.s
      At line 210 in file startup_LPC17xx.s

USBActivity_IRQHandler 00000066

Symbol: USBActivity_IRQHandler
   Definitions
      At line 271 in file startup_LPC17xx.s
   Uses
      At line 110 in file startup_LPC17xx.s
      At line 235 in file startup_LPC17xx.s

USB_IRQHandler 00000066

Symbol: USB_IRQHandler
   Definitions
      At line 262 in file startup_LPC17xx.s
   Uses
      At line 101 in file startup_LPC17xx.s
      At line 226 in file startup_LPC17xx.s

UsageFault_Handler 0000005C

Symbol: UsageFault_Handler
   Definitions
      At line 178 in file startup_LPC17xx.s
   Uses
      At line 65 in file startup_LPC17xx.s
      At line 179 in file startup_LPC17xx.s

WDT_IRQHandler 00000066



ARM Macro Assembler    Page 8 Alphabetic symbol ordering
Relocatable symbols


Symbol: WDT_IRQHandler
   Definitions
      At line 238 in file startup_LPC17xx.s
   Uses
      At line 77 in file startup_LPC17xx.s
      At line 202 in file startup_LPC17xx.s

__user_initial_stackheap 00000068

Symbol: __user_initial_stackheap
   Definitions
      At line 294 in file startup_LPC17xx.s
   Uses
      At line 293 in file startup_LPC17xx.s
Comment: __user_initial_stackheap used once
myConstants 00000002

Symbol: myConstants
   Definitions
      At line 129 in file startup_LPC17xx.s
   Uses
      At line 131 in file startup_LPC17xx.s
Comment: myConstants used once
over 00000012

Symbol: over
   Definitions
      At line 130 in file startup_LPC17xx.s
   Uses
      At line 128 in file startup_LPC17xx.s
Comment: over used once
50 symbols



ARM Macro Assembler    Page 1 Alphabetic symbol ordering
Absolute symbols

Heap_Size 00000000

Symbol: Heap_Size
   Definitions
      At line 42 in file startup_LPC17xx.s
   Uses
      At line 46 in file startup_LPC17xx.s
      At line 298 in file startup_LPC17xx.s

Stack_Size 00000200

Symbol: Stack_Size
   Definitions
      At line 31 in file startup_LPC17xx.s
   Uses
      At line 34 in file startup_LPC17xx.s
      At line 297 in file startup_LPC17xx.s

2 symbols
402 symbols in table
