


ARM Macro Assembler    Page 1 


    1 00000000         ;/******************************************************
                       ********************//**
    2 00000000         ; * @file     startup_LPC17xx.s
    3 00000000         ; * @brief    CMSIS Cortex-M3 Core Device Startup File f
                       or
    4 00000000         ; *           NXP LPC17xx Device Series
    5 00000000         ; * @version  V1.10
    6 00000000         ; * @date     06. April 2011
    7 00000000         ; *
    8 00000000         ; * @note
    9 00000000         ; * Copyright (C) 2009-2011 ARM Limited. All rights rese
                       rved.
   10 00000000         ; *
   11 00000000         ; * @par
   12 00000000         ; * ARM Limited (ARM) is supplying this software for use
                        with Cortex-M
   13 00000000         ; * processor based microcontrollers.  This file can be 
                       freely distributed
   14 00000000         ; * within development tools that are supporting such AR
                       M based processors.
   15 00000000         ; *
   16 00000000         ; * @par
   17 00000000         ; * THIS SOFTWARE IS PROVIDED "AS IS".  NO WARRANTIES, W
                       HETHER EXPRESS, IMPLIED
   18 00000000         ; * OR STATUTORY, INCLUDING, BUT NOT LIMITED TO, IMPLIED
                        WARRANTIES OF
   19 00000000         ; * MERCHANTABILITY AND FITNESS FOR A PARTICULAR PURPOSE
                        APPLY TO THIS SOFTWARE.
   20 00000000         ; * ARM SHALL NOT, IN ANY CIRCUMSTANCES, BE LIABLE FOR S
                       PECIAL, INCIDENTAL, OR
   21 00000000         ; * CONSEQUENTIAL DAMAGES, FOR ANY REASON WHATSOEVER.
   22 00000000         ; *
   23 00000000         ; ******************************************************
                       ************************/
   24 00000000         
   25 00000000         ; *------- <<< Use Configuration Wizard in Context Menu 
                       >>> ------------------
   26 00000000         
   27 00000000         ; <h> Stack Configuration
   28 00000000         ;   <o> Stack Size (in Bytes) <0x0-0xFFFFFFFF:8>
   29 00000000         ; </h>
   30 00000000         
   31 00000000 00000200 
                       Stack_Size
                               EQU              0x00000200
   32 00000000         
   33 00000000                 AREA             STACK, NOINIT, READWRITE, ALIGN
=3
   34 00000000         Stack_Mem
                               SPACE            Stack_Size
   35 00000200         __initial_sp
   36 00000200         
   37 00000200         
   38 00000200         ; <h> Heap Configuration
   39 00000200         ;   <o>  Heap Size (in Bytes) <0x0-0xFFFFFFFF:8>
   40 00000200         ; </h>
   41 00000200         
   42 00000200 00000000 
                       Heap_Size



ARM Macro Assembler    Page 2 


                               EQU              0x00000000
   43 00000200         
   44 00000200                 AREA             HEAP, NOINIT, READWRITE, ALIGN=
3
   45 00000000         __heap_base
   46 00000000         Heap_Mem
                               SPACE            Heap_Size
   47 00000000         __heap_limit
   48 00000000         
   49 00000000         
   50 00000000                 PRESERVE8
   51 00000000                 THUMB
   52 00000000         
   53 00000000         
   54 00000000         ; Vector Table Mapped to Address 0 at Reset
   55 00000000         
   56 00000000                 AREA             RESET, DATA, READONLY
   57 00000000                 EXPORT           __Vectors
   58 00000000         
   59 00000000 00000000 
                       __Vectors
                               DCD              __initial_sp ; Top of Stack
   60 00000004 00000000        DCD              Reset_Handler ; Reset Handler
   61 00000008 00000000        DCD              NMI_Handler ; NMI Handler
   62 0000000C 00000000        DCD              HardFault_Handler ; Hard Fault 
                                                            Handler
   63 00000010 00000000        DCD              MemManage_Handler 
                                                            ; MPU Fault Handler
                                                            
   64 00000014 00000000        DCD              BusFault_Handler 
                                                            ; Bus Fault Handler
                                                            
   65 00000018 00000000        DCD              UsageFault_Handler ; Usage Faul
                                                            t Handler
   66 0000001C 00000000        DCD              0           ; Reserved
   67 00000020 00000000        DCD              0           ; Reserved
   68 00000024 00000000        DCD              0           ; Reserved
   69 00000028 00000000        DCD              0           ; Reserved
   70 0000002C 00000000        DCD              SVC_Handler ; SVCall Handler
   71 00000030 00000000        DCD              DebugMon_Handler ; Debug Monito
                                                            r Handler
   72 00000034 00000000        DCD              0           ; Reserved
   73 00000038 00000000        DCD              PendSV_Handler ; PendSV Handler
                                                            
   74 0000003C 00000000        DCD              SysTick_Handler 
                                                            ; SysTick Handler
   75 00000040         
   76 00000040         ; External Interrupts
   77 00000040 00000000        DCD              WDT_IRQHandler ; 16: Watchdog T
                                                            imer
   78 00000044 00000000        DCD              TIMER0_IRQHandler ; 17: Timer0
   79 00000048 00000000        DCD              TIMER1_IRQHandler ; 18: Timer1
   80 0000004C 00000000        DCD              TIMER2_IRQHandler ; 19: Timer2
   81 00000050 00000000        DCD              TIMER3_IRQHandler ; 20: Timer3
   82 00000054 00000000        DCD              UART0_IRQHandler ; 21: UART0
   83 00000058 00000000        DCD              UART1_IRQHandler ; 22: UART1
   84 0000005C 00000000        DCD              UART2_IRQHandler ; 23: UART2
   85 00000060 00000000        DCD              UART3_IRQHandler ; 24: UART3
   86 00000064 00000000        DCD              PWM1_IRQHandler ; 25: PWM1



ARM Macro Assembler    Page 3 


   87 00000068 00000000        DCD              I2C0_IRQHandler ; 26: I2C0
   88 0000006C 00000000        DCD              I2C1_IRQHandler ; 27: I2C1
   89 00000070 00000000        DCD              I2C2_IRQHandler ; 28: I2C2
   90 00000074 00000000        DCD              SPI_IRQHandler ; 29: SPI
   91 00000078 00000000        DCD              SSP0_IRQHandler ; 30: SSP0
   92 0000007C 00000000        DCD              SSP1_IRQHandler ; 31: SSP1
   93 00000080 00000000        DCD              PLL0_IRQHandler ; 32: PLL0 Lock
                                                             (Main PLL)
   94 00000084 00000000        DCD              RTC_IRQHandler ; 33: Real Time 
                                                            Clock
   95 00000088 00000000        DCD              EINT0_IRQHandler ; 34: External
                                                             Interrupt 0
   96 0000008C 00000000        DCD              EINT1_IRQHandler ; 35: External
                                                             Interrupt 1
   97 00000090 00000000        DCD              EINT2_IRQHandler ; 36: External
                                                             Interrupt 2
   98 00000094 00000000        DCD              EINT3_IRQHandler ; 37: External
                                                             Interrupt 3
   99 00000098 00000000        DCD              ADC_IRQHandler 
                                                            ; 38: A/D Converter
                                                            
  100 0000009C 00000000        DCD              BOD_IRQHandler ; 39: Brown-Out 
                                                            Detect
  101 000000A0 00000000        DCD              USB_IRQHandler ; 40: USB
  102 000000A4 00000000        DCD              CAN_IRQHandler ; 41: CAN
  103 000000A8 00000000        DCD              DMA_IRQHandler ; 42: General Pu
                                                            rpose DMA
  104 000000AC 00000000        DCD              I2S_IRQHandler ; 43: I2S
  105 000000B0 00000000        DCD              ENET_IRQHandler ; 44: Ethernet
  106 000000B4 00000000        DCD              RIT_IRQHandler ; 45: Repetitive
                                                             Interrupt Timer
  107 000000B8 00000000        DCD              MCPWM_IRQHandler ; 46: Motor Co
                                                            ntrol PWM
  108 000000BC 00000000        DCD              QEI_IRQHandler ; 47: Quadrature
                                                             Encoder Interface
  109 000000C0 00000000        DCD              PLL1_IRQHandler ; 48: PLL1 Lock
                                                             (USB PLL)
  110 000000C4 00000000        DCD              USBActivity_IRQHandler ; 49: US
                                                            B Activity interrup
                                                            t to wakeup
  111 000000C8 00000000        DCD              CANActivity_IRQHandler ; 50: CA
                                                            N Activity interrup
                                                            t to wakeup
  112 000000CC         
  113 000000CC         
  114 000000CC                 IF               :LNOT::DEF:NO_CRP
  115 000000CC                 AREA             |.ARM.__at_0x02FC|, CODE, READO
NLY
  116 00000000 FFFFFFFF 
                       CRP_Key DCD              0xFFFFFFFF
  117 00000004                 ENDIF
  118 00000004         
  119 00000004                 AREA             VAR, DATA, READWRITE
  120 00000000 00 00 00 
              00 00 00 
              00 00    var     SPACE            8
  121 00000008 00 00 00 
              00       result  SPACE            4
  122 0000000C         



ARM Macro Assembler    Page 4 


  123 0000000C                 AREA             |.text|, CODE, READONLY
  124 00000000         
  125 00000000         
  126 00000000         ; Reset Handler
  127 00000000         
  128 00000000         Reset_Handler
                               PROC
  129 00000000                 EXPORT           Reset_Handler             [WEAK
]
  130 00000000         
  131 00000000         
  132 00000000 4E28            LDR              R6,=var
  133 00000002 F244 5B8D       MOV              R11,#0x458D
  134 00000006 F6C7 2B30       MOVT             R11,#0x7A30
  135 0000000A         
  136 0000000A F649 6CAA       MOV              R12,#0x9EAA
  137 0000000E F2CC 3C15       MOVT             R12,#0xC315
  138 00000012         
  139 00000012 F8C6 B000       STR              R11,[R6]
  140 00000016 F8C6 C004       STR              R12,[R6,#4]
  141 0000001A         
  142 0000001A F7FF FFFE       BL               subroutine
  143 0000001E         
  144 0000001E                 ENDP
  145 0000001E E7FE    STOP    B                STOP
  146 00000020         
  147 00000020         subroutine
                               PROC
  148 00000020 E92D 5CFB       PUSH             {R0,R1,R3,R4,R5,R6,R7,R10,R11,R
12,LR}
  149 00000024         
  150 00000024 F856 0B04       LDR              R0,[R6],#4
  151 00000028 F856 1B04       LDR              R1,[R6],#4
  152 0000002C         
  153 0000002C F244 508D       MOV              R0,#0x458D  ;salvo parte bassa
  154 00000030 F6C7 2030       MOVT             R0,#0X7A30  ;salvo 16 bit più a
                                                            lti
  155 00000034         
  156 00000034 F649 61AA       MOV              R1,#0x9EAA
  157 00000038 F2CC 3115       MOVT             R1,#0xC315
  158 0000003C         
  159 0000003C         
  160 0000003C F04F 0AFF       MOV              R10,#0x000000FF 
                                                            ;salvo la maschera
  161 00000040 EA8B 0B0B       EOR              R11,R11     ;inizializzo contat
                                                            ore
  162 00000044 EA8C 0C0C       EOR              R12,R12     ;inizializzo shift 
                                                            destro
  163 00000048         
  164 00000048 F1BB 0F04 
                       loop    CMP              R11,#4
  165 0000004C D016            BEQ              next
  166 0000004E EA00 030A       AND              R3,R0,R10   ;tramite una masche
                                                            ra prendo byte che 
                                                            mi serve
  167 00000052 EA01 040A       AND              R4,R1,R10
  168 00000056 FA23 F30C       LSR              R3,R12      ;    ;porto il byte
                                                             all'estrema destra
                                                            



ARM Macro Assembler    Page 5 


  169 0000005A FA24 F40C       LSR              R4,R12      ;    ;porto il byte
                                                             all'estrema destra
                                                            
  170 0000005E 42A3            CMP              R3,R4
  171 00000060 DB02            BLT              negative    ;se R3<R4 scambiali
                                                            
  172 00000062 EBA3 0704       SUB              R7,R3,R4    ;se R3>R4 esegui di
                                                            fferenza
  173 00000066 E001            B                over
  174 00000068 EBA4 0703 
                       negative
                               sub              R7,R4,R3
  175 0000006C         over
  176 0000006C 443D            ADD              R5,R7       ;se non negativo so
                                                            mma al risultato
  177 0000006E EA4F 2A0A       LSL              R10,#8      ;aggiorno la masche
                                                            ra
  178 00000072 F10C 0C08       ADD              R12,#8      ;aggiorno lo shift 
                                                            destro
  179 00000076 F10B 0B01       ADD              R11,#1      ;aggiorno contatore
                                                            
  180 0000007A E7E5            B                loop
  181 0000007C         
  182 0000007C         
  183 0000007C 6035    next    STR              R5,[R6]
  184 0000007E E8BD 9CFB       POP              {R0,R1,R3,R4,R5,R6,R7,R10,R11,R
12,PC}
  185 00000082                 ENDP
  186 00000082         
  187 00000082         
  188 00000082         ; Dummy Exception Handlers (infinite loops which can be 
                       modified)
  189 00000082         
  190 00000082         NMI_Handler
                               PROC
  191 00000082                 EXPORT           NMI_Handler               [WEAK
]
  192 00000082 E7FE            B                .
  193 00000084                 ENDP
  195 00000084         HardFault_Handler
                               PROC
  196 00000084                 EXPORT           HardFault_Handler         [WEAK
]
  197 00000084 E7FE            B                .
  198 00000086                 ENDP
  200 00000086         MemManage_Handler
                               PROC
  201 00000086                 EXPORT           MemManage_Handler         [WEAK
]
  202 00000086 E7FE            B                .
  203 00000088                 ENDP
  205 00000088         BusFault_Handler
                               PROC
  206 00000088                 EXPORT           BusFault_Handler          [WEAK
]
  207 00000088 E7FE            B                .
  208 0000008A                 ENDP
  210 0000008A         UsageFault_Handler
                               PROC



ARM Macro Assembler    Page 6 


  211 0000008A                 EXPORT           UsageFault_Handler        [WEAK
]
  212 0000008A E7FE            B                .
  213 0000008C                 ENDP
  214 0000008C         SVC_Handler
                               PROC
  215 0000008C                 EXPORT           SVC_Handler               [WEAK
]
  216 0000008C E7FE            B                .
  217 0000008E                 ENDP
  219 0000008E         DebugMon_Handler
                               PROC
  220 0000008E                 EXPORT           DebugMon_Handler          [WEAK
]
  221 0000008E E7FE            B                .
  222 00000090                 ENDP
  223 00000090         PendSV_Handler
                               PROC
  224 00000090                 EXPORT           PendSV_Handler            [WEAK
]
  225 00000090 E7FE            B                .
  226 00000092                 ENDP
  227 00000092         SysTick_Handler
                               PROC
  228 00000092                 EXPORT           SysTick_Handler           [WEAK
]
  229 00000092 E7FE            B                .
  230 00000094                 ENDP
  231 00000094         
  232 00000094         Default_Handler
                               PROC
  233 00000094         
  234 00000094                 EXPORT           WDT_IRQHandler            [WEAK
]
  235 00000094                 EXPORT           TIMER0_IRQHandler         [WEAK
]
  236 00000094                 EXPORT           TIMER1_IRQHandler         [WEAK
]
  237 00000094                 EXPORT           TIMER2_IRQHandler         [WEAK
]
  238 00000094                 EXPORT           TIMER3_IRQHandler         [WEAK
]
  239 00000094                 EXPORT           UART0_IRQHandler          [WEAK
]
  240 00000094                 EXPORT           UART1_IRQHandler          [WEAK
]
  241 00000094                 EXPORT           UART2_IRQHandler          [WEAK
]
  242 00000094                 EXPORT           UART3_IRQHandler          [WEAK
]
  243 00000094                 EXPORT           PWM1_IRQHandler           [WEAK
]
  244 00000094                 EXPORT           I2C0_IRQHandler           [WEAK
]
  245 00000094                 EXPORT           I2C1_IRQHandler           [WEAK
]
  246 00000094                 EXPORT           I2C2_IRQHandler           [WEAK
]
  247 00000094                 EXPORT           SPI_IRQHandler            [WEAK



ARM Macro Assembler    Page 7 


]
  248 00000094                 EXPORT           SSP0_IRQHandler           [WEAK
]
  249 00000094                 EXPORT           SSP1_IRQHandler           [WEAK
]
  250 00000094                 EXPORT           PLL0_IRQHandler           [WEAK
]
  251 00000094                 EXPORT           RTC_IRQHandler            [WEAK
]
  252 00000094                 EXPORT           EINT0_IRQHandler          [WEAK
]
  253 00000094                 EXPORT           EINT1_IRQHandler          [WEAK
]
  254 00000094                 EXPORT           EINT2_IRQHandler          [WEAK
]
  255 00000094                 EXPORT           EINT3_IRQHandler          [WEAK
]
  256 00000094                 EXPORT           ADC_IRQHandler            [WEAK
]
  257 00000094                 EXPORT           BOD_IRQHandler            [WEAK
]
  258 00000094                 EXPORT           USB_IRQHandler            [WEAK
]
  259 00000094                 EXPORT           CAN_IRQHandler            [WEAK
]
  260 00000094                 EXPORT           DMA_IRQHandler            [WEAK
]
  261 00000094                 EXPORT           I2S_IRQHandler            [WEAK
]
  262 00000094                 EXPORT           ENET_IRQHandler           [WEAK
]
  263 00000094                 EXPORT           RIT_IRQHandler            [WEAK
]
  264 00000094                 EXPORT           MCPWM_IRQHandler          [WEAK
]
  265 00000094                 EXPORT           QEI_IRQHandler            [WEAK
]
  266 00000094                 EXPORT           PLL1_IRQHandler           [WEAK
]
  267 00000094                 EXPORT           USBActivity_IRQHandler    [WEAK
]
  268 00000094                 EXPORT           CANActivity_IRQHandler    [WEAK
]
  269 00000094         
  270 00000094         WDT_IRQHandler
  271 00000094         TIMER0_IRQHandler
  272 00000094         TIMER1_IRQHandler
  273 00000094         TIMER2_IRQHandler
  274 00000094         TIMER3_IRQHandler
  275 00000094         UART0_IRQHandler
  276 00000094         UART1_IRQHandler
  277 00000094         UART2_IRQHandler
  278 00000094         UART3_IRQHandler
  279 00000094         PWM1_IRQHandler
  280 00000094         I2C0_IRQHandler
  281 00000094         I2C1_IRQHandler
  282 00000094         I2C2_IRQHandler
  283 00000094         SPI_IRQHandler
  284 00000094         SSP0_IRQHandler



ARM Macro Assembler    Page 8 


  285 00000094         SSP1_IRQHandler
  286 00000094         PLL0_IRQHandler
  287 00000094         RTC_IRQHandler
  288 00000094         EINT0_IRQHandler
  289 00000094         EINT1_IRQHandler
  290 00000094         EINT2_IRQHandler
  291 00000094         EINT3_IRQHandler
  292 00000094         ADC_IRQHandler
  293 00000094         BOD_IRQHandler
  294 00000094         USB_IRQHandler
  295 00000094         CAN_IRQHandler
  296 00000094         DMA_IRQHandler
  297 00000094         I2S_IRQHandler
  298 00000094         ENET_IRQHandler
  299 00000094         RIT_IRQHandler
  300 00000094         MCPWM_IRQHandler
  301 00000094         QEI_IRQHandler
  302 00000094         PLL1_IRQHandler
  303 00000094         USBActivity_IRQHandler
  304 00000094         CANActivity_IRQHandler
  305 00000094         
  306 00000094 E7FE            B                .
  307 00000096         
  308 00000096                 ENDP
  309 00000096         
  310 00000096         
  311 00000096 00 00           ALIGN
  312 00000098         
  313 00000098         
  314 00000098         ; User Initial Stack & Heap
  315 00000098         
  316 00000098                 IF               :DEF:__MICROLIB
  323 00000098         
  324 00000098         ;IMPORT  __use_two_region_memory
  325 00000098                 EXPORT           __user_initial_stackheap
  326 00000098         __user_initial_stackheap
  327 00000098         
  328 00000098 4803            LDR              R0, =  Heap_Mem
  329 0000009A 4904            LDR              R1, =(Stack_Mem + Stack_Size)
  330 0000009C 4A02            LDR              R2, = (Heap_Mem +  Heap_Size)
  331 0000009E 4B04            LDR              R3, = Stack_Mem
  332 000000A0 4770            BX               LR
  333 000000A2         
  334 000000A2 00 00           ALIGN
  335 000000A4         
  336 000000A4                 ENDIF
  337 000000A4         
  338 000000A4         
  339 000000A4                 END
              00000000 
              00000000 
              00000200 
              00000000 
Command Line: --debug --xref --cpu=Cortex-M3 --apcs=interwork --depend=.\startu
p_lpc17xx.d -o.\startup_lpc17xx.o -I"Z:\Volumes\HDD\Documenti HDD\Politecnico 2
018:2019\ASE\keil2\ARM\RV31\INC" -I"Z:\Volumes\HDD\Documenti HDD\Politecnico 20
18:2019\ASE\keil2\ARM\CMSIS\Include" -I"Z:\Volumes\HDD\Documenti HDD\Politecnic
o 2018:2019\ASE\keil2\ARM\Inc\NXP\LPC17xx" --predefine="__EVAL SETA 1" --list=.
\startup_lpc17xx.lst startup_LPC17xx.s



ARM Macro Assembler    Page 1 Alphabetic symbol ordering
Relocatable symbols

STACK 00000000

Symbol: STACK
   Definitions
      At line 33 in file startup_LPC17xx.s
   Uses
      None
Comment: STACK unused
Stack_Mem 00000000

Symbol: Stack_Mem
   Definitions
      At line 34 in file startup_LPC17xx.s
   Uses
      At line 329 in file startup_LPC17xx.s
      At line 331 in file startup_LPC17xx.s

__initial_sp 00000200

Symbol: __initial_sp
   Definitions
      At line 35 in file startup_LPC17xx.s
   Uses
      At line 59 in file startup_LPC17xx.s
Comment: __initial_sp used once
3 symbols



ARM Macro Assembler    Page 1 Alphabetic symbol ordering
Relocatable symbols

HEAP 00000000

Symbol: HEAP
   Definitions
      At line 44 in file startup_LPC17xx.s
   Uses
      None
Comment: HEAP unused
Heap_Mem 00000000

Symbol: Heap_Mem
   Definitions
      At line 46 in file startup_LPC17xx.s
   Uses
      At line 328 in file startup_LPC17xx.s
      At line 330 in file startup_LPC17xx.s

__heap_base 00000000

Symbol: __heap_base
   Definitions
      At line 45 in file startup_LPC17xx.s
   Uses
      None
Comment: __heap_base unused
__heap_limit 00000000

Symbol: __heap_limit
   Definitions
      At line 47 in file startup_LPC17xx.s
   Uses
      None
Comment: __heap_limit unused
4 symbols



ARM Macro Assembler    Page 1 Alphabetic symbol ordering
Relocatable symbols

RESET 00000000

Symbol: RESET
   Definitions
      At line 56 in file startup_LPC17xx.s
   Uses
      None
Comment: RESET unused
__Vectors 00000000

Symbol: __Vectors
   Definitions
      At line 59 in file startup_LPC17xx.s
   Uses
      At line 57 in file startup_LPC17xx.s
Comment: __Vectors used once
2 symbols



ARM Macro Assembler    Page 1 Alphabetic symbol ordering
Relocatable symbols

.ARM.__at_0x02FC 00000000

Symbol: .ARM.__at_0x02FC
   Definitions
      At line 115 in file startup_LPC17xx.s
   Uses
      None
Comment: .ARM.__at_0x02FC unused
CRP_Key 00000000

Symbol: CRP_Key
   Definitions
      At line 116 in file startup_LPC17xx.s
   Uses
      None
Comment: CRP_Key unused
2 symbols



ARM Macro Assembler    Page 1 Alphabetic symbol ordering
Relocatable symbols

VAR 00000000

Symbol: VAR
   Definitions
      At line 119 in file startup_LPC17xx.s
   Uses
      None
Comment: VAR unused
result 00000008

Symbol: result
   Definitions
      At line 121 in file startup_LPC17xx.s
   Uses
      None
Comment: result unused
var 00000000

Symbol: var
   Definitions
      At line 120 in file startup_LPC17xx.s
   Uses
      At line 132 in file startup_LPC17xx.s
Comment: var used once
3 symbols



ARM Macro Assembler    Page 1 Alphabetic symbol ordering
Relocatable symbols

.text 00000000

Symbol: .text
   Definitions
      At line 123 in file startup_LPC17xx.s
   Uses
      None
Comment: .text unused
ADC_IRQHandler 00000094

Symbol: ADC_IRQHandler
   Definitions
      At line 292 in file startup_LPC17xx.s
   Uses
      At line 99 in file startup_LPC17xx.s
      At line 256 in file startup_LPC17xx.s

BOD_IRQHandler 00000094

Symbol: BOD_IRQHandler
   Definitions
      At line 293 in file startup_LPC17xx.s
   Uses
      At line 100 in file startup_LPC17xx.s
      At line 257 in file startup_LPC17xx.s

BusFault_Handler 00000088

Symbol: BusFault_Handler
   Definitions
      At line 205 in file startup_LPC17xx.s
   Uses
      At line 64 in file startup_LPC17xx.s
      At line 206 in file startup_LPC17xx.s

CANActivity_IRQHandler 00000094

Symbol: CANActivity_IRQHandler
   Definitions
      At line 304 in file startup_LPC17xx.s
   Uses
      At line 111 in file startup_LPC17xx.s
      At line 268 in file startup_LPC17xx.s

CAN_IRQHandler 00000094

Symbol: CAN_IRQHandler
   Definitions
      At line 295 in file startup_LPC17xx.s
   Uses
      At line 102 in file startup_LPC17xx.s
      At line 259 in file startup_LPC17xx.s

DMA_IRQHandler 00000094

Symbol: DMA_IRQHandler
   Definitions
      At line 296 in file startup_LPC17xx.s
   Uses



ARM Macro Assembler    Page 2 Alphabetic symbol ordering
Relocatable symbols

      At line 103 in file startup_LPC17xx.s
      At line 260 in file startup_LPC17xx.s

DebugMon_Handler 0000008E

Symbol: DebugMon_Handler
   Definitions
      At line 219 in file startup_LPC17xx.s
   Uses
      At line 71 in file startup_LPC17xx.s
      At line 220 in file startup_LPC17xx.s

Default_Handler 00000094

Symbol: Default_Handler
   Definitions
      At line 232 in file startup_LPC17xx.s
   Uses
      None
Comment: Default_Handler unused
EINT0_IRQHandler 00000094

Symbol: EINT0_IRQHandler
   Definitions
      At line 288 in file startup_LPC17xx.s
   Uses
      At line 95 in file startup_LPC17xx.s
      At line 252 in file startup_LPC17xx.s

EINT1_IRQHandler 00000094

Symbol: EINT1_IRQHandler
   Definitions
      At line 289 in file startup_LPC17xx.s
   Uses
      At line 96 in file startup_LPC17xx.s
      At line 253 in file startup_LPC17xx.s

EINT2_IRQHandler 00000094

Symbol: EINT2_IRQHandler
   Definitions
      At line 290 in file startup_LPC17xx.s
   Uses
      At line 97 in file startup_LPC17xx.s
      At line 254 in file startup_LPC17xx.s

EINT3_IRQHandler 00000094

Symbol: EINT3_IRQHandler
   Definitions
      At line 291 in file startup_LPC17xx.s
   Uses
      At line 98 in file startup_LPC17xx.s
      At line 255 in file startup_LPC17xx.s

ENET_IRQHandler 00000094

Symbol: ENET_IRQHandler



ARM Macro Assembler    Page 3 Alphabetic symbol ordering
Relocatable symbols

   Definitions
      At line 298 in file startup_LPC17xx.s
   Uses
      At line 105 in file startup_LPC17xx.s
      At line 262 in file startup_LPC17xx.s

HardFault_Handler 00000084

Symbol: HardFault_Handler
   Definitions
      At line 195 in file startup_LPC17xx.s
   Uses
      At line 62 in file startup_LPC17xx.s
      At line 196 in file startup_LPC17xx.s

I2C0_IRQHandler 00000094

Symbol: I2C0_IRQHandler
   Definitions
      At line 280 in file startup_LPC17xx.s
   Uses
      At line 87 in file startup_LPC17xx.s
      At line 244 in file startup_LPC17xx.s

I2C1_IRQHandler 00000094

Symbol: I2C1_IRQHandler
   Definitions
      At line 281 in file startup_LPC17xx.s
   Uses
      At line 88 in file startup_LPC17xx.s
      At line 245 in file startup_LPC17xx.s

I2C2_IRQHandler 00000094

Symbol: I2C2_IRQHandler
   Definitions
      At line 282 in file startup_LPC17xx.s
   Uses
      At line 89 in file startup_LPC17xx.s
      At line 246 in file startup_LPC17xx.s

I2S_IRQHandler 00000094

Symbol: I2S_IRQHandler
   Definitions
      At line 297 in file startup_LPC17xx.s
   Uses
      At line 104 in file startup_LPC17xx.s
      At line 261 in file startup_LPC17xx.s

MCPWM_IRQHandler 00000094

Symbol: MCPWM_IRQHandler
   Definitions
      At line 300 in file startup_LPC17xx.s
   Uses
      At line 107 in file startup_LPC17xx.s
      At line 264 in file startup_LPC17xx.s



ARM Macro Assembler    Page 4 Alphabetic symbol ordering
Relocatable symbols


MemManage_Handler 00000086

Symbol: MemManage_Handler
   Definitions
      At line 200 in file startup_LPC17xx.s
   Uses
      At line 63 in file startup_LPC17xx.s
      At line 201 in file startup_LPC17xx.s

NMI_Handler 00000082

Symbol: NMI_Handler
   Definitions
      At line 190 in file startup_LPC17xx.s
   Uses
      At line 61 in file startup_LPC17xx.s
      At line 191 in file startup_LPC17xx.s

PLL0_IRQHandler 00000094

Symbol: PLL0_IRQHandler
   Definitions
      At line 286 in file startup_LPC17xx.s
   Uses
      At line 93 in file startup_LPC17xx.s
      At line 250 in file startup_LPC17xx.s

PLL1_IRQHandler 00000094

Symbol: PLL1_IRQHandler
   Definitions
      At line 302 in file startup_LPC17xx.s
   Uses
      At line 109 in file startup_LPC17xx.s
      At line 266 in file startup_LPC17xx.s

PWM1_IRQHandler 00000094

Symbol: PWM1_IRQHandler
   Definitions
      At line 279 in file startup_LPC17xx.s
   Uses
      At line 86 in file startup_LPC17xx.s
      At line 243 in file startup_LPC17xx.s

PendSV_Handler 00000090

Symbol: PendSV_Handler
   Definitions
      At line 223 in file startup_LPC17xx.s
   Uses
      At line 73 in file startup_LPC17xx.s
      At line 224 in file startup_LPC17xx.s

QEI_IRQHandler 00000094

Symbol: QEI_IRQHandler
   Definitions



ARM Macro Assembler    Page 5 Alphabetic symbol ordering
Relocatable symbols

      At line 301 in file startup_LPC17xx.s
   Uses
      At line 108 in file startup_LPC17xx.s
      At line 265 in file startup_LPC17xx.s

RIT_IRQHandler 00000094

Symbol: RIT_IRQHandler
   Definitions
      At line 299 in file startup_LPC17xx.s
   Uses
      At line 106 in file startup_LPC17xx.s
      At line 263 in file startup_LPC17xx.s

RTC_IRQHandler 00000094

Symbol: RTC_IRQHandler
   Definitions
      At line 287 in file startup_LPC17xx.s
   Uses
      At line 94 in file startup_LPC17xx.s
      At line 251 in file startup_LPC17xx.s

Reset_Handler 00000000

Symbol: Reset_Handler
   Definitions
      At line 128 in file startup_LPC17xx.s
   Uses
      At line 60 in file startup_LPC17xx.s
      At line 129 in file startup_LPC17xx.s

SPI_IRQHandler 00000094

Symbol: SPI_IRQHandler
   Definitions
      At line 283 in file startup_LPC17xx.s
   Uses
      At line 90 in file startup_LPC17xx.s
      At line 247 in file startup_LPC17xx.s

SSP0_IRQHandler 00000094

Symbol: SSP0_IRQHandler
   Definitions
      At line 284 in file startup_LPC17xx.s
   Uses
      At line 91 in file startup_LPC17xx.s
      At line 248 in file startup_LPC17xx.s

SSP1_IRQHandler 00000094

Symbol: SSP1_IRQHandler
   Definitions
      At line 285 in file startup_LPC17xx.s
   Uses
      At line 92 in file startup_LPC17xx.s
      At line 249 in file startup_LPC17xx.s




ARM Macro Assembler    Page 6 Alphabetic symbol ordering
Relocatable symbols

STOP 0000001E

Symbol: STOP
   Definitions
      At line 145 in file startup_LPC17xx.s
   Uses
      At line 145 in file startup_LPC17xx.s
Comment: STOP used once
SVC_Handler 0000008C

Symbol: SVC_Handler
   Definitions
      At line 214 in file startup_LPC17xx.s
   Uses
      At line 70 in file startup_LPC17xx.s
      At line 215 in file startup_LPC17xx.s

SysTick_Handler 00000092

Symbol: SysTick_Handler
   Definitions
      At line 227 in file startup_LPC17xx.s
   Uses
      At line 74 in file startup_LPC17xx.s
      At line 228 in file startup_LPC17xx.s

TIMER0_IRQHandler 00000094

Symbol: TIMER0_IRQHandler
   Definitions
      At line 271 in file startup_LPC17xx.s
   Uses
      At line 78 in file startup_LPC17xx.s
      At line 235 in file startup_LPC17xx.s

TIMER1_IRQHandler 00000094

Symbol: TIMER1_IRQHandler
   Definitions
      At line 272 in file startup_LPC17xx.s
   Uses
      At line 79 in file startup_LPC17xx.s
      At line 236 in file startup_LPC17xx.s

TIMER2_IRQHandler 00000094

Symbol: TIMER2_IRQHandler
   Definitions
      At line 273 in file startup_LPC17xx.s
   Uses
      At line 80 in file startup_LPC17xx.s
      At line 237 in file startup_LPC17xx.s

TIMER3_IRQHandler 00000094

Symbol: TIMER3_IRQHandler
   Definitions
      At line 274 in file startup_LPC17xx.s
   Uses



ARM Macro Assembler    Page 7 Alphabetic symbol ordering
Relocatable symbols

      At line 81 in file startup_LPC17xx.s
      At line 238 in file startup_LPC17xx.s

UART0_IRQHandler 00000094

Symbol: UART0_IRQHandler
   Definitions
      At line 275 in file startup_LPC17xx.s
   Uses
      At line 82 in file startup_LPC17xx.s
      At line 239 in file startup_LPC17xx.s

UART1_IRQHandler 00000094

Symbol: UART1_IRQHandler
   Definitions
      At line 276 in file startup_LPC17xx.s
   Uses
      At line 83 in file startup_LPC17xx.s
      At line 240 in file startup_LPC17xx.s

UART2_IRQHandler 00000094

Symbol: UART2_IRQHandler
   Definitions
      At line 277 in file startup_LPC17xx.s
   Uses
      At line 84 in file startup_LPC17xx.s
      At line 241 in file startup_LPC17xx.s

UART3_IRQHandler 00000094

Symbol: UART3_IRQHandler
   Definitions
      At line 278 in file startup_LPC17xx.s
   Uses
      At line 85 in file startup_LPC17xx.s
      At line 242 in file startup_LPC17xx.s

USBActivity_IRQHandler 00000094

Symbol: USBActivity_IRQHandler
   Definitions
      At line 303 in file startup_LPC17xx.s
   Uses
      At line 110 in file startup_LPC17xx.s
      At line 267 in file startup_LPC17xx.s

USB_IRQHandler 00000094

Symbol: USB_IRQHandler
   Definitions
      At line 294 in file startup_LPC17xx.s
   Uses
      At line 101 in file startup_LPC17xx.s
      At line 258 in file startup_LPC17xx.s

UsageFault_Handler 0000008A




ARM Macro Assembler    Page 8 Alphabetic symbol ordering
Relocatable symbols

Symbol: UsageFault_Handler
   Definitions
      At line 210 in file startup_LPC17xx.s
   Uses
      At line 65 in file startup_LPC17xx.s
      At line 211 in file startup_LPC17xx.s

WDT_IRQHandler 00000094

Symbol: WDT_IRQHandler
   Definitions
      At line 270 in file startup_LPC17xx.s
   Uses
      At line 77 in file startup_LPC17xx.s
      At line 234 in file startup_LPC17xx.s

__user_initial_stackheap 00000098

Symbol: __user_initial_stackheap
   Definitions
      At line 326 in file startup_LPC17xx.s
   Uses
      At line 325 in file startup_LPC17xx.s
Comment: __user_initial_stackheap used once
loop 00000048

Symbol: loop
   Definitions
      At line 164 in file startup_LPC17xx.s
   Uses
      At line 180 in file startup_LPC17xx.s
Comment: loop used once
negative 00000068

Symbol: negative
   Definitions
      At line 174 in file startup_LPC17xx.s
   Uses
      At line 171 in file startup_LPC17xx.s
Comment: negative used once
next 0000007C

Symbol: next
   Definitions
      At line 183 in file startup_LPC17xx.s
   Uses
      At line 165 in file startup_LPC17xx.s
Comment: next used once
over 0000006C

Symbol: over
   Definitions
      At line 175 in file startup_LPC17xx.s
   Uses
      At line 173 in file startup_LPC17xx.s
Comment: over used once
subroutine 00000020

Symbol: subroutine



ARM Macro Assembler    Page 9 Alphabetic symbol ordering
Relocatable symbols

   Definitions
      At line 147 in file startup_LPC17xx.s
   Uses
      At line 142 in file startup_LPC17xx.s
Comment: subroutine used once
54 symbols



ARM Macro Assembler    Page 1 Alphabetic symbol ordering
Absolute symbols

Heap_Size 00000000

Symbol: Heap_Size
   Definitions
      At line 42 in file startup_LPC17xx.s
   Uses
      At line 46 in file startup_LPC17xx.s
      At line 330 in file startup_LPC17xx.s

Stack_Size 00000200

Symbol: Stack_Size
   Definitions
      At line 31 in file startup_LPC17xx.s
   Uses
      At line 34 in file startup_LPC17xx.s
      At line 329 in file startup_LPC17xx.s

2 symbols
407 symbols in table
