


ARM Macro Assembler    Page 1 


    1 00000000         ;/******************************************************
                       ********************//**
    2 00000000         ; * @file     startup_LPC17xx.s
    3 00000000         ; * @brief    CMSIS Cortex-M3 Core Device Startup File f
                       or
    4 00000000         ; *           NXP LPC17xx Device Series
    5 00000000         ; * @version  V1.10
    6 00000000         ; * @date     06. April 2011
    7 00000000         ; *
    8 00000000         ; * @note
    9 00000000         ; * Copyright (C) 2009-2011 ARM Limited. All rights rese
                       rved.
   10 00000000         ; *
   11 00000000         ; * @par
   12 00000000         ; * ARM Limited (ARM) is supplying this software for use
                        with Cortex-M
   13 00000000         ; * processor based microcontrollers.  This file can be 
                       freely distributed
   14 00000000         ; * within development tools that are supporting such AR
                       M based processors.
   15 00000000         ; *
   16 00000000         ; * @par
   17 00000000         ; * THIS SOFTWARE IS PROVIDED "AS IS".  NO WARRANTIES, W
                       HETHER EXPRESS, IMPLIED
   18 00000000         ; * OR STATUTORY, INCLUDING, BUT NOT LIMITED TO, IMPLIED
                        WARRANTIES OF
   19 00000000         ; * MERCHANTABILITY AND FITNESS FOR A PARTICULAR PURPOSE
                        APPLY TO THIS SOFTWARE.
   20 00000000         ; * ARM SHALL NOT, IN ANY CIRCUMSTANCES, BE LIABLE FOR S
                       PECIAL, INCIDENTAL, OR
   21 00000000         ; * CONSEQUENTIAL DAMAGES, FOR ANY REASON WHATSOEVER.
   22 00000000         ; *
   23 00000000         ; ******************************************************
                       ************************/
   24 00000000         
   25 00000000         ; *------- <<< Use Configuration Wizard in Context Menu 
                       >>> ------------------
   26 00000000         
   27 00000000         ; <h> Stack Configuration
   28 00000000         ;   <o> Stack Size (in Bytes) <0x0-0xFFFFFFFF:8>
   29 00000000         ; </h>
   30 00000000         
   31 00000000 00000200 
                       Stack_Size
                               EQU              0x00000200
   32 00000000         
   33 00000000                 AREA             STACK, NOINIT, READWRITE, ALIGN
=3
   34 00000000         Stack_Mem
                               SPACE            Stack_Size
   35 00000200         __initial_sp
   36 00000200         
   37 00000200         
   38 00000200         ; <h> Heap Configuration
   39 00000200         ;   <o>  Heap Size (in Bytes) <0x0-0xFFFFFFFF:8>
   40 00000200         ; </h>
   41 00000200         
   42 00000200 00000000 
                       Heap_Size



ARM Macro Assembler    Page 2 


                               EQU              0x00000000
   43 00000200         
   44 00000200                 AREA             HEAP, NOINIT, READWRITE, ALIGN=
3
   45 00000000         __heap_base
   46 00000000         Heap_Mem
                               SPACE            Heap_Size
   47 00000000         __heap_limit
   48 00000000         
   49 00000000         
   50 00000000                 PRESERVE8
   51 00000000                 THUMB
   52 00000000         
   53 00000000         
   54 00000000         ; Vector Table Mapped to Address 0 at Reset
   55 00000000         
   56 00000000                 AREA             RESET, DATA, READONLY
   57 00000000                 EXPORT           __Vectors
   58 00000000         
   59 00000000 00000000 
                       __Vectors
                               DCD              __initial_sp ; Top of Stack
   60 00000004 00000000        DCD              Reset_Handler ; Reset Handler
   61 00000008 00000000        DCD              NMI_Handler ; NMI Handler
   62 0000000C 00000000        DCD              HardFault_Handler ; Hard Fault 
                                                            Handler
   63 00000010 00000000        DCD              MemManage_Handler 
                                                            ; MPU Fault Handler
                                                            
   64 00000014 00000000        DCD              BusFault_Handler 
                                                            ; Bus Fault Handler
                                                            
   65 00000018 00000000        DCD              UsageFault_Handler ; Usage Faul
                                                            t Handler
   66 0000001C 00000000        DCD              0           ; Reserved
   67 00000020 00000000        DCD              0           ; Reserved
   68 00000024 00000000        DCD              0           ; Reserved
   69 00000028 00000000        DCD              0           ; Reserved
   70 0000002C 00000000        DCD              SVC_Handler ; SVCall Handler
   71 00000030 00000000        DCD              DebugMon_Handler ; Debug Monito
                                                            r Handler
   72 00000034 00000000        DCD              0           ; Reserved
   73 00000038 00000000        DCD              PendSV_Handler ; PendSV Handler
                                                            
   74 0000003C 00000000        DCD              SysTick_Handler 
                                                            ; SysTick Handler
   75 00000040         
   76 00000040         ; External Interrupts
   77 00000040 00000000        DCD              WDT_IRQHandler ; 16: Watchdog T
                                                            imer
   78 00000044 00000000        DCD              TIMER0_IRQHandler ; 17: Timer0
   79 00000048 00000000        DCD              TIMER1_IRQHandler ; 18: Timer1
   80 0000004C 00000000        DCD              TIMER2_IRQHandler ; 19: Timer2
   81 00000050 00000000        DCD              TIMER3_IRQHandler ; 20: Timer3
   82 00000054 00000000        DCD              UART0_IRQHandler ; 21: UART0
   83 00000058 00000000        DCD              UART1_IRQHandler ; 22: UART1
   84 0000005C 00000000        DCD              UART2_IRQHandler ; 23: UART2
   85 00000060 00000000        DCD              UART3_IRQHandler ; 24: UART3
   86 00000064 00000000        DCD              PWM1_IRQHandler ; 25: PWM1



ARM Macro Assembler    Page 3 


   87 00000068 00000000        DCD              I2C0_IRQHandler ; 26: I2C0
   88 0000006C 00000000        DCD              I2C1_IRQHandler ; 27: I2C1
   89 00000070 00000000        DCD              I2C2_IRQHandler ; 28: I2C2
   90 00000074 00000000        DCD              SPI_IRQHandler ; 29: SPI
   91 00000078 00000000        DCD              SSP0_IRQHandler ; 30: SSP0
   92 0000007C 00000000        DCD              SSP1_IRQHandler ; 31: SSP1
   93 00000080 00000000        DCD              PLL0_IRQHandler ; 32: PLL0 Lock
                                                             (Main PLL)
   94 00000084 00000000        DCD              RTC_IRQHandler ; 33: Real Time 
                                                            Clock
   95 00000088 00000000        DCD              EINT0_IRQHandler ; 34: External
                                                             Interrupt 0
   96 0000008C 00000000        DCD              EINT1_IRQHandler ; 35: External
                                                             Interrupt 1
   97 00000090 00000000        DCD              EINT2_IRQHandler ; 36: External
                                                             Interrupt 2
   98 00000094 00000000        DCD              EINT3_IRQHandler ; 37: External
                                                             Interrupt 3
   99 00000098 00000000        DCD              ADC_IRQHandler 
                                                            ; 38: A/D Converter
                                                            
  100 0000009C 00000000        DCD              BOD_IRQHandler ; 39: Brown-Out 
                                                            Detect
  101 000000A0 00000000        DCD              USB_IRQHandler ; 40: USB
  102 000000A4 00000000        DCD              CAN_IRQHandler ; 41: CAN
  103 000000A8 00000000        DCD              DMA_IRQHandler ; 42: General Pu
                                                            rpose DMA
  104 000000AC 00000000        DCD              I2S_IRQHandler ; 43: I2S
  105 000000B0 00000000        DCD              ENET_IRQHandler ; 44: Ethernet
  106 000000B4 00000000        DCD              RIT_IRQHandler ; 45: Repetitive
                                                             Interrupt Timer
  107 000000B8 00000000        DCD              MCPWM_IRQHandler ; 46: Motor Co
                                                            ntrol PWM
  108 000000BC 00000000        DCD              QEI_IRQHandler ; 47: Quadrature
                                                             Encoder Interface
  109 000000C0 00000000        DCD              PLL1_IRQHandler ; 48: PLL1 Lock
                                                             (USB PLL)
  110 000000C4 00000000        DCD              USBActivity_IRQHandler ; 49: US
                                                            B Activity interrup
                                                            t to wakeup
  111 000000C8 00000000        DCD              CANActivity_IRQHandler ; 50: CA
                                                            N Activity interrup
                                                            t to wakeup
  112 000000CC         
  113 000000CC         
  114 000000CC                 IF               :LNOT::DEF:NO_CRP
  115 000000CC                 AREA             |.ARM.__at_0x02FC|, CODE, READO
NLY
  116 00000000 FFFFFFFF 
                       CRP_Key DCD              0xFFFFFFFF
  117 00000004                 ENDIF
  118 00000004         
  119 00000004         
  120 00000004                 AREA             |.text|, CODE, READONLY
  121 00000000         
  122 00000000         
  123 00000000         ; Reset Handler
  124 00000000         
  125 00000000         Reset_Handler



ARM Macro Assembler    Page 4 


                               PROC
  126 00000000                 EXPORT           Reset_Handler             [WEAK
]
  127 00000000         
  128 00000000         ;-------------------------------------------------------
                       ----------------------------    
  129 00000000         ;SMUAD
  130 00000000 F244 508D       MOV              R0,#0x458D
  131 00000004 F6C7 2030       MOVT             R0,#0x7A30
  132 00000008         
  133 00000008 F649 61AA       MOV              R1,#0x9EAA
  134 0000000C F2CC 3115       MOVT             R1,#0xC315
  135 00000010         
  136 00000010 F64F 7AFF       MOV              R10,#0x0000FFFF 
                                                            ;carico maschera
  137 00000014 EA8B 0B0B       EOR              R11,R11     ;azzero contatore
  138 00000018 EA8C 0C0C       EOR              R12,R12     ;azzero shift destr
                                                            o
  139 0000001C         
  140 0000001C F1BB 0F02 
                       loop    CMP              R11,#2
  141 00000020 D01D            BEQ              stop0
  142 00000022 EA00 020A       AND              R2,R0,R10   ;ricavo prima half-
                                                            word
  143 00000026 EA01 030A       AND              R3,R1,R10   ;ricavo seconda hal
                                                            f-word
  144 0000002A         
  145 0000002A FA22 F20C       LSR              R2,R12      ;shifto half-word e
                                                            strema destra
  146 0000002E FA23 F30C       LSR              R3,R12      ;shifto half-word e
                                                            strema destra
  147 00000032         
  148 00000032         ;verifico segno prima half-word  ed eventualemnte estend
                       o   
  149 00000032 EA4F 34D2       LSR              R4,R2,#15   ;ricavo MSB per seg
                                                            no
  150 00000036 2C01            CMP              R4,#1
  151 00000038 D101            BNE              next
  152 0000003A F6CF 72FF       MOVT             R2,#0xFFFF  ;se segno 1 estendi
                                                             segno
  153 0000003E         
  154 0000003E         ;verifico segno seconda halfword ed eventualmente estend
                       o
  155 0000003E EA4F 34D3 
                       next    LSR              R4,R3,#15
  156 00000042 2C01            CMP              R4,#1
  157 00000044 D101            BNE              next1
  158 00000046 F6CF 73FF       MOVT             R3,#0xFFFF
  159 0000004A         
  160 0000004A         ;eseguo la moltiplicazione delle due half-word
  161 0000004A FB02 F503 
                       next1   MUL              R5,R2,R3
  162 0000004E         
  163 0000004E         ;eseguo la somma delle due half-word    
  164 0000004E F10C 0C10       ADD              R12,#16
  165 00000052 442E            ADD              R6,R5
  166 00000054 F10B 0B01       ADD              R11,#1
  167 00000058 EA4F 4A0A       LSL              R10,#16
  168 0000005C E7DE            B                loop



ARM Macro Assembler    Page 5 


  169 0000005E         stop0
  170 0000005E E7FE    STOP    B                STOP
  171 00000060         ENDP
  172 00000060         ;-------------------------------------------------------
                       ----------------------------    
  173 00000060         
  174 00000060         ;;; SMUSD 
  175 00000060         ;MOV R0,#0x458D
  176 00000060         ;MOVT R0,#0x7A30
  177 00000060         
  178 00000060         ;MOV R1,#0x9EAA
  179 00000060         ;MOVT R1,#0xC315
  180 00000060         
  181 00000060         ;MOV R10,#0x0000FFFF  ;carico maschera
  182 00000060         ;EOR R11,R11    ;azzero contatore
  183 00000060         ;EOR R12,R12    ;azzero shift destro
  184 00000060         
  185 00000060         ;loop   CMP R11,#2
  186 00000060         ;BEQ stop0
  187 00000060         ;AND R2,R0,R10   ;ricavo half-word
  188 00000060         ;AND R3,R1,R10   ;ricavo half-word
  189 00000060         
  190 00000060         ;LSR R2,R12    ;shifto half-word verso estrema destra
  191 00000060         ;LSR R3,R12    ;shifto half-word verso estrema destra
  192 00000060         
  193 00000060         ;; ricavo segno prima half-word ed eventualmente estendo
                           
  194 00000060         ;LSR R4,R2,#15   ;ricavo MSB per segno
  195 00000060         ;CMP R4,#1
  196 00000060         ;BNE next
  197 00000060         ;MOVT R2,#0xFFFF   ;se segno 1 estendi segno
  198 00000060         
  199 00000060         ;; ricavo segno seconda half-word ed eventualmente esten
                       do 
  200 00000060         ;next   LSR R4,R3,#15
  201 00000060         ;CMP R4,#1
  202 00000060         ;BNE next1
  203 00000060         ;MOVT R3,#0xFFFF
  204 00000060         ;;eseguo la molticazione delle due half-word
  205 00000060         ;next1   MUL R5,R2,R3   
  206 00000060         
  207 00000060         ;CMP R11,#0    ;contatore per ciclo
  208 00000060         ;BNE diff
  209 00000060         ;MOV R7,R5    ;salvo risultato prima MUL
  210 00000060         ;B next2
  211 00000060         ;diff   SUB R7,R5    ;eseguo differenza delle due MUL
  212 00000060         ;next2   ADD R12,#16
  213 00000060         ;ADD R11,#1
  214 00000060         ;LSL R10,#16
  215 00000060         ;B loop
  216 00000060         ;stop0   
  217 00000060         ;ENDP
  218 00000060         ;STOP    B STOP
  219 00000060         
  220 00000060         
  221 00000060         ; Dummy Exception Handlers (infinite loops which can be 
                       modified)
  222 00000060         
  223 00000060         NMI_Handler



ARM Macro Assembler    Page 6 


                               PROC
  224 00000060                 EXPORT           NMI_Handler               [WEAK
]
  225 00000060 E7FE            B                .
  226 00000062                 ENDP
  228 00000062         HardFault_Handler
                               PROC
  229 00000062                 EXPORT           HardFault_Handler         [WEAK
]
  230 00000062 E7FE            B                .
  231 00000064                 ENDP
  233 00000064         MemManage_Handler
                               PROC
  234 00000064                 EXPORT           MemManage_Handler         [WEAK
]
  235 00000064 E7FE            B                .
  236 00000066                 ENDP
  238 00000066         BusFault_Handler
                               PROC
  239 00000066                 EXPORT           BusFault_Handler          [WEAK
]
  240 00000066 E7FE            B                .
  241 00000068                 ENDP
  243 00000068         UsageFault_Handler
                               PROC
  244 00000068                 EXPORT           UsageFault_Handler        [WEAK
]
  245 00000068 E7FE            B                .
  246 0000006A                 ENDP
  247 0000006A         SVC_Handler
                               PROC
  248 0000006A                 EXPORT           SVC_Handler               [WEAK
]
  249 0000006A E7FE            B                .
  250 0000006C                 ENDP
  252 0000006C         DebugMon_Handler
                               PROC
  253 0000006C                 EXPORT           DebugMon_Handler          [WEAK
]
  254 0000006C E7FE            B                .
  255 0000006E                 ENDP
  256 0000006E         PendSV_Handler
                               PROC
  257 0000006E                 EXPORT           PendSV_Handler            [WEAK
]
  258 0000006E E7FE            B                .
  259 00000070                 ENDP
  260 00000070         SysTick_Handler
                               PROC
  261 00000070                 EXPORT           SysTick_Handler           [WEAK
]
  262 00000070 E7FE            B                .
  263 00000072                 ENDP
  264 00000072         
  265 00000072         Default_Handler
                               PROC
  266 00000072         
  267 00000072                 EXPORT           WDT_IRQHandler            [WEAK
]



ARM Macro Assembler    Page 7 


  268 00000072                 EXPORT           TIMER0_IRQHandler         [WEAK
]
  269 00000072                 EXPORT           TIMER1_IRQHandler         [WEAK
]
  270 00000072                 EXPORT           TIMER2_IRQHandler         [WEAK
]
  271 00000072                 EXPORT           TIMER3_IRQHandler         [WEAK
]
  272 00000072                 EXPORT           UART0_IRQHandler          [WEAK
]
  273 00000072                 EXPORT           UART1_IRQHandler          [WEAK
]
  274 00000072                 EXPORT           UART2_IRQHandler          [WEAK
]
  275 00000072                 EXPORT           UART3_IRQHandler          [WEAK
]
  276 00000072                 EXPORT           PWM1_IRQHandler           [WEAK
]
  277 00000072                 EXPORT           I2C0_IRQHandler           [WEAK
]
  278 00000072                 EXPORT           I2C1_IRQHandler           [WEAK
]
  279 00000072                 EXPORT           I2C2_IRQHandler           [WEAK
]
  280 00000072                 EXPORT           SPI_IRQHandler            [WEAK
]
  281 00000072                 EXPORT           SSP0_IRQHandler           [WEAK
]
  282 00000072                 EXPORT           SSP1_IRQHandler           [WEAK
]
  283 00000072                 EXPORT           PLL0_IRQHandler           [WEAK
]
  284 00000072                 EXPORT           RTC_IRQHandler            [WEAK
]
  285 00000072                 EXPORT           EINT0_IRQHandler          [WEAK
]
  286 00000072                 EXPORT           EINT1_IRQHandler          [WEAK
]
  287 00000072                 EXPORT           EINT2_IRQHandler          [WEAK
]
  288 00000072                 EXPORT           EINT3_IRQHandler          [WEAK
]
  289 00000072                 EXPORT           ADC_IRQHandler            [WEAK
]
  290 00000072                 EXPORT           BOD_IRQHandler            [WEAK
]
  291 00000072                 EXPORT           USB_IRQHandler            [WEAK
]
  292 00000072                 EXPORT           CAN_IRQHandler            [WEAK
]
  293 00000072                 EXPORT           DMA_IRQHandler            [WEAK
]
  294 00000072                 EXPORT           I2S_IRQHandler            [WEAK
]
  295 00000072                 EXPORT           ENET_IRQHandler           [WEAK
]
  296 00000072                 EXPORT           RIT_IRQHandler            [WEAK
]
  297 00000072                 EXPORT           MCPWM_IRQHandler          [WEAK



ARM Macro Assembler    Page 8 


]
  298 00000072                 EXPORT           QEI_IRQHandler            [WEAK
]
  299 00000072                 EXPORT           PLL1_IRQHandler           [WEAK
]
  300 00000072                 EXPORT           USBActivity_IRQHandler    [WEAK
]
  301 00000072                 EXPORT           CANActivity_IRQHandler    [WEAK
]
  302 00000072         
  303 00000072         WDT_IRQHandler
  304 00000072         TIMER0_IRQHandler
  305 00000072         TIMER1_IRQHandler
  306 00000072         TIMER2_IRQHandler
  307 00000072         TIMER3_IRQHandler
  308 00000072         UART0_IRQHandler
  309 00000072         UART1_IRQHandler
  310 00000072         UART2_IRQHandler
  311 00000072         UART3_IRQHandler
  312 00000072         PWM1_IRQHandler
  313 00000072         I2C0_IRQHandler
  314 00000072         I2C1_IRQHandler
  315 00000072         I2C2_IRQHandler
  316 00000072         SPI_IRQHandler
  317 00000072         SSP0_IRQHandler
  318 00000072         SSP1_IRQHandler
  319 00000072         PLL0_IRQHandler
  320 00000072         RTC_IRQHandler
  321 00000072         EINT0_IRQHandler
  322 00000072         EINT1_IRQHandler
  323 00000072         EINT2_IRQHandler
  324 00000072         EINT3_IRQHandler
  325 00000072         ADC_IRQHandler
  326 00000072         BOD_IRQHandler
  327 00000072         USB_IRQHandler
  328 00000072         CAN_IRQHandler
  329 00000072         DMA_IRQHandler
  330 00000072         I2S_IRQHandler
  331 00000072         ENET_IRQHandler
  332 00000072         RIT_IRQHandler
  333 00000072         MCPWM_IRQHandler
  334 00000072         QEI_IRQHandler
  335 00000072         PLL1_IRQHandler
  336 00000072         USBActivity_IRQHandler
  337 00000072         CANActivity_IRQHandler
  338 00000072         
  339 00000072 E7FE            B                .
  340 00000074         
  341 00000074                 ENDP
  342 00000074         
  343 00000074         
  344 00000074                 ALIGN
  345 00000074         
  346 00000074         
  347 00000074         ; User Initial Stack & Heap
  348 00000074         
  349 00000074                 IF               :DEF:__MICROLIB
  356 00000074         
  357 00000074         ;IMPORT  __use_two_region_memory



ARM Macro Assembler    Page 9 


  358 00000074                 EXPORT           __user_initial_stackheap
  359 00000074         __user_initial_stackheap
  360 00000074         
  361 00000074 4802            LDR              R0, =  Heap_Mem
  362 00000076 4903            LDR              R1, =(Stack_Mem + Stack_Size)
  363 00000078 4A01            LDR              R2, = (Heap_Mem +  Heap_Size)
  364 0000007A 4B03            LDR              R3, = Stack_Mem
  365 0000007C 4770            BX               LR
  366 0000007E         
  367 0000007E 00 00           ALIGN
  368 00000080         
  369 00000080                 ENDIF
  370 00000080         
  371 00000080         
  372 00000080                 END
              00000000 
              00000200 
              00000000 
Command Line: --debug --xref --cpu=Cortex-M3 --apcs=interwork --depend=.\startu
p_lpc17xx.d -o.\startup_lpc17xx.o -I"Z:\Volumes\HDD\Documenti HDD\Politecnico 2
018:2019\ASE\Keil\ARM\RV31\INC" -I"Z:\Volumes\HDD\Documenti HDD\Politecnico 201
8:2019\ASE\Keil\ARM\CMSIS\Include" -I"Z:\Volumes\HDD\Documenti HDD\Politecnico 
2018:2019\ASE\Keil\ARM\Inc\NXP\LPC17xx" --predefine="__EVAL SETA 1" --list=.\st
artup_lpc17xx.lst startup_LPC17xx.s



ARM Macro Assembler    Page 1 Alphabetic symbol ordering
Relocatable symbols

STACK 00000000

Symbol: STACK
   Definitions
      At line 33 in file startup_LPC17xx.s
   Uses
      None
Comment: STACK unused
Stack_Mem 00000000

Symbol: Stack_Mem
   Definitions
      At line 34 in file startup_LPC17xx.s
   Uses
      At line 362 in file startup_LPC17xx.s
      At line 364 in file startup_LPC17xx.s

__initial_sp 00000200

Symbol: __initial_sp
   Definitions
      At line 35 in file startup_LPC17xx.s
   Uses
      At line 59 in file startup_LPC17xx.s
Comment: __initial_sp used once
3 symbols



ARM Macro Assembler    Page 1 Alphabetic symbol ordering
Relocatable symbols

HEAP 00000000

Symbol: HEAP
   Definitions
      At line 44 in file startup_LPC17xx.s
   Uses
      None
Comment: HEAP unused
Heap_Mem 00000000

Symbol: Heap_Mem
   Definitions
      At line 46 in file startup_LPC17xx.s
   Uses
      At line 361 in file startup_LPC17xx.s
      At line 363 in file startup_LPC17xx.s

__heap_base 00000000

Symbol: __heap_base
   Definitions
      At line 45 in file startup_LPC17xx.s
   Uses
      None
Comment: __heap_base unused
__heap_limit 00000000

Symbol: __heap_limit
   Definitions
      At line 47 in file startup_LPC17xx.s
   Uses
      None
Comment: __heap_limit unused
4 symbols



ARM Macro Assembler    Page 1 Alphabetic symbol ordering
Relocatable symbols

RESET 00000000

Symbol: RESET
   Definitions
      At line 56 in file startup_LPC17xx.s
   Uses
      None
Comment: RESET unused
__Vectors 00000000

Symbol: __Vectors
   Definitions
      At line 59 in file startup_LPC17xx.s
   Uses
      At line 57 in file startup_LPC17xx.s
Comment: __Vectors used once
2 symbols



ARM Macro Assembler    Page 1 Alphabetic symbol ordering
Relocatable symbols

.ARM.__at_0x02FC 00000000

Symbol: .ARM.__at_0x02FC
   Definitions
      At line 115 in file startup_LPC17xx.s
   Uses
      None
Comment: .ARM.__at_0x02FC unused
CRP_Key 00000000

Symbol: CRP_Key
   Definitions
      At line 116 in file startup_LPC17xx.s
   Uses
      None
Comment: CRP_Key unused
2 symbols



ARM Macro Assembler    Page 1 Alphabetic symbol ordering
Relocatable symbols

.text 00000000

Symbol: .text
   Definitions
      At line 120 in file startup_LPC17xx.s
   Uses
      None
Comment: .text unused
ADC_IRQHandler 00000072

Symbol: ADC_IRQHandler
   Definitions
      At line 325 in file startup_LPC17xx.s
   Uses
      At line 99 in file startup_LPC17xx.s
      At line 289 in file startup_LPC17xx.s

BOD_IRQHandler 00000072

Symbol: BOD_IRQHandler
   Definitions
      At line 326 in file startup_LPC17xx.s
   Uses
      At line 100 in file startup_LPC17xx.s
      At line 290 in file startup_LPC17xx.s

BusFault_Handler 00000066

Symbol: BusFault_Handler
   Definitions
      At line 238 in file startup_LPC17xx.s
   Uses
      At line 64 in file startup_LPC17xx.s
      At line 239 in file startup_LPC17xx.s

CANActivity_IRQHandler 00000072

Symbol: CANActivity_IRQHandler
   Definitions
      At line 337 in file startup_LPC17xx.s
   Uses
      At line 111 in file startup_LPC17xx.s
      At line 301 in file startup_LPC17xx.s

CAN_IRQHandler 00000072

Symbol: CAN_IRQHandler
   Definitions
      At line 328 in file startup_LPC17xx.s
   Uses
      At line 102 in file startup_LPC17xx.s
      At line 292 in file startup_LPC17xx.s

DMA_IRQHandler 00000072

Symbol: DMA_IRQHandler
   Definitions
      At line 329 in file startup_LPC17xx.s
   Uses



ARM Macro Assembler    Page 2 Alphabetic symbol ordering
Relocatable symbols

      At line 103 in file startup_LPC17xx.s
      At line 293 in file startup_LPC17xx.s

DebugMon_Handler 0000006C

Symbol: DebugMon_Handler
   Definitions
      At line 252 in file startup_LPC17xx.s
   Uses
      At line 71 in file startup_LPC17xx.s
      At line 253 in file startup_LPC17xx.s

Default_Handler 00000072

Symbol: Default_Handler
   Definitions
      At line 265 in file startup_LPC17xx.s
   Uses
      None
Comment: Default_Handler unused
EINT0_IRQHandler 00000072

Symbol: EINT0_IRQHandler
   Definitions
      At line 321 in file startup_LPC17xx.s
   Uses
      At line 95 in file startup_LPC17xx.s
      At line 285 in file startup_LPC17xx.s

EINT1_IRQHandler 00000072

Symbol: EINT1_IRQHandler
   Definitions
      At line 322 in file startup_LPC17xx.s
   Uses
      At line 96 in file startup_LPC17xx.s
      At line 286 in file startup_LPC17xx.s

EINT2_IRQHandler 00000072

Symbol: EINT2_IRQHandler
   Definitions
      At line 323 in file startup_LPC17xx.s
   Uses
      At line 97 in file startup_LPC17xx.s
      At line 287 in file startup_LPC17xx.s

EINT3_IRQHandler 00000072

Symbol: EINT3_IRQHandler
   Definitions
      At line 324 in file startup_LPC17xx.s
   Uses
      At line 98 in file startup_LPC17xx.s
      At line 288 in file startup_LPC17xx.s

ENDP 00000060

Symbol: ENDP



ARM Macro Assembler    Page 3 Alphabetic symbol ordering
Relocatable symbols

   Definitions
      At line 171 in file startup_LPC17xx.s
   Uses
      None
Comment: ENDP unused
ENET_IRQHandler 00000072

Symbol: ENET_IRQHandler
   Definitions
      At line 331 in file startup_LPC17xx.s
   Uses
      At line 105 in file startup_LPC17xx.s
      At line 295 in file startup_LPC17xx.s

HardFault_Handler 00000062

Symbol: HardFault_Handler
   Definitions
      At line 228 in file startup_LPC17xx.s
   Uses
      At line 62 in file startup_LPC17xx.s
      At line 229 in file startup_LPC17xx.s

I2C0_IRQHandler 00000072

Symbol: I2C0_IRQHandler
   Definitions
      At line 313 in file startup_LPC17xx.s
   Uses
      At line 87 in file startup_LPC17xx.s
      At line 277 in file startup_LPC17xx.s

I2C1_IRQHandler 00000072

Symbol: I2C1_IRQHandler
   Definitions
      At line 314 in file startup_LPC17xx.s
   Uses
      At line 88 in file startup_LPC17xx.s
      At line 278 in file startup_LPC17xx.s

I2C2_IRQHandler 00000072

Symbol: I2C2_IRQHandler
   Definitions
      At line 315 in file startup_LPC17xx.s
   Uses
      At line 89 in file startup_LPC17xx.s
      At line 279 in file startup_LPC17xx.s

I2S_IRQHandler 00000072

Symbol: I2S_IRQHandler
   Definitions
      At line 330 in file startup_LPC17xx.s
   Uses
      At line 104 in file startup_LPC17xx.s
      At line 294 in file startup_LPC17xx.s




ARM Macro Assembler    Page 4 Alphabetic symbol ordering
Relocatable symbols

MCPWM_IRQHandler 00000072

Symbol: MCPWM_IRQHandler
   Definitions
      At line 333 in file startup_LPC17xx.s
   Uses
      At line 107 in file startup_LPC17xx.s
      At line 297 in file startup_LPC17xx.s

MemManage_Handler 00000064

Symbol: MemManage_Handler
   Definitions
      At line 233 in file startup_LPC17xx.s
   Uses
      At line 63 in file startup_LPC17xx.s
      At line 234 in file startup_LPC17xx.s

NMI_Handler 00000060

Symbol: NMI_Handler
   Definitions
      At line 223 in file startup_LPC17xx.s
   Uses
      At line 61 in file startup_LPC17xx.s
      At line 224 in file startup_LPC17xx.s

PLL0_IRQHandler 00000072

Symbol: PLL0_IRQHandler
   Definitions
      At line 319 in file startup_LPC17xx.s
   Uses
      At line 93 in file startup_LPC17xx.s
      At line 283 in file startup_LPC17xx.s

PLL1_IRQHandler 00000072

Symbol: PLL1_IRQHandler
   Definitions
      At line 335 in file startup_LPC17xx.s
   Uses
      At line 109 in file startup_LPC17xx.s
      At line 299 in file startup_LPC17xx.s

PWM1_IRQHandler 00000072

Symbol: PWM1_IRQHandler
   Definitions
      At line 312 in file startup_LPC17xx.s
   Uses
      At line 86 in file startup_LPC17xx.s
      At line 276 in file startup_LPC17xx.s

PendSV_Handler 0000006E

Symbol: PendSV_Handler
   Definitions
      At line 256 in file startup_LPC17xx.s



ARM Macro Assembler    Page 5 Alphabetic symbol ordering
Relocatable symbols

   Uses
      At line 73 in file startup_LPC17xx.s
      At line 257 in file startup_LPC17xx.s

QEI_IRQHandler 00000072

Symbol: QEI_IRQHandler
   Definitions
      At line 334 in file startup_LPC17xx.s
   Uses
      At line 108 in file startup_LPC17xx.s
      At line 298 in file startup_LPC17xx.s

RIT_IRQHandler 00000072

Symbol: RIT_IRQHandler
   Definitions
      At line 332 in file startup_LPC17xx.s
   Uses
      At line 106 in file startup_LPC17xx.s
      At line 296 in file startup_LPC17xx.s

RTC_IRQHandler 00000072

Symbol: RTC_IRQHandler
   Definitions
      At line 320 in file startup_LPC17xx.s
   Uses
      At line 94 in file startup_LPC17xx.s
      At line 284 in file startup_LPC17xx.s

Reset_Handler 00000000

Symbol: Reset_Handler
   Definitions
      At line 125 in file startup_LPC17xx.s
   Uses
      At line 60 in file startup_LPC17xx.s
      At line 126 in file startup_LPC17xx.s

SPI_IRQHandler 00000072

Symbol: SPI_IRQHandler
   Definitions
      At line 316 in file startup_LPC17xx.s
   Uses
      At line 90 in file startup_LPC17xx.s
      At line 280 in file startup_LPC17xx.s

SSP0_IRQHandler 00000072

Symbol: SSP0_IRQHandler
   Definitions
      At line 317 in file startup_LPC17xx.s
   Uses
      At line 91 in file startup_LPC17xx.s
      At line 281 in file startup_LPC17xx.s

SSP1_IRQHandler 00000072



ARM Macro Assembler    Page 6 Alphabetic symbol ordering
Relocatable symbols


Symbol: SSP1_IRQHandler
   Definitions
      At line 318 in file startup_LPC17xx.s
   Uses
      At line 92 in file startup_LPC17xx.s
      At line 282 in file startup_LPC17xx.s

STOP 0000005E

Symbol: STOP
   Definitions
      At line 170 in file startup_LPC17xx.s
   Uses
      At line 170 in file startup_LPC17xx.s
Comment: STOP used once
SVC_Handler 0000006A

Symbol: SVC_Handler
   Definitions
      At line 247 in file startup_LPC17xx.s
   Uses
      At line 70 in file startup_LPC17xx.s
      At line 248 in file startup_LPC17xx.s

SysTick_Handler 00000070

Symbol: SysTick_Handler
   Definitions
      At line 260 in file startup_LPC17xx.s
   Uses
      At line 74 in file startup_LPC17xx.s
      At line 261 in file startup_LPC17xx.s

TIMER0_IRQHandler 00000072

Symbol: TIMER0_IRQHandler
   Definitions
      At line 304 in file startup_LPC17xx.s
   Uses
      At line 78 in file startup_LPC17xx.s
      At line 268 in file startup_LPC17xx.s

TIMER1_IRQHandler 00000072

Symbol: TIMER1_IRQHandler
   Definitions
      At line 305 in file startup_LPC17xx.s
   Uses
      At line 79 in file startup_LPC17xx.s
      At line 269 in file startup_LPC17xx.s

TIMER2_IRQHandler 00000072

Symbol: TIMER2_IRQHandler
   Definitions
      At line 306 in file startup_LPC17xx.s
   Uses
      At line 80 in file startup_LPC17xx.s



ARM Macro Assembler    Page 7 Alphabetic symbol ordering
Relocatable symbols

      At line 270 in file startup_LPC17xx.s

TIMER3_IRQHandler 00000072

Symbol: TIMER3_IRQHandler
   Definitions
      At line 307 in file startup_LPC17xx.s
   Uses
      At line 81 in file startup_LPC17xx.s
      At line 271 in file startup_LPC17xx.s

UART0_IRQHandler 00000072

Symbol: UART0_IRQHandler
   Definitions
      At line 308 in file startup_LPC17xx.s
   Uses
      At line 82 in file startup_LPC17xx.s
      At line 272 in file startup_LPC17xx.s

UART1_IRQHandler 00000072

Symbol: UART1_IRQHandler
   Definitions
      At line 309 in file startup_LPC17xx.s
   Uses
      At line 83 in file startup_LPC17xx.s
      At line 273 in file startup_LPC17xx.s

UART2_IRQHandler 00000072

Symbol: UART2_IRQHandler
   Definitions
      At line 310 in file startup_LPC17xx.s
   Uses
      At line 84 in file startup_LPC17xx.s
      At line 274 in file startup_LPC17xx.s

UART3_IRQHandler 00000072

Symbol: UART3_IRQHandler
   Definitions
      At line 311 in file startup_LPC17xx.s
   Uses
      At line 85 in file startup_LPC17xx.s
      At line 275 in file startup_LPC17xx.s

USBActivity_IRQHandler 00000072

Symbol: USBActivity_IRQHandler
   Definitions
      At line 336 in file startup_LPC17xx.s
   Uses
      At line 110 in file startup_LPC17xx.s
      At line 300 in file startup_LPC17xx.s

USB_IRQHandler 00000072

Symbol: USB_IRQHandler



ARM Macro Assembler    Page 8 Alphabetic symbol ordering
Relocatable symbols

   Definitions
      At line 327 in file startup_LPC17xx.s
   Uses
      At line 101 in file startup_LPC17xx.s
      At line 291 in file startup_LPC17xx.s

UsageFault_Handler 00000068

Symbol: UsageFault_Handler
   Definitions
      At line 243 in file startup_LPC17xx.s
   Uses
      At line 65 in file startup_LPC17xx.s
      At line 244 in file startup_LPC17xx.s

WDT_IRQHandler 00000072

Symbol: WDT_IRQHandler
   Definitions
      At line 303 in file startup_LPC17xx.s
   Uses
      At line 77 in file startup_LPC17xx.s
      At line 267 in file startup_LPC17xx.s

__user_initial_stackheap 00000074

Symbol: __user_initial_stackheap
   Definitions
      At line 359 in file startup_LPC17xx.s
   Uses
      At line 358 in file startup_LPC17xx.s
Comment: __user_initial_stackheap used once
loop 0000001C

Symbol: loop
   Definitions
      At line 140 in file startup_LPC17xx.s
   Uses
      At line 168 in file startup_LPC17xx.s
Comment: loop used once
next 0000003E

Symbol: next
   Definitions
      At line 155 in file startup_LPC17xx.s
   Uses
      At line 151 in file startup_LPC17xx.s
Comment: next used once
next1 0000004A

Symbol: next1
   Definitions
      At line 161 in file startup_LPC17xx.s
   Uses
      At line 157 in file startup_LPC17xx.s
Comment: next1 used once
stop0 0000005E

Symbol: stop0



ARM Macro Assembler    Page 9 Alphabetic symbol ordering
Relocatable symbols

   Definitions
      At line 169 in file startup_LPC17xx.s
   Uses
      At line 141 in file startup_LPC17xx.s
Comment: stop0 used once
54 symbols



ARM Macro Assembler    Page 1 Alphabetic symbol ordering
Absolute symbols

Heap_Size 00000000

Symbol: Heap_Size
   Definitions
      At line 42 in file startup_LPC17xx.s
   Uses
      At line 46 in file startup_LPC17xx.s
      At line 363 in file startup_LPC17xx.s

Stack_Size 00000200

Symbol: Stack_Size
   Definitions
      At line 31 in file startup_LPC17xx.s
   Uses
      At line 34 in file startup_LPC17xx.s
      At line 362 in file startup_LPC17xx.s

2 symbols
404 symbols in table
