


ARM Macro Assembler    Page 1 


    1 00000000         ;/******************************************************
                       ********************//**
    2 00000000         ; * @file     startup_LPC17xx.s
    3 00000000         ; * @brief    CMSIS Cortex-M3 Core Device Startup File f
                       or
    4 00000000         ; *           NXP LPC17xx Device Series
    5 00000000         ; * @version  V1.10
    6 00000000         ; * @date     06. April 2011
    7 00000000         ; *
    8 00000000         ; * @note
    9 00000000         ; * Copyright (C) 2009-2011 ARM Limited. All rights rese
                       rved.
   10 00000000         ; *
   11 00000000         ; * @par
   12 00000000         ; * ARM Limited (ARM) is supplying this software for use
                        with Cortex-M
   13 00000000         ; * processor based microcontrollers.  This file can be 
                       freely distributed
   14 00000000         ; * within development tools that are supporting such AR
                       M based processors.
   15 00000000         ; *
   16 00000000         ; * @par
   17 00000000         ; * THIS SOFTWARE IS PROVIDED "AS IS".  NO WARRANTIES, W
                       HETHER EXPRESS, IMPLIED
   18 00000000         ; * OR STATUTORY, INCLUDING, BUT NOT LIMITED TO, IMPLIED
                        WARRANTIES OF
   19 00000000         ; * MERCHANTABILITY AND FITNESS FOR A PARTICULAR PURPOSE
                        APPLY TO THIS SOFTWARE.
   20 00000000         ; * ARM SHALL NOT, IN ANY CIRCUMSTANCES, BE LIABLE FOR S
                       PECIAL, INCIDENTAL, OR
   21 00000000         ; * CONSEQUENTIAL DAMAGES, FOR ANY REASON WHATSOEVER.
   22 00000000         ; *
   23 00000000         ; ******************************************************
                       ************************/
   24 00000000         
   25 00000000         ; *------- <<< Use Configuration Wizard in Context Menu 
                       >>> ------------------
   26 00000000         
   27 00000000         ; <h> Stack Configuration
   28 00000000         ;   <o> Stack Size (in Bytes) <0x0-0xFFFFFFFF:8>
   29 00000000         ; </h>
   30 00000000         
   31 00000000 00000200 
                       Stack_Size
                               EQU              0x00000200
   32 00000000         
   33 00000000                 AREA             STACK, NOINIT, READWRITE, ALIGN
=3
   34 00000000         Stack_Mem
                               SPACE            Stack_Size
   35 00000200         __initial_sp
   36 00000200         
   37 00000200         
   38 00000200         ; <h> Heap Configuration
   39 00000200         ;   <o>  Heap Size (in Bytes) <0x0-0xFFFFFFFF:8>
   40 00000200         ; </h>
   41 00000200         
   42 00000200 00000000 
                       Heap_Size



ARM Macro Assembler    Page 2 


                               EQU              0x00000000
   43 00000200         
   44 00000200                 AREA             HEAP, NOINIT, READWRITE, ALIGN=
3
   45 00000000         __heap_base
   46 00000000         Heap_Mem
                               SPACE            Heap_Size
   47 00000000         __heap_limit
   48 00000000         
   49 00000000         
   50 00000000                 PRESERVE8
   51 00000000                 THUMB
   52 00000000         
   53 00000000         
   54 00000000         ; Vector Table Mapped to Address 0 at Reset
   55 00000000         
   56 00000000                 AREA             RESET, DATA, READONLY
   57 00000000                 EXPORT           __Vectors
   58 00000000         
   59 00000000 00000000 
                       __Vectors
                               DCD              __initial_sp ; Top of Stack
   60 00000004 00000000        DCD              Reset_Handler ; Reset Handler
   61 00000008 00000000        DCD              NMI_Handler ; NMI Handler
   62 0000000C 00000000        DCD              HardFault_Handler ; Hard Fault 
                                                            Handler
   63 00000010 00000000        DCD              MemManage_Handler 
                                                            ; MPU Fault Handler
                                                            
   64 00000014 00000000        DCD              BusFault_Handler 
                                                            ; Bus Fault Handler
                                                            
   65 00000018 00000000        DCD              UsageFault_Handler ; Usage Faul
                                                            t Handler
   66 0000001C 00000000        DCD              0           ; Reserved
   67 00000020 00000000        DCD              0           ; Reserved
   68 00000024 00000000        DCD              0           ; Reserved
   69 00000028 00000000        DCD              0           ; Reserved
   70 0000002C 00000000        DCD              SVC_Handler ; SVCall Handler
   71 00000030 00000000        DCD              DebugMon_Handler ; Debug Monito
                                                            r Handler
   72 00000034 00000000        DCD              0           ; Reserved
   73 00000038 00000000        DCD              PendSV_Handler ; PendSV Handler
                                                            
   74 0000003C 00000000        DCD              SysTick_Handler 
                                                            ; SysTick Handler
   75 00000040         
   76 00000040         ; External Interrupts
   77 00000040 00000000        DCD              WDT_IRQHandler ; 16: Watchdog T
                                                            imer
   78 00000044 00000000        DCD              TIMER0_IRQHandler ; 17: Timer0
   79 00000048 00000000        DCD              TIMER1_IRQHandler ; 18: Timer1
   80 0000004C 00000000        DCD              TIMER2_IRQHandler ; 19: Timer2
   81 00000050 00000000        DCD              TIMER3_IRQHandler ; 20: Timer3
   82 00000054 00000000        DCD              UART0_IRQHandler ; 21: UART0
   83 00000058 00000000        DCD              UART1_IRQHandler ; 22: UART1
   84 0000005C 00000000        DCD              UART2_IRQHandler ; 23: UART2
   85 00000060 00000000        DCD              UART3_IRQHandler ; 24: UART3
   86 00000064 00000000        DCD              PWM1_IRQHandler ; 25: PWM1



ARM Macro Assembler    Page 3 


   87 00000068 00000000        DCD              I2C0_IRQHandler ; 26: I2C0
   88 0000006C 00000000        DCD              I2C1_IRQHandler ; 27: I2C1
   89 00000070 00000000        DCD              I2C2_IRQHandler ; 28: I2C2
   90 00000074 00000000        DCD              SPI_IRQHandler ; 29: SPI
   91 00000078 00000000        DCD              SSP0_IRQHandler ; 30: SSP0
   92 0000007C 00000000        DCD              SSP1_IRQHandler ; 31: SSP1
   93 00000080 00000000        DCD              PLL0_IRQHandler ; 32: PLL0 Lock
                                                             (Main PLL)
   94 00000084 00000000        DCD              RTC_IRQHandler ; 33: Real Time 
                                                            Clock
   95 00000088 00000000        DCD              EINT0_IRQHandler ; 34: External
                                                             Interrupt 0
   96 0000008C 00000000        DCD              EINT1_IRQHandler ; 35: External
                                                             Interrupt 1
   97 00000090 00000000        DCD              EINT2_IRQHandler ; 36: External
                                                             Interrupt 2
   98 00000094 00000000        DCD              EINT3_IRQHandler ; 37: External
                                                             Interrupt 3
   99 00000098 00000000        DCD              ADC_IRQHandler 
                                                            ; 38: A/D Converter
                                                            
  100 0000009C 00000000        DCD              BOD_IRQHandler ; 39: Brown-Out 
                                                            Detect
  101 000000A0 00000000        DCD              USB_IRQHandler ; 40: USB
  102 000000A4 00000000        DCD              CAN_IRQHandler ; 41: CAN
  103 000000A8 00000000        DCD              DMA_IRQHandler ; 42: General Pu
                                                            rpose DMA
  104 000000AC 00000000        DCD              I2S_IRQHandler ; 43: I2S
  105 000000B0 00000000        DCD              ENET_IRQHandler ; 44: Ethernet
  106 000000B4 00000000        DCD              RIT_IRQHandler ; 45: Repetitive
                                                             Interrupt Timer
  107 000000B8 00000000        DCD              MCPWM_IRQHandler ; 46: Motor Co
                                                            ntrol PWM
  108 000000BC 00000000        DCD              QEI_IRQHandler ; 47: Quadrature
                                                             Encoder Interface
  109 000000C0 00000000        DCD              PLL1_IRQHandler ; 48: PLL1 Lock
                                                             (USB PLL)
  110 000000C4 00000000        DCD              USBActivity_IRQHandler ; 49: US
                                                            B Activity interrup
                                                            t to wakeup
  111 000000C8 00000000        DCD              CANActivity_IRQHandler ; 50: CA
                                                            N Activity interrup
                                                            t to wakeup
  112 000000CC         
  113 000000CC         
  114 000000CC                 IF               :LNOT::DEF:NO_CRP
  115 000000CC                 AREA             |.ARM.__at_0x02FC|, CODE, READO
NLY
  116 00000000 FFFFFFFF 
                       CRP_Key DCD              0xFFFFFFFF
  117 00000004                 ENDIF
  118 00000004         
  119 00000004         
  120 00000004                 AREA             |.text|, CODE, READONLY
  121 00000000         
  122 00000000         
  123 00000000         ; Reset Handler
  124 00000000         
  125 00000000         Reset_Handler



ARM Macro Assembler    Page 4 


                               PROC
  126 00000000                 EXPORT           Reset_Handler             [WEAK
]
  127 00000000         
  128 00000000 F244 508D       MOV              R0,#0x458D
  129 00000004 F6C7 2030       MOVT             R0,#0x7A30
  130 00000008         
  131 00000008 F649 61AA       MOV              R1,#0x9EAA
  132 0000000C F2CC 3115       MOVT             R1,#0xC315
  133 00000010         
  134 00000010 F04F 0AFF       MOV              R10,#0x000000FF
  135 00000014 F04F 0B00       MOV              R11,#0x0
  136 00000018         
  137 00000018 F7FF FFFE       BL               UAAD        ;SUBROUTINE che ges
                                                            tisce usad
  138 0000001C         
  139 0000001C E7FE    STOP    B                STOP
  140 0000001E                 ENDP
  141 0000001E         
  142 0000001E         UAAD    PROC
  143 0000001E B52B            PUSH{R0,R1,R3,R5,LR}
  144 00000020         
  145 00000020 F1BB 0F04 
                       loop    CMP              R11,#4
  146 00000024 D00D            BEQ              exit
  147 00000026         
  148 00000026 EA00 080A       AND              R8,R0,R10
  149 0000002A EA01 090A       AND              R9,R1,R10
  150 0000002E EB08 0509       ADD              R5,R8,R9    ;somma parziale
  151 00000032         
  152 00000032 EA05 050A       AND              R5,R10      ;elimino riporto
  153 00000036 442C            ADD              R4,R5       ;risultato
  154 00000038         
  155 00000038 EA4F 2A0A       LSL              R10,#8
  156 0000003C F10B 0B01       ADD              R11,#1
  157 00000040         
  158 00000040 E7EE            B                loop
  159 00000042         
  160 00000042 BD2B    exit    POP{R0,R1,R3,R5,PC}          ;
  161 00000044                 ENDP
  162 00000044         
  163 00000044         
  164 00000044         
  165 00000044         
  166 00000044         
  167 00000044         
  168 00000044         ; Dummy Exception Handlers (infinite loops which can be 
                       modified)
  169 00000044         
  170 00000044         NMI_Handler
                               PROC
  171 00000044                 EXPORT           NMI_Handler               [WEAK
]
  172 00000044 E7FE            B                .
  173 00000046                 ENDP
  175 00000046         HardFault_Handler
                               PROC
  176 00000046                 EXPORT           HardFault_Handler         [WEAK
]



ARM Macro Assembler    Page 5 


  177 00000046 E7FE            B                .
  178 00000048                 ENDP
  180 00000048         MemManage_Handler
                               PROC
  181 00000048                 EXPORT           MemManage_Handler         [WEAK
]
  182 00000048 E7FE            B                .
  183 0000004A                 ENDP
  185 0000004A         BusFault_Handler
                               PROC
  186 0000004A                 EXPORT           BusFault_Handler          [WEAK
]
  187 0000004A E7FE            B                .
  188 0000004C                 ENDP
  190 0000004C         UsageFault_Handler
                               PROC
  191 0000004C                 EXPORT           UsageFault_Handler        [WEAK
]
  192 0000004C E7FE            B                .
  193 0000004E                 ENDP
  194 0000004E         SVC_Handler
                               PROC
  195 0000004E                 EXPORT           SVC_Handler               [WEAK
]
  196 0000004E E7FE            B                .
  197 00000050                 ENDP
  199 00000050         DebugMon_Handler
                               PROC
  200 00000050                 EXPORT           DebugMon_Handler          [WEAK
]
  201 00000050 E7FE            B                .
  202 00000052                 ENDP
  203 00000052         PendSV_Handler
                               PROC
  204 00000052                 EXPORT           PendSV_Handler            [WEAK
]
  205 00000052 E7FE            B                .
  206 00000054                 ENDP
  207 00000054         SysTick_Handler
                               PROC
  208 00000054                 EXPORT           SysTick_Handler           [WEAK
]
  209 00000054 E7FE            B                .
  210 00000056                 ENDP
  211 00000056         
  212 00000056         Default_Handler
                               PROC
  213 00000056         
  214 00000056                 EXPORT           WDT_IRQHandler            [WEAK
]
  215 00000056                 EXPORT           TIMER0_IRQHandler         [WEAK
]
  216 00000056                 EXPORT           TIMER1_IRQHandler         [WEAK
]
  217 00000056                 EXPORT           TIMER2_IRQHandler         [WEAK
]
  218 00000056                 EXPORT           TIMER3_IRQHandler         [WEAK
]
  219 00000056                 EXPORT           UART0_IRQHandler          [WEAK



ARM Macro Assembler    Page 6 


]
  220 00000056                 EXPORT           UART1_IRQHandler          [WEAK
]
  221 00000056                 EXPORT           UART2_IRQHandler          [WEAK
]
  222 00000056                 EXPORT           UART3_IRQHandler          [WEAK
]
  223 00000056                 EXPORT           PWM1_IRQHandler           [WEAK
]
  224 00000056                 EXPORT           I2C0_IRQHandler           [WEAK
]
  225 00000056                 EXPORT           I2C1_IRQHandler           [WEAK
]
  226 00000056                 EXPORT           I2C2_IRQHandler           [WEAK
]
  227 00000056                 EXPORT           SPI_IRQHandler            [WEAK
]
  228 00000056                 EXPORT           SSP0_IRQHandler           [WEAK
]
  229 00000056                 EXPORT           SSP1_IRQHandler           [WEAK
]
  230 00000056                 EXPORT           PLL0_IRQHandler           [WEAK
]
  231 00000056                 EXPORT           RTC_IRQHandler            [WEAK
]
  232 00000056                 EXPORT           EINT0_IRQHandler          [WEAK
]
  233 00000056                 EXPORT           EINT1_IRQHandler          [WEAK
]
  234 00000056                 EXPORT           EINT2_IRQHandler          [WEAK
]
  235 00000056                 EXPORT           EINT3_IRQHandler          [WEAK
]
  236 00000056                 EXPORT           ADC_IRQHandler            [WEAK
]
  237 00000056                 EXPORT           BOD_IRQHandler            [WEAK
]
  238 00000056                 EXPORT           USB_IRQHandler            [WEAK
]
  239 00000056                 EXPORT           CAN_IRQHandler            [WEAK
]
  240 00000056                 EXPORT           DMA_IRQHandler            [WEAK
]
  241 00000056                 EXPORT           I2S_IRQHandler            [WEAK
]
  242 00000056                 EXPORT           ENET_IRQHandler           [WEAK
]
  243 00000056                 EXPORT           RIT_IRQHandler            [WEAK
]
  244 00000056                 EXPORT           MCPWM_IRQHandler          [WEAK
]
  245 00000056                 EXPORT           QEI_IRQHandler            [WEAK
]
  246 00000056                 EXPORT           PLL1_IRQHandler           [WEAK
]
  247 00000056                 EXPORT           USBActivity_IRQHandler    [WEAK
]
  248 00000056                 EXPORT           CANActivity_IRQHandler    [WEAK
]



ARM Macro Assembler    Page 7 


  249 00000056         
  250 00000056         WDT_IRQHandler
  251 00000056         TIMER0_IRQHandler
  252 00000056         TIMER1_IRQHandler
  253 00000056         TIMER2_IRQHandler
  254 00000056         TIMER3_IRQHandler
  255 00000056         UART0_IRQHandler
  256 00000056         UART1_IRQHandler
  257 00000056         UART2_IRQHandler
  258 00000056         UART3_IRQHandler
  259 00000056         PWM1_IRQHandler
  260 00000056         I2C0_IRQHandler
  261 00000056         I2C1_IRQHandler
  262 00000056         I2C2_IRQHandler
  263 00000056         SPI_IRQHandler
  264 00000056         SSP0_IRQHandler
  265 00000056         SSP1_IRQHandler
  266 00000056         PLL0_IRQHandler
  267 00000056         RTC_IRQHandler
  268 00000056         EINT0_IRQHandler
  269 00000056         EINT1_IRQHandler
  270 00000056         EINT2_IRQHandler
  271 00000056         EINT3_IRQHandler
  272 00000056         ADC_IRQHandler
  273 00000056         BOD_IRQHandler
  274 00000056         USB_IRQHandler
  275 00000056         CAN_IRQHandler
  276 00000056         DMA_IRQHandler
  277 00000056         I2S_IRQHandler
  278 00000056         ENET_IRQHandler
  279 00000056         RIT_IRQHandler
  280 00000056         MCPWM_IRQHandler
  281 00000056         QEI_IRQHandler
  282 00000056         PLL1_IRQHandler
  283 00000056         USBActivity_IRQHandler
  284 00000056         CANActivity_IRQHandler
  285 00000056         
  286 00000056 E7FE            B                .
  287 00000058         
  288 00000058                 ENDP
  289 00000058         
  290 00000058         
  291 00000058                 ALIGN
  292 00000058         
  293 00000058         
  294 00000058         ; User Initial Stack & Heap
  295 00000058         
  296 00000058                 IF               :DEF:__MICROLIB
  303 00000058         
  304 00000058         ;IMPORT  __use_two_region_memory
  305 00000058                 EXPORT           __user_initial_stackheap
  306 00000058         __user_initial_stackheap
  307 00000058         
  308 00000058 4802            LDR              R0, =  Heap_Mem
  309 0000005A 4903            LDR              R1, =(Stack_Mem + Stack_Size)
  310 0000005C 4A01            LDR              R2, = (Heap_Mem +  Heap_Size)
  311 0000005E 4B03            LDR              R3, = Stack_Mem
  312 00000060 4770            BX               LR
  313 00000062         



ARM Macro Assembler    Page 8 


  314 00000062 00 00           ALIGN
  315 00000064         
  316 00000064                 ENDIF
  317 00000064         
  318 00000064         
  319 00000064                 END
              00000000 
              00000200 
              00000000 
Command Line: --debug --xref --cpu=Cortex-M3 --apcs=interwork --depend=.\startu
p_lpc17xx.d -o.\startup_lpc17xx.o -I"Z:\Volumes\HDD\Documenti HDD\Politecnico 2
018:2019\ASE\Keil\ARM\RV31\INC" -I"Z:\Volumes\HDD\Documenti HDD\Politecnico 201
8:2019\ASE\Keil\ARM\CMSIS\Include" -I"Z:\Volumes\HDD\Documenti HDD\Politecnico 
2018:2019\ASE\Keil\ARM\Inc\NXP\LPC17xx" --predefine="__EVAL SETA 1" --list=.\st
artup_lpc17xx.lst startup_LPC17xx.s



ARM Macro Assembler    Page 1 Alphabetic symbol ordering
Relocatable symbols

STACK 00000000

Symbol: STACK
   Definitions
      At line 33 in file startup_LPC17xx.s
   Uses
      None
Comment: STACK unused
Stack_Mem 00000000

Symbol: Stack_Mem
   Definitions
      At line 34 in file startup_LPC17xx.s
   Uses
      At line 309 in file startup_LPC17xx.s
      At line 311 in file startup_LPC17xx.s

__initial_sp 00000200

Symbol: __initial_sp
   Definitions
      At line 35 in file startup_LPC17xx.s
   Uses
      At line 59 in file startup_LPC17xx.s
Comment: __initial_sp used once
3 symbols



ARM Macro Assembler    Page 1 Alphabetic symbol ordering
Relocatable symbols

HEAP 00000000

Symbol: HEAP
   Definitions
      At line 44 in file startup_LPC17xx.s
   Uses
      None
Comment: HEAP unused
Heap_Mem 00000000

Symbol: Heap_Mem
   Definitions
      At line 46 in file startup_LPC17xx.s
   Uses
      At line 308 in file startup_LPC17xx.s
      At line 310 in file startup_LPC17xx.s

__heap_base 00000000

Symbol: __heap_base
   Definitions
      At line 45 in file startup_LPC17xx.s
   Uses
      None
Comment: __heap_base unused
__heap_limit 00000000

Symbol: __heap_limit
   Definitions
      At line 47 in file startup_LPC17xx.s
   Uses
      None
Comment: __heap_limit unused
4 symbols



ARM Macro Assembler    Page 1 Alphabetic symbol ordering
Relocatable symbols

RESET 00000000

Symbol: RESET
   Definitions
      At line 56 in file startup_LPC17xx.s
   Uses
      None
Comment: RESET unused
__Vectors 00000000

Symbol: __Vectors
   Definitions
      At line 59 in file startup_LPC17xx.s
   Uses
      At line 57 in file startup_LPC17xx.s
Comment: __Vectors used once
2 symbols



ARM Macro Assembler    Page 1 Alphabetic symbol ordering
Relocatable symbols

.ARM.__at_0x02FC 00000000

Symbol: .ARM.__at_0x02FC
   Definitions
      At line 115 in file startup_LPC17xx.s
   Uses
      None
Comment: .ARM.__at_0x02FC unused
CRP_Key 00000000

Symbol: CRP_Key
   Definitions
      At line 116 in file startup_LPC17xx.s
   Uses
      None
Comment: CRP_Key unused
2 symbols



ARM Macro Assembler    Page 1 Alphabetic symbol ordering
Relocatable symbols

.text 00000000

Symbol: .text
   Definitions
      At line 120 in file startup_LPC17xx.s
   Uses
      None
Comment: .text unused
ADC_IRQHandler 00000056

Symbol: ADC_IRQHandler
   Definitions
      At line 272 in file startup_LPC17xx.s
   Uses
      At line 99 in file startup_LPC17xx.s
      At line 236 in file startup_LPC17xx.s

BOD_IRQHandler 00000056

Symbol: BOD_IRQHandler
   Definitions
      At line 273 in file startup_LPC17xx.s
   Uses
      At line 100 in file startup_LPC17xx.s
      At line 237 in file startup_LPC17xx.s

BusFault_Handler 0000004A

Symbol: BusFault_Handler
   Definitions
      At line 185 in file startup_LPC17xx.s
   Uses
      At line 64 in file startup_LPC17xx.s
      At line 186 in file startup_LPC17xx.s

CANActivity_IRQHandler 00000056

Symbol: CANActivity_IRQHandler
   Definitions
      At line 284 in file startup_LPC17xx.s
   Uses
      At line 111 in file startup_LPC17xx.s
      At line 248 in file startup_LPC17xx.s

CAN_IRQHandler 00000056

Symbol: CAN_IRQHandler
   Definitions
      At line 275 in file startup_LPC17xx.s
   Uses
      At line 102 in file startup_LPC17xx.s
      At line 239 in file startup_LPC17xx.s

DMA_IRQHandler 00000056

Symbol: DMA_IRQHandler
   Definitions
      At line 276 in file startup_LPC17xx.s
   Uses



ARM Macro Assembler    Page 2 Alphabetic symbol ordering
Relocatable symbols

      At line 103 in file startup_LPC17xx.s
      At line 240 in file startup_LPC17xx.s

DebugMon_Handler 00000050

Symbol: DebugMon_Handler
   Definitions
      At line 199 in file startup_LPC17xx.s
   Uses
      At line 71 in file startup_LPC17xx.s
      At line 200 in file startup_LPC17xx.s

Default_Handler 00000056

Symbol: Default_Handler
   Definitions
      At line 212 in file startup_LPC17xx.s
   Uses
      None
Comment: Default_Handler unused
EINT0_IRQHandler 00000056

Symbol: EINT0_IRQHandler
   Definitions
      At line 268 in file startup_LPC17xx.s
   Uses
      At line 95 in file startup_LPC17xx.s
      At line 232 in file startup_LPC17xx.s

EINT1_IRQHandler 00000056

Symbol: EINT1_IRQHandler
   Definitions
      At line 269 in file startup_LPC17xx.s
   Uses
      At line 96 in file startup_LPC17xx.s
      At line 233 in file startup_LPC17xx.s

EINT2_IRQHandler 00000056

Symbol: EINT2_IRQHandler
   Definitions
      At line 270 in file startup_LPC17xx.s
   Uses
      At line 97 in file startup_LPC17xx.s
      At line 234 in file startup_LPC17xx.s

EINT3_IRQHandler 00000056

Symbol: EINT3_IRQHandler
   Definitions
      At line 271 in file startup_LPC17xx.s
   Uses
      At line 98 in file startup_LPC17xx.s
      At line 235 in file startup_LPC17xx.s

ENET_IRQHandler 00000056

Symbol: ENET_IRQHandler



ARM Macro Assembler    Page 3 Alphabetic symbol ordering
Relocatable symbols

   Definitions
      At line 278 in file startup_LPC17xx.s
   Uses
      At line 105 in file startup_LPC17xx.s
      At line 242 in file startup_LPC17xx.s

HardFault_Handler 00000046

Symbol: HardFault_Handler
   Definitions
      At line 175 in file startup_LPC17xx.s
   Uses
      At line 62 in file startup_LPC17xx.s
      At line 176 in file startup_LPC17xx.s

I2C0_IRQHandler 00000056

Symbol: I2C0_IRQHandler
   Definitions
      At line 260 in file startup_LPC17xx.s
   Uses
      At line 87 in file startup_LPC17xx.s
      At line 224 in file startup_LPC17xx.s

I2C1_IRQHandler 00000056

Symbol: I2C1_IRQHandler
   Definitions
      At line 261 in file startup_LPC17xx.s
   Uses
      At line 88 in file startup_LPC17xx.s
      At line 225 in file startup_LPC17xx.s

I2C2_IRQHandler 00000056

Symbol: I2C2_IRQHandler
   Definitions
      At line 262 in file startup_LPC17xx.s
   Uses
      At line 89 in file startup_LPC17xx.s
      At line 226 in file startup_LPC17xx.s

I2S_IRQHandler 00000056

Symbol: I2S_IRQHandler
   Definitions
      At line 277 in file startup_LPC17xx.s
   Uses
      At line 104 in file startup_LPC17xx.s
      At line 241 in file startup_LPC17xx.s

MCPWM_IRQHandler 00000056

Symbol: MCPWM_IRQHandler
   Definitions
      At line 280 in file startup_LPC17xx.s
   Uses
      At line 107 in file startup_LPC17xx.s
      At line 244 in file startup_LPC17xx.s



ARM Macro Assembler    Page 4 Alphabetic symbol ordering
Relocatable symbols


MemManage_Handler 00000048

Symbol: MemManage_Handler
   Definitions
      At line 180 in file startup_LPC17xx.s
   Uses
      At line 63 in file startup_LPC17xx.s
      At line 181 in file startup_LPC17xx.s

NMI_Handler 00000044

Symbol: NMI_Handler
   Definitions
      At line 170 in file startup_LPC17xx.s
   Uses
      At line 61 in file startup_LPC17xx.s
      At line 171 in file startup_LPC17xx.s

PLL0_IRQHandler 00000056

Symbol: PLL0_IRQHandler
   Definitions
      At line 266 in file startup_LPC17xx.s
   Uses
      At line 93 in file startup_LPC17xx.s
      At line 230 in file startup_LPC17xx.s

PLL1_IRQHandler 00000056

Symbol: PLL1_IRQHandler
   Definitions
      At line 282 in file startup_LPC17xx.s
   Uses
      At line 109 in file startup_LPC17xx.s
      At line 246 in file startup_LPC17xx.s

PWM1_IRQHandler 00000056

Symbol: PWM1_IRQHandler
   Definitions
      At line 259 in file startup_LPC17xx.s
   Uses
      At line 86 in file startup_LPC17xx.s
      At line 223 in file startup_LPC17xx.s

PendSV_Handler 00000052

Symbol: PendSV_Handler
   Definitions
      At line 203 in file startup_LPC17xx.s
   Uses
      At line 73 in file startup_LPC17xx.s
      At line 204 in file startup_LPC17xx.s

QEI_IRQHandler 00000056

Symbol: QEI_IRQHandler
   Definitions



ARM Macro Assembler    Page 5 Alphabetic symbol ordering
Relocatable symbols

      At line 281 in file startup_LPC17xx.s
   Uses
      At line 108 in file startup_LPC17xx.s
      At line 245 in file startup_LPC17xx.s

RIT_IRQHandler 00000056

Symbol: RIT_IRQHandler
   Definitions
      At line 279 in file startup_LPC17xx.s
   Uses
      At line 106 in file startup_LPC17xx.s
      At line 243 in file startup_LPC17xx.s

RTC_IRQHandler 00000056

Symbol: RTC_IRQHandler
   Definitions
      At line 267 in file startup_LPC17xx.s
   Uses
      At line 94 in file startup_LPC17xx.s
      At line 231 in file startup_LPC17xx.s

Reset_Handler 00000000

Symbol: Reset_Handler
   Definitions
      At line 125 in file startup_LPC17xx.s
   Uses
      At line 60 in file startup_LPC17xx.s
      At line 126 in file startup_LPC17xx.s

SPI_IRQHandler 00000056

Symbol: SPI_IRQHandler
   Definitions
      At line 263 in file startup_LPC17xx.s
   Uses
      At line 90 in file startup_LPC17xx.s
      At line 227 in file startup_LPC17xx.s

SSP0_IRQHandler 00000056

Symbol: SSP0_IRQHandler
   Definitions
      At line 264 in file startup_LPC17xx.s
   Uses
      At line 91 in file startup_LPC17xx.s
      At line 228 in file startup_LPC17xx.s

SSP1_IRQHandler 00000056

Symbol: SSP1_IRQHandler
   Definitions
      At line 265 in file startup_LPC17xx.s
   Uses
      At line 92 in file startup_LPC17xx.s
      At line 229 in file startup_LPC17xx.s




ARM Macro Assembler    Page 6 Alphabetic symbol ordering
Relocatable symbols

STOP 0000001C

Symbol: STOP
   Definitions
      At line 139 in file startup_LPC17xx.s
   Uses
      At line 139 in file startup_LPC17xx.s
Comment: STOP used once
SVC_Handler 0000004E

Symbol: SVC_Handler
   Definitions
      At line 194 in file startup_LPC17xx.s
   Uses
      At line 70 in file startup_LPC17xx.s
      At line 195 in file startup_LPC17xx.s

SysTick_Handler 00000054

Symbol: SysTick_Handler
   Definitions
      At line 207 in file startup_LPC17xx.s
   Uses
      At line 74 in file startup_LPC17xx.s
      At line 208 in file startup_LPC17xx.s

TIMER0_IRQHandler 00000056

Symbol: TIMER0_IRQHandler
   Definitions
      At line 251 in file startup_LPC17xx.s
   Uses
      At line 78 in file startup_LPC17xx.s
      At line 215 in file startup_LPC17xx.s

TIMER1_IRQHandler 00000056

Symbol: TIMER1_IRQHandler
   Definitions
      At line 252 in file startup_LPC17xx.s
   Uses
      At line 79 in file startup_LPC17xx.s
      At line 216 in file startup_LPC17xx.s

TIMER2_IRQHandler 00000056

Symbol: TIMER2_IRQHandler
   Definitions
      At line 253 in file startup_LPC17xx.s
   Uses
      At line 80 in file startup_LPC17xx.s
      At line 217 in file startup_LPC17xx.s

TIMER3_IRQHandler 00000056

Symbol: TIMER3_IRQHandler
   Definitions
      At line 254 in file startup_LPC17xx.s
   Uses



ARM Macro Assembler    Page 7 Alphabetic symbol ordering
Relocatable symbols

      At line 81 in file startup_LPC17xx.s
      At line 218 in file startup_LPC17xx.s

UAAD 0000001E

Symbol: UAAD
   Definitions
      At line 142 in file startup_LPC17xx.s
   Uses
      At line 137 in file startup_LPC17xx.s
Comment: UAAD used once
UART0_IRQHandler 00000056

Symbol: UART0_IRQHandler
   Definitions
      At line 255 in file startup_LPC17xx.s
   Uses
      At line 82 in file startup_LPC17xx.s
      At line 219 in file startup_LPC17xx.s

UART1_IRQHandler 00000056

Symbol: UART1_IRQHandler
   Definitions
      At line 256 in file startup_LPC17xx.s
   Uses
      At line 83 in file startup_LPC17xx.s
      At line 220 in file startup_LPC17xx.s

UART2_IRQHandler 00000056

Symbol: UART2_IRQHandler
   Definitions
      At line 257 in file startup_LPC17xx.s
   Uses
      At line 84 in file startup_LPC17xx.s
      At line 221 in file startup_LPC17xx.s

UART3_IRQHandler 00000056

Symbol: UART3_IRQHandler
   Definitions
      At line 258 in file startup_LPC17xx.s
   Uses
      At line 85 in file startup_LPC17xx.s
      At line 222 in file startup_LPC17xx.s

USBActivity_IRQHandler 00000056

Symbol: USBActivity_IRQHandler
   Definitions
      At line 283 in file startup_LPC17xx.s
   Uses
      At line 110 in file startup_LPC17xx.s
      At line 247 in file startup_LPC17xx.s

USB_IRQHandler 00000056

Symbol: USB_IRQHandler



ARM Macro Assembler    Page 8 Alphabetic symbol ordering
Relocatable symbols

   Definitions
      At line 274 in file startup_LPC17xx.s
   Uses
      At line 101 in file startup_LPC17xx.s
      At line 238 in file startup_LPC17xx.s

UsageFault_Handler 0000004C

Symbol: UsageFault_Handler
   Definitions
      At line 190 in file startup_LPC17xx.s
   Uses
      At line 65 in file startup_LPC17xx.s
      At line 191 in file startup_LPC17xx.s

WDT_IRQHandler 00000056

Symbol: WDT_IRQHandler
   Definitions
      At line 250 in file startup_LPC17xx.s
   Uses
      At line 77 in file startup_LPC17xx.s
      At line 214 in file startup_LPC17xx.s

__user_initial_stackheap 00000058

Symbol: __user_initial_stackheap
   Definitions
      At line 306 in file startup_LPC17xx.s
   Uses
      At line 305 in file startup_LPC17xx.s
Comment: __user_initial_stackheap used once
exit 00000042

Symbol: exit
   Definitions
      At line 160 in file startup_LPC17xx.s
   Uses
      At line 146 in file startup_LPC17xx.s
Comment: exit used once
loop 00000020

Symbol: loop
   Definitions
      At line 145 in file startup_LPC17xx.s
   Uses
      At line 158 in file startup_LPC17xx.s
Comment: loop used once
52 symbols



ARM Macro Assembler    Page 1 Alphabetic symbol ordering
Absolute symbols

Heap_Size 00000000

Symbol: Heap_Size
   Definitions
      At line 42 in file startup_LPC17xx.s
   Uses
      At line 46 in file startup_LPC17xx.s
      At line 310 in file startup_LPC17xx.s

Stack_Size 00000200

Symbol: Stack_Size
   Definitions
      At line 31 in file startup_LPC17xx.s
   Uses
      At line 34 in file startup_LPC17xx.s
      At line 309 in file startup_LPC17xx.s

2 symbols
402 symbols in table
