


ARM Macro Assembler    Page 1 


    1 00000000         ;/******************************************************
                       ********************//**
    2 00000000         ; * @file     startup_LPC17xx.s
    3 00000000         ; * @brief    CMSIS Cortex-M3 Core Device Startup File f
                       or
    4 00000000         ; *           NXP LPC17xx Device Series
    5 00000000         ; * @version  V1.10
    6 00000000         ; * @date     06. April 2011
    7 00000000         ; *
    8 00000000         ; * @note
    9 00000000         ; * Copyright (C) 2009-2011 ARM Limited. All rights rese
                       rved.
   10 00000000         ; *
   11 00000000         ; * @par
   12 00000000         ; * ARM Limited (ARM) is supplying this software for use
                        with Cortex-M
   13 00000000         ; * processor based microcontrollers.  This file can be 
                       freely distributed
   14 00000000         ; * within development tools that are supporting such AR
                       M based processors.
   15 00000000         ; *
   16 00000000         ; * @par
   17 00000000         ; * THIS SOFTWARE IS PROVIDED "AS IS".  NO WARRANTIES, W
                       HETHER EXPRESS, IMPLIED
   18 00000000         ; * OR STATUTORY, INCLUDING, BUT NOT LIMITED TO, IMPLIED
                        WARRANTIES OF
   19 00000000         ; * MERCHANTABILITY AND FITNESS FOR A PARTICULAR PURPOSE
                        APPLY TO THIS SOFTWARE.
   20 00000000         ; * ARM SHALL NOT, IN ANY CIRCUMSTANCES, BE LIABLE FOR S
                       PECIAL, INCIDENTAL, OR
   21 00000000         ; * CONSEQUENTIAL DAMAGES, FOR ANY REASON WHATSOEVER.
   22 00000000         ; *
   23 00000000         ; ******************************************************
                       ************************/
   24 00000000         
   25 00000000         ; *------- <<< Use Configuration Wizard in Context Menu 
                       >>> ------------------
   26 00000000         
   27 00000000         ; <h> Stack Configuration
   28 00000000         ;   <o> Stack Size (in Bytes) <0x0-0xFFFFFFFF:8>
   29 00000000         ; </h>
   30 00000000         
   31 00000000 00000200 
                       Stack_Size
                               EQU              0x00000200
   32 00000000         
   33 00000000                 AREA             STACK, NOINIT, READWRITE, ALIGN
=3
   34 00000000         Stack_Mem
                               SPACE            Stack_Size
   35 00000200         __initial_sp
   36 00000200         
   37 00000200         
   38 00000200         ; <h> Heap Configuration
   39 00000200         ;   <o>  Heap Size (in Bytes) <0x0-0xFFFFFFFF:8>
   40 00000200         ; </h>
   41 00000200         
   42 00000200 00000000 
                       Heap_Size



ARM Macro Assembler    Page 2 


                               EQU              0x00000000
   43 00000200         
   44 00000200                 AREA             HEAP, NOINIT, READWRITE, ALIGN=
3
   45 00000000         __heap_base
   46 00000000         Heap_Mem
                               SPACE            Heap_Size
   47 00000000         __heap_limit
   48 00000000         
   49 00000000         
   50 00000000                 PRESERVE8
   51 00000000                 THUMB
   52 00000000         
   53 00000000         
   54 00000000         ; Vector Table Mapped to Address 0 at Reset
   55 00000000         
   56 00000000                 AREA             RESET, DATA, READONLY
   57 00000000                 EXPORT           __Vectors
   58 00000000         
   59 00000000 00000000 
                       __Vectors
                               DCD              __initial_sp ; Top of Stack
   60 00000004 00000000        DCD              Reset_Handler ; Reset Handler
   61 00000008 00000000        DCD              NMI_Handler ; NMI Handler
   62 0000000C 00000000        DCD              HardFault_Handler ; Hard Fault 
                                                            Handler
   63 00000010 00000000        DCD              MemManage_Handler 
                                                            ; MPU Fault Handler
                                                            
   64 00000014 00000000        DCD              BusFault_Handler 
                                                            ; Bus Fault Handler
                                                            
   65 00000018 00000000        DCD              UsageFault_Handler ; Usage Faul
                                                            t Handler
   66 0000001C 00000000        DCD              0           ; Reserved
   67 00000020 00000000        DCD              0           ; Reserved
   68 00000024 00000000        DCD              0           ; Reserved
   69 00000028 00000000        DCD              0           ; Reserved
   70 0000002C 00000000        DCD              SVC_Handler ; SVCall Handler
   71 00000030 00000000        DCD              DebugMon_Handler ; Debug Monito
                                                            r Handler
   72 00000034 00000000        DCD              0           ; Reserved
   73 00000038 00000000        DCD              PendSV_Handler ; PendSV Handler
                                                            
   74 0000003C 00000000        DCD              SysTick_Handler 
                                                            ; SysTick Handler
   75 00000040         
   76 00000040         ; External Interrupts
   77 00000040 00000000        DCD              WDT_IRQHandler ; 16: Watchdog T
                                                            imer
   78 00000044 00000000        DCD              TIMER0_IRQHandler ; 17: Timer0
   79 00000048 00000000        DCD              TIMER1_IRQHandler ; 18: Timer1
   80 0000004C 00000000        DCD              TIMER2_IRQHandler ; 19: Timer2
   81 00000050 00000000        DCD              TIMER3_IRQHandler ; 20: Timer3
   82 00000054 00000000        DCD              UART0_IRQHandler ; 21: UART0
   83 00000058 00000000        DCD              UART1_IRQHandler ; 22: UART1
   84 0000005C 00000000        DCD              UART2_IRQHandler ; 23: UART2
   85 00000060 00000000        DCD              UART3_IRQHandler ; 24: UART3
   86 00000064 00000000        DCD              PWM1_IRQHandler ; 25: PWM1



ARM Macro Assembler    Page 3 


   87 00000068 00000000        DCD              I2C0_IRQHandler ; 26: I2C0
   88 0000006C 00000000        DCD              I2C1_IRQHandler ; 27: I2C1
   89 00000070 00000000        DCD              I2C2_IRQHandler ; 28: I2C2
   90 00000074 00000000        DCD              SPI_IRQHandler ; 29: SPI
   91 00000078 00000000        DCD              SSP0_IRQHandler ; 30: SSP0
   92 0000007C 00000000        DCD              SSP1_IRQHandler ; 31: SSP1
   93 00000080 00000000        DCD              PLL0_IRQHandler ; 32: PLL0 Lock
                                                             (Main PLL)
   94 00000084 00000000        DCD              RTC_IRQHandler ; 33: Real Time 
                                                            Clock
   95 00000088 00000000        DCD              EINT0_IRQHandler ; 34: External
                                                             Interrupt 0
   96 0000008C 00000000        DCD              EINT1_IRQHandler ; 35: External
                                                             Interrupt 1
   97 00000090 00000000        DCD              EINT2_IRQHandler ; 36: External
                                                             Interrupt 2
   98 00000094 00000000        DCD              EINT3_IRQHandler ; 37: External
                                                             Interrupt 3
   99 00000098 00000000        DCD              ADC_IRQHandler 
                                                            ; 38: A/D Converter
                                                            
  100 0000009C 00000000        DCD              BOD_IRQHandler ; 39: Brown-Out 
                                                            Detect
  101 000000A0 00000000        DCD              USB_IRQHandler ; 40: USB
  102 000000A4 00000000        DCD              CAN_IRQHandler ; 41: CAN
  103 000000A8 00000000        DCD              DMA_IRQHandler ; 42: General Pu
                                                            rpose DMA
  104 000000AC 00000000        DCD              I2S_IRQHandler ; 43: I2S
  105 000000B0 00000000        DCD              ENET_IRQHandler ; 44: Ethernet
  106 000000B4 00000000        DCD              RIT_IRQHandler ; 45: Repetitive
                                                             Interrupt Timer
  107 000000B8 00000000        DCD              MCPWM_IRQHandler ; 46: Motor Co
                                                            ntrol PWM
  108 000000BC 00000000        DCD              QEI_IRQHandler ; 47: Quadrature
                                                             Encoder Interface
  109 000000C0 00000000        DCD              PLL1_IRQHandler ; 48: PLL1 Lock
                                                             (USB PLL)
  110 000000C4 00000000        DCD              USBActivity_IRQHandler ; 49: US
                                                            B Activity interrup
                                                            t to wakeup
  111 000000C8 00000000        DCD              CANActivity_IRQHandler ; 50: CA
                                                            N Activity interrup
                                                            t to wakeup
  112 000000CC         
  113 000000CC         
  114 000000CC                 IF               :LNOT::DEF:NO_CRP
  115 000000CC                 AREA             |.ARM.__at_0x02FC|, CODE, READO
NLY
  116 00000000 FFFFFFFF 
                       CRP_Key DCD              0xFFFFFFFF
  117 00000004                 ENDIF
  118 00000004         
  119 00000004         
  120 00000004                 AREA             |.text|, CODE, READONLY
  121 00000000         
  122 00000000         
  123 00000000         ; Reset Handler
  124 00000000         
  125 00000000         Reset_Handler



ARM Macro Assembler    Page 4 


                               PROC
  126 00000000                 EXPORT           Reset_Handler             [WEAK
]
  127 00000000         
  128 00000000 F244 508D       MOV              R0,#0x458D  ;salvo parte bassa
  129 00000004 F6C7 2030       MOVT             R0,#0X7A30  ;salvo 16 bit più a
                                                            lti
  130 00000008         
  131 00000008 F649 61AA       MOV              R1,#0x9EAA
  132 0000000C F2CC 3115       MOVT             R1,#0xC315
  133 00000010         
  134 00000010         
  135 00000010 F04F 0AFF       MOV              R10,#0x000000FF 
                                                            ;salvo la maschera
  136 00000014 EA8B 0B0B       EOR              R11,R11     ;inizializzo contat
                                                            ore
  137 00000018 EA8C 0C0C       EOR              R12,R12     ;inizializzo shift 
                                                            destro
  138 0000001C         
  139 0000001C F1BB 0F04 
                       loop    CMP              R11,#4
  140 00000020 D016            BEQ              next
  141 00000022 EA00 030A       AND              R3,R0,R10   ;tramite una masche
                                                            ra prendo byte che 
                                                            mi serve
  142 00000026 EA01 040A       AND              R4,R1,R10
  143 0000002A FA23 F30C       LSR              R3,R12      ;    ;porto il byte
                                                             all'estrema destra
                                                            
  144 0000002E FA24 F40C       LSR              R4,R12      ;    ;porto il byte
                                                             all'estrema destra
                                                            
  145 00000032 42A3            CMP              R3,R4
  146 00000034 DB02            BLT              negative    ;se R3<R4 scambiali
                                                            
  147 00000036 EBA3 0604       SUB              R6,R3,R4    ;se R3>R4 esegui di
                                                            fferenza
  148 0000003A E001            B                over
  149 0000003C EBA4 0603 
                       negative
                               sub              R6,R4,R3
  150 00000040         over
  151 00000040 4435            ADD              R5,R6       ;se non negativo so
                                                            mma al risultato
  152 00000042 EA4F 2A0A       LSL              R10,#8      ;aggiorno la masche
                                                            ra
  153 00000046 F10C 0C08       ADD              R12,#8      ;aggiorno lo shift 
                                                            destro
  154 0000004A F10B 0B01       ADD              R11,#1      ;aggiorno contatore
                                                            
  155 0000004E E7E5            B                loop
  156 00000050         
  157 00000050         
  158 00000050         next
  159 00000050 E7FE    STOP    B                STOP
  160 00000052         ENDP
  161 00000052         
  162 00000052         
  163 00000052         



ARM Macro Assembler    Page 5 


  164 00000052         
  165 00000052         ; Dummy Exception Handlers (infinite loops which can be 
                       modified)
  166 00000052         
  167 00000052         NMI_Handler
                               PROC
  168 00000052                 EXPORT           NMI_Handler               [WEAK
]
  169 00000052 E7FE            B                .
  170 00000054                 ENDP
  172 00000054         HardFault_Handler
                               PROC
  173 00000054                 EXPORT           HardFault_Handler         [WEAK
]
  174 00000054 E7FE            B                .
  175 00000056                 ENDP
  177 00000056         MemManage_Handler
                               PROC
  178 00000056                 EXPORT           MemManage_Handler         [WEAK
]
  179 00000056 E7FE            B                .
  180 00000058                 ENDP
  182 00000058         BusFault_Handler
                               PROC
  183 00000058                 EXPORT           BusFault_Handler          [WEAK
]
  184 00000058 E7FE            B                .
  185 0000005A                 ENDP
  187 0000005A         UsageFault_Handler
                               PROC
  188 0000005A                 EXPORT           UsageFault_Handler        [WEAK
]
  189 0000005A E7FE            B                .
  190 0000005C                 ENDP
  191 0000005C         SVC_Handler
                               PROC
  192 0000005C                 EXPORT           SVC_Handler               [WEAK
]
  193 0000005C E7FE            B                .
  194 0000005E                 ENDP
  196 0000005E         DebugMon_Handler
                               PROC
  197 0000005E                 EXPORT           DebugMon_Handler          [WEAK
]
  198 0000005E E7FE            B                .
  199 00000060                 ENDP
  200 00000060         PendSV_Handler
                               PROC
  201 00000060                 EXPORT           PendSV_Handler            [WEAK
]
  202 00000060 E7FE            B                .
  203 00000062                 ENDP
  204 00000062         SysTick_Handler
                               PROC
  205 00000062                 EXPORT           SysTick_Handler           [WEAK
]
  206 00000062 E7FE            B                .
  207 00000064                 ENDP
  208 00000064         



ARM Macro Assembler    Page 6 


  209 00000064         Default_Handler
                               PROC
  210 00000064         
  211 00000064                 EXPORT           WDT_IRQHandler            [WEAK
]
  212 00000064                 EXPORT           TIMER0_IRQHandler         [WEAK
]
  213 00000064                 EXPORT           TIMER1_IRQHandler         [WEAK
]
  214 00000064                 EXPORT           TIMER2_IRQHandler         [WEAK
]
  215 00000064                 EXPORT           TIMER3_IRQHandler         [WEAK
]
  216 00000064                 EXPORT           UART0_IRQHandler          [WEAK
]
  217 00000064                 EXPORT           UART1_IRQHandler          [WEAK
]
  218 00000064                 EXPORT           UART2_IRQHandler          [WEAK
]
  219 00000064                 EXPORT           UART3_IRQHandler          [WEAK
]
  220 00000064                 EXPORT           PWM1_IRQHandler           [WEAK
]
  221 00000064                 EXPORT           I2C0_IRQHandler           [WEAK
]
  222 00000064                 EXPORT           I2C1_IRQHandler           [WEAK
]
  223 00000064                 EXPORT           I2C2_IRQHandler           [WEAK
]
  224 00000064                 EXPORT           SPI_IRQHandler            [WEAK
]
  225 00000064                 EXPORT           SSP0_IRQHandler           [WEAK
]
  226 00000064                 EXPORT           SSP1_IRQHandler           [WEAK
]
  227 00000064                 EXPORT           PLL0_IRQHandler           [WEAK
]
  228 00000064                 EXPORT           RTC_IRQHandler            [WEAK
]
  229 00000064                 EXPORT           EINT0_IRQHandler          [WEAK
]
  230 00000064                 EXPORT           EINT1_IRQHandler          [WEAK
]
  231 00000064                 EXPORT           EINT2_IRQHandler          [WEAK
]
  232 00000064                 EXPORT           EINT3_IRQHandler          [WEAK
]
  233 00000064                 EXPORT           ADC_IRQHandler            [WEAK
]
  234 00000064                 EXPORT           BOD_IRQHandler            [WEAK
]
  235 00000064                 EXPORT           USB_IRQHandler            [WEAK
]
  236 00000064                 EXPORT           CAN_IRQHandler            [WEAK
]
  237 00000064                 EXPORT           DMA_IRQHandler            [WEAK
]
  238 00000064                 EXPORT           I2S_IRQHandler            [WEAK
]



ARM Macro Assembler    Page 7 


  239 00000064                 EXPORT           ENET_IRQHandler           [WEAK
]
  240 00000064                 EXPORT           RIT_IRQHandler            [WEAK
]
  241 00000064                 EXPORT           MCPWM_IRQHandler          [WEAK
]
  242 00000064                 EXPORT           QEI_IRQHandler            [WEAK
]
  243 00000064                 EXPORT           PLL1_IRQHandler           [WEAK
]
  244 00000064                 EXPORT           USBActivity_IRQHandler    [WEAK
]
  245 00000064                 EXPORT           CANActivity_IRQHandler    [WEAK
]
  246 00000064         
  247 00000064         WDT_IRQHandler
  248 00000064         TIMER0_IRQHandler
  249 00000064         TIMER1_IRQHandler
  250 00000064         TIMER2_IRQHandler
  251 00000064         TIMER3_IRQHandler
  252 00000064         UART0_IRQHandler
  253 00000064         UART1_IRQHandler
  254 00000064         UART2_IRQHandler
  255 00000064         UART3_IRQHandler
  256 00000064         PWM1_IRQHandler
  257 00000064         I2C0_IRQHandler
  258 00000064         I2C1_IRQHandler
  259 00000064         I2C2_IRQHandler
  260 00000064         SPI_IRQHandler
  261 00000064         SSP0_IRQHandler
  262 00000064         SSP1_IRQHandler
  263 00000064         PLL0_IRQHandler
  264 00000064         RTC_IRQHandler
  265 00000064         EINT0_IRQHandler
  266 00000064         EINT1_IRQHandler
  267 00000064         EINT2_IRQHandler
  268 00000064         EINT3_IRQHandler
  269 00000064         ADC_IRQHandler
  270 00000064         BOD_IRQHandler
  271 00000064         USB_IRQHandler
  272 00000064         CAN_IRQHandler
  273 00000064         DMA_IRQHandler
  274 00000064         I2S_IRQHandler
  275 00000064         ENET_IRQHandler
  276 00000064         RIT_IRQHandler
  277 00000064         MCPWM_IRQHandler
  278 00000064         QEI_IRQHandler
  279 00000064         PLL1_IRQHandler
  280 00000064         USBActivity_IRQHandler
  281 00000064         CANActivity_IRQHandler
  282 00000064         
  283 00000064 E7FE            B                .
  284 00000066         
  285 00000066                 ENDP
  286 00000066         
  287 00000066         
  288 00000066 00 00           ALIGN
  289 00000068         
  290 00000068         



ARM Macro Assembler    Page 8 


  291 00000068         ; User Initial Stack & Heap
  292 00000068         
  293 00000068                 IF               :DEF:__MICROLIB
  300 00000068         
  301 00000068         ;IMPORT  __use_two_region_memory
  302 00000068                 EXPORT           __user_initial_stackheap
  303 00000068         __user_initial_stackheap
  304 00000068         
  305 00000068 4802            LDR              R0, =  Heap_Mem
  306 0000006A 4903            LDR              R1, =(Stack_Mem + Stack_Size)
  307 0000006C 4A01            LDR              R2, = (Heap_Mem +  Heap_Size)
  308 0000006E 4B03            LDR              R3, = Stack_Mem
  309 00000070 4770            BX               LR
  310 00000072         
  311 00000072 00 00           ALIGN
  312 00000074         
  313 00000074                 ENDIF
  314 00000074         
  315 00000074         
  316 00000074                 END
              00000000 
              00000200 
              00000000 
Command Line: --debug --xref --cpu=Cortex-M3 --apcs=interwork --depend=.\startu
p_lpc17xx.d -o.\startup_lpc17xx.o -I"Z:\Volumes\HDD\Documenti HDD\Politecnico 2
018:2019\ASE\Keil\ARM\RV31\INC" -I"Z:\Volumes\HDD\Documenti HDD\Politecnico 201
8:2019\ASE\Keil\ARM\CMSIS\Include" -I"Z:\Volumes\HDD\Documenti HDD\Politecnico 
2018:2019\ASE\Keil\ARM\Inc\NXP\LPC17xx" --predefine="__EVAL SETA 1" --list=.\st
artup_lpc17xx.lst startup_LPC17xx.s



ARM Macro Assembler    Page 1 Alphabetic symbol ordering
Relocatable symbols

STACK 00000000

Symbol: STACK
   Definitions
      At line 33 in file startup_LPC17xx.s
   Uses
      None
Comment: STACK unused
Stack_Mem 00000000

Symbol: Stack_Mem
   Definitions
      At line 34 in file startup_LPC17xx.s
   Uses
      At line 306 in file startup_LPC17xx.s
      At line 308 in file startup_LPC17xx.s

__initial_sp 00000200

Symbol: __initial_sp
   Definitions
      At line 35 in file startup_LPC17xx.s
   Uses
      At line 59 in file startup_LPC17xx.s
Comment: __initial_sp used once
3 symbols



ARM Macro Assembler    Page 1 Alphabetic symbol ordering
Relocatable symbols

HEAP 00000000

Symbol: HEAP
   Definitions
      At line 44 in file startup_LPC17xx.s
   Uses
      None
Comment: HEAP unused
Heap_Mem 00000000

Symbol: Heap_Mem
   Definitions
      At line 46 in file startup_LPC17xx.s
   Uses
      At line 305 in file startup_LPC17xx.s
      At line 307 in file startup_LPC17xx.s

__heap_base 00000000

Symbol: __heap_base
   Definitions
      At line 45 in file startup_LPC17xx.s
   Uses
      None
Comment: __heap_base unused
__heap_limit 00000000

Symbol: __heap_limit
   Definitions
      At line 47 in file startup_LPC17xx.s
   Uses
      None
Comment: __heap_limit unused
4 symbols



ARM Macro Assembler    Page 1 Alphabetic symbol ordering
Relocatable symbols

RESET 00000000

Symbol: RESET
   Definitions
      At line 56 in file startup_LPC17xx.s
   Uses
      None
Comment: RESET unused
__Vectors 00000000

Symbol: __Vectors
   Definitions
      At line 59 in file startup_LPC17xx.s
   Uses
      At line 57 in file startup_LPC17xx.s
Comment: __Vectors used once
2 symbols



ARM Macro Assembler    Page 1 Alphabetic symbol ordering
Relocatable symbols

.ARM.__at_0x02FC 00000000

Symbol: .ARM.__at_0x02FC
   Definitions
      At line 115 in file startup_LPC17xx.s
   Uses
      None
Comment: .ARM.__at_0x02FC unused
CRP_Key 00000000

Symbol: CRP_Key
   Definitions
      At line 116 in file startup_LPC17xx.s
   Uses
      None
Comment: CRP_Key unused
2 symbols



ARM Macro Assembler    Page 1 Alphabetic symbol ordering
Relocatable symbols

.text 00000000

Symbol: .text
   Definitions
      At line 120 in file startup_LPC17xx.s
   Uses
      None
Comment: .text unused
ADC_IRQHandler 00000064

Symbol: ADC_IRQHandler
   Definitions
      At line 269 in file startup_LPC17xx.s
   Uses
      At line 99 in file startup_LPC17xx.s
      At line 233 in file startup_LPC17xx.s

BOD_IRQHandler 00000064

Symbol: BOD_IRQHandler
   Definitions
      At line 270 in file startup_LPC17xx.s
   Uses
      At line 100 in file startup_LPC17xx.s
      At line 234 in file startup_LPC17xx.s

BusFault_Handler 00000058

Symbol: BusFault_Handler
   Definitions
      At line 182 in file startup_LPC17xx.s
   Uses
      At line 64 in file startup_LPC17xx.s
      At line 183 in file startup_LPC17xx.s

CANActivity_IRQHandler 00000064

Symbol: CANActivity_IRQHandler
   Definitions
      At line 281 in file startup_LPC17xx.s
   Uses
      At line 111 in file startup_LPC17xx.s
      At line 245 in file startup_LPC17xx.s

CAN_IRQHandler 00000064

Symbol: CAN_IRQHandler
   Definitions
      At line 272 in file startup_LPC17xx.s
   Uses
      At line 102 in file startup_LPC17xx.s
      At line 236 in file startup_LPC17xx.s

DMA_IRQHandler 00000064

Symbol: DMA_IRQHandler
   Definitions
      At line 273 in file startup_LPC17xx.s
   Uses



ARM Macro Assembler    Page 2 Alphabetic symbol ordering
Relocatable symbols

      At line 103 in file startup_LPC17xx.s
      At line 237 in file startup_LPC17xx.s

DebugMon_Handler 0000005E

Symbol: DebugMon_Handler
   Definitions
      At line 196 in file startup_LPC17xx.s
   Uses
      At line 71 in file startup_LPC17xx.s
      At line 197 in file startup_LPC17xx.s

Default_Handler 00000064

Symbol: Default_Handler
   Definitions
      At line 209 in file startup_LPC17xx.s
   Uses
      None
Comment: Default_Handler unused
EINT0_IRQHandler 00000064

Symbol: EINT0_IRQHandler
   Definitions
      At line 265 in file startup_LPC17xx.s
   Uses
      At line 95 in file startup_LPC17xx.s
      At line 229 in file startup_LPC17xx.s

EINT1_IRQHandler 00000064

Symbol: EINT1_IRQHandler
   Definitions
      At line 266 in file startup_LPC17xx.s
   Uses
      At line 96 in file startup_LPC17xx.s
      At line 230 in file startup_LPC17xx.s

EINT2_IRQHandler 00000064

Symbol: EINT2_IRQHandler
   Definitions
      At line 267 in file startup_LPC17xx.s
   Uses
      At line 97 in file startup_LPC17xx.s
      At line 231 in file startup_LPC17xx.s

EINT3_IRQHandler 00000064

Symbol: EINT3_IRQHandler
   Definitions
      At line 268 in file startup_LPC17xx.s
   Uses
      At line 98 in file startup_LPC17xx.s
      At line 232 in file startup_LPC17xx.s

ENDP 00000052

Symbol: ENDP



ARM Macro Assembler    Page 3 Alphabetic symbol ordering
Relocatable symbols

   Definitions
      At line 160 in file startup_LPC17xx.s
   Uses
      None
Comment: ENDP unused
ENET_IRQHandler 00000064

Symbol: ENET_IRQHandler
   Definitions
      At line 275 in file startup_LPC17xx.s
   Uses
      At line 105 in file startup_LPC17xx.s
      At line 239 in file startup_LPC17xx.s

HardFault_Handler 00000054

Symbol: HardFault_Handler
   Definitions
      At line 172 in file startup_LPC17xx.s
   Uses
      At line 62 in file startup_LPC17xx.s
      At line 173 in file startup_LPC17xx.s

I2C0_IRQHandler 00000064

Symbol: I2C0_IRQHandler
   Definitions
      At line 257 in file startup_LPC17xx.s
   Uses
      At line 87 in file startup_LPC17xx.s
      At line 221 in file startup_LPC17xx.s

I2C1_IRQHandler 00000064

Symbol: I2C1_IRQHandler
   Definitions
      At line 258 in file startup_LPC17xx.s
   Uses
      At line 88 in file startup_LPC17xx.s
      At line 222 in file startup_LPC17xx.s

I2C2_IRQHandler 00000064

Symbol: I2C2_IRQHandler
   Definitions
      At line 259 in file startup_LPC17xx.s
   Uses
      At line 89 in file startup_LPC17xx.s
      At line 223 in file startup_LPC17xx.s

I2S_IRQHandler 00000064

Symbol: I2S_IRQHandler
   Definitions
      At line 274 in file startup_LPC17xx.s
   Uses
      At line 104 in file startup_LPC17xx.s
      At line 238 in file startup_LPC17xx.s




ARM Macro Assembler    Page 4 Alphabetic symbol ordering
Relocatable symbols

MCPWM_IRQHandler 00000064

Symbol: MCPWM_IRQHandler
   Definitions
      At line 277 in file startup_LPC17xx.s
   Uses
      At line 107 in file startup_LPC17xx.s
      At line 241 in file startup_LPC17xx.s

MemManage_Handler 00000056

Symbol: MemManage_Handler
   Definitions
      At line 177 in file startup_LPC17xx.s
   Uses
      At line 63 in file startup_LPC17xx.s
      At line 178 in file startup_LPC17xx.s

NMI_Handler 00000052

Symbol: NMI_Handler
   Definitions
      At line 167 in file startup_LPC17xx.s
   Uses
      At line 61 in file startup_LPC17xx.s
      At line 168 in file startup_LPC17xx.s

PLL0_IRQHandler 00000064

Symbol: PLL0_IRQHandler
   Definitions
      At line 263 in file startup_LPC17xx.s
   Uses
      At line 93 in file startup_LPC17xx.s
      At line 227 in file startup_LPC17xx.s

PLL1_IRQHandler 00000064

Symbol: PLL1_IRQHandler
   Definitions
      At line 279 in file startup_LPC17xx.s
   Uses
      At line 109 in file startup_LPC17xx.s
      At line 243 in file startup_LPC17xx.s

PWM1_IRQHandler 00000064

Symbol: PWM1_IRQHandler
   Definitions
      At line 256 in file startup_LPC17xx.s
   Uses
      At line 86 in file startup_LPC17xx.s
      At line 220 in file startup_LPC17xx.s

PendSV_Handler 00000060

Symbol: PendSV_Handler
   Definitions
      At line 200 in file startup_LPC17xx.s



ARM Macro Assembler    Page 5 Alphabetic symbol ordering
Relocatable symbols

   Uses
      At line 73 in file startup_LPC17xx.s
      At line 201 in file startup_LPC17xx.s

QEI_IRQHandler 00000064

Symbol: QEI_IRQHandler
   Definitions
      At line 278 in file startup_LPC17xx.s
   Uses
      At line 108 in file startup_LPC17xx.s
      At line 242 in file startup_LPC17xx.s

RIT_IRQHandler 00000064

Symbol: RIT_IRQHandler
   Definitions
      At line 276 in file startup_LPC17xx.s
   Uses
      At line 106 in file startup_LPC17xx.s
      At line 240 in file startup_LPC17xx.s

RTC_IRQHandler 00000064

Symbol: RTC_IRQHandler
   Definitions
      At line 264 in file startup_LPC17xx.s
   Uses
      At line 94 in file startup_LPC17xx.s
      At line 228 in file startup_LPC17xx.s

Reset_Handler 00000000

Symbol: Reset_Handler
   Definitions
      At line 125 in file startup_LPC17xx.s
   Uses
      At line 60 in file startup_LPC17xx.s
      At line 126 in file startup_LPC17xx.s

SPI_IRQHandler 00000064

Symbol: SPI_IRQHandler
   Definitions
      At line 260 in file startup_LPC17xx.s
   Uses
      At line 90 in file startup_LPC17xx.s
      At line 224 in file startup_LPC17xx.s

SSP0_IRQHandler 00000064

Symbol: SSP0_IRQHandler
   Definitions
      At line 261 in file startup_LPC17xx.s
   Uses
      At line 91 in file startup_LPC17xx.s
      At line 225 in file startup_LPC17xx.s

SSP1_IRQHandler 00000064



ARM Macro Assembler    Page 6 Alphabetic symbol ordering
Relocatable symbols


Symbol: SSP1_IRQHandler
   Definitions
      At line 262 in file startup_LPC17xx.s
   Uses
      At line 92 in file startup_LPC17xx.s
      At line 226 in file startup_LPC17xx.s

STOP 00000050

Symbol: STOP
   Definitions
      At line 159 in file startup_LPC17xx.s
   Uses
      At line 159 in file startup_LPC17xx.s
Comment: STOP used once
SVC_Handler 0000005C

Symbol: SVC_Handler
   Definitions
      At line 191 in file startup_LPC17xx.s
   Uses
      At line 70 in file startup_LPC17xx.s
      At line 192 in file startup_LPC17xx.s

SysTick_Handler 00000062

Symbol: SysTick_Handler
   Definitions
      At line 204 in file startup_LPC17xx.s
   Uses
      At line 74 in file startup_LPC17xx.s
      At line 205 in file startup_LPC17xx.s

TIMER0_IRQHandler 00000064

Symbol: TIMER0_IRQHandler
   Definitions
      At line 248 in file startup_LPC17xx.s
   Uses
      At line 78 in file startup_LPC17xx.s
      At line 212 in file startup_LPC17xx.s

TIMER1_IRQHandler 00000064

Symbol: TIMER1_IRQHandler
   Definitions
      At line 249 in file startup_LPC17xx.s
   Uses
      At line 79 in file startup_LPC17xx.s
      At line 213 in file startup_LPC17xx.s

TIMER2_IRQHandler 00000064

Symbol: TIMER2_IRQHandler
   Definitions
      At line 250 in file startup_LPC17xx.s
   Uses
      At line 80 in file startup_LPC17xx.s



ARM Macro Assembler    Page 7 Alphabetic symbol ordering
Relocatable symbols

      At line 214 in file startup_LPC17xx.s

TIMER3_IRQHandler 00000064

Symbol: TIMER3_IRQHandler
   Definitions
      At line 251 in file startup_LPC17xx.s
   Uses
      At line 81 in file startup_LPC17xx.s
      At line 215 in file startup_LPC17xx.s

UART0_IRQHandler 00000064

Symbol: UART0_IRQHandler
   Definitions
      At line 252 in file startup_LPC17xx.s
   Uses
      At line 82 in file startup_LPC17xx.s
      At line 216 in file startup_LPC17xx.s

UART1_IRQHandler 00000064

Symbol: UART1_IRQHandler
   Definitions
      At line 253 in file startup_LPC17xx.s
   Uses
      At line 83 in file startup_LPC17xx.s
      At line 217 in file startup_LPC17xx.s

UART2_IRQHandler 00000064

Symbol: UART2_IRQHandler
   Definitions
      At line 254 in file startup_LPC17xx.s
   Uses
      At line 84 in file startup_LPC17xx.s
      At line 218 in file startup_LPC17xx.s

UART3_IRQHandler 00000064

Symbol: UART3_IRQHandler
   Definitions
      At line 255 in file startup_LPC17xx.s
   Uses
      At line 85 in file startup_LPC17xx.s
      At line 219 in file startup_LPC17xx.s

USBActivity_IRQHandler 00000064

Symbol: USBActivity_IRQHandler
   Definitions
      At line 280 in file startup_LPC17xx.s
   Uses
      At line 110 in file startup_LPC17xx.s
      At line 244 in file startup_LPC17xx.s

USB_IRQHandler 00000064

Symbol: USB_IRQHandler



ARM Macro Assembler    Page 8 Alphabetic symbol ordering
Relocatable symbols

   Definitions
      At line 271 in file startup_LPC17xx.s
   Uses
      At line 101 in file startup_LPC17xx.s
      At line 235 in file startup_LPC17xx.s

UsageFault_Handler 0000005A

Symbol: UsageFault_Handler
   Definitions
      At line 187 in file startup_LPC17xx.s
   Uses
      At line 65 in file startup_LPC17xx.s
      At line 188 in file startup_LPC17xx.s

WDT_IRQHandler 00000064

Symbol: WDT_IRQHandler
   Definitions
      At line 247 in file startup_LPC17xx.s
   Uses
      At line 77 in file startup_LPC17xx.s
      At line 211 in file startup_LPC17xx.s

__user_initial_stackheap 00000068

Symbol: __user_initial_stackheap
   Definitions
      At line 303 in file startup_LPC17xx.s
   Uses
      At line 302 in file startup_LPC17xx.s
Comment: __user_initial_stackheap used once
loop 0000001C

Symbol: loop
   Definitions
      At line 139 in file startup_LPC17xx.s
   Uses
      At line 155 in file startup_LPC17xx.s
Comment: loop used once
negative 0000003C

Symbol: negative
   Definitions
      At line 149 in file startup_LPC17xx.s
   Uses
      At line 146 in file startup_LPC17xx.s
Comment: negative used once
next 00000050

Symbol: next
   Definitions
      At line 158 in file startup_LPC17xx.s
   Uses
      At line 140 in file startup_LPC17xx.s
Comment: next used once
over 00000040

Symbol: over



ARM Macro Assembler    Page 9 Alphabetic symbol ordering
Relocatable symbols

   Definitions
      At line 150 in file startup_LPC17xx.s
   Uses
      At line 148 in file startup_LPC17xx.s
Comment: over used once
54 symbols



ARM Macro Assembler    Page 1 Alphabetic symbol ordering
Absolute symbols

Heap_Size 00000000

Symbol: Heap_Size
   Definitions
      At line 42 in file startup_LPC17xx.s
   Uses
      At line 46 in file startup_LPC17xx.s
      At line 307 in file startup_LPC17xx.s

Stack_Size 00000200

Symbol: Stack_Size
   Definitions
      At line 31 in file startup_LPC17xx.s
   Uses
      At line 34 in file startup_LPC17xx.s
      At line 306 in file startup_LPC17xx.s

2 symbols
404 symbols in table
