


ARM Macro Assembler    Page 1 


    1 00000000         ;/******************************************************
                       ********************//**
    2 00000000         ; * @file     startup_LPC17xx.s
    3 00000000         ; * @brief    CMSIS Cortex-M3 Core Device Startup File f
                       or
    4 00000000         ; *           NXP LPC17xx Device Series
    5 00000000         ; * @version  V1.10
    6 00000000         ; * @date     06. April 2011
    7 00000000         ; *
    8 00000000         ; * @note
    9 00000000         ; * Copyright (C) 2009-2011 ARM Limited. All rights rese
                       rved.
   10 00000000         ; *
   11 00000000         ; * @par
   12 00000000         ; * ARM Limited (ARM) is supplying this software for use
                        with Cortex-M
   13 00000000         ; * processor based microcontrollers.  This file can be 
                       freely distributed
   14 00000000         ; * within development tools that are supporting such AR
                       M based processors.
   15 00000000         ; *
   16 00000000         ; * @par
   17 00000000         ; * THIS SOFTWARE IS PROVIDED "AS IS".  NO WARRANTIES, W
                       HETHER EXPRESS, IMPLIED
   18 00000000         ; * OR STATUTORY, INCLUDING, BUT NOT LIMITED TO, IMPLIED
                        WARRANTIES OF
   19 00000000         ; * MERCHANTABILITY AND FITNESS FOR A PARTICULAR PURPOSE
                        APPLY TO THIS SOFTWARE.
   20 00000000         ; * ARM SHALL NOT, IN ANY CIRCUMSTANCES, BE LIABLE FOR S
                       PECIAL, INCIDENTAL, OR
   21 00000000         ; * CONSEQUENTIAL DAMAGES, FOR ANY REASON WHATSOEVER.
   22 00000000         ; *
   23 00000000         ; ******************************************************
                       ************************/
   24 00000000         
   25 00000000         ; *------- <<< Use Configuration Wizard in Context Menu 
                       >>> ------------------
   26 00000000         
   27 00000000         ; <h> Stack Configuration
   28 00000000         ;   <o> Stack Size (in Bytes) <0x0-0xFFFFFFFF:8>
   29 00000000         ; </h>
   30 00000000         
   31 00000000 00000200 
                       Stack_Size
                               EQU              0x00000200
   32 00000000         
   33 00000000                 AREA             STACK, NOINIT, READWRITE, ALIGN
=3
   34 00000000         Stack_Mem
                               SPACE            Stack_Size
   35 00000200         __initial_sp
   36 00000200         
   37 00000200         
   38 00000200         ; <h> Heap Configuration
   39 00000200         ;   <o>  Heap Size (in Bytes) <0x0-0xFFFFFFFF:8>
   40 00000200         ; </h>
   41 00000200         
   42 00000200 00000000 
                       Heap_Size



ARM Macro Assembler    Page 2 


                               EQU              0x00000000
   43 00000200         
   44 00000200                 AREA             HEAP, NOINIT, READWRITE, ALIGN=
3
   45 00000000         __heap_base
   46 00000000         Heap_Mem
                               SPACE            Heap_Size
   47 00000000         __heap_limit
   48 00000000         
   49 00000000         
   50 00000000                 PRESERVE8
   51 00000000                 THUMB
   52 00000000         
   53 00000000         
   54 00000000         ; Vector Table Mapped to Address 0 at Reset
   55 00000000         
   56 00000000                 AREA             RESET, DATA, READONLY
   57 00000000                 EXPORT           __Vectors
   58 00000000         
   59 00000000 00000000 
                       __Vectors
                               DCD              __initial_sp ; Top of Stack
   60 00000004 00000000        DCD              Reset_Handler ; Reset Handler
   61 00000008 00000000        DCD              NMI_Handler ; NMI Handler
   62 0000000C 00000000        DCD              HardFault_Handler ; Hard Fault 
                                                            Handler
   63 00000010 00000000        DCD              MemManage_Handler 
                                                            ; MPU Fault Handler
                                                            
   64 00000014 00000000        DCD              BusFault_Handler 
                                                            ; Bus Fault Handler
                                                            
   65 00000018 00000000        DCD              UsageFault_Handler ; Usage Faul
                                                            t Handler
   66 0000001C 00000000        DCD              0           ; Reserved
   67 00000020 00000000        DCD              0           ; Reserved
   68 00000024 00000000        DCD              0           ; Reserved
   69 00000028 00000000        DCD              0           ; Reserved
   70 0000002C 00000000        DCD              SVC_Handler ; SVCall Handler
   71 00000030 00000000        DCD              DebugMon_Handler ; Debug Monito
                                                            r Handler
   72 00000034 00000000        DCD              0           ; Reserved
   73 00000038 00000000        DCD              PendSV_Handler ; PendSV Handler
                                                            
   74 0000003C 00000000        DCD              SysTick_Handler 
                                                            ; SysTick Handler
   75 00000040         
   76 00000040         ; External Interrupts
   77 00000040 00000000        DCD              WDT_IRQHandler ; 16: Watchdog T
                                                            imer
   78 00000044 00000000        DCD              TIMER0_IRQHandler ; 17: Timer0
   79 00000048 00000000        DCD              TIMER1_IRQHandler ; 18: Timer1
   80 0000004C 00000000        DCD              TIMER2_IRQHandler ; 19: Timer2
   81 00000050 00000000        DCD              TIMER3_IRQHandler ; 20: Timer3
   82 00000054 00000000        DCD              UART0_IRQHandler ; 21: UART0
   83 00000058 00000000        DCD              UART1_IRQHandler ; 22: UART1
   84 0000005C 00000000        DCD              UART2_IRQHandler ; 23: UART2
   85 00000060 00000000        DCD              UART3_IRQHandler ; 24: UART3
   86 00000064 00000000        DCD              PWM1_IRQHandler ; 25: PWM1



ARM Macro Assembler    Page 3 


   87 00000068 00000000        DCD              I2C0_IRQHandler ; 26: I2C0
   88 0000006C 00000000        DCD              I2C1_IRQHandler ; 27: I2C1
   89 00000070 00000000        DCD              I2C2_IRQHandler ; 28: I2C2
   90 00000074 00000000        DCD              SPI_IRQHandler ; 29: SPI
   91 00000078 00000000        DCD              SSP0_IRQHandler ; 30: SSP0
   92 0000007C 00000000        DCD              SSP1_IRQHandler ; 31: SSP1
   93 00000080 00000000        DCD              PLL0_IRQHandler ; 32: PLL0 Lock
                                                             (Main PLL)
   94 00000084 00000000        DCD              RTC_IRQHandler ; 33: Real Time 
                                                            Clock
   95 00000088 00000000        DCD              EINT0_IRQHandler ; 34: External
                                                             Interrupt 0
   96 0000008C 00000000        DCD              EINT1_IRQHandler ; 35: External
                                                             Interrupt 1
   97 00000090 00000000        DCD              EINT2_IRQHandler ; 36: External
                                                             Interrupt 2
   98 00000094 00000000        DCD              EINT3_IRQHandler ; 37: External
                                                             Interrupt 3
   99 00000098 00000000        DCD              ADC_IRQHandler 
                                                            ; 38: A/D Converter
                                                            
  100 0000009C 00000000        DCD              BOD_IRQHandler ; 39: Brown-Out 
                                                            Detect
  101 000000A0 00000000        DCD              USB_IRQHandler ; 40: USB
  102 000000A4 00000000        DCD              CAN_IRQHandler ; 41: CAN
  103 000000A8 00000000        DCD              DMA_IRQHandler ; 42: General Pu
                                                            rpose DMA
  104 000000AC 00000000        DCD              I2S_IRQHandler ; 43: I2S
  105 000000B0 00000000        DCD              ENET_IRQHandler ; 44: Ethernet
  106 000000B4 00000000        DCD              RIT_IRQHandler ; 45: Repetitive
                                                             Interrupt Timer
  107 000000B8 00000000        DCD              MCPWM_IRQHandler ; 46: Motor Co
                                                            ntrol PWM
  108 000000BC 00000000        DCD              QEI_IRQHandler ; 47: Quadrature
                                                             Encoder Interface
  109 000000C0 00000000        DCD              PLL1_IRQHandler ; 48: PLL1 Lock
                                                             (USB PLL)
  110 000000C4 00000000        DCD              USBActivity_IRQHandler ; 49: US
                                                            B Activity interrup
                                                            t to wakeup
  111 000000C8 00000000        DCD              CANActivity_IRQHandler ; 50: CA
                                                            N Activity interrup
                                                            t to wakeup
  112 000000CC         
  113 000000CC         
  114 000000CC                 IF               :LNOT::DEF:NO_CRP
  115 000000CC                 AREA             |.ARM.__at_0x02FC|, CODE, READO
NLY
  116 00000000 FFFFFFFF 
                       CRP_Key DCD              0xFFFFFFFF
  117 00000004                 ENDIF
  118 00000004         
  119 00000004         
  120 00000004                 AREA             |.text|, CODE, READONLY
  121 00000000         
  122 00000000         
  123 00000000         ; Reset Handler
  124 00000000         
  125 00000000         Reset_Handler



ARM Macro Assembler    Page 4 


                               PROC
  126 00000000                 EXPORT           Reset_Handler             [WEAK
]
  127 00000000         
  128 00000000         ;;SMUAD
  129 00000000         
  130 00000000 F244 508D       MOV              R0,#0x458D
  131 00000004 F6C7 2030       MOVT             R0,#0x7A30
  132 00000008         
  133 00000008 F649 61AA       MOV              R1,#0x9EAA
  134 0000000C F2CC 3115       MOVT             R1,#0xC315
  135 00000010         
  136 00000010 B443            PUSH             {R0,R1,R6}
  137 00000012         ;BL subSMUAD
  138 00000012 F7FF FFFE       BL               subSMUSD
  139 00000016 BC43            POP              {R0,R1,R6}
  140 00000018 E7FE    STOP    B                STOP
  141 0000001A                 ENDP
  142 0000001A         
  143 0000001A         
  144 0000001A         ;subSMUAD  PROC
  145 0000001A         ;PUSH {R2,R3,R4,R5,R10,R11,R12,LR}
  146 0000001A         ;LDR R0,[SP,#32]
  147 0000001A         ;LDR R1,[SP,#36]
  148 0000001A         ;MOV R10,#0x0000FFFF  ;carico maschera
  149 0000001A         ;EOR R11,R11    ;azzero contatore
  150 0000001A         ;EOR R12,R12    ;azzero shift destro
  151 0000001A         
  152 0000001A         ;loop   CMP R11,#2
  153 0000001A         ;BEQ stop
  154 0000001A         ;AND R2,R0,R10   ;ricavo prima half-word
  155 0000001A         ;AND R3,R1,R10   ;ricavo seconda half-word
  156 0000001A         
  157 0000001A         ;LSR R2,R12    ;shifto half-word estrema destra
  158 0000001A         ;LSR R3,R12    ;shifto half-word estrema destra
  159 0000001A         
  160 0000001A         ;;verifico segno prima half-word  ed eventualemnte esten
                       do   
  161 0000001A         ;LSR R4,R2,#15   ;ricavo MSB per segno
  162 0000001A         ;CMP R4,#1
  163 0000001A         ;BNE next
  164 0000001A         ;MOVT R2,#0xFFFF   ;se segno 1 estendi segno
  165 0000001A         
  166 0000001A         ;;verifico segno seconda halfword ed eventualmente esten
                       do
  167 0000001A         ;next   LSR R4,R3,#15
  168 0000001A         ;CMP R4,#1
  169 0000001A         ;BNE next1
  170 0000001A         ;MOVT R3,#0xFFFF
  171 0000001A         
  172 0000001A         ;;eseguo la moltiplicazione delle due half-word
  173 0000001A         ;next1   MUL R5,R2,R3   
  174 0000001A         
  175 0000001A         ;;eseguo la somma delle due half-word    
  176 0000001A         ;ADD R12,#16
  177 0000001A         ;ADD R6,R5
  178 0000001A         ;ADD R11,#1
  179 0000001A         ;LSL R10,#16
  180 0000001A         ;B loop



ARM Macro Assembler    Page 5 


  181 0000001A         
  182 0000001A         
  183 0000001A         ;stop   STR R6,[SP,#40]     ;salvo il risultato nella ca
                       sella che avevo lasciato libera
  184 0000001A         ;POP{R2,R3,R4,R5,R10,R11,R12,PC}
  185 0000001A         ;ENDP 
  186 0000001A         
  187 0000001A         ;-------------------------------------------------------
                       -----------------------------------------
  188 0000001A         
  189 0000001A         ;;; SMUSD 
  190 0000001A         
  191 0000001A         subSMUSD
                               PROC
  192 0000001A E92D 5C3C       PUSH             {R2,R3,R4,R5,R10,R11,R12,LR}
  193 0000001E 9808            LDR              R0,[SP,#32]
  194 00000020 9909            LDR              R1,[SP,#36]
  195 00000022 F64F 7AFF       MOV              R10,#0x0000FFFF 
                                                            ;carico maschera
  196 00000026 EA8B 0B0B       EOR              R11,R11     ;azzero contatore
  197 0000002A EA8C 0C0C       EOR              R12,R12     ;azzero shift destr
                                                            o
  198 0000002E         
  199 0000002E F1BB 0F02 
                       loop    CMP              R11,#2
  200 00000032 D023            BEQ              stop
  201 00000034 EA00 020A       AND              R2,R0,R10   ;ricavo half-word
  202 00000038 EA01 030A       AND              R3,R1,R10   ;ricavo half-word
  203 0000003C         
  204 0000003C FA22 F20C       LSR              R2,R12      ;shifto half-word v
                                                            erso estrema destra
                                                            
  205 00000040 FA23 F30C       LSR              R3,R12      ;shifto half-word v
                                                            erso estrema destra
                                                            
  206 00000044         
  207 00000044         ; ricavo segno prima half-word ed eventualmente estendo 
                          
  208 00000044 EA4F 34D2       LSR              R4,R2,#15   ;ricavo MSB per seg
                                                            no
  209 00000048 2C01            CMP              R4,#1
  210 0000004A D101            BNE              next
  211 0000004C F6CF 72FF       MOVT             R2,#0xFFFF  ;se segno 1 estendi
                                                             segno
  212 00000050         
  213 00000050         ; ricavo segno seconda half-word ed eventualmente estend
                       o 
  214 00000050 EA4F 34D3 
                       next    LSR              R4,R3,#15
  215 00000054 2C01            CMP              R4,#1
  216 00000056 D101            BNE              next1
  217 00000058 F6CF 73FF       MOVT             R3,#0xFFFF
  218 0000005C         ;eseguo la molticazione delle due half-word
  219 0000005C FB02 F503 
                       next1   MUL              R5,R2,R3
  220 00000060         
  221 00000060 F1BB 0F00       CMP              R11,#0      ;contatore per cicl
                                                            o
  222 00000064 D101            BNE              diff



ARM Macro Assembler    Page 6 


  223 00000066 462F            MOV              R7,R5       ;salvo risultato pr
                                                            ima MUL
  224 00000068 E001            B                next2
  225 0000006A EBA7 0705 
                       diff    SUB              R7,R5       ;eseguo differenza 
                                                            delle due MUL
  226 0000006E F10C 0C10 
                       next2   ADD              R12,#16
  227 00000072 F10B 0B01       ADD              R11,#1
  228 00000076 EA4F 4A0A       LSL              R10,#16
  229 0000007A E7D8            B                loop
  230 0000007C         
  231 0000007C         
  232 0000007C 970A    stop    STR              R7,[SP,#40] ;salvo il risultato
                                                             nella casella che 
                                                            avevo lasciato libe
                                                            ra
  233 0000007E E8BD 9C3C       POP{R2,R3,R4,R5,R10,R11,R12,PC}
  234 00000082                 ENDP
  235 00000082         
  236 00000082         
  237 00000082         
  238 00000082         
  239 00000082         
  240 00000082         
  241 00000082         
  242 00000082         ; Dummy Exception Handlers (infinite loops which can be 
                       modified)
  243 00000082         
  244 00000082         NMI_Handler
                               PROC
  245 00000082                 EXPORT           NMI_Handler               [WEAK
]
  246 00000082 E7FE            B                .
  247 00000084                 ENDP
  249 00000084         HardFault_Handler
                               PROC
  250 00000084                 EXPORT           HardFault_Handler         [WEAK
]
  251 00000084 E7FE            B                .
  252 00000086                 ENDP
  254 00000086         MemManage_Handler
                               PROC
  255 00000086                 EXPORT           MemManage_Handler         [WEAK
]
  256 00000086 E7FE            B                .
  257 00000088                 ENDP
  259 00000088         BusFault_Handler
                               PROC
  260 00000088                 EXPORT           BusFault_Handler          [WEAK
]
  261 00000088 E7FE            B                .
  262 0000008A                 ENDP
  264 0000008A         UsageFault_Handler
                               PROC
  265 0000008A                 EXPORT           UsageFault_Handler        [WEAK
]
  266 0000008A E7FE            B                .
  267 0000008C                 ENDP



ARM Macro Assembler    Page 7 


  268 0000008C         SVC_Handler
                               PROC
  269 0000008C                 EXPORT           SVC_Handler               [WEAK
]
  270 0000008C E7FE            B                .
  271 0000008E                 ENDP
  273 0000008E         DebugMon_Handler
                               PROC
  274 0000008E                 EXPORT           DebugMon_Handler          [WEAK
]
  275 0000008E E7FE            B                .
  276 00000090                 ENDP
  277 00000090         PendSV_Handler
                               PROC
  278 00000090                 EXPORT           PendSV_Handler            [WEAK
]
  279 00000090 E7FE            B                .
  280 00000092                 ENDP
  281 00000092         SysTick_Handler
                               PROC
  282 00000092                 EXPORT           SysTick_Handler           [WEAK
]
  283 00000092 E7FE            B                .
  284 00000094                 ENDP
  285 00000094         
  286 00000094         Default_Handler
                               PROC
  287 00000094         
  288 00000094                 EXPORT           WDT_IRQHandler            [WEAK
]
  289 00000094                 EXPORT           TIMER0_IRQHandler         [WEAK
]
  290 00000094                 EXPORT           TIMER1_IRQHandler         [WEAK
]
  291 00000094                 EXPORT           TIMER2_IRQHandler         [WEAK
]
  292 00000094                 EXPORT           TIMER3_IRQHandler         [WEAK
]
  293 00000094                 EXPORT           UART0_IRQHandler          [WEAK
]
  294 00000094                 EXPORT           UART1_IRQHandler          [WEAK
]
  295 00000094                 EXPORT           UART2_IRQHandler          [WEAK
]
  296 00000094                 EXPORT           UART3_IRQHandler          [WEAK
]
  297 00000094                 EXPORT           PWM1_IRQHandler           [WEAK
]
  298 00000094                 EXPORT           I2C0_IRQHandler           [WEAK
]
  299 00000094                 EXPORT           I2C1_IRQHandler           [WEAK
]
  300 00000094                 EXPORT           I2C2_IRQHandler           [WEAK
]
  301 00000094                 EXPORT           SPI_IRQHandler            [WEAK
]
  302 00000094                 EXPORT           SSP0_IRQHandler           [WEAK
]
  303 00000094                 EXPORT           SSP1_IRQHandler           [WEAK



ARM Macro Assembler    Page 8 


]
  304 00000094                 EXPORT           PLL0_IRQHandler           [WEAK
]
  305 00000094                 EXPORT           RTC_IRQHandler            [WEAK
]
  306 00000094                 EXPORT           EINT0_IRQHandler          [WEAK
]
  307 00000094                 EXPORT           EINT1_IRQHandler          [WEAK
]
  308 00000094                 EXPORT           EINT2_IRQHandler          [WEAK
]
  309 00000094                 EXPORT           EINT3_IRQHandler          [WEAK
]
  310 00000094                 EXPORT           ADC_IRQHandler            [WEAK
]
  311 00000094                 EXPORT           BOD_IRQHandler            [WEAK
]
  312 00000094                 EXPORT           USB_IRQHandler            [WEAK
]
  313 00000094                 EXPORT           CAN_IRQHandler            [WEAK
]
  314 00000094                 EXPORT           DMA_IRQHandler            [WEAK
]
  315 00000094                 EXPORT           I2S_IRQHandler            [WEAK
]
  316 00000094                 EXPORT           ENET_IRQHandler           [WEAK
]
  317 00000094                 EXPORT           RIT_IRQHandler            [WEAK
]
  318 00000094                 EXPORT           MCPWM_IRQHandler          [WEAK
]
  319 00000094                 EXPORT           QEI_IRQHandler            [WEAK
]
  320 00000094                 EXPORT           PLL1_IRQHandler           [WEAK
]
  321 00000094                 EXPORT           USBActivity_IRQHandler    [WEAK
]
  322 00000094                 EXPORT           CANActivity_IRQHandler    [WEAK
]
  323 00000094         
  324 00000094         WDT_IRQHandler
  325 00000094         TIMER0_IRQHandler
  326 00000094         TIMER1_IRQHandler
  327 00000094         TIMER2_IRQHandler
  328 00000094         TIMER3_IRQHandler
  329 00000094         UART0_IRQHandler
  330 00000094         UART1_IRQHandler
  331 00000094         UART2_IRQHandler
  332 00000094         UART3_IRQHandler
  333 00000094         PWM1_IRQHandler
  334 00000094         I2C0_IRQHandler
  335 00000094         I2C1_IRQHandler
  336 00000094         I2C2_IRQHandler
  337 00000094         SPI_IRQHandler
  338 00000094         SSP0_IRQHandler
  339 00000094         SSP1_IRQHandler
  340 00000094         PLL0_IRQHandler
  341 00000094         RTC_IRQHandler
  342 00000094         EINT0_IRQHandler



ARM Macro Assembler    Page 9 


  343 00000094         EINT1_IRQHandler
  344 00000094         EINT2_IRQHandler
  345 00000094         EINT3_IRQHandler
  346 00000094         ADC_IRQHandler
  347 00000094         BOD_IRQHandler
  348 00000094         USB_IRQHandler
  349 00000094         CAN_IRQHandler
  350 00000094         DMA_IRQHandler
  351 00000094         I2S_IRQHandler
  352 00000094         ENET_IRQHandler
  353 00000094         RIT_IRQHandler
  354 00000094         MCPWM_IRQHandler
  355 00000094         QEI_IRQHandler
  356 00000094         PLL1_IRQHandler
  357 00000094         USBActivity_IRQHandler
  358 00000094         CANActivity_IRQHandler
  359 00000094         
  360 00000094 E7FE            B                .
  361 00000096         
  362 00000096                 ENDP
  363 00000096         
  364 00000096         
  365 00000096 00 00           ALIGN
  366 00000098         
  367 00000098         
  368 00000098         ; User Initial Stack & Heap
  369 00000098         
  370 00000098                 IF               :DEF:__MICROLIB
  377 00000098         
  378 00000098         ;IMPORT  __use_two_region_memory
  379 00000098                 EXPORT           __user_initial_stackheap
  380 00000098         __user_initial_stackheap
  381 00000098         
  382 00000098 4802            LDR              R0, =  Heap_Mem
  383 0000009A 4903            LDR              R1, =(Stack_Mem + Stack_Size)
  384 0000009C 4A01            LDR              R2, = (Heap_Mem +  Heap_Size)
  385 0000009E 4B03            LDR              R3, = Stack_Mem
  386 000000A0 4770            BX               LR
  387 000000A2         
  388 000000A2 00 00           ALIGN
  389 000000A4         
  390 000000A4                 ENDIF
  391 000000A4         
  392 000000A4         
  393 000000A4                 END
              00000000 
              00000200 
              00000000 
Command Line: --debug --xref --cpu=Cortex-M3 --apcs=interwork --depend=.\startu
p_lpc17xx.d -o.\startup_lpc17xx.o -I"Z:\Volumes\HDD\Documenti HDD\Politecnico 2
018:2019\ASE\Keil\ARM\RV31\INC" -I"Z:\Volumes\HDD\Documenti HDD\Politecnico 201
8:2019\ASE\Keil\ARM\CMSIS\Include" -I"Z:\Volumes\HDD\Documenti HDD\Politecnico 
2018:2019\ASE\Keil\ARM\Inc\NXP\LPC17xx" --predefine="__EVAL SETA 1" --list=.\st
artup_lpc17xx.lst startup_LPC17xx.s



ARM Macro Assembler    Page 1 Alphabetic symbol ordering
Relocatable symbols

STACK 00000000

Symbol: STACK
   Definitions
      At line 33 in file startup_LPC17xx.s
   Uses
      None
Comment: STACK unused
Stack_Mem 00000000

Symbol: Stack_Mem
   Definitions
      At line 34 in file startup_LPC17xx.s
   Uses
      At line 383 in file startup_LPC17xx.s
      At line 385 in file startup_LPC17xx.s

__initial_sp 00000200

Symbol: __initial_sp
   Definitions
      At line 35 in file startup_LPC17xx.s
   Uses
      At line 59 in file startup_LPC17xx.s
Comment: __initial_sp used once
3 symbols



ARM Macro Assembler    Page 1 Alphabetic symbol ordering
Relocatable symbols

HEAP 00000000

Symbol: HEAP
   Definitions
      At line 44 in file startup_LPC17xx.s
   Uses
      None
Comment: HEAP unused
Heap_Mem 00000000

Symbol: Heap_Mem
   Definitions
      At line 46 in file startup_LPC17xx.s
   Uses
      At line 382 in file startup_LPC17xx.s
      At line 384 in file startup_LPC17xx.s

__heap_base 00000000

Symbol: __heap_base
   Definitions
      At line 45 in file startup_LPC17xx.s
   Uses
      None
Comment: __heap_base unused
__heap_limit 00000000

Symbol: __heap_limit
   Definitions
      At line 47 in file startup_LPC17xx.s
   Uses
      None
Comment: __heap_limit unused
4 symbols



ARM Macro Assembler    Page 1 Alphabetic symbol ordering
Relocatable symbols

RESET 00000000

Symbol: RESET
   Definitions
      At line 56 in file startup_LPC17xx.s
   Uses
      None
Comment: RESET unused
__Vectors 00000000

Symbol: __Vectors
   Definitions
      At line 59 in file startup_LPC17xx.s
   Uses
      At line 57 in file startup_LPC17xx.s
Comment: __Vectors used once
2 symbols



ARM Macro Assembler    Page 1 Alphabetic symbol ordering
Relocatable symbols

.ARM.__at_0x02FC 00000000

Symbol: .ARM.__at_0x02FC
   Definitions
      At line 115 in file startup_LPC17xx.s
   Uses
      None
Comment: .ARM.__at_0x02FC unused
CRP_Key 00000000

Symbol: CRP_Key
   Definitions
      At line 116 in file startup_LPC17xx.s
   Uses
      None
Comment: CRP_Key unused
2 symbols



ARM Macro Assembler    Page 1 Alphabetic symbol ordering
Relocatable symbols

.text 00000000

Symbol: .text
   Definitions
      At line 120 in file startup_LPC17xx.s
   Uses
      None
Comment: .text unused
ADC_IRQHandler 00000094

Symbol: ADC_IRQHandler
   Definitions
      At line 346 in file startup_LPC17xx.s
   Uses
      At line 99 in file startup_LPC17xx.s
      At line 310 in file startup_LPC17xx.s

BOD_IRQHandler 00000094

Symbol: BOD_IRQHandler
   Definitions
      At line 347 in file startup_LPC17xx.s
   Uses
      At line 100 in file startup_LPC17xx.s
      At line 311 in file startup_LPC17xx.s

BusFault_Handler 00000088

Symbol: BusFault_Handler
   Definitions
      At line 259 in file startup_LPC17xx.s
   Uses
      At line 64 in file startup_LPC17xx.s
      At line 260 in file startup_LPC17xx.s

CANActivity_IRQHandler 00000094

Symbol: CANActivity_IRQHandler
   Definitions
      At line 358 in file startup_LPC17xx.s
   Uses
      At line 111 in file startup_LPC17xx.s
      At line 322 in file startup_LPC17xx.s

CAN_IRQHandler 00000094

Symbol: CAN_IRQHandler
   Definitions
      At line 349 in file startup_LPC17xx.s
   Uses
      At line 102 in file startup_LPC17xx.s
      At line 313 in file startup_LPC17xx.s

DMA_IRQHandler 00000094

Symbol: DMA_IRQHandler
   Definitions
      At line 350 in file startup_LPC17xx.s
   Uses



ARM Macro Assembler    Page 2 Alphabetic symbol ordering
Relocatable symbols

      At line 103 in file startup_LPC17xx.s
      At line 314 in file startup_LPC17xx.s

DebugMon_Handler 0000008E

Symbol: DebugMon_Handler
   Definitions
      At line 273 in file startup_LPC17xx.s
   Uses
      At line 71 in file startup_LPC17xx.s
      At line 274 in file startup_LPC17xx.s

Default_Handler 00000094

Symbol: Default_Handler
   Definitions
      At line 286 in file startup_LPC17xx.s
   Uses
      None
Comment: Default_Handler unused
EINT0_IRQHandler 00000094

Symbol: EINT0_IRQHandler
   Definitions
      At line 342 in file startup_LPC17xx.s
   Uses
      At line 95 in file startup_LPC17xx.s
      At line 306 in file startup_LPC17xx.s

EINT1_IRQHandler 00000094

Symbol: EINT1_IRQHandler
   Definitions
      At line 343 in file startup_LPC17xx.s
   Uses
      At line 96 in file startup_LPC17xx.s
      At line 307 in file startup_LPC17xx.s

EINT2_IRQHandler 00000094

Symbol: EINT2_IRQHandler
   Definitions
      At line 344 in file startup_LPC17xx.s
   Uses
      At line 97 in file startup_LPC17xx.s
      At line 308 in file startup_LPC17xx.s

EINT3_IRQHandler 00000094

Symbol: EINT3_IRQHandler
   Definitions
      At line 345 in file startup_LPC17xx.s
   Uses
      At line 98 in file startup_LPC17xx.s
      At line 309 in file startup_LPC17xx.s

ENET_IRQHandler 00000094

Symbol: ENET_IRQHandler



ARM Macro Assembler    Page 3 Alphabetic symbol ordering
Relocatable symbols

   Definitions
      At line 352 in file startup_LPC17xx.s
   Uses
      At line 105 in file startup_LPC17xx.s
      At line 316 in file startup_LPC17xx.s

HardFault_Handler 00000084

Symbol: HardFault_Handler
   Definitions
      At line 249 in file startup_LPC17xx.s
   Uses
      At line 62 in file startup_LPC17xx.s
      At line 250 in file startup_LPC17xx.s

I2C0_IRQHandler 00000094

Symbol: I2C0_IRQHandler
   Definitions
      At line 334 in file startup_LPC17xx.s
   Uses
      At line 87 in file startup_LPC17xx.s
      At line 298 in file startup_LPC17xx.s

I2C1_IRQHandler 00000094

Symbol: I2C1_IRQHandler
   Definitions
      At line 335 in file startup_LPC17xx.s
   Uses
      At line 88 in file startup_LPC17xx.s
      At line 299 in file startup_LPC17xx.s

I2C2_IRQHandler 00000094

Symbol: I2C2_IRQHandler
   Definitions
      At line 336 in file startup_LPC17xx.s
   Uses
      At line 89 in file startup_LPC17xx.s
      At line 300 in file startup_LPC17xx.s

I2S_IRQHandler 00000094

Symbol: I2S_IRQHandler
   Definitions
      At line 351 in file startup_LPC17xx.s
   Uses
      At line 104 in file startup_LPC17xx.s
      At line 315 in file startup_LPC17xx.s

MCPWM_IRQHandler 00000094

Symbol: MCPWM_IRQHandler
   Definitions
      At line 354 in file startup_LPC17xx.s
   Uses
      At line 107 in file startup_LPC17xx.s
      At line 318 in file startup_LPC17xx.s



ARM Macro Assembler    Page 4 Alphabetic symbol ordering
Relocatable symbols


MemManage_Handler 00000086

Symbol: MemManage_Handler
   Definitions
      At line 254 in file startup_LPC17xx.s
   Uses
      At line 63 in file startup_LPC17xx.s
      At line 255 in file startup_LPC17xx.s

NMI_Handler 00000082

Symbol: NMI_Handler
   Definitions
      At line 244 in file startup_LPC17xx.s
   Uses
      At line 61 in file startup_LPC17xx.s
      At line 245 in file startup_LPC17xx.s

PLL0_IRQHandler 00000094

Symbol: PLL0_IRQHandler
   Definitions
      At line 340 in file startup_LPC17xx.s
   Uses
      At line 93 in file startup_LPC17xx.s
      At line 304 in file startup_LPC17xx.s

PLL1_IRQHandler 00000094

Symbol: PLL1_IRQHandler
   Definitions
      At line 356 in file startup_LPC17xx.s
   Uses
      At line 109 in file startup_LPC17xx.s
      At line 320 in file startup_LPC17xx.s

PWM1_IRQHandler 00000094

Symbol: PWM1_IRQHandler
   Definitions
      At line 333 in file startup_LPC17xx.s
   Uses
      At line 86 in file startup_LPC17xx.s
      At line 297 in file startup_LPC17xx.s

PendSV_Handler 00000090

Symbol: PendSV_Handler
   Definitions
      At line 277 in file startup_LPC17xx.s
   Uses
      At line 73 in file startup_LPC17xx.s
      At line 278 in file startup_LPC17xx.s

QEI_IRQHandler 00000094

Symbol: QEI_IRQHandler
   Definitions



ARM Macro Assembler    Page 5 Alphabetic symbol ordering
Relocatable symbols

      At line 355 in file startup_LPC17xx.s
   Uses
      At line 108 in file startup_LPC17xx.s
      At line 319 in file startup_LPC17xx.s

RIT_IRQHandler 00000094

Symbol: RIT_IRQHandler
   Definitions
      At line 353 in file startup_LPC17xx.s
   Uses
      At line 106 in file startup_LPC17xx.s
      At line 317 in file startup_LPC17xx.s

RTC_IRQHandler 00000094

Symbol: RTC_IRQHandler
   Definitions
      At line 341 in file startup_LPC17xx.s
   Uses
      At line 94 in file startup_LPC17xx.s
      At line 305 in file startup_LPC17xx.s

Reset_Handler 00000000

Symbol: Reset_Handler
   Definitions
      At line 125 in file startup_LPC17xx.s
   Uses
      At line 60 in file startup_LPC17xx.s
      At line 126 in file startup_LPC17xx.s

SPI_IRQHandler 00000094

Symbol: SPI_IRQHandler
   Definitions
      At line 337 in file startup_LPC17xx.s
   Uses
      At line 90 in file startup_LPC17xx.s
      At line 301 in file startup_LPC17xx.s

SSP0_IRQHandler 00000094

Symbol: SSP0_IRQHandler
   Definitions
      At line 338 in file startup_LPC17xx.s
   Uses
      At line 91 in file startup_LPC17xx.s
      At line 302 in file startup_LPC17xx.s

SSP1_IRQHandler 00000094

Symbol: SSP1_IRQHandler
   Definitions
      At line 339 in file startup_LPC17xx.s
   Uses
      At line 92 in file startup_LPC17xx.s
      At line 303 in file startup_LPC17xx.s




ARM Macro Assembler    Page 6 Alphabetic symbol ordering
Relocatable symbols

STOP 00000018

Symbol: STOP
   Definitions
      At line 140 in file startup_LPC17xx.s
   Uses
      At line 140 in file startup_LPC17xx.s
Comment: STOP used once
SVC_Handler 0000008C

Symbol: SVC_Handler
   Definitions
      At line 268 in file startup_LPC17xx.s
   Uses
      At line 70 in file startup_LPC17xx.s
      At line 269 in file startup_LPC17xx.s

SysTick_Handler 00000092

Symbol: SysTick_Handler
   Definitions
      At line 281 in file startup_LPC17xx.s
   Uses
      At line 74 in file startup_LPC17xx.s
      At line 282 in file startup_LPC17xx.s

TIMER0_IRQHandler 00000094

Symbol: TIMER0_IRQHandler
   Definitions
      At line 325 in file startup_LPC17xx.s
   Uses
      At line 78 in file startup_LPC17xx.s
      At line 289 in file startup_LPC17xx.s

TIMER1_IRQHandler 00000094

Symbol: TIMER1_IRQHandler
   Definitions
      At line 326 in file startup_LPC17xx.s
   Uses
      At line 79 in file startup_LPC17xx.s
      At line 290 in file startup_LPC17xx.s

TIMER2_IRQHandler 00000094

Symbol: TIMER2_IRQHandler
   Definitions
      At line 327 in file startup_LPC17xx.s
   Uses
      At line 80 in file startup_LPC17xx.s
      At line 291 in file startup_LPC17xx.s

TIMER3_IRQHandler 00000094

Symbol: TIMER3_IRQHandler
   Definitions
      At line 328 in file startup_LPC17xx.s
   Uses



ARM Macro Assembler    Page 7 Alphabetic symbol ordering
Relocatable symbols

      At line 81 in file startup_LPC17xx.s
      At line 292 in file startup_LPC17xx.s

UART0_IRQHandler 00000094

Symbol: UART0_IRQHandler
   Definitions
      At line 329 in file startup_LPC17xx.s
   Uses
      At line 82 in file startup_LPC17xx.s
      At line 293 in file startup_LPC17xx.s

UART1_IRQHandler 00000094

Symbol: UART1_IRQHandler
   Definitions
      At line 330 in file startup_LPC17xx.s
   Uses
      At line 83 in file startup_LPC17xx.s
      At line 294 in file startup_LPC17xx.s

UART2_IRQHandler 00000094

Symbol: UART2_IRQHandler
   Definitions
      At line 331 in file startup_LPC17xx.s
   Uses
      At line 84 in file startup_LPC17xx.s
      At line 295 in file startup_LPC17xx.s

UART3_IRQHandler 00000094

Symbol: UART3_IRQHandler
   Definitions
      At line 332 in file startup_LPC17xx.s
   Uses
      At line 85 in file startup_LPC17xx.s
      At line 296 in file startup_LPC17xx.s

USBActivity_IRQHandler 00000094

Symbol: USBActivity_IRQHandler
   Definitions
      At line 357 in file startup_LPC17xx.s
   Uses
      At line 110 in file startup_LPC17xx.s
      At line 321 in file startup_LPC17xx.s

USB_IRQHandler 00000094

Symbol: USB_IRQHandler
   Definitions
      At line 348 in file startup_LPC17xx.s
   Uses
      At line 101 in file startup_LPC17xx.s
      At line 312 in file startup_LPC17xx.s

UsageFault_Handler 0000008A




ARM Macro Assembler    Page 8 Alphabetic symbol ordering
Relocatable symbols

Symbol: UsageFault_Handler
   Definitions
      At line 264 in file startup_LPC17xx.s
   Uses
      At line 65 in file startup_LPC17xx.s
      At line 265 in file startup_LPC17xx.s

WDT_IRQHandler 00000094

Symbol: WDT_IRQHandler
   Definitions
      At line 324 in file startup_LPC17xx.s
   Uses
      At line 77 in file startup_LPC17xx.s
      At line 288 in file startup_LPC17xx.s

__user_initial_stackheap 00000098

Symbol: __user_initial_stackheap
   Definitions
      At line 380 in file startup_LPC17xx.s
   Uses
      At line 379 in file startup_LPC17xx.s
Comment: __user_initial_stackheap used once
diff 0000006A

Symbol: diff
   Definitions
      At line 225 in file startup_LPC17xx.s
   Uses
      At line 222 in file startup_LPC17xx.s
Comment: diff used once
loop 0000002E

Symbol: loop
   Definitions
      At line 199 in file startup_LPC17xx.s
   Uses
      At line 229 in file startup_LPC17xx.s
Comment: loop used once
next 00000050

Symbol: next
   Definitions
      At line 214 in file startup_LPC17xx.s
   Uses
      At line 210 in file startup_LPC17xx.s
Comment: next used once
next1 0000005C

Symbol: next1
   Definitions
      At line 219 in file startup_LPC17xx.s
   Uses
      At line 216 in file startup_LPC17xx.s
Comment: next1 used once
next2 0000006E

Symbol: next2



ARM Macro Assembler    Page 9 Alphabetic symbol ordering
Relocatable symbols

   Definitions
      At line 226 in file startup_LPC17xx.s
   Uses
      At line 224 in file startup_LPC17xx.s
Comment: next2 used once
stop 0000007C

Symbol: stop
   Definitions
      At line 232 in file startup_LPC17xx.s
   Uses
      At line 200 in file startup_LPC17xx.s
Comment: stop used once
subSMUSD 0000001A

Symbol: subSMUSD
   Definitions
      At line 191 in file startup_LPC17xx.s
   Uses
      At line 138 in file startup_LPC17xx.s
Comment: subSMUSD used once
56 symbols



ARM Macro Assembler    Page 1 Alphabetic symbol ordering
Absolute symbols

Heap_Size 00000000

Symbol: Heap_Size
   Definitions
      At line 42 in file startup_LPC17xx.s
   Uses
      At line 46 in file startup_LPC17xx.s
      At line 384 in file startup_LPC17xx.s

Stack_Size 00000200

Symbol: Stack_Size
   Definitions
      At line 31 in file startup_LPC17xx.s
   Uses
      At line 34 in file startup_LPC17xx.s
      At line 383 in file startup_LPC17xx.s

2 symbols
406 symbols in table
