


ARM Macro Assembler    Page 1 


    1 00000000         ;/******************************************************
                       ********************//**
    2 00000000         ; * @file     startup_LPC17xx.s
    3 00000000         ; * @brief    CMSIS Cortex-M3 Core Device Startup File f
                       or
    4 00000000         ; *           NXP LPC17xx Device Series
    5 00000000         ; * @version  V1.10
    6 00000000         ; * @date     06. April 2011
    7 00000000         ; *
    8 00000000         ; * @note
    9 00000000         ; * Copyright (C) 2009-2011 ARM Limited. All rights rese
                       rved.
   10 00000000         ; *
   11 00000000         ; * @par
   12 00000000         ; * ARM Limited (ARM) is supplying this software for use
                        with Cortex-M
   13 00000000         ; * processor based microcontrollers.  This file can be 
                       freely distributed
   14 00000000         ; * within development tools that are supporting such AR
                       M based processors.
   15 00000000         ; *
   16 00000000         ; * @par
   17 00000000         ; * THIS SOFTWARE IS PROVIDED "AS IS".  NO WARRANTIES, W
                       HETHER EXPRESS, IMPLIED
   18 00000000         ; * OR STATUTORY, INCLUDING, BUT NOT LIMITED TO, IMPLIED
                        WARRANTIES OF
   19 00000000         ; * MERCHANTABILITY AND FITNESS FOR A PARTICULAR PURPOSE
                        APPLY TO THIS SOFTWARE.
   20 00000000         ; * ARM SHALL NOT, IN ANY CIRCUMSTANCES, BE LIABLE FOR S
                       PECIAL, INCIDENTAL, OR
   21 00000000         ; * CONSEQUENTIAL DAMAGES, FOR ANY REASON WHATSOEVER.
   22 00000000         ; *
   23 00000000         ; ******************************************************
                       ************************/
   24 00000000         
   25 00000000         ; *------- <<< Use Configuration Wizard in Context Menu 
                       >>> ------------------
   26 00000000         
   27 00000000         ; <h> Stack Configuration
   28 00000000         ;   <o> Stack Size (in Bytes) <0x0-0xFFFFFFFF:8>
   29 00000000         ; </h>
   30 00000000         
   31 00000000 00005F00 
                       Stack_Size
                               EQU              0x00005F00
   32 00000000         
   33 00000000                 AREA             STACK, NOINIT, READWRITE, ALIGN
=3
   34 00000000         Stack_Mem
                               SPACE            Stack_Size
   35 00005F00         __initial_sp
   36 00005F00         
   37 00005F00         
   38 00005F00         ; <h> Heap Configuration
   39 00005F00         ;   <o>  Heap Size (in Bytes) <0x0-0xFFFFFFFF:8>
   40 00005F00         ; </h>
   41 00005F00         
   42 00005F00 00000000 
                       Heap_Size



ARM Macro Assembler    Page 2 


                               EQU              0x00000000
   43 00005F00         
   44 00005F00                 AREA             HEAP, NOINIT, READWRITE, ALIGN=
3
   45 00000000         __heap_base
   46 00000000         Heap_Mem
                               SPACE            Heap_Size
   47 00000000         __heap_limit
   48 00000000         
   49 00000000         
   50 00000000                 PRESERVE8
   51 00000000                 THUMB
   52 00000000         
   53 00000000         
   54 00000000         ; Vector Table Mapped to Address 0 at Reset
   55 00000000         
   56 00000000                 AREA             RESET, DATA, READONLY
   57 00000000                 EXPORT           __Vectors
   58 00000000         
   59 00000000 00000000 
                       __Vectors
                               DCD              __initial_sp ; Top of Stack
   60 00000004 00000000        DCD              Reset_Handler ; Reset Handler
   61 00000008 00000000        DCD              NMI_Handler ; NMI Handler
   62 0000000C 00000000        DCD              HardFault_Handler ; Hard Fault 
                                                            Handler
   63 00000010 00000000        DCD              MemManage_Handler 
                                                            ; MPU Fault Handler
                                                            
   64 00000014 00000000        DCD              BusFault_Handler 
                                                            ; Bus Fault Handler
                                                            
   65 00000018 00000000        DCD              UsageFault_Handler ; Usage Faul
                                                            t Handler
   66 0000001C 00000000        DCD              0           ; Reserved
   67 00000020 00000000        DCD              0           ; Reserved
   68 00000024 00000000        DCD              0           ; Reserved
   69 00000028 00000000        DCD              0           ; Reserved
   70 0000002C 00000000        DCD              SVC_Handler ; SVCall Handler
   71 00000030 00000000        DCD              DebugMon_Handler ; Debug Monito
                                                            r Handler
   72 00000034 00000000        DCD              0           ; Reserved
   73 00000038 00000000        DCD              PendSV_Handler ; PendSV Handler
                                                            
   74 0000003C 00000000        DCD              SysTick_Handler 
                                                            ; SysTick Handler
   75 00000040         
   76 00000040         ; External Interrupts
   77 00000040 00000000        DCD              WDT_IRQHandler ; 16: Watchdog T
                                                            imer
   78 00000044 00000000        DCD              TIMER0_IRQHandler ; 17: Timer0
   79 00000048 00000000        DCD              TIMER1_IRQHandler ; 18: Timer1
   80 0000004C 00000000        DCD              TIMER2_IRQHandler ; 19: Timer2
   81 00000050 00000000        DCD              TIMER3_IRQHandler ; 20: Timer3
   82 00000054 00000000        DCD              UART0_IRQHandler ; 21: UART0
   83 00000058 00000000        DCD              UART1_IRQHandler ; 22: UART1
   84 0000005C 00000000        DCD              UART2_IRQHandler ; 23: UART2
   85 00000060 00000000        DCD              UART3_IRQHandler ; 24: UART3
   86 00000064 00000000        DCD              PWM1_IRQHandler ; 25: PWM1



ARM Macro Assembler    Page 3 


   87 00000068 00000000        DCD              I2C0_IRQHandler ; 26: I2C0
   88 0000006C 00000000        DCD              I2C1_IRQHandler ; 27: I2C1
   89 00000070 00000000        DCD              I2C2_IRQHandler ; 28: I2C2
   90 00000074 00000000        DCD              SPI_IRQHandler ; 29: SPI
   91 00000078 00000000        DCD              SSP0_IRQHandler ; 30: SSP0
   92 0000007C 00000000        DCD              SSP1_IRQHandler ; 31: SSP1
   93 00000080 00000000        DCD              PLL0_IRQHandler ; 32: PLL0 Lock
                                                             (Main PLL)
   94 00000084 00000000        DCD              RTC_IRQHandler ; 33: Real Time 
                                                            Clock
   95 00000088 00000000        DCD              EINT0_IRQHandler ; 34: External
                                                             Interrupt 0
   96 0000008C 00000000        DCD              EINT1_IRQHandler ; 35: External
                                                             Interrupt 1
   97 00000090 00000000        DCD              EINT2_IRQHandler ; 36: External
                                                             Interrupt 2
   98 00000094 00000000        DCD              EINT3_IRQHandler ; 37: External
                                                             Interrupt 3
   99 00000098 00000000        DCD              ADC_IRQHandler 
                                                            ; 38: A/D Converter
                                                            
  100 0000009C 00000000        DCD              BOD_IRQHandler ; 39: Brown-Out 
                                                            Detect
  101 000000A0 00000000        DCD              USB_IRQHandler ; 40: USB
  102 000000A4 00000000        DCD              CAN_IRQHandler ; 41: CAN
  103 000000A8 00000000        DCD              DMA_IRQHandler ; 42: General Pu
                                                            rpose DMA
  104 000000AC 00000000        DCD              I2S_IRQHandler ; 43: I2S
  105 000000B0 00000000        DCD              ENET_IRQHandler ; 44: Ethernet
  106 000000B4 00000000        DCD              RIT_IRQHandler ; 45: Repetitive
                                                             Interrupt Timer
  107 000000B8 00000000        DCD              MCPWM_IRQHandler ; 46: Motor Co
                                                            ntrol PWM
  108 000000BC 00000000        DCD              QEI_IRQHandler ; 47: Quadrature
                                                             Encoder Interface
  109 000000C0 00000000        DCD              PLL1_IRQHandler ; 48: PLL1 Lock
                                                             (USB PLL)
  110 000000C4 00000000        DCD              USBActivity_IRQHandler ; 49: US
                                                            B Activity interrup
                                                            t to wakeup
  111 000000C8 00000000        DCD              CANActivity_IRQHandler ; 50: CA
                                                            N Activity interrup
                                                            t to wakeup
  112 000000CC         
  113 000000CC         
  114 000000CC                 IF               :LNOT::DEF:NO_CRP
  115 000000CC                 AREA             |.ARM.__at_0x02FC|, CODE, READO
NLY
  116 00000000 FFFFFFFF 
                       CRP_Key DCD              0xFFFFFFFF
  117 00000004                 ENDIF
  118 00000004         
  119 00000004         
  120 00000004                 AREA             VAR,DATA,READONLY
  121 00000000 00000009 
              00000006 
              00000003 
              00000002 
              00000001 



ARM Macro Assembler    Page 4 


              00000008 
              00000007 
              00000000 
              00000005 
              00000004 
              00000000         DCD              9,6,3,2,1,8,7,0,5,4,0
  122 0000002C 00000003 
                       N       EQU              3
  123 0000002C                 AREA             STACK1,DATA,READWRITE
  124 00000000 00 00 00 
              00 00 00 
              00 00 00 
              00 00 00 
              00 00 00 
              00 00 00 
              00 00 00 
              00 00 00 
              00 00 00 
              00 00 00 
              00 00 00 
              00 00 00 
              00 00 00 
              00 00 00 
              00 00 00 
              00 00 00 
              00 00 00 
              00 00 00 
              00 00 00 
              00 00 00 
              00 00 00 
              00 00 00 
              00 00 00 
              00 00 00 
              00 00 00 
              00 00 00 
              00 00 00 
              00 00 00 
              00 00 00 
              00 00 00 
              00 00 00 
              00 00 00 
              00 00 00 
              00 00 00 
              00 00 00 
              00 00 00 
              00 00 00 
              00 00 00 
              00 00 00 
              00 00 00 
              00 00 00 
              00 00 00 
              00 00 00 
              00 00 00 
              00 00 00 
              00 00 00 
              00 00 00 
              00 00 00 
              00 00 00 
              00 00 00 



ARM Macro Assembler    Page 5 


              00 00 00 
              00 00 00 
              00 00 00 
              00 00 00 
              00 00 00 
              00 00 00 
              00 00 00 
              00 00 00 
              00 00 00 
              00 00 00 
              00 00 00 
              00 00 00 
              00 00 00 
              00 00 00 
              00 00 00 
              00 00 00 
              00 00    stack1  SPACE            200
  125 000000C8 00 00 00 
              00 00 00 
              00 00 00 
              00 00 00 
              00 00 00 
              00 00 00 
              00 00 00 
              00 00 00 
              00 00 00 
              00 00 00 
              00 00 00 
              00 00 00 
              00 00 00 
              00 00 00 
              00 00 00 
              00 00 00 
              00 00 00 
              00 00 00 
              00 00 00 
              00 00 00 
              00 00 00 
              00 00 00 
              00 00 00 
              00 00 00 
              00 00 00 
              00 00 00 
              00 00 00 
              00 00 00 
              00 00 00 
              00 00 00 
              00 00 00 
              00 00 00 
              00 00 00 
              00 00 00 
              00 00 00 
              00 00 00 
              00 00 00 
              00 00 00 
              00 00 00 
              00 00 00 
              00 00 00 
              00 00 00 



ARM Macro Assembler    Page 6 


              00 00 00 
              00 00 00 
              00 00 00 
              00 00 00 
              00 00 00 
              00 00 00 
              00 00 00 
              00 00 00 
              00 00 00 
              00 00 00 
              00 00 00 
              00 00 00 
              00 00 00 
              00 00 00 
              00 00 00 
              00 00 00 
              00 00 00 
              00 00 00 
              00 00 00 
              00 00 00 
              00 00 00 
              00 00 00 
              00 00 00 
              00 00 00 
              00 00    stack2  SPACE            200
  126 00000190 00 00 00 
              00 00 00 
              00 00 00 
              00 00 00 
              00 00 00 
              00 00 00 
              00 00 00 
              00 00 00 
              00 00 00 
              00 00 00 
              00 00 00 
              00 00 00 
              00 00 00 
              00 00 00 
              00 00 00 
              00 00 00 
              00 00 00 
              00 00 00 
              00 00 00 
              00 00 00 
              00 00 00 
              00 00 00 
              00 00 00 
              00 00 00 
              00 00 00 
              00 00 00 
              00 00 00 
              00 00 00 
              00 00 00 
              00 00 00 
              00 00 00 
              00 00 00 
              00 00 00 
              00 00 00 



ARM Macro Assembler    Page 7 


              00 00 00 
              00 00 00 
              00 00 00 
              00 00 00 
              00 00 00 
              00 00 00 
              00 00 00 
              00 00 00 
              00 00 00 
              00 00 00 
              00 00 00 
              00 00 00 
              00 00 00 
              00 00 00 
              00 00 00 
              00 00 00 
              00 00 00 
              00 00 00 
              00 00 00 
              00 00 00 
              00 00 00 
              00 00 00 
              00 00 00 
              00 00 00 
              00 00 00 
              00 00 00 
              00 00 00 
              00 00 00 
              00 00 00 
              00 00 00 
              00 00 00 
              00 00 00 
              00 00    stack3  SPACE            200
  127 00000258                 AREA             |.text|, CODE, READONLY
  128 00000000         
  129 00000000         Reset_Handler
                               PROC
  130 00000000                 EXPORT           Reset_Handler             [WEAK
]
  131 00000000         
  132 00000000         
  133 00000000 4A63            LDR              R2,=VAR
  134 00000002         
  135 00000002 F8DF A190       LDR              R10,=stack1
  136 00000006 F10A 0A04       ADD              R10,#4
  137 0000000A E92D 0404       PUSH             {R10,R2}
  138 0000000E F7FF FFFE       BL               fillStack
  139 00000012 E8BD 0404       POP              {R10,R2}
  140 00000016 4F60            LDR              R7,=stack2
  141 00000018 F107 0704       ADD              R7,#4
  142 0000001C B484            PUSH             {R7,R2}
  143 0000001E F7FF FFFE       BL               fillStack
  144 00000022 BC84            POP              {R7,R2}
  145 00000024 F8DF 8174       LDR              R8,=stack3
  146 00000028 F108 0804       ADD              R8,#4
  147 0000002C E92D 0104       PUSH             {R8,R2}
  148 00000030 F7FF FFFE       BL               fillStack
  149 00000034 E8BD 0104       POP              {R8,R2}
  150 00000038         ;-------------------------------------------------------



ARM Macro Assembler    Page 8 


                       ------  
  151 00000038         ; scegliere due stack per spostamento tra R10,R7,R8  
  152 00000038         ;PUSH{R11} ;ritorno
  153 00000038         ;PUSH{R8} ;sorgente
  154 00000038         ;PUSH{R7} ;destinazione
  155 00000038         ;BL move1
  156 00000038         ;POP {R7}
  157 00000038         ;POP{R8}
  158 00000038         ;POP{R11}
  159 00000038         ;-------------------------------------------------------
                       -------    
  160 00000038        0 
                       sorg    RN               0
  161 00000038        1 
                       dest    RN               1
  162 00000038        2 
                       aux     RN               2
  163 00000038        3 
                       K       RN               3
  164 00000038        4 
                       ritorno RN               4
  165 00000038        5 
                       M       RN               5
  166 00000038         
  167 00000038 F04F 0303       MOV              K,#3
  168 0000003C         
  169 0000003C B480            PUSH             {R7}        ;sorgente
  170 0000003E F84D AD04       PUSH{R10}                    ;destinazione, vuot
                                                            a
  171 00000042 F84D 8D04       PUSH{R8}                     ;aux
  172 00000046 B408            PUSH{K}                      ;K
  173 00000048 F7FF FFFE       BL               moveK
  174 0000004C BC08            POP{K}
  175 0000004E F85D 8B04       POP{R8}
  176 00000052 F85D AB04       POP{R10}
  177 00000056 BC80            POP{R7}
  178 00000058         
  179 00000058         
  180 00000058         ;-------------------------------------------------------
                       ------- 
  181 00000058 E7FE    STOP    B                STOP
  182 0000005A                 ENDP
  183 0000005A         
  184 0000005A         
  185 0000005A         fillStack
                               PROC
  186 0000005A B5F8            PUSH             {R3,R4,R5,R6,R7,LR}
  187 0000005C 9D07            LDR              R5,[SP,#28] ; R5 <-- pointer st
                                                            ack
  188 0000005E 9E06            LDR              R6,[SP,#24] ; R6 <-- pointer me
                                                            moria variabili
  189 00000060 EA84 0404       EOR              R4,R4
  190 00000064         
  191 00000064 F856 3B04 
                       fillLoop
                               LDR              R3,[R6],#4  ;prendo  elemento d
                                                            alla memoria
  192 00000068 2B00            CMP              R3,#0
  193 0000006A D00E            BEQ              control



ARM Macro Assembler    Page 9 


  194 0000006C         
  195 0000006C 2C00            CMP              R4,#0       ; alla prima iteraz
                                                            ione R4 sarà 0 non 
                                                            devo fare confronto
                                                            
  196 0000006E D001            BEQ              over
  197 00000070 42A3            CMP              R3,R4       ; verifico se eleme
                                                            nto già nello stack
                                                             è maggiore di quel
                                                            lo che devo mettere
                                                            , R4 sarà
  198 00000072 D80F            BHI              nextStack   ; il valore all'ite
                                                            razione N-1
  199 00000074 C508    over    STMIA            R5!,{R3}
  200 00000076         
  201 00000076 F856 4B04       LDR              R4,[R6],#4  ; prendo elemento d
                                                            alla memoria
  202 0000007A 2C00            CMP              R4,#0       ; se prendo salto c
                                                            ambio stack
  203 0000007C D00A            BEQ              nextStack
  204 0000007E 429C            CMP              R4,R3       ; verifico se eleme
                                                            nto già nello stack
                                                             è maggiore di quel
                                                            lo che devo mettere
                                                            
  205 00000080 D808            BHI              nextStack
  206 00000082 C510            STMIA            R5!,{R4}
  207 00000084 F107 0701       ADD              R7,#1
  208 00000088 E7EC            B                fillLoop
  209 0000008A         
  210 0000008A 2F00    control CMP              R7,#0       ; controllo se sono
                                                             alla prima iterazi
                                                            one
  211 0000008C D104            BNE              nextStackZero ; se NON sono all
                                                            a prima iterazione 
                                                            e ho preso 0 cambio
                                                             stack
  212 0000008E F107 0701       ADD              R7,#1       ; altrimenti scarto
                                                             lo 0 e non lo inse
                                                            risco
  213 00000092 E7E7            B                fillLoop
  214 00000094         
  215 00000094 F1A6 0604 
                       nextStack
                               SUB              R6,#4
  216 00000098 F1A5 0504 
                       nextStackZero
                               SUB              R5,#4
  217 0000009C 9507            STR              R5,[SP,#28]
  218 0000009E 9606            STR              R6,[SP,#24]
  219 000000A0 BDF8            POP              {R3,R4,R5,R6,R7,PC}
  220 000000A2                 ENDP
  221 000000A2         
  222 000000A2         
  223 000000A2         
  224 000000A2         ;-------------------------------------------------------
                       -------    
  225 000000A2         
  226 000000A2         



ARM Macro Assembler    Page 10 


  227 000000A2         move1   PROC
  228 000000A2 B5F9            PUSH             {R0,R3,R4,R5,R6,R7,LR}
  229 000000A4 9B08            LDR              R3,[SP,#32] ;R5--> pointer stac
                                                            k sorgente,casella 
                                                            vuota
  230 000000A6 9C07            LDR              R4,[SP,#28] ;R6--> pointer stac
                                                            k destinazione,case
                                                            lla vuota
  231 000000A8         
  232 000000A8         
  233 000000A8 681E            LDR              R6,[R3]     ;R6--> copio l'ulti
                                                            mo elemento dalla s
                                                            orgente
  234 000000AA 6827            LDR              R7,[R4]     ;R7--> copio l'ulti
                                                            mo elemento della d
                                                            estinazione
  235 000000AC         
  236 000000AC 2E00            CMP              R6,#0       ;se stack vuoto non
                                                             posso spostare
  237 000000AE D014            BEQ              fail
  238 000000B0         
  239 000000B0 2F00            CMP              R7,#0       ; se la destinazion
                                                            e è vuota posso met
                                                            tere qualsiasi elem
                                                            ento
  240 000000B2 D005            BEQ              ok
  241 000000B4         
  242 000000B4         
  243 000000B4 42BE            CMP              R6,R7
  244 000000B6 D210            BHS              fail
  245 000000B8 F04F 0700       MOV              R7,#0
  246 000000BC         
  247 000000BC F104 0404       ADD              R4,#4       ; aggiorno SP desti
                                                            nazione a cui ho ag
                                                            giunto un elemento
  248 000000C0 601F    ok      STR              R7,[R3]
  249 000000C2         
  250 000000C2 F853 7C04       LDR              R7,[R3,#-4] ;controllo se sto p
                                                            rendendo l'ultimo e
                                                            lemento
  251 000000C6 2F00            CMP              R7,#0
  252 000000C8 BF18            IT               NE          ;se non è l'utimo p
                                                            osso diminuire indi
                                                            rizzo
  253 000000CA 3B04            SUBNE            R3,#4       ; aggiorno SP dello
                                                             stack a cui ho tol
                                                            to un elemento
  254 000000CC         
  255 000000CC 6026            STR              R6,[R4]     ; aggiungo valore a
                                                            lla destinazione
  256 000000CE F04F 0001       MOV              R0,#1       ; salvo valore di r
                                                            itorno
  257 000000D2 9009            STR              R0,[SP,#36] ; salvo valore di r
                                                            itorno
  258 000000D4 9308            STR              R3,[SP,#32] ; aggiorno SP sorge
                                                            nte
  259 000000D6 9407            STR              R4,[SP,#28] ; aggiorno SP desti
                                                            nazione
  260 000000D8 E003            B                return



ARM Macro Assembler    Page 11 


  261 000000DA         
  262 000000DA F04F 0000 
                       fail    MOV              R0,#0       ;imposto valore di 
                                                            ritorno
  263 000000DE 9009            STR              R0,[SP,#36]
  264 000000E0 E7FF            B                return
  265 000000E2         
  266 000000E2 BDF9    return  POP              {R0,R3,R4,R5,R6,R7,PC}
  267 000000E4                 ENDP
  268 000000E4         ;-------------------------------------------------------
                       ------- 
  269 000000E4         
  270 000000E4         
  271 000000E4         moveK   PROC
  272 000000E4 E92D 423F       PUSH{sorg,dest,aux,K,ritorno,M,R9,LR}
  273 000000E8 980B            LDR              sorg,[SP,#44]
  274 000000EA 990A            LDR              dest,[SP,#40]
  275 000000EC 9A09            LDR              aux,[SP,#36]
  276 000000EE 9B08            LDR              K,[SP,#32]
  277 000000F0         
  278 000000F0         
  279 000000F0 F04F 0500       MOV              M,#0
  280 000000F4         
  281 000000F4 2B01            CMP              K,#1
  282 000000F6 D109            BNE              ellse
  283 000000F8 B410            PUSH{ritorno}                ;------ move1(ritor
                                                            no,x,y)----
  284 000000FA B401            PUSH{sorg}
  285 000000FC B402            PUSH{dest}
  286 000000FE F7FF FFFE       BL               move1
  287 00000102 BC02            POP              {dest}
  288 00000104 BC01            POP              {sorg}
  289 00000106 BC10            POP              {ritorno}   ;------ return ----
                                                            -----------
  290 00000108         
  291 00000108 4425            ADD              M,M,ritorno
  292 0000010A E02A            B                fineMove
  293 0000010C         
  294 0000010C F1A3 0901 
                       ellse   SUB              R9,K,#1     ;------ moveK(x,z,y
                                                            ,N-1) ------
  295 00000110         
  296 00000110 B401            PUSH{sorg}
  297 00000112 B404            PUSH{aux}
  298 00000114 B402            PUSH{dest}
  299 00000116 F84D 9D04       PUSH{R9}
  300 0000011A         
  301 0000011A F7FF FFFE       BL               moveK
  302 0000011E         
  303 0000011E F85D 9B04       POP{R9}
  304 00000122 BC02            POP{dest}
  305 00000124 BC04            POP{aux}
  306 00000126 BC01            POP{sorg}                    ;------ return ----
                                                            -----------
  307 00000128         
  308 00000128 444D            ADD              M,M,R9
  309 0000012A         
  310 0000012A B410            PUSH{ritorno}                ;------ move1(ritor
                                                            no,x,y)----



ARM Macro Assembler    Page 12 


  311 0000012C B401            PUSH{sorg}
  312 0000012E B402            PUSH{dest}
  313 00000130         
  314 00000130 F7FF FFFE       BL               move1
  315 00000134         
  316 00000134 BC02            POP              {dest}
  317 00000136 BC01            POP              {sorg}
  318 00000138 BC10            POP              {ritorno}   ;------ return ----
                                                            -----------
  319 0000013A         
  320 0000013A 2C00            CMP              ritorno,#0
  321 0000013C D100            BNE              ellse1
  322 0000013E E010            B                fineMove
  323 00000140         
  324 00000140 F105 0501 
                       ellse1  ADD              M,M,#1
  325 00000144 F1A3 0901       SUB              R9,K,#1     ;------ moveK(z,y,x
                                                            ,N-1) ------
  326 00000148         
  327 00000148 B404            PUSH{aux}
  328 0000014A B402            PUSH{dest}
  329 0000014C B401            PUSH{sorg}
  330 0000014E F84D 9D04       PUSH{R9}
  331 00000152         
  332 00000152 F7FF FFFE       BL               moveK
  333 00000156         
  334 00000156 F85D 9B04       POP{R9}
  335 0000015A BC01            POP{sorg}
  336 0000015C BC02            POP{dest}
  337 0000015E BC04            POP{aux}                     ;------ return ----
                                                            -----------
  338 00000160         
  339 00000160 444D            ADD              M,M,R9
  340 00000162         
  341 00000162 900B    fineMove
                               STR              sorg,[SP,#44]
  342 00000164 910A            STR              dest,[SP,#40]
  343 00000166 9209            STR              aux,[SP,#36]
  344 00000168 9508            STR              M,[SP,#32]  ;aggiorno K con num
                                                            ero pasi fatti
  345 0000016A         
  346 0000016A E8BD 823F       POP{sorg,dest,aux,K,ritorno,M,R9,PC}
  347 0000016E                 ENDP
  348 0000016E         
  349 0000016E         
  350 0000016E         ; Dummy Exception Handlers (infinite loops which can be 
                       modified)
  351 0000016E         
  352 0000016E         NMI_Handler
                               PROC
  353 0000016E                 EXPORT           NMI_Handler               [WEAK
]
  354 0000016E E7FE            B                .
  355 00000170                 ENDP
  357 00000170         HardFault_Handler
                               PROC
  358 00000170                 EXPORT           HardFault_Handler         [WEAK
]
  359 00000170 E7FE            B                .



ARM Macro Assembler    Page 13 


  360 00000172                 ENDP
  362 00000172         MemManage_Handler
                               PROC
  363 00000172                 EXPORT           MemManage_Handler         [WEAK
]
  364 00000172 E7FE            B                .
  365 00000174                 ENDP
  367 00000174         BusFault_Handler
                               PROC
  368 00000174                 EXPORT           BusFault_Handler          [WEAK
]
  369 00000174 E7FE            B                .
  370 00000176                 ENDP
  372 00000176         UsageFault_Handler
                               PROC
  373 00000176                 EXPORT           UsageFault_Handler        [WEAK
]
  374 00000176 E7FE            B                .
  375 00000178                 ENDP
  376 00000178         SVC_Handler
                               PROC
  377 00000178                 EXPORT           SVC_Handler               [WEAK
]
  378 00000178 E7FE            B                .
  379 0000017A                 ENDP
  381 0000017A         DebugMon_Handler
                               PROC
  382 0000017A                 EXPORT           DebugMon_Handler          [WEAK
]
  383 0000017A E7FE            B                .
  384 0000017C                 ENDP
  385 0000017C         PendSV_Handler
                               PROC
  386 0000017C                 EXPORT           PendSV_Handler            [WEAK
]
  387 0000017C E7FE            B                .
  388 0000017E                 ENDP
  389 0000017E         SysTick_Handler
                               PROC
  390 0000017E                 EXPORT           SysTick_Handler           [WEAK
]
  391 0000017E E7FE            B                .
  392 00000180                 ENDP
  393 00000180         
  394 00000180         Default_Handler
                               PROC
  395 00000180         
  396 00000180                 EXPORT           WDT_IRQHandler            [WEAK
]
  397 00000180                 EXPORT           TIMER0_IRQHandler         [WEAK
]
  398 00000180                 EXPORT           TIMER1_IRQHandler         [WEAK
]
  399 00000180                 EXPORT           TIMER2_IRQHandler         [WEAK
]
  400 00000180                 EXPORT           TIMER3_IRQHandler         [WEAK
]
  401 00000180                 EXPORT           UART0_IRQHandler          [WEAK
]



ARM Macro Assembler    Page 14 


  402 00000180                 EXPORT           UART1_IRQHandler          [WEAK
]
  403 00000180                 EXPORT           UART2_IRQHandler          [WEAK
]
  404 00000180                 EXPORT           UART3_IRQHandler          [WEAK
]
  405 00000180                 EXPORT           PWM1_IRQHandler           [WEAK
]
  406 00000180                 EXPORT           I2C0_IRQHandler           [WEAK
]
  407 00000180                 EXPORT           I2C1_IRQHandler           [WEAK
]
  408 00000180                 EXPORT           I2C2_IRQHandler           [WEAK
]
  409 00000180                 EXPORT           SPI_IRQHandler            [WEAK
]
  410 00000180                 EXPORT           SSP0_IRQHandler           [WEAK
]
  411 00000180                 EXPORT           SSP1_IRQHandler           [WEAK
]
  412 00000180                 EXPORT           PLL0_IRQHandler           [WEAK
]
  413 00000180                 EXPORT           RTC_IRQHandler            [WEAK
]
  414 00000180                 EXPORT           EINT0_IRQHandler          [WEAK
]
  415 00000180                 EXPORT           EINT1_IRQHandler          [WEAK
]
  416 00000180                 EXPORT           EINT2_IRQHandler          [WEAK
]
  417 00000180                 EXPORT           EINT3_IRQHandler          [WEAK
]
  418 00000180                 EXPORT           ADC_IRQHandler            [WEAK
]
  419 00000180                 EXPORT           BOD_IRQHandler            [WEAK
]
  420 00000180                 EXPORT           USB_IRQHandler            [WEAK
]
  421 00000180                 EXPORT           CAN_IRQHandler            [WEAK
]
  422 00000180                 EXPORT           DMA_IRQHandler            [WEAK
]
  423 00000180                 EXPORT           I2S_IRQHandler            [WEAK
]
  424 00000180                 EXPORT           ENET_IRQHandler           [WEAK
]
  425 00000180                 EXPORT           RIT_IRQHandler            [WEAK
]
  426 00000180                 EXPORT           MCPWM_IRQHandler          [WEAK
]
  427 00000180                 EXPORT           QEI_IRQHandler            [WEAK
]
  428 00000180                 EXPORT           PLL1_IRQHandler           [WEAK
]
  429 00000180                 EXPORT           USBActivity_IRQHandler    [WEAK
]
  430 00000180                 EXPORT           CANActivity_IRQHandler    [WEAK
]
  431 00000180         



ARM Macro Assembler    Page 15 


  432 00000180         WDT_IRQHandler
  433 00000180         TIMER0_IRQHandler
  434 00000180         TIMER1_IRQHandler
  435 00000180         TIMER2_IRQHandler
  436 00000180         TIMER3_IRQHandler
  437 00000180         UART0_IRQHandler
  438 00000180         UART1_IRQHandler
  439 00000180         UART2_IRQHandler
  440 00000180         UART3_IRQHandler
  441 00000180         PWM1_IRQHandler
  442 00000180         I2C0_IRQHandler
  443 00000180         I2C1_IRQHandler
  444 00000180         I2C2_IRQHandler
  445 00000180         SPI_IRQHandler
  446 00000180         SSP0_IRQHandler
  447 00000180         SSP1_IRQHandler
  448 00000180         PLL0_IRQHandler
  449 00000180         RTC_IRQHandler
  450 00000180         EINT0_IRQHandler
  451 00000180         EINT1_IRQHandler
  452 00000180         EINT2_IRQHandler
  453 00000180         EINT3_IRQHandler
  454 00000180         ADC_IRQHandler
  455 00000180         BOD_IRQHandler
  456 00000180         USB_IRQHandler
  457 00000180         CAN_IRQHandler
  458 00000180         DMA_IRQHandler
  459 00000180         I2S_IRQHandler
  460 00000180         ENET_IRQHandler
  461 00000180         RIT_IRQHandler
  462 00000180         MCPWM_IRQHandler
  463 00000180         QEI_IRQHandler
  464 00000180         PLL1_IRQHandler
  465 00000180         USBActivity_IRQHandler
  466 00000180         CANActivity_IRQHandler
  467 00000180         
  468 00000180 E7FE            B                .
  469 00000182         
  470 00000182                 ENDP
  471 00000182         
  472 00000182         
  473 00000182 00 00           ALIGN
  474 00000184         
  475 00000184         
  476 00000184         ; User Initial Stack & Heap
  477 00000184         
  478 00000184                 IF               :DEF:__MICROLIB
  485 00000184         
  486 00000184         ;IMPORT  __use_two_region_memory
  487 00000184                 EXPORT           __user_initial_stackheap
  488 00000184         __user_initial_stackheap
  489 00000184         
  490 00000184 4806            LDR              R0, =  Heap_Mem
  491 00000186 4907            LDR              R1, =(Stack_Mem + Stack_Size)
  492 00000188 4A05            LDR              R2, = (Heap_Mem +  Heap_Size)
  493 0000018A 4B07            LDR              R3, = Stack_Mem
  494 0000018C 4770            BX               LR
  495 0000018E         
  496 0000018E 00 00           ALIGN



ARM Macro Assembler    Page 16 


  497 00000190         
  498 00000190                 ENDIF
  499 00000190         
  500 00000190         
  501 00000190                 END
              00000000 
              00000000 
              00000000 
              00000000 
              00000000 
              00005F00 
              00000000 
Command Line: --debug --xref --cpu=Cortex-M3 --apcs=interwork --depend=.\startu
p_lpc17xx.d -o.\startup_lpc17xx.o -IC:\users\gabrielemini\Desktop\PROVAKEIL\ARM
\RV31\INC -IC:\users\gabrielemini\Desktop\PROVAKEIL\ARM\CMSIS\Include -IC:\user
s\gabrielemini\Desktop\PROVAKEIL\ARM\Inc\NXP\LPC17xx --predefine="__EVAL SETA 1
" --list=.\startup_lpc17xx.lst startup_LPC17xx.s



ARM Macro Assembler    Page 1 Alphabetic symbol ordering
Relocatable symbols

STACK 00000000

Symbol: STACK
   Definitions
      At line 33 in file startup_LPC17xx.s
   Uses
      None
Comment: STACK unused
Stack_Mem 00000000

Symbol: Stack_Mem
   Definitions
      At line 34 in file startup_LPC17xx.s
   Uses
      At line 491 in file startup_LPC17xx.s
      At line 493 in file startup_LPC17xx.s

__initial_sp 00005F00

Symbol: __initial_sp
   Definitions
      At line 35 in file startup_LPC17xx.s
   Uses
      At line 59 in file startup_LPC17xx.s
Comment: __initial_sp used once
3 symbols



ARM Macro Assembler    Page 1 Alphabetic symbol ordering
Relocatable symbols

HEAP 00000000

Symbol: HEAP
   Definitions
      At line 44 in file startup_LPC17xx.s
   Uses
      None
Comment: HEAP unused
Heap_Mem 00000000

Symbol: Heap_Mem
   Definitions
      At line 46 in file startup_LPC17xx.s
   Uses
      At line 490 in file startup_LPC17xx.s
      At line 492 in file startup_LPC17xx.s

__heap_base 00000000

Symbol: __heap_base
   Definitions
      At line 45 in file startup_LPC17xx.s
   Uses
      None
Comment: __heap_base unused
__heap_limit 00000000

Symbol: __heap_limit
   Definitions
      At line 47 in file startup_LPC17xx.s
   Uses
      None
Comment: __heap_limit unused
4 symbols



ARM Macro Assembler    Page 1 Alphabetic symbol ordering
Relocatable symbols

RESET 00000000

Symbol: RESET
   Definitions
      At line 56 in file startup_LPC17xx.s
   Uses
      None
Comment: RESET unused
__Vectors 00000000

Symbol: __Vectors
   Definitions
      At line 59 in file startup_LPC17xx.s
   Uses
      At line 57 in file startup_LPC17xx.s
Comment: __Vectors used once
2 symbols



ARM Macro Assembler    Page 1 Alphabetic symbol ordering
Relocatable symbols

.ARM.__at_0x02FC 00000000

Symbol: .ARM.__at_0x02FC
   Definitions
      At line 115 in file startup_LPC17xx.s
   Uses
      None
Comment: .ARM.__at_0x02FC unused
CRP_Key 00000000

Symbol: CRP_Key
   Definitions
      At line 116 in file startup_LPC17xx.s
   Uses
      None
Comment: CRP_Key unused
2 symbols



ARM Macro Assembler    Page 1 Alphabetic symbol ordering
Relocatable symbols

VAR 00000000

Symbol: VAR
   Definitions
      At line 120 in file startup_LPC17xx.s
   Uses
      At line 133 in file startup_LPC17xx.s
Comment: VAR used once
1 symbol



ARM Macro Assembler    Page 1 Alphabetic symbol ordering
Relocatable symbols

STACK1 00000000

Symbol: STACK1
   Definitions
      At line 123 in file startup_LPC17xx.s
   Uses
      None
Comment: STACK1 unused
stack1 00000000

Symbol: stack1
   Definitions
      At line 124 in file startup_LPC17xx.s
   Uses
      At line 135 in file startup_LPC17xx.s
Comment: stack1 used once
stack2 000000C8

Symbol: stack2
   Definitions
      At line 125 in file startup_LPC17xx.s
   Uses
      At line 140 in file startup_LPC17xx.s
Comment: stack2 used once
stack3 00000190

Symbol: stack3
   Definitions
      At line 126 in file startup_LPC17xx.s
   Uses
      At line 145 in file startup_LPC17xx.s
Comment: stack3 used once
4 symbols



ARM Macro Assembler    Page 1 Alphabetic symbol ordering
Relocatable symbols

.text 00000000

Symbol: .text
   Definitions
      At line 127 in file startup_LPC17xx.s
   Uses
      None
Comment: .text unused
ADC_IRQHandler 00000180

Symbol: ADC_IRQHandler
   Definitions
      At line 454 in file startup_LPC17xx.s
   Uses
      At line 99 in file startup_LPC17xx.s
      At line 418 in file startup_LPC17xx.s

BOD_IRQHandler 00000180

Symbol: BOD_IRQHandler
   Definitions
      At line 455 in file startup_LPC17xx.s
   Uses
      At line 100 in file startup_LPC17xx.s
      At line 419 in file startup_LPC17xx.s

BusFault_Handler 00000174

Symbol: BusFault_Handler
   Definitions
      At line 367 in file startup_LPC17xx.s
   Uses
      At line 64 in file startup_LPC17xx.s
      At line 368 in file startup_LPC17xx.s

CANActivity_IRQHandler 00000180

Symbol: CANActivity_IRQHandler
   Definitions
      At line 466 in file startup_LPC17xx.s
   Uses
      At line 111 in file startup_LPC17xx.s
      At line 430 in file startup_LPC17xx.s

CAN_IRQHandler 00000180

Symbol: CAN_IRQHandler
   Definitions
      At line 457 in file startup_LPC17xx.s
   Uses
      At line 102 in file startup_LPC17xx.s
      At line 421 in file startup_LPC17xx.s

DMA_IRQHandler 00000180

Symbol: DMA_IRQHandler
   Definitions
      At line 458 in file startup_LPC17xx.s
   Uses



ARM Macro Assembler    Page 2 Alphabetic symbol ordering
Relocatable symbols

      At line 103 in file startup_LPC17xx.s
      At line 422 in file startup_LPC17xx.s

DebugMon_Handler 0000017A

Symbol: DebugMon_Handler
   Definitions
      At line 381 in file startup_LPC17xx.s
   Uses
      At line 71 in file startup_LPC17xx.s
      At line 382 in file startup_LPC17xx.s

Default_Handler 00000180

Symbol: Default_Handler
   Definitions
      At line 394 in file startup_LPC17xx.s
   Uses
      None
Comment: Default_Handler unused
EINT0_IRQHandler 00000180

Symbol: EINT0_IRQHandler
   Definitions
      At line 450 in file startup_LPC17xx.s
   Uses
      At line 95 in file startup_LPC17xx.s
      At line 414 in file startup_LPC17xx.s

EINT1_IRQHandler 00000180

Symbol: EINT1_IRQHandler
   Definitions
      At line 451 in file startup_LPC17xx.s
   Uses
      At line 96 in file startup_LPC17xx.s
      At line 415 in file startup_LPC17xx.s

EINT2_IRQHandler 00000180

Symbol: EINT2_IRQHandler
   Definitions
      At line 452 in file startup_LPC17xx.s
   Uses
      At line 97 in file startup_LPC17xx.s
      At line 416 in file startup_LPC17xx.s

EINT3_IRQHandler 00000180

Symbol: EINT3_IRQHandler
   Definitions
      At line 453 in file startup_LPC17xx.s
   Uses
      At line 98 in file startup_LPC17xx.s
      At line 417 in file startup_LPC17xx.s

ENET_IRQHandler 00000180

Symbol: ENET_IRQHandler



ARM Macro Assembler    Page 3 Alphabetic symbol ordering
Relocatable symbols

   Definitions
      At line 460 in file startup_LPC17xx.s
   Uses
      At line 105 in file startup_LPC17xx.s
      At line 424 in file startup_LPC17xx.s

HardFault_Handler 00000170

Symbol: HardFault_Handler
   Definitions
      At line 357 in file startup_LPC17xx.s
   Uses
      At line 62 in file startup_LPC17xx.s
      At line 358 in file startup_LPC17xx.s

I2C0_IRQHandler 00000180

Symbol: I2C0_IRQHandler
   Definitions
      At line 442 in file startup_LPC17xx.s
   Uses
      At line 87 in file startup_LPC17xx.s
      At line 406 in file startup_LPC17xx.s

I2C1_IRQHandler 00000180

Symbol: I2C1_IRQHandler
   Definitions
      At line 443 in file startup_LPC17xx.s
   Uses
      At line 88 in file startup_LPC17xx.s
      At line 407 in file startup_LPC17xx.s

I2C2_IRQHandler 00000180

Symbol: I2C2_IRQHandler
   Definitions
      At line 444 in file startup_LPC17xx.s
   Uses
      At line 89 in file startup_LPC17xx.s
      At line 408 in file startup_LPC17xx.s

I2S_IRQHandler 00000180

Symbol: I2S_IRQHandler
   Definitions
      At line 459 in file startup_LPC17xx.s
   Uses
      At line 104 in file startup_LPC17xx.s
      At line 423 in file startup_LPC17xx.s

MCPWM_IRQHandler 00000180

Symbol: MCPWM_IRQHandler
   Definitions
      At line 462 in file startup_LPC17xx.s
   Uses
      At line 107 in file startup_LPC17xx.s
      At line 426 in file startup_LPC17xx.s



ARM Macro Assembler    Page 4 Alphabetic symbol ordering
Relocatable symbols


MemManage_Handler 00000172

Symbol: MemManage_Handler
   Definitions
      At line 362 in file startup_LPC17xx.s
   Uses
      At line 63 in file startup_LPC17xx.s
      At line 363 in file startup_LPC17xx.s

NMI_Handler 0000016E

Symbol: NMI_Handler
   Definitions
      At line 352 in file startup_LPC17xx.s
   Uses
      At line 61 in file startup_LPC17xx.s
      At line 353 in file startup_LPC17xx.s

PLL0_IRQHandler 00000180

Symbol: PLL0_IRQHandler
   Definitions
      At line 448 in file startup_LPC17xx.s
   Uses
      At line 93 in file startup_LPC17xx.s
      At line 412 in file startup_LPC17xx.s

PLL1_IRQHandler 00000180

Symbol: PLL1_IRQHandler
   Definitions
      At line 464 in file startup_LPC17xx.s
   Uses
      At line 109 in file startup_LPC17xx.s
      At line 428 in file startup_LPC17xx.s

PWM1_IRQHandler 00000180

Symbol: PWM1_IRQHandler
   Definitions
      At line 441 in file startup_LPC17xx.s
   Uses
      At line 86 in file startup_LPC17xx.s
      At line 405 in file startup_LPC17xx.s

PendSV_Handler 0000017C

Symbol: PendSV_Handler
   Definitions
      At line 385 in file startup_LPC17xx.s
   Uses
      At line 73 in file startup_LPC17xx.s
      At line 386 in file startup_LPC17xx.s

QEI_IRQHandler 00000180

Symbol: QEI_IRQHandler
   Definitions



ARM Macro Assembler    Page 5 Alphabetic symbol ordering
Relocatable symbols

      At line 463 in file startup_LPC17xx.s
   Uses
      At line 108 in file startup_LPC17xx.s
      At line 427 in file startup_LPC17xx.s

RIT_IRQHandler 00000180

Symbol: RIT_IRQHandler
   Definitions
      At line 461 in file startup_LPC17xx.s
   Uses
      At line 106 in file startup_LPC17xx.s
      At line 425 in file startup_LPC17xx.s

RTC_IRQHandler 00000180

Symbol: RTC_IRQHandler
   Definitions
      At line 449 in file startup_LPC17xx.s
   Uses
      At line 94 in file startup_LPC17xx.s
      At line 413 in file startup_LPC17xx.s

Reset_Handler 00000000

Symbol: Reset_Handler
   Definitions
      At line 129 in file startup_LPC17xx.s
   Uses
      At line 60 in file startup_LPC17xx.s
      At line 130 in file startup_LPC17xx.s

SPI_IRQHandler 00000180

Symbol: SPI_IRQHandler
   Definitions
      At line 445 in file startup_LPC17xx.s
   Uses
      At line 90 in file startup_LPC17xx.s
      At line 409 in file startup_LPC17xx.s

SSP0_IRQHandler 00000180

Symbol: SSP0_IRQHandler
   Definitions
      At line 446 in file startup_LPC17xx.s
   Uses
      At line 91 in file startup_LPC17xx.s
      At line 410 in file startup_LPC17xx.s

SSP1_IRQHandler 00000180

Symbol: SSP1_IRQHandler
   Definitions
      At line 447 in file startup_LPC17xx.s
   Uses
      At line 92 in file startup_LPC17xx.s
      At line 411 in file startup_LPC17xx.s




ARM Macro Assembler    Page 6 Alphabetic symbol ordering
Relocatable symbols

STOP 00000058

Symbol: STOP
   Definitions
      At line 181 in file startup_LPC17xx.s
   Uses
      At line 181 in file startup_LPC17xx.s
Comment: STOP used once
SVC_Handler 00000178

Symbol: SVC_Handler
   Definitions
      At line 376 in file startup_LPC17xx.s
   Uses
      At line 70 in file startup_LPC17xx.s
      At line 377 in file startup_LPC17xx.s

SysTick_Handler 0000017E

Symbol: SysTick_Handler
   Definitions
      At line 389 in file startup_LPC17xx.s
   Uses
      At line 74 in file startup_LPC17xx.s
      At line 390 in file startup_LPC17xx.s

TIMER0_IRQHandler 00000180

Symbol: TIMER0_IRQHandler
   Definitions
      At line 433 in file startup_LPC17xx.s
   Uses
      At line 78 in file startup_LPC17xx.s
      At line 397 in file startup_LPC17xx.s

TIMER1_IRQHandler 00000180

Symbol: TIMER1_IRQHandler
   Definitions
      At line 434 in file startup_LPC17xx.s
   Uses
      At line 79 in file startup_LPC17xx.s
      At line 398 in file startup_LPC17xx.s

TIMER2_IRQHandler 00000180

Symbol: TIMER2_IRQHandler
   Definitions
      At line 435 in file startup_LPC17xx.s
   Uses
      At line 80 in file startup_LPC17xx.s
      At line 399 in file startup_LPC17xx.s

TIMER3_IRQHandler 00000180

Symbol: TIMER3_IRQHandler
   Definitions
      At line 436 in file startup_LPC17xx.s
   Uses



ARM Macro Assembler    Page 7 Alphabetic symbol ordering
Relocatable symbols

      At line 81 in file startup_LPC17xx.s
      At line 400 in file startup_LPC17xx.s

UART0_IRQHandler 00000180

Symbol: UART0_IRQHandler
   Definitions
      At line 437 in file startup_LPC17xx.s
   Uses
      At line 82 in file startup_LPC17xx.s
      At line 401 in file startup_LPC17xx.s

UART1_IRQHandler 00000180

Symbol: UART1_IRQHandler
   Definitions
      At line 438 in file startup_LPC17xx.s
   Uses
      At line 83 in file startup_LPC17xx.s
      At line 402 in file startup_LPC17xx.s

UART2_IRQHandler 00000180

Symbol: UART2_IRQHandler
   Definitions
      At line 439 in file startup_LPC17xx.s
   Uses
      At line 84 in file startup_LPC17xx.s
      At line 403 in file startup_LPC17xx.s

UART3_IRQHandler 00000180

Symbol: UART3_IRQHandler
   Definitions
      At line 440 in file startup_LPC17xx.s
   Uses
      At line 85 in file startup_LPC17xx.s
      At line 404 in file startup_LPC17xx.s

USBActivity_IRQHandler 00000180

Symbol: USBActivity_IRQHandler
   Definitions
      At line 465 in file startup_LPC17xx.s
   Uses
      At line 110 in file startup_LPC17xx.s
      At line 429 in file startup_LPC17xx.s

USB_IRQHandler 00000180

Symbol: USB_IRQHandler
   Definitions
      At line 456 in file startup_LPC17xx.s
   Uses
      At line 101 in file startup_LPC17xx.s
      At line 420 in file startup_LPC17xx.s

UsageFault_Handler 00000176




ARM Macro Assembler    Page 8 Alphabetic symbol ordering
Relocatable symbols

Symbol: UsageFault_Handler
   Definitions
      At line 372 in file startup_LPC17xx.s
   Uses
      At line 65 in file startup_LPC17xx.s
      At line 373 in file startup_LPC17xx.s

WDT_IRQHandler 00000180

Symbol: WDT_IRQHandler
   Definitions
      At line 432 in file startup_LPC17xx.s
   Uses
      At line 77 in file startup_LPC17xx.s
      At line 396 in file startup_LPC17xx.s

__user_initial_stackheap 00000184

Symbol: __user_initial_stackheap
   Definitions
      At line 488 in file startup_LPC17xx.s
   Uses
      At line 487 in file startup_LPC17xx.s
Comment: __user_initial_stackheap used once
control 0000008A

Symbol: control
   Definitions
      At line 210 in file startup_LPC17xx.s
   Uses
      At line 193 in file startup_LPC17xx.s
Comment: control used once
ellse 0000010C

Symbol: ellse
   Definitions
      At line 294 in file startup_LPC17xx.s
   Uses
      At line 282 in file startup_LPC17xx.s
Comment: ellse used once
ellse1 00000140

Symbol: ellse1
   Definitions
      At line 324 in file startup_LPC17xx.s
   Uses
      At line 321 in file startup_LPC17xx.s
Comment: ellse1 used once
fail 000000DA

Symbol: fail
   Definitions
      At line 262 in file startup_LPC17xx.s
   Uses
      At line 237 in file startup_LPC17xx.s
      At line 244 in file startup_LPC17xx.s

fillLoop 00000064




ARM Macro Assembler    Page 9 Alphabetic symbol ordering
Relocatable symbols

Symbol: fillLoop
   Definitions
      At line 191 in file startup_LPC17xx.s
   Uses
      At line 208 in file startup_LPC17xx.s
      At line 213 in file startup_LPC17xx.s

fillStack 0000005A

Symbol: fillStack
   Definitions
      At line 185 in file startup_LPC17xx.s
   Uses
      At line 138 in file startup_LPC17xx.s
      At line 143 in file startup_LPC17xx.s
      At line 148 in file startup_LPC17xx.s

fineMove 00000162

Symbol: fineMove
   Definitions
      At line 341 in file startup_LPC17xx.s
   Uses
      At line 292 in file startup_LPC17xx.s
      At line 322 in file startup_LPC17xx.s

move1 000000A2

Symbol: move1
   Definitions
      At line 227 in file startup_LPC17xx.s
   Uses
      At line 286 in file startup_LPC17xx.s
      At line 314 in file startup_LPC17xx.s

moveK 000000E4

Symbol: moveK
   Definitions
      At line 271 in file startup_LPC17xx.s
   Uses
      At line 173 in file startup_LPC17xx.s
      At line 301 in file startup_LPC17xx.s
      At line 332 in file startup_LPC17xx.s

nextStack 00000094

Symbol: nextStack
   Definitions
      At line 215 in file startup_LPC17xx.s
   Uses
      At line 198 in file startup_LPC17xx.s
      At line 203 in file startup_LPC17xx.s
      At line 205 in file startup_LPC17xx.s

nextStackZero 00000098

Symbol: nextStackZero
   Definitions



ARM Macro Assembler    Page 10 Alphabetic symbol ordering
Relocatable symbols

      At line 216 in file startup_LPC17xx.s
   Uses
      At line 211 in file startup_LPC17xx.s
Comment: nextStackZero used once
ok 000000C0

Symbol: ok
   Definitions
      At line 248 in file startup_LPC17xx.s
   Uses
      At line 240 in file startup_LPC17xx.s
Comment: ok used once
over 00000074

Symbol: over
   Definitions
      At line 199 in file startup_LPC17xx.s
   Uses
      At line 196 in file startup_LPC17xx.s
Comment: over used once
return 000000E2

Symbol: return
   Definitions
      At line 266 in file startup_LPC17xx.s
   Uses
      At line 260 in file startup_LPC17xx.s
      At line 264 in file startup_LPC17xx.s

63 symbols



ARM Macro Assembler    Page 1 Alphabetic symbol ordering
Absolute symbols

Heap_Size 00000000

Symbol: Heap_Size
   Definitions
      At line 42 in file startup_LPC17xx.s
   Uses
      At line 46 in file startup_LPC17xx.s
      At line 492 in file startup_LPC17xx.s

N 00000003

Symbol: N
   Definitions
      At line 122 in file startup_LPC17xx.s
   Uses
      None
Comment: N unused
Stack_Size 00005F00

Symbol: Stack_Size
   Definitions
      At line 31 in file startup_LPC17xx.s
   Uses
      At line 34 in file startup_LPC17xx.s
      At line 491 in file startup_LPC17xx.s

3 symbols
425 symbols in table
