


ARM Macro Assembler    Page 1 


    1 00000000         ;/******************************************************
                       ********************//**
    2 00000000         ; * @file     startup_LPC17xx.s
    3 00000000         ; * @brief    CMSIS Cortex-M3 Core Device Startup File f
                       or
    4 00000000         ; *           NXP LPC17xx Device Series
    5 00000000         ; * @version  V1.10
    6 00000000         ; * @date     06. April 2011
    7 00000000         ; *
    8 00000000         ; * @note
    9 00000000         ; * Copyright (C) 2009-2011 ARM Limited. All rights rese
                       rved.
   10 00000000         ; *
   11 00000000         ; * @par
   12 00000000         ; * ARM Limited (ARM) is supplying this software for use
                        with Cortex-M
   13 00000000         ; * processor based microcontrollers.  This file can be 
                       freely distributed
   14 00000000         ; * within development tools that are supporting such AR
                       M based processors.
   15 00000000         ; *
   16 00000000         ; * @par
   17 00000000         ; * THIS SOFTWARE IS PROVIDED "AS IS".  NO WARRANTIES, W
                       HETHER EXPRESS, IMPLIED
   18 00000000         ; * OR STATUTORY, INCLUDING, BUT NOT LIMITED TO, IMPLIED
                        WARRANTIES OF
   19 00000000         ; * MERCHANTABILITY AND FITNESS FOR A PARTICULAR PURPOSE
                        APPLY TO THIS SOFTWARE.
   20 00000000         ; * ARM SHALL NOT, IN ANY CIRCUMSTANCES, BE LIABLE FOR S
                       PECIAL, INCIDENTAL, OR
   21 00000000         ; * CONSEQUENTIAL DAMAGES, FOR ANY REASON WHATSOEVER.
   22 00000000         ; *
   23 00000000         ; ******************************************************
                       ************************/
   24 00000000         
   25 00000000         ; *------- <<< Use Configuration Wizard in Context Menu 
                       >>> ------------------
   26 00000000         
   27 00000000         ; <h> Stack Configuration
   28 00000000         ;   <o> Stack Size (in Bytes) <0x0-0xFFFFFFFF:8>
   29 00000000         ; </h>
   30 00000000         
   31 00000000 00000200 
                       Stack_Size
                               EQU              0x00000200
   32 00000000         
   33 00000000                 AREA             STACK, NOINIT, READWRITE, ALIGN
=3
   34 00000000         Stack_Mem
                               SPACE            Stack_Size
   35 00000200         __initial_sp
   36 00000200         
   37 00000200         
   38 00000200         ; <h> Heap Configuration
   39 00000200         ;   <o>  Heap Size (in Bytes) <0x0-0xFFFFFFFF:8>
   40 00000200         ; </h>
   41 00000200         
   42 00000200 00000000 
                       Heap_Size



ARM Macro Assembler    Page 2 


                               EQU              0x00000000
   43 00000200         
   44 00000200                 AREA             HEAP, NOINIT, READWRITE, ALIGN=
3
   45 00000000         __heap_base
   46 00000000         Heap_Mem
                               SPACE            Heap_Size
   47 00000000         __heap_limit
   48 00000000         
   49 00000000         
   50 00000000                 PRESERVE8
   51 00000000                 THUMB
   52 00000000         
   53 00000000         
   54 00000000         ; Vector Table Mapped to Address 0 at Reset
   55 00000000         
   56 00000000                 AREA             RESET, DATA, READONLY
   57 00000000                 EXPORT           __Vectors
   58 00000000         
   59 00000000 00000000 
                       __Vectors
                               DCD              __initial_sp ; Top of Stack
   60 00000004 00000000        DCD              Reset_Handler ; Reset Handler
   61 00000008 00000000        DCD              NMI_Handler ; NMI Handler
   62 0000000C 00000000        DCD              HardFault_Handler ; Hard Fault 
                                                            Handler
   63 00000010 00000000        DCD              MemManage_Handler 
                                                            ; MPU Fault Handler
                                                            
   64 00000014 00000000        DCD              BusFault_Handler 
                                                            ; Bus Fault Handler
                                                            
   65 00000018 00000000        DCD              UsageFault_Handler ; Usage Faul
                                                            t Handler
   66 0000001C 00000000        DCD              0           ; Reserved
   67 00000020 00000000        DCD              0           ; Reserved
   68 00000024 00000000        DCD              0           ; Reserved
   69 00000028 00000000        DCD              0           ; Reserved
   70 0000002C 00000000        DCD              SVC_Handler ; SVCall Handler
   71 00000030 00000000        DCD              DebugMon_Handler ; Debug Monito
                                                            r Handler
   72 00000034 00000000        DCD              0           ; Reserved
   73 00000038 00000000        DCD              PendSV_Handler ; PendSV Handler
                                                            
   74 0000003C 00000000        DCD              SysTick_Handler 
                                                            ; SysTick Handler
   75 00000040         
   76 00000040         ; External Interrupts
   77 00000040 00000000        DCD              WDT_IRQHandler ; 16: Watchdog T
                                                            imer
   78 00000044 00000000        DCD              TIMER0_IRQHandler ; 17: Timer0
   79 00000048 00000000        DCD              TIMER1_IRQHandler ; 18: Timer1
   80 0000004C 00000000        DCD              TIMER2_IRQHandler ; 19: Timer2
   81 00000050 00000000        DCD              TIMER3_IRQHandler ; 20: Timer3
   82 00000054 00000000        DCD              UART0_IRQHandler ; 21: UART0
   83 00000058 00000000        DCD              UART1_IRQHandler ; 22: UART1
   84 0000005C 00000000        DCD              UART2_IRQHandler ; 23: UART2
   85 00000060 00000000        DCD              UART3_IRQHandler ; 24: UART3
   86 00000064 00000000        DCD              PWM1_IRQHandler ; 25: PWM1



ARM Macro Assembler    Page 3 


   87 00000068 00000000        DCD              I2C0_IRQHandler ; 26: I2C0
   88 0000006C 00000000        DCD              I2C1_IRQHandler ; 27: I2C1
   89 00000070 00000000        DCD              I2C2_IRQHandler ; 28: I2C2
   90 00000074 00000000        DCD              SPI_IRQHandler ; 29: SPI
   91 00000078 00000000        DCD              SSP0_IRQHandler ; 30: SSP0
   92 0000007C 00000000        DCD              SSP1_IRQHandler ; 31: SSP1
   93 00000080 00000000        DCD              PLL0_IRQHandler ; 32: PLL0 Lock
                                                             (Main PLL)
   94 00000084 00000000        DCD              RTC_IRQHandler ; 33: Real Time 
                                                            Clock
   95 00000088 00000000        DCD              EINT0_IRQHandler ; 34: External
                                                             Interrupt 0
   96 0000008C 00000000        DCD              EINT1_IRQHandler ; 35: External
                                                             Interrupt 1
   97 00000090 00000000        DCD              EINT2_IRQHandler ; 36: External
                                                             Interrupt 2
   98 00000094 00000000        DCD              EINT3_IRQHandler ; 37: External
                                                             Interrupt 3
   99 00000098 00000000        DCD              ADC_IRQHandler 
                                                            ; 38: A/D Converter
                                                            
  100 0000009C 00000000        DCD              BOD_IRQHandler ; 39: Brown-Out 
                                                            Detect
  101 000000A0 00000000        DCD              USB_IRQHandler ; 40: USB
  102 000000A4 00000000        DCD              CAN_IRQHandler ; 41: CAN
  103 000000A8 00000000        DCD              DMA_IRQHandler ; 42: General Pu
                                                            rpose DMA
  104 000000AC 00000000        DCD              I2S_IRQHandler ; 43: I2S
  105 000000B0 00000000        DCD              ENET_IRQHandler ; 44: Ethernet
  106 000000B4 00000000        DCD              RIT_IRQHandler ; 45: Repetitive
                                                             Interrupt Timer
  107 000000B8 00000000        DCD              MCPWM_IRQHandler ; 46: Motor Co
                                                            ntrol PWM
  108 000000BC 00000000        DCD              QEI_IRQHandler ; 47: Quadrature
                                                             Encoder Interface
  109 000000C0 00000000        DCD              PLL1_IRQHandler ; 48: PLL1 Lock
                                                             (USB PLL)
  110 000000C4 00000000        DCD              USBActivity_IRQHandler ; 49: US
                                                            B Activity interrup
                                                            t to wakeup
  111 000000C8 00000000        DCD              CANActivity_IRQHandler ; 50: CA
                                                            N Activity interrup
                                                            t to wakeup
  112 000000CC         
  113 000000CC         
  114 000000CC                 IF               :LNOT::DEF:NO_CRP
  115 000000CC                 AREA             |.ARM.__at_0x02FC|, CODE, READO
NLY
  116 00000000 FFFFFFFF 
                       CRP_Key DCD              0xFFFFFFFF
  117 00000004                 ENDIF
  118 00000004         
  119 00000004                 AREA             source, DATA,READONLY
  120 00000000         
  121 00000000         ;mat1   DCD  4,-3,5,1
  122 00000000         ;DCD  3,-5,0,11
  123 00000000         ;DCD  -5,12,4,-5
  124 00000000         
  125 00000000         



ARM Macro Assembler    Page 4 


  126 00000000         ;mat2   DCD  -2,3
  127 00000000         ;DCD  5,-1
  128 00000000         ;DCD  4,3
  129 00000000         ;DCD  9,-7
  130 00000000 00000BB8 
              000036B0 
              FFFFC568 
              00002328 
              00006590 
              FFFF30F8 
              00001388 mat1    DCD              0x00000BB8, 0x000036B0, 0xFFFFC
568, 0x00002328, 0x00006590, 0xFFFF30F8, 0x00001388
  131 0000001C 00015BA8 
              00013498 
              00000BB8 
              000059D8 
              00014820 
              FFFFE890 
              FFFF8AD0         DCD              0x00015BA8, 0x00013498, 0x00000
BB8, 0x000059D8, 0x00014820, 0xFFFFE890, 0xFFFF8AD0
  132 00000038 0000A7F8 
              FFFFF448 
              00014438 
              00006978 
              FFFFDCD8 
              0000C350 
              00006D60         DCD              0x0000A7F8, 0xFFFFF448, 0x00014
438, 0x00006978, 0xFFFFDCD8, 0x0000C350, 0x00006D60
  133 00000054 FFFEA840 
              0000A028 
              00017AE8 
              FFFE6DA8 
              00010D88 
              00009858 
              FFFFDCD8         DCD              0xFFFEA840, 0x0000A028, 0x00017
AE8, 0xFFFE6DA8, 0x00010D88, 0x00009858, 0xFFFFDCD8
  134 00000070         
  135 00000070 00009088 
              FFFE7578 
              00000000 
              0000E290 
              FFFFB1E0 mat2    DCD              0x00009088, 0xFFFE7578, 0x0,  0
x0000E290, 0xFFFFB1E0
  136 00000084 00002328 
              00012110 
              00016F30 
              FFFFF060 
              0000E678         DCD              0x00002328, 0x00012110, 0x00016
F30, 0xFFFFF060, 0x0000E678
  137 00000098 FFFFA628 
              00015F90 
              FFFECF50 
              00003E80 
              FFFFF060         DCD              0xFFFFA628, 0x00015F90, 0xFFFEC
F50, 0x00003E80, 0xFFFFF060
  138 000000AC 00000000 
              FFFF0DD0 
              00014FF0 
              00004E20 



ARM Macro Assembler    Page 5 


              00015BA8         DCD              0x0,  0xFFFF0DD0, 0x00014FF0, 0
x00004E20, 0x00015BA8
  139 000000C0 00002328 
              00014FF0 
              00006D60 
              00000000 
              FFFF7B30         DCD              0x00002328, 0x00014FF0, 0x00006
D60, 0x0,  0xFFFF7B30
  140 000000D4 00014050 
              00001388 
              000084D0 
              FFFFADF8 
              000003E8         DCD              0x00014050, 0x00001388, 0x00008
4D0, 0xFFFFADF8, 0x000003E8
  141 000000E8 00011170 
              FFFEFA48 
              00002328 
              00014050 
              000036B0         DCD              0x00011170, 0xFFFEFA48, 0x00002
328, 0x00014050, 0x000036B0
  142 000000FC         
  143 000000FC         
  144 000000FC 00000004 
                       N       EQU              4
  145 000000FC 00000007 
                       M       EQU              7
  146 000000FC 00000005 
                       P       EQU              5
  147 000000FC         
  148 000000FC                 AREA             result, DATA,READWRITE
  149 00000000 00 00 00 
              00 00 00 
              00 00 00 
              00 00 00 
              00 00 00 
              00 00 00 
              00 00 00 
              00 00 00 
              00 00 00 
              00 00 00 
              00 00 00 
              00 00 00 
              00 00 00 
              00 00 00 
              00 00 00 
              00 00 00 
              00 00 00 
              00 00 00 
              00 00 00 
              00 00 00 
              00 00 00 
              00 00 00 
              00 00 00 
              00 00 00 
              00 00 00 
              00 00 00 
              00 00 00 
              00 00 00 
              00 00 00 



ARM Macro Assembler    Page 6 


              00 00 00 
              00 00 00 
              00 00 00 
              00 00 00 
              00 00 00 
              00 00 00 
              00 00 00 
              00 00 00 
              00 00 00 
              00 00 00 
              00 00 00 
              00 00 00 
              00 00 00 
              00 00 00 
              00 00 00 
              00 00 00 
              00 00 00 
              00 00 00 
              00 00 00 
              00 00 00 
              00 00 00 
              00 00 00 
              00 00 00 
              00 00 00 
              00 00 00 
              00 00 00 
              00 00 00 
              00 00 00 
              00 00 00 
              00 00 00 
              00 00 00 
              00 00 00 
              00 00 00 
              00 00 00 
              00 00 00 
              00 00 00 
              00 00 00 
              00 00    res     space            200
  150 000000C8                 AREA             |.text|, CODE, READONLY
  151 00000000         
  152 00000000         
  153 00000000         ; Reset Handler
  154 00000000         
  155 00000000         Reset_Handler
                               PROC
  156 00000000                 EXPORT           Reset_Handler             [WEAK
]
  157 00000000         
  158 00000000 4835            ldr              r0,=mat1
  159 00000002 4936            ldr              r1,=mat2
  160 00000004 4A36            ldr              r2,=res
  161 00000006 B407            push{r0,r1,r2}
  162 00000008 F7FF FFFE       bl               moltiplica
  163 0000000C BC07            pop{r0,r1,r2}
  164 0000000E         
  165 0000000E E7FE    stop    b                stop
  166 00000010         
  167 00000010                 ENDP
  168 00000010         



ARM Macro Assembler    Page 7 


  169 00000010         moltiplica
                               proc
  170 00000010 E92D 5FFF       push{r0-r12,lr}
  171 00000014         
  172 00000014 980E            ldr              r0,[sp,#14*4] ;mat1
  173 00000016 990F            ldr              r1,[sp,#15*4] ;mat2
  174 00000018 9A10            ldr              r2,[sp,#16*4] ;result
  175 0000001A         
  176 0000001A F1BA 0F04 
                       loop3   cmp              r10,#N
  177 0000001E D049            beq              fine
  178 00000020 F1BB 0F05 
                       loop2   cmp              r11,#P
  179 00000024 D01F            beq              prossimaRiga
  180 00000026 F1BC 0F07 
                       loop1   cmp              r12,#M
  181 0000002A D008            beq              ripristina
  182 0000002C F850 3B04       ldr              r3,[r0],#4
  183 00000030 F851 4B14       ldr              r4,[r1],#4*P
  184 00000034 FBC3 5604       smlal            r5,r6,r3,r4
  185 00000038 F10C 0C01       add              r12,#1
  186 0000003C E7F3            b                loop1
  187 0000003E         
  188 0000003E E01C    ripristina
                               b                controllo
  189 00000040 F842 5B04 
                       salva   str              r5,[r2],#4
  190 00000044 F1A0 001C       sub              r0,#4*M
  191 00000048 EA8C 0C0C       eor              r12,r12
  192 0000004C F10B 0B01       add              r11,#1
  193 00000050 990F            ldr              r1,[sp,#15*4] ;mat2
  194 00000052 EA4F 0B8B       lsl              r11,#2
  195 00000056 4459            add              r1,r11
  196 00000058 EA4F 0B9B       lsr              r11,#2
  197 0000005C EA85 0505       eor              r5,r5
  198 00000060 EA86 0606       eor              r6,r6
  199 00000064 E7DC            b                loop2
  200 00000066         
  201 00000066 F100 001C 
                       prossimaRiga
                               add              r0,#4*M
  202 0000006A 990F            ldr              r1,[sp,#15*4] ;mat2
  203 0000006C EA8B 0B0B       eor              r11,r11
  204 00000070 EA8C 0C0C       eor              r12,r12
  205 00000074 F10A 0A01       add              r10,#1      ;contatore righe
  206 00000078 E7CF            b                loop3
  207 0000007A         
  208 0000007A F1B6 3FFF 
                       controllo
                               cmp              r6,#0xFFFFFFFF
  209 0000007E D007            beq              checkF
  210 00000080 2E00            cmp              r6,#0x00000000
  211 00000082 D00C            beq              check0
  212 00000084 F006 4900       and              r9,r6,#0x80000000
  213 00000088 F1B9 0F00       cmp              r9,#0
  214 0000008C D00C            beq              overflowPOS
  215 0000008E D10E            bne              overflowNEG
  216 00000090         
  217 00000090 F005 4700 



ARM Macro Assembler    Page 8 


                       checkF  and              r7,r5,#0x80000000
  218 00000094 EA4F 77D7       lsr              r7,#31
  219 00000098 2F01            cmp              r7,#1
  220 0000009A D108            bne              overflowNEG
  221 0000009C E7D0            b                salva
  222 0000009E         
  223 0000009E F005 4700 
                       check0  and              r7,r5,#0x80000000
  224 000000A2 2F00            cmp              r7,#0
  225 000000A4 D100            bne              overflowPOS
  226 000000A6 E7CB            b                salva
  227 000000A8         
  228 000000A8 F06F 4500 
                       overflowPOS
                               mov              r5,#0x7fffffff
  229 000000AC E7C8            b                salva
  230 000000AE         
  231 000000AE F04F 4500 
                       overflowNEG
                               mov              r5,#0x80000000
  232 000000B2 E7C5            b                salva
  233 000000B4         
  234 000000B4         
  235 000000B4         
  236 000000B4 E8BD 9FFF 
                       fine    pop{r0-r12,pc}
  237 000000B8                 endp
  238 000000B8         
  239 000000B8         
  240 000000B8         ; Dummy Exception Handlers (infinite loops which can be 
                       modified)
  241 000000B8         
  242 000000B8         NMI_Handler
                               PROC
  243 000000B8                 EXPORT           NMI_Handler               [WEAK
]
  244 000000B8 E7FE            B                .
  245 000000BA                 ENDP
  247 000000BA         HardFault_Handler
                               PROC
  248 000000BA                 EXPORT           HardFault_Handler         [WEAK
]
  249 000000BA E7FE            B                .
  250 000000BC                 ENDP
  252 000000BC         MemManage_Handler
                               PROC
  253 000000BC                 EXPORT           MemManage_Handler         [WEAK
]
  254 000000BC E7FE            B                .
  255 000000BE                 ENDP
  257 000000BE         BusFault_Handler
                               PROC
  258 000000BE                 EXPORT           BusFault_Handler          [WEAK
]
  259 000000BE E7FE            B                .
  260 000000C0                 ENDP
  262 000000C0         UsageFault_Handler
                               PROC
  263 000000C0                 EXPORT           UsageFault_Handler        [WEAK



ARM Macro Assembler    Page 9 


]
  264 000000C0 E7FE            B                .
  265 000000C2                 ENDP
  266 000000C2         SVC_Handler
                               PROC
  267 000000C2                 EXPORT           SVC_Handler               [WEAK
]
  268 000000C2 E7FE            B                .
  269 000000C4                 ENDP
  271 000000C4         DebugMon_Handler
                               PROC
  272 000000C4                 EXPORT           DebugMon_Handler          [WEAK
]
  273 000000C4 E7FE            B                .
  274 000000C6                 ENDP
  275 000000C6         PendSV_Handler
                               PROC
  276 000000C6                 EXPORT           PendSV_Handler            [WEAK
]
  277 000000C6 E7FE            B                .
  278 000000C8                 ENDP
  279 000000C8         SysTick_Handler
                               PROC
  280 000000C8                 EXPORT           SysTick_Handler           [WEAK
]
  281 000000C8 E7FE            B                .
  282 000000CA                 ENDP
  283 000000CA         
  284 000000CA         Default_Handler
                               PROC
  285 000000CA         
  286 000000CA                 EXPORT           WDT_IRQHandler            [WEAK
]
  287 000000CA                 EXPORT           TIMER0_IRQHandler         [WEAK
]
  288 000000CA                 EXPORT           TIMER1_IRQHandler         [WEAK
]
  289 000000CA                 EXPORT           TIMER2_IRQHandler         [WEAK
]
  290 000000CA                 EXPORT           TIMER3_IRQHandler         [WEAK
]
  291 000000CA                 EXPORT           UART0_IRQHandler          [WEAK
]
  292 000000CA                 EXPORT           UART1_IRQHandler          [WEAK
]
  293 000000CA                 EXPORT           UART2_IRQHandler          [WEAK
]
  294 000000CA                 EXPORT           UART3_IRQHandler          [WEAK
]
  295 000000CA                 EXPORT           PWM1_IRQHandler           [WEAK
]
  296 000000CA                 EXPORT           I2C0_IRQHandler           [WEAK
]
  297 000000CA                 EXPORT           I2C1_IRQHandler           [WEAK
]
  298 000000CA                 EXPORT           I2C2_IRQHandler           [WEAK
]
  299 000000CA                 EXPORT           SPI_IRQHandler            [WEAK
]



ARM Macro Assembler    Page 10 


  300 000000CA                 EXPORT           SSP0_IRQHandler           [WEAK
]
  301 000000CA                 EXPORT           SSP1_IRQHandler           [WEAK
]
  302 000000CA                 EXPORT           PLL0_IRQHandler           [WEAK
]
  303 000000CA                 EXPORT           RTC_IRQHandler            [WEAK
]
  304 000000CA                 EXPORT           EINT0_IRQHandler          [WEAK
]
  305 000000CA                 EXPORT           EINT1_IRQHandler          [WEAK
]
  306 000000CA                 EXPORT           EINT2_IRQHandler          [WEAK
]
  307 000000CA                 EXPORT           EINT3_IRQHandler          [WEAK
]
  308 000000CA                 EXPORT           ADC_IRQHandler            [WEAK
]
  309 000000CA                 EXPORT           BOD_IRQHandler            [WEAK
]
  310 000000CA                 EXPORT           USB_IRQHandler            [WEAK
]
  311 000000CA                 EXPORT           CAN_IRQHandler            [WEAK
]
  312 000000CA                 EXPORT           DMA_IRQHandler            [WEAK
]
  313 000000CA                 EXPORT           I2S_IRQHandler            [WEAK
]
  314 000000CA                 EXPORT           ENET_IRQHandler           [WEAK
]
  315 000000CA                 EXPORT           RIT_IRQHandler            [WEAK
]
  316 000000CA                 EXPORT           MCPWM_IRQHandler          [WEAK
]
  317 000000CA                 EXPORT           QEI_IRQHandler            [WEAK
]
  318 000000CA                 EXPORT           PLL1_IRQHandler           [WEAK
]
  319 000000CA                 EXPORT           USBActivity_IRQHandler    [WEAK
]
  320 000000CA                 EXPORT           CANActivity_IRQHandler    [WEAK
]
  321 000000CA         
  322 000000CA         WDT_IRQHandler
  323 000000CA         TIMER0_IRQHandler
  324 000000CA         TIMER1_IRQHandler
  325 000000CA         TIMER2_IRQHandler
  326 000000CA         TIMER3_IRQHandler
  327 000000CA         UART0_IRQHandler
  328 000000CA         UART1_IRQHandler
  329 000000CA         UART2_IRQHandler
  330 000000CA         UART3_IRQHandler
  331 000000CA         PWM1_IRQHandler
  332 000000CA         I2C0_IRQHandler
  333 000000CA         I2C1_IRQHandler
  334 000000CA         I2C2_IRQHandler
  335 000000CA         SPI_IRQHandler
  336 000000CA         SSP0_IRQHandler
  337 000000CA         SSP1_IRQHandler



ARM Macro Assembler    Page 11 


  338 000000CA         PLL0_IRQHandler
  339 000000CA         RTC_IRQHandler
  340 000000CA         EINT0_IRQHandler
  341 000000CA         EINT1_IRQHandler
  342 000000CA         EINT2_IRQHandler
  343 000000CA         EINT3_IRQHandler
  344 000000CA         ADC_IRQHandler
  345 000000CA         BOD_IRQHandler
  346 000000CA         USB_IRQHandler
  347 000000CA         CAN_IRQHandler
  348 000000CA         DMA_IRQHandler
  349 000000CA         I2S_IRQHandler
  350 000000CA         ENET_IRQHandler
  351 000000CA         RIT_IRQHandler
  352 000000CA         MCPWM_IRQHandler
  353 000000CA         QEI_IRQHandler
  354 000000CA         PLL1_IRQHandler
  355 000000CA         USBActivity_IRQHandler
  356 000000CA         CANActivity_IRQHandler
  357 000000CA         
  358 000000CA E7FE            B                .
  359 000000CC         
  360 000000CC                 ENDP
  361 000000CC         
  362 000000CC         
  363 000000CC                 ALIGN
  364 000000CC         
  365 000000CC         
  366 000000CC         ; User Initial Stack & Heap
  367 000000CC         
  368 000000CC                 IF               :DEF:__MICROLIB
  375 000000CC         
  376 000000CC         ;IMPORT  __use_two_region_memory
  377 000000CC                 EXPORT           __user_initial_stackheap
  378 000000CC         __user_initial_stackheap
  379 000000CC         
  380 000000CC 4805            LDR              R0, =  Heap_Mem
  381 000000CE 4906            LDR              R1, =(Stack_Mem + Stack_Size)
  382 000000D0 4A04            LDR              R2, = (Heap_Mem +  Heap_Size)
  383 000000D2 4B06            LDR              R3, = Stack_Mem
  384 000000D4 4770            BX               LR
  385 000000D6         
  386 000000D6 00 00           ALIGN
  387 000000D8         
  388 000000D8                 ENDIF
  389 000000D8         
  390 000000D8         
  391 000000D8                 END
              00000000 
              00000000 
              00000000 
              00000000 
              00000200 
              00000000 
Command Line: --debug --xref --cpu=Cortex-M3 --apcs=interwork --depend=.\startu
p_lpc17xx.d -o.\startup_lpc17xx.o -IC:\users\gabrielemini\Desktop\PROVAKEIL\ARM
\RV31\INC -IC:\users\gabrielemini\Desktop\PROVAKEIL\ARM\CMSIS\Include -IC:\user
s\gabrielemini\Desktop\PROVAKEIL\ARM\Inc\NXP\LPC17xx --predefine="__EVAL SETA 1
" --list=.\startup_lpc17xx.lst startup_LPC17xx.s



ARM Macro Assembler    Page 1 Alphabetic symbol ordering
Relocatable symbols

STACK 00000000

Symbol: STACK
   Definitions
      At line 33 in file startup_LPC17xx.s
   Uses
      None
Comment: STACK unused
Stack_Mem 00000000

Symbol: Stack_Mem
   Definitions
      At line 34 in file startup_LPC17xx.s
   Uses
      At line 381 in file startup_LPC17xx.s
      At line 383 in file startup_LPC17xx.s

__initial_sp 00000200

Symbol: __initial_sp
   Definitions
      At line 35 in file startup_LPC17xx.s
   Uses
      At line 59 in file startup_LPC17xx.s
Comment: __initial_sp used once
3 symbols



ARM Macro Assembler    Page 1 Alphabetic symbol ordering
Relocatable symbols

HEAP 00000000

Symbol: HEAP
   Definitions
      At line 44 in file startup_LPC17xx.s
   Uses
      None
Comment: HEAP unused
Heap_Mem 00000000

Symbol: Heap_Mem
   Definitions
      At line 46 in file startup_LPC17xx.s
   Uses
      At line 380 in file startup_LPC17xx.s
      At line 382 in file startup_LPC17xx.s

__heap_base 00000000

Symbol: __heap_base
   Definitions
      At line 45 in file startup_LPC17xx.s
   Uses
      None
Comment: __heap_base unused
__heap_limit 00000000

Symbol: __heap_limit
   Definitions
      At line 47 in file startup_LPC17xx.s
   Uses
      None
Comment: __heap_limit unused
4 symbols



ARM Macro Assembler    Page 1 Alphabetic symbol ordering
Relocatable symbols

RESET 00000000

Symbol: RESET
   Definitions
      At line 56 in file startup_LPC17xx.s
   Uses
      None
Comment: RESET unused
__Vectors 00000000

Symbol: __Vectors
   Definitions
      At line 59 in file startup_LPC17xx.s
   Uses
      At line 57 in file startup_LPC17xx.s
Comment: __Vectors used once
2 symbols



ARM Macro Assembler    Page 1 Alphabetic symbol ordering
Relocatable symbols

.ARM.__at_0x02FC 00000000

Symbol: .ARM.__at_0x02FC
   Definitions
      At line 115 in file startup_LPC17xx.s
   Uses
      None
Comment: .ARM.__at_0x02FC unused
CRP_Key 00000000

Symbol: CRP_Key
   Definitions
      At line 116 in file startup_LPC17xx.s
   Uses
      None
Comment: CRP_Key unused
2 symbols



ARM Macro Assembler    Page 1 Alphabetic symbol ordering
Relocatable symbols

mat1 00000000

Symbol: mat1
   Definitions
      At line 130 in file startup_LPC17xx.s
   Uses
      At line 158 in file startup_LPC17xx.s
Comment: mat1 used once
mat2 00000070

Symbol: mat2
   Definitions
      At line 135 in file startup_LPC17xx.s
   Uses
      At line 159 in file startup_LPC17xx.s
Comment: mat2 used once
source 00000000

Symbol: source
   Definitions
      At line 119 in file startup_LPC17xx.s
   Uses
      None
Comment: source unused
3 symbols



ARM Macro Assembler    Page 1 Alphabetic symbol ordering
Relocatable symbols

res 00000000

Symbol: res
   Definitions
      At line 149 in file startup_LPC17xx.s
   Uses
      At line 160 in file startup_LPC17xx.s
Comment: res used once
result 00000000

Symbol: result
   Definitions
      At line 148 in file startup_LPC17xx.s
   Uses
      None
Comment: result unused
2 symbols



ARM Macro Assembler    Page 1 Alphabetic symbol ordering
Relocatable symbols

.text 00000000

Symbol: .text
   Definitions
      At line 150 in file startup_LPC17xx.s
   Uses
      None
Comment: .text unused
ADC_IRQHandler 000000CA

Symbol: ADC_IRQHandler
   Definitions
      At line 344 in file startup_LPC17xx.s
   Uses
      At line 99 in file startup_LPC17xx.s
      At line 308 in file startup_LPC17xx.s

BOD_IRQHandler 000000CA

Symbol: BOD_IRQHandler
   Definitions
      At line 345 in file startup_LPC17xx.s
   Uses
      At line 100 in file startup_LPC17xx.s
      At line 309 in file startup_LPC17xx.s

BusFault_Handler 000000BE

Symbol: BusFault_Handler
   Definitions
      At line 257 in file startup_LPC17xx.s
   Uses
      At line 64 in file startup_LPC17xx.s
      At line 258 in file startup_LPC17xx.s

CANActivity_IRQHandler 000000CA

Symbol: CANActivity_IRQHandler
   Definitions
      At line 356 in file startup_LPC17xx.s
   Uses
      At line 111 in file startup_LPC17xx.s
      At line 320 in file startup_LPC17xx.s

CAN_IRQHandler 000000CA

Symbol: CAN_IRQHandler
   Definitions
      At line 347 in file startup_LPC17xx.s
   Uses
      At line 102 in file startup_LPC17xx.s
      At line 311 in file startup_LPC17xx.s

DMA_IRQHandler 000000CA

Symbol: DMA_IRQHandler
   Definitions
      At line 348 in file startup_LPC17xx.s
   Uses



ARM Macro Assembler    Page 2 Alphabetic symbol ordering
Relocatable symbols

      At line 103 in file startup_LPC17xx.s
      At line 312 in file startup_LPC17xx.s

DebugMon_Handler 000000C4

Symbol: DebugMon_Handler
   Definitions
      At line 271 in file startup_LPC17xx.s
   Uses
      At line 71 in file startup_LPC17xx.s
      At line 272 in file startup_LPC17xx.s

Default_Handler 000000CA

Symbol: Default_Handler
   Definitions
      At line 284 in file startup_LPC17xx.s
   Uses
      None
Comment: Default_Handler unused
EINT0_IRQHandler 000000CA

Symbol: EINT0_IRQHandler
   Definitions
      At line 340 in file startup_LPC17xx.s
   Uses
      At line 95 in file startup_LPC17xx.s
      At line 304 in file startup_LPC17xx.s

EINT1_IRQHandler 000000CA

Symbol: EINT1_IRQHandler
   Definitions
      At line 341 in file startup_LPC17xx.s
   Uses
      At line 96 in file startup_LPC17xx.s
      At line 305 in file startup_LPC17xx.s

EINT2_IRQHandler 000000CA

Symbol: EINT2_IRQHandler
   Definitions
      At line 342 in file startup_LPC17xx.s
   Uses
      At line 97 in file startup_LPC17xx.s
      At line 306 in file startup_LPC17xx.s

EINT3_IRQHandler 000000CA

Symbol: EINT3_IRQHandler
   Definitions
      At line 343 in file startup_LPC17xx.s
   Uses
      At line 98 in file startup_LPC17xx.s
      At line 307 in file startup_LPC17xx.s

ENET_IRQHandler 000000CA

Symbol: ENET_IRQHandler



ARM Macro Assembler    Page 3 Alphabetic symbol ordering
Relocatable symbols

   Definitions
      At line 350 in file startup_LPC17xx.s
   Uses
      At line 105 in file startup_LPC17xx.s
      At line 314 in file startup_LPC17xx.s

HardFault_Handler 000000BA

Symbol: HardFault_Handler
   Definitions
      At line 247 in file startup_LPC17xx.s
   Uses
      At line 62 in file startup_LPC17xx.s
      At line 248 in file startup_LPC17xx.s

I2C0_IRQHandler 000000CA

Symbol: I2C0_IRQHandler
   Definitions
      At line 332 in file startup_LPC17xx.s
   Uses
      At line 87 in file startup_LPC17xx.s
      At line 296 in file startup_LPC17xx.s

I2C1_IRQHandler 000000CA

Symbol: I2C1_IRQHandler
   Definitions
      At line 333 in file startup_LPC17xx.s
   Uses
      At line 88 in file startup_LPC17xx.s
      At line 297 in file startup_LPC17xx.s

I2C2_IRQHandler 000000CA

Symbol: I2C2_IRQHandler
   Definitions
      At line 334 in file startup_LPC17xx.s
   Uses
      At line 89 in file startup_LPC17xx.s
      At line 298 in file startup_LPC17xx.s

I2S_IRQHandler 000000CA

Symbol: I2S_IRQHandler
   Definitions
      At line 349 in file startup_LPC17xx.s
   Uses
      At line 104 in file startup_LPC17xx.s
      At line 313 in file startup_LPC17xx.s

MCPWM_IRQHandler 000000CA

Symbol: MCPWM_IRQHandler
   Definitions
      At line 352 in file startup_LPC17xx.s
   Uses
      At line 107 in file startup_LPC17xx.s
      At line 316 in file startup_LPC17xx.s



ARM Macro Assembler    Page 4 Alphabetic symbol ordering
Relocatable symbols


MemManage_Handler 000000BC

Symbol: MemManage_Handler
   Definitions
      At line 252 in file startup_LPC17xx.s
   Uses
      At line 63 in file startup_LPC17xx.s
      At line 253 in file startup_LPC17xx.s

NMI_Handler 000000B8

Symbol: NMI_Handler
   Definitions
      At line 242 in file startup_LPC17xx.s
   Uses
      At line 61 in file startup_LPC17xx.s
      At line 243 in file startup_LPC17xx.s

PLL0_IRQHandler 000000CA

Symbol: PLL0_IRQHandler
   Definitions
      At line 338 in file startup_LPC17xx.s
   Uses
      At line 93 in file startup_LPC17xx.s
      At line 302 in file startup_LPC17xx.s

PLL1_IRQHandler 000000CA

Symbol: PLL1_IRQHandler
   Definitions
      At line 354 in file startup_LPC17xx.s
   Uses
      At line 109 in file startup_LPC17xx.s
      At line 318 in file startup_LPC17xx.s

PWM1_IRQHandler 000000CA

Symbol: PWM1_IRQHandler
   Definitions
      At line 331 in file startup_LPC17xx.s
   Uses
      At line 86 in file startup_LPC17xx.s
      At line 295 in file startup_LPC17xx.s

PendSV_Handler 000000C6

Symbol: PendSV_Handler
   Definitions
      At line 275 in file startup_LPC17xx.s
   Uses
      At line 73 in file startup_LPC17xx.s
      At line 276 in file startup_LPC17xx.s

QEI_IRQHandler 000000CA

Symbol: QEI_IRQHandler
   Definitions



ARM Macro Assembler    Page 5 Alphabetic symbol ordering
Relocatable symbols

      At line 353 in file startup_LPC17xx.s
   Uses
      At line 108 in file startup_LPC17xx.s
      At line 317 in file startup_LPC17xx.s

RIT_IRQHandler 000000CA

Symbol: RIT_IRQHandler
   Definitions
      At line 351 in file startup_LPC17xx.s
   Uses
      At line 106 in file startup_LPC17xx.s
      At line 315 in file startup_LPC17xx.s

RTC_IRQHandler 000000CA

Symbol: RTC_IRQHandler
   Definitions
      At line 339 in file startup_LPC17xx.s
   Uses
      At line 94 in file startup_LPC17xx.s
      At line 303 in file startup_LPC17xx.s

Reset_Handler 00000000

Symbol: Reset_Handler
   Definitions
      At line 155 in file startup_LPC17xx.s
   Uses
      At line 60 in file startup_LPC17xx.s
      At line 156 in file startup_LPC17xx.s

SPI_IRQHandler 000000CA

Symbol: SPI_IRQHandler
   Definitions
      At line 335 in file startup_LPC17xx.s
   Uses
      At line 90 in file startup_LPC17xx.s
      At line 299 in file startup_LPC17xx.s

SSP0_IRQHandler 000000CA

Symbol: SSP0_IRQHandler
   Definitions
      At line 336 in file startup_LPC17xx.s
   Uses
      At line 91 in file startup_LPC17xx.s
      At line 300 in file startup_LPC17xx.s

SSP1_IRQHandler 000000CA

Symbol: SSP1_IRQHandler
   Definitions
      At line 337 in file startup_LPC17xx.s
   Uses
      At line 92 in file startup_LPC17xx.s
      At line 301 in file startup_LPC17xx.s




ARM Macro Assembler    Page 6 Alphabetic symbol ordering
Relocatable symbols

SVC_Handler 000000C2

Symbol: SVC_Handler
   Definitions
      At line 266 in file startup_LPC17xx.s
   Uses
      At line 70 in file startup_LPC17xx.s
      At line 267 in file startup_LPC17xx.s

SysTick_Handler 000000C8

Symbol: SysTick_Handler
   Definitions
      At line 279 in file startup_LPC17xx.s
   Uses
      At line 74 in file startup_LPC17xx.s
      At line 280 in file startup_LPC17xx.s

TIMER0_IRQHandler 000000CA

Symbol: TIMER0_IRQHandler
   Definitions
      At line 323 in file startup_LPC17xx.s
   Uses
      At line 78 in file startup_LPC17xx.s
      At line 287 in file startup_LPC17xx.s

TIMER1_IRQHandler 000000CA

Symbol: TIMER1_IRQHandler
   Definitions
      At line 324 in file startup_LPC17xx.s
   Uses
      At line 79 in file startup_LPC17xx.s
      At line 288 in file startup_LPC17xx.s

TIMER2_IRQHandler 000000CA

Symbol: TIMER2_IRQHandler
   Definitions
      At line 325 in file startup_LPC17xx.s
   Uses
      At line 80 in file startup_LPC17xx.s
      At line 289 in file startup_LPC17xx.s

TIMER3_IRQHandler 000000CA

Symbol: TIMER3_IRQHandler
   Definitions
      At line 326 in file startup_LPC17xx.s
   Uses
      At line 81 in file startup_LPC17xx.s
      At line 290 in file startup_LPC17xx.s

UART0_IRQHandler 000000CA

Symbol: UART0_IRQHandler
   Definitions
      At line 327 in file startup_LPC17xx.s



ARM Macro Assembler    Page 7 Alphabetic symbol ordering
Relocatable symbols

   Uses
      At line 82 in file startup_LPC17xx.s
      At line 291 in file startup_LPC17xx.s

UART1_IRQHandler 000000CA

Symbol: UART1_IRQHandler
   Definitions
      At line 328 in file startup_LPC17xx.s
   Uses
      At line 83 in file startup_LPC17xx.s
      At line 292 in file startup_LPC17xx.s

UART2_IRQHandler 000000CA

Symbol: UART2_IRQHandler
   Definitions
      At line 329 in file startup_LPC17xx.s
   Uses
      At line 84 in file startup_LPC17xx.s
      At line 293 in file startup_LPC17xx.s

UART3_IRQHandler 000000CA

Symbol: UART3_IRQHandler
   Definitions
      At line 330 in file startup_LPC17xx.s
   Uses
      At line 85 in file startup_LPC17xx.s
      At line 294 in file startup_LPC17xx.s

USBActivity_IRQHandler 000000CA

Symbol: USBActivity_IRQHandler
   Definitions
      At line 355 in file startup_LPC17xx.s
   Uses
      At line 110 in file startup_LPC17xx.s
      At line 319 in file startup_LPC17xx.s

USB_IRQHandler 000000CA

Symbol: USB_IRQHandler
   Definitions
      At line 346 in file startup_LPC17xx.s
   Uses
      At line 101 in file startup_LPC17xx.s
      At line 310 in file startup_LPC17xx.s

UsageFault_Handler 000000C0

Symbol: UsageFault_Handler
   Definitions
      At line 262 in file startup_LPC17xx.s
   Uses
      At line 65 in file startup_LPC17xx.s
      At line 263 in file startup_LPC17xx.s

WDT_IRQHandler 000000CA



ARM Macro Assembler    Page 8 Alphabetic symbol ordering
Relocatable symbols


Symbol: WDT_IRQHandler
   Definitions
      At line 322 in file startup_LPC17xx.s
   Uses
      At line 77 in file startup_LPC17xx.s
      At line 286 in file startup_LPC17xx.s

__user_initial_stackheap 000000CC

Symbol: __user_initial_stackheap
   Definitions
      At line 378 in file startup_LPC17xx.s
   Uses
      At line 377 in file startup_LPC17xx.s
Comment: __user_initial_stackheap used once
check0 0000009E

Symbol: check0
   Definitions
      At line 223 in file startup_LPC17xx.s
   Uses
      At line 211 in file startup_LPC17xx.s
Comment: check0 used once
checkF 00000090

Symbol: checkF
   Definitions
      At line 217 in file startup_LPC17xx.s
   Uses
      At line 209 in file startup_LPC17xx.s
Comment: checkF used once
controllo 0000007A

Symbol: controllo
   Definitions
      At line 208 in file startup_LPC17xx.s
   Uses
      At line 188 in file startup_LPC17xx.s
Comment: controllo used once
fine 000000B4

Symbol: fine
   Definitions
      At line 236 in file startup_LPC17xx.s
   Uses
      At line 177 in file startup_LPC17xx.s
Comment: fine used once
loop1 00000026

Symbol: loop1
   Definitions
      At line 180 in file startup_LPC17xx.s
   Uses
      At line 186 in file startup_LPC17xx.s
Comment: loop1 used once
loop2 00000020

Symbol: loop2



ARM Macro Assembler    Page 9 Alphabetic symbol ordering
Relocatable symbols

   Definitions
      At line 178 in file startup_LPC17xx.s
   Uses
      At line 199 in file startup_LPC17xx.s
Comment: loop2 used once
loop3 0000001A

Symbol: loop3
   Definitions
      At line 176 in file startup_LPC17xx.s
   Uses
      At line 206 in file startup_LPC17xx.s
Comment: loop3 used once
moltiplica 00000010

Symbol: moltiplica
   Definitions
      At line 169 in file startup_LPC17xx.s
   Uses
      At line 162 in file startup_LPC17xx.s
Comment: moltiplica used once
overflowNEG 000000AE

Symbol: overflowNEG
   Definitions
      At line 231 in file startup_LPC17xx.s
   Uses
      At line 215 in file startup_LPC17xx.s
      At line 220 in file startup_LPC17xx.s

overflowPOS 000000A8

Symbol: overflowPOS
   Definitions
      At line 228 in file startup_LPC17xx.s
   Uses
      At line 214 in file startup_LPC17xx.s
      At line 225 in file startup_LPC17xx.s

prossimaRiga 00000066

Symbol: prossimaRiga
   Definitions
      At line 201 in file startup_LPC17xx.s
   Uses
      At line 179 in file startup_LPC17xx.s
Comment: prossimaRiga used once
ripristina 0000003E

Symbol: ripristina
   Definitions
      At line 188 in file startup_LPC17xx.s
   Uses
      At line 181 in file startup_LPC17xx.s
Comment: ripristina used once
salva 00000040

Symbol: salva
   Definitions



ARM Macro Assembler    Page 10 Alphabetic symbol ordering
Relocatable symbols

      At line 189 in file startup_LPC17xx.s
   Uses
      At line 221 in file startup_LPC17xx.s
      At line 226 in file startup_LPC17xx.s
      At line 229 in file startup_LPC17xx.s
      At line 232 in file startup_LPC17xx.s

stop 0000000E

Symbol: stop
   Definitions
      At line 165 in file startup_LPC17xx.s
   Uses
      At line 165 in file startup_LPC17xx.s
Comment: stop used once
62 symbols



ARM Macro Assembler    Page 1 Alphabetic symbol ordering
Absolute symbols

Heap_Size 00000000

Symbol: Heap_Size
   Definitions
      At line 42 in file startup_LPC17xx.s
   Uses
      At line 46 in file startup_LPC17xx.s
      At line 382 in file startup_LPC17xx.s

M 00000007

Symbol: M
   Definitions
      At line 145 in file startup_LPC17xx.s
   Uses
      At line 180 in file startup_LPC17xx.s
      At line 190 in file startup_LPC17xx.s
      At line 201 in file startup_LPC17xx.s

N 00000004

Symbol: N
   Definitions
      At line 144 in file startup_LPC17xx.s
   Uses
      At line 176 in file startup_LPC17xx.s
Comment: N used once
P 00000005

Symbol: P
   Definitions
      At line 146 in file startup_LPC17xx.s
   Uses
      At line 178 in file startup_LPC17xx.s
      At line 183 in file startup_LPC17xx.s

Stack_Size 00000200

Symbol: Stack_Size
   Definitions
      At line 31 in file startup_LPC17xx.s
   Uses
      At line 34 in file startup_LPC17xx.s
      At line 381 in file startup_LPC17xx.s

5 symbols
420 symbols in table
