


ARM Macro Assembler    Page 1 


    1 00000000         ;/******************************************************
                       ********************//**
    2 00000000         ; * @file     startup_LPC17xx.s
    3 00000000         ; * @brief    CMSIS Cortex-M3 Core Device Startup File f
                       or
    4 00000000         ; *           NXP LPC17xx Device Series
    5 00000000         ; * @version  V1.10
    6 00000000         ; * @date     06. April 2011
    7 00000000         ; *
    8 00000000         ; * @note
    9 00000000         ; * Copyright (C) 2009-2011 ARM Limited. All rights rese
                       rved.
   10 00000000         ; *
   11 00000000         ; * @par
   12 00000000         ; * ARM Limited (ARM) is supplying this software for use
                        with Cortex-M
   13 00000000         ; * processor based microcontrollers.  This file can be 
                       freely distributed
   14 00000000         ; * within development tools that are supporting such AR
                       M based processors.
   15 00000000         ; *
   16 00000000         ; * @par
   17 00000000         ; * THIS SOFTWARE IS PROVIDED "AS IS".  NO WARRANTIES, W
                       HETHER EXPRESS, IMPLIED
   18 00000000         ; * OR STATUTORY, INCLUDING, BUT NOT LIMITED TO, IMPLIED
                        WARRANTIES OF
   19 00000000         ; * MERCHANTABILITY AND FITNESS FOR A PARTICULAR PURPOSE
                        APPLY TO THIS SOFTWARE.
   20 00000000         ; * ARM SHALL NOT, IN ANY CIRCUMSTANCES, BE LIABLE FOR S
                       PECIAL, INCIDENTAL, OR
   21 00000000         ; * CONSEQUENTIAL DAMAGES, FOR ANY REASON WHATSOEVER.
   22 00000000         ; *
   23 00000000         ; ******************************************************
                       ************************/
   24 00000000         
   25 00000000         ; *------- <<< Use Configuration Wizard in Context Menu 
                       >>> ------------------
   26 00000000         
   27 00000000         ; <h> Stack Configuration
   28 00000000         ;   <o> Stack Size (in Bytes) <0x0-0xFFFFFFFF:8>
   29 00000000         ; </h>
   30 00000000         
   31 00000000 00000200 
                       Stack_Size
                               EQU              0x00000200
   32 00000000         
   33 00000000                 AREA             STACK, NOINIT, READWRITE, ALIGN
=3
   34 00000000         Stack_Mem
                               SPACE            Stack_Size
   35 00000200         __initial_sp
   36 00000200         
   37 00000200         
   38 00000200         ; <h> Heap Configuration
   39 00000200         ;   <o>  Heap Size (in Bytes) <0x0-0xFFFFFFFF:8>
   40 00000200         ; </h>
   41 00000200         
   42 00000200 00000000 
                       Heap_Size



ARM Macro Assembler    Page 2 


                               EQU              0x00000000
   43 00000200         
   44 00000200                 AREA             HEAP, NOINIT, READWRITE, ALIGN=
3
   45 00000000         __heap_base
   46 00000000         Heap_Mem
                               SPACE            Heap_Size
   47 00000000         __heap_limit
   48 00000000         
   49 00000000         
   50 00000000                 PRESERVE8
   51 00000000                 THUMB
   52 00000000         
   53 00000000         
   54 00000000         ; Vector Table Mapped to Address 0 at Reset
   55 00000000         
   56 00000000                 AREA             RESET, DATA, READONLY
   57 00000000                 EXPORT           __Vectors
   58 00000000         
   59 00000000 00000000 
                       __Vectors
                               DCD              __initial_sp ; Top of Stack
   60 00000004 00000000        DCD              Reset_Handler ; Reset Handler
   61 00000008 00000000        DCD              NMI_Handler ; NMI Handler
   62 0000000C 00000000        DCD              HardFault_Handler ; Hard Fault 
                                                            Handler
   63 00000010 00000000        DCD              MemManage_Handler 
                                                            ; MPU Fault Handler
                                                            
   64 00000014 00000000        DCD              BusFault_Handler 
                                                            ; Bus Fault Handler
                                                            
   65 00000018 00000000        DCD              UsageFault_Handler ; Usage Faul
                                                            t Handler
   66 0000001C 00000000        DCD              0           ; Reserved
   67 00000020 00000000        DCD              0           ; Reserved
   68 00000024 00000000        DCD              0           ; Reserved
   69 00000028 00000000        DCD              0           ; Reserved
   70 0000002C 00000000        DCD              SVC_Handler ; SVCall Handler
   71 00000030 00000000        DCD              DebugMon_Handler ; Debug Monito
                                                            r Handler
   72 00000034 00000000        DCD              0           ; Reserved
   73 00000038 00000000        DCD              PendSV_Handler ; PendSV Handler
                                                            
   74 0000003C 00000000        DCD              SysTick_Handler 
                                                            ; SysTick Handler
   75 00000040         
   76 00000040         ; External Interrupts
   77 00000040 00000000        DCD              WDT_IRQHandler ; 16: Watchdog T
                                                            imer
   78 00000044 00000000        DCD              TIMER0_IRQHandler ; 17: Timer0
   79 00000048 00000000        DCD              TIMER1_IRQHandler ; 18: Timer1
   80 0000004C 00000000        DCD              TIMER2_IRQHandler ; 19: Timer2
   81 00000050 00000000        DCD              TIMER3_IRQHandler ; 20: Timer3
   82 00000054 00000000        DCD              UART0_IRQHandler ; 21: UART0
   83 00000058 00000000        DCD              UART1_IRQHandler ; 22: UART1
   84 0000005C 00000000        DCD              UART2_IRQHandler ; 23: UART2
   85 00000060 00000000        DCD              UART3_IRQHandler ; 24: UART3
   86 00000064 00000000        DCD              PWM1_IRQHandler ; 25: PWM1



ARM Macro Assembler    Page 3 


   87 00000068 00000000        DCD              I2C0_IRQHandler ; 26: I2C0
   88 0000006C 00000000        DCD              I2C1_IRQHandler ; 27: I2C1
   89 00000070 00000000        DCD              I2C2_IRQHandler ; 28: I2C2
   90 00000074 00000000        DCD              SPI_IRQHandler ; 29: SPI
   91 00000078 00000000        DCD              SSP0_IRQHandler ; 30: SSP0
   92 0000007C 00000000        DCD              SSP1_IRQHandler ; 31: SSP1
   93 00000080 00000000        DCD              PLL0_IRQHandler ; 32: PLL0 Lock
                                                             (Main PLL)
   94 00000084 00000000        DCD              RTC_IRQHandler ; 33: Real Time 
                                                            Clock
   95 00000088 00000000        DCD              EINT0_IRQHandler ; 34: External
                                                             Interrupt 0
   96 0000008C 00000000        DCD              EINT1_IRQHandler ; 35: External
                                                             Interrupt 1
   97 00000090 00000000        DCD              EINT2_IRQHandler ; 36: External
                                                             Interrupt 2
   98 00000094 00000000        DCD              EINT3_IRQHandler ; 37: External
                                                             Interrupt 3
   99 00000098 00000000        DCD              ADC_IRQHandler 
                                                            ; 38: A/D Converter
                                                            
  100 0000009C 00000000        DCD              BOD_IRQHandler ; 39: Brown-Out 
                                                            Detect
  101 000000A0 00000000        DCD              USB_IRQHandler ; 40: USB
  102 000000A4 00000000        DCD              CAN_IRQHandler ; 41: CAN
  103 000000A8 00000000        DCD              DMA_IRQHandler ; 42: General Pu
                                                            rpose DMA
  104 000000AC 00000000        DCD              I2S_IRQHandler ; 43: I2S
  105 000000B0 00000000        DCD              ENET_IRQHandler ; 44: Ethernet
  106 000000B4 00000000        DCD              RIT_IRQHandler ; 45: Repetitive
                                                             Interrupt Timer
  107 000000B8 00000000        DCD              MCPWM_IRQHandler ; 46: Motor Co
                                                            ntrol PWM
  108 000000BC 00000000        DCD              QEI_IRQHandler ; 47: Quadrature
                                                             Encoder Interface
  109 000000C0 00000000        DCD              PLL1_IRQHandler ; 48: PLL1 Lock
                                                             (USB PLL)
  110 000000C4 00000000        DCD              USBActivity_IRQHandler ; 49: US
                                                            B Activity interrup
                                                            t to wakeup
  111 000000C8 00000000        DCD              CANActivity_IRQHandler ; 50: CA
                                                            N Activity interrup
                                                            t to wakeup
  112 000000CC         
  113 000000CC         
  114 000000CC                 IF               :LNOT::DEF:NO_CRP
  115 000000CC                 AREA             |.ARM.__at_0x02FC|, CODE, READO
NLY
  116 00000000 FFFFFFFF 
                       CRP_Key DCD              0xFFFFFFFF
  117 00000004                 ENDIF
  118 00000004         
  119 00000004         
  120 00000004                 AREA             VAR,DATA,READONLY
  121 00000000 00000009 
              00000006 
              00000003 
              00000002 
              00000001 



ARM Macro Assembler    Page 4 


              00000008 
              00000007 
              00000000 
              00000005 
              00000004 
              00000000         DCD              9,6,3,2,1,8,7,0,5,4,0
  122 0000002C 00000003 
                       N       EQU              3
  123 0000002C                 AREA             STACK1,DATA,READWRITE
  124 00000000 00 00 00 
              00 00 00 
              00 00 00 
              00 00 00 
              00 00 00 
              00 00 00 
              00 00 00 
              00 00 00 
              00 00 00 
              00 00 00 
              00 00 00 
              00 00 00 
              00 00 00 
              00 00 00 
              00 00 00 
              00 00 00 
              00 00 00 
              00 00 00 
              00 00 00 
              00 00 00 
              00 00 00 
              00 00 00 
              00 00 00 
              00 00 00 
              00 00 00 
              00 00 00 
              00 00 00 
              00 00 00 
              00 00 00 
              00 00 00 
              00 00 00 
              00 00 00 
              00 00 00 
              00 00 00 
              00 00 00 
              00 00 00 
              00 00 00 
              00 00 00 
              00 00 00 
              00 00 00 
              00 00 00 
              00 00 00 
              00 00 00 
              00 00 00 
              00 00 00 
              00 00 00 
              00 00 00 
              00 00 00 
              00 00 00 
              00 00 00 



ARM Macro Assembler    Page 5 


              00 00 00 
              00 00 00 
              00 00 00 
              00 00 00 
              00 00 00 
              00 00 00 
              00 00 00 
              00 00 00 
              00 00 00 
              00 00 00 
              00 00 00 
              00 00 00 
              00 00 00 
              00 00 00 
              00 00 00 
              00 00 00 
              00 00    stack1  SPACE            200
  125 000000C8 00 00 00 
              00 00 00 
              00 00 00 
              00 00 00 
              00 00 00 
              00 00 00 
              00 00 00 
              00 00 00 
              00 00 00 
              00 00 00 
              00 00 00 
              00 00 00 
              00 00 00 
              00 00 00 
              00 00 00 
              00 00 00 
              00 00 00 
              00 00 00 
              00 00 00 
              00 00 00 
              00 00 00 
              00 00 00 
              00 00 00 
              00 00 00 
              00 00 00 
              00 00 00 
              00 00 00 
              00 00 00 
              00 00 00 
              00 00 00 
              00 00 00 
              00 00 00 
              00 00 00 
              00 00 00 
              00 00 00 
              00 00 00 
              00 00 00 
              00 00 00 
              00 00 00 
              00 00 00 
              00 00 00 
              00 00 00 



ARM Macro Assembler    Page 6 


              00 00 00 
              00 00 00 
              00 00 00 
              00 00 00 
              00 00 00 
              00 00 00 
              00 00 00 
              00 00 00 
              00 00 00 
              00 00 00 
              00 00 00 
              00 00 00 
              00 00 00 
              00 00 00 
              00 00 00 
              00 00 00 
              00 00 00 
              00 00 00 
              00 00 00 
              00 00 00 
              00 00 00 
              00 00 00 
              00 00 00 
              00 00 00 
              00 00    stack2  SPACE            200
  126 00000190 00 00 00 
              00 00 00 
              00 00 00 
              00 00 00 
              00 00 00 
              00 00 00 
              00 00 00 
              00 00 00 
              00 00 00 
              00 00 00 
              00 00 00 
              00 00 00 
              00 00 00 
              00 00 00 
              00 00 00 
              00 00 00 
              00 00 00 
              00 00 00 
              00 00 00 
              00 00 00 
              00 00 00 
              00 00 00 
              00 00 00 
              00 00 00 
              00 00 00 
              00 00 00 
              00 00 00 
              00 00 00 
              00 00 00 
              00 00 00 
              00 00 00 
              00 00 00 
              00 00 00 
              00 00 00 



ARM Macro Assembler    Page 7 


              00 00 00 
              00 00 00 
              00 00 00 
              00 00 00 
              00 00 00 
              00 00 00 
              00 00 00 
              00 00 00 
              00 00 00 
              00 00 00 
              00 00 00 
              00 00 00 
              00 00 00 
              00 00 00 
              00 00 00 
              00 00 00 
              00 00 00 
              00 00 00 
              00 00 00 
              00 00 00 
              00 00 00 
              00 00 00 
              00 00 00 
              00 00 00 
              00 00 00 
              00 00 00 
              00 00 00 
              00 00 00 
              00 00 00 
              00 00 00 
              00 00 00 
              00 00 00 
              00 00    stack3  SPACE            200
  127 00000258                 AREA             |.text|, CODE, READONLY
  128 00000000         
  129 00000000         Reset_Handler
                               PROC
  130 00000000                 EXPORT           Reset_Handler             [WEAK
]
  131 00000000         
  132 00000000         
  133 00000000 4A3C            LDR              R2,=VAR
  134 00000002         
  135 00000002 F8DF A0F4       LDR              R10,=stack1
  136 00000006 E92D 0404       PUSH             {R10,R2}
  137 0000000A F7FF FFFE       BL               fillStack
  138 0000000E E8BD 0404       POP              {R10,R2}    ;svuoto stack
  139 00000012 4F3A            LDR              R7,=stack2
  140 00000014 B484            PUSH             {R7,R2}
  141 00000016 F7FF FFFE       BL               fillStack
  142 0000001A BC84            POP              {R7,R2}
  143 0000001C F8DF 80E0       LDR              R8,=stack3
  144 00000020 E92D 0104       PUSH             {R8,R2}
  145 00000024 F7FF FFFE       BL               fillStack
  146 00000028 E8BD 0104       POP              {R8,R2}
  147 0000002C         ;-------------------------------------------------------
                       ------  
  148 0000002C         ;scegliere due stack per spostamento tra R10,R7,R8 
  149 0000002C         ;PUSH ritorno



ARM Macro Assembler    Page 8 


  150 0000002C         ;PUSH sorgente
  151 0000002C         ;PUSH destinazione
  152 0000002C F84D BD04       PUSH{R11}
  153 00000030 F84D AD04       PUSH{R10}
  154 00000034 F84D 8D04       PUSH{R8}
  155 00000038 F7FF FFFE       BL               move1
  156 0000003C F85D 8B04       POP{R8}
  157 00000040 BC80            POP{R7}
  158 00000042 F85D BB04       POP{R11}
  159 00000046         ;-------------------------------------------------------
                       -------           
  160 00000046 E7FE    STOP    B                STOP
  161 00000048                 ENDP
  162 00000048         
  163 00000048         
  164 00000048         fillStack
                               PROC
  165 00000048 B5F8            PUSH             {R3,R4,R5,R6,R7,LR}
  166 0000004A 9D07            LDR              R5,[SP,#28] ; R5 <-- pointer st
                                                            ack
  167 0000004C 9E06            LDR              R6,[SP,#24] ; R6 <-- pointer me
                                                            moria variabili
  168 0000004E EA84 0404       EOR              R4,R4
  169 00000052         
  170 00000052 F856 3B04 
                       fillLoop
                               LDR              R3,[R6],#4  ;prendo  elemento d
                                                            alla memoria
  171 00000056 2B00            CMP              R3,#0
  172 00000058 D00E            BEQ              control
  173 0000005A         
  174 0000005A 2C00            CMP              R4,#0       ; alla prima iteraz
                                                            ione R4 sarà 0 non 
                                                            devo fare confronto
                                                            
  175 0000005C D001            BEQ              over
  176 0000005E 42A3            CMP              R3,R4       ; verifico se eleme
                                                            nto già nello stack
                                                             è maggiore di quel
                                                            lo che devo mettere
                                                            , R4 sarà
  177 00000060 D80F            BHI              nextStack   ; il valore all'ite
                                                            razione N-1
  178 00000062 C508    over    STMIA            R5!,{R3}
  179 00000064         
  180 00000064 F856 4B04       LDR              R4,[R6],#4  ; prendo elemento d
                                                            alla memoria
  181 00000068 2C00            CMP              R4,#0       ; se prendo salto c
                                                            ambio stack
  182 0000006A D00A            BEQ              nextStack
  183 0000006C 429C            CMP              R4,R3       ; verifico se eleme
                                                            nto già nello stack
                                                             è maggiore di quel
                                                            lo che devo mettere
                                                            
  184 0000006E D808            BHI              nextStack
  185 00000070 C510            STMIA            R5!,{R4}
  186 00000072 F107 0701       ADD              R7,#1
  187 00000076 E7EC            B                fillLoop



ARM Macro Assembler    Page 9 


  188 00000078         
  189 00000078         
  190 00000078 2F00    control CMP              R7,#0       ; controllo se sono
                                                             alla prima iterazi
                                                            one
  191 0000007A D104            BNE              nextStackZero ; se NON sono all
                                                            a prima iterazione 
                                                            e ho preso 0 cambio
                                                             stack
  192 0000007C F107 0701       ADD              R7,#1       ; altrimenti scarto
                                                             lo 0 e non lo inse
                                                            risco
  193 00000080 E7E7            B                fillLoop
  194 00000082         
  195 00000082 F1A6 0604 
                       nextStack
                               SUB              R6,#4
  196 00000086 F1A5 0504 
                       nextStackZero
                               SUB              R5,#4
  197 0000008A 9507            STR              R5,[SP,#28]
  198 0000008C 9606            STR              R6,[SP,#24]
  199 0000008E BDF8            POP              {R3,R4,R5,R6,R7,PC}
  200 00000090                 ENDP
  201 00000090         ;-------------------------------------------------------
                       -------    
  202 00000090         
  203 00000090         
  204 00000090         move1   PROC
  205 00000090 B5F9            PUSH             {R0,R3,R4,R5,R6,R7,LR}
  206 00000092 9B08            LDR              R3,[SP,#32] ;R5--> pointer stac
                                                            k sorgente,casella 
                                                            vuota
  207 00000094 9C07            LDR              R4,[SP,#28] ;R6--> pointer stac
                                                            k destinazione,case
                                                            lla vuota
  208 00000096         
  209 00000096         
  210 00000096 681E            LDR              R6,[R3]     ;R6--> copio l'ulti
                                                            mo elemento dalla s
                                                            orgente
  211 00000098 6827            LDR              R7,[R4]     ;R7--> copio l'ulti
                                                            mo elemento della d
                                                            estinazione
  212 0000009A         
  213 0000009A 2E00            CMP              R6,#0
  214 0000009C D014            BEQ              fail
  215 0000009E         
  216 0000009E 2F00            CMP              R7,#0       ; se la destinazion
                                                            e è vuota posso met
                                                            tere qualsiasi elem
                                                            ento
  217 000000A0 D005            BEQ              ok
  218 000000A2         
  219 000000A2         
  220 000000A2 42BE            CMP              R6,R7
  221 000000A4 D210            BHS              fail
  222 000000A6 F04F 0700       MOV              R7,#0
  223 000000AA         



ARM Macro Assembler    Page 10 


  224 000000AA F104 0404       ADD              R4,#4       ; aggiorno SP desti
                                                            nazione a cui ho ag
                                                            giunto un elemento
  225 000000AE 601F    ok      STR              R7,[R3]
  226 000000B0         
  227 000000B0 F853 7C04       LDR              R7,[R3,#-4] ;controllo se sto p
                                                            rendendo l'ultimo e
                                                            lemento
  228 000000B4 2F00            CMP              R7,#0
  229 000000B6 BF18            IT               NE
  230 000000B8 3B04            SUBNE            R3,#4       ; aggiorno SP dello
                                                             stack a cui ho tol
                                                            to un elemento
  231 000000BA         
  232 000000BA 6026            STR              R6,[R4]     ; aggiungo valore a
                                                            lla destinazione
  233 000000BC F04F 0001       MOV              R0,#1       ; salvo valore di r
                                                            itorno
  234 000000C0 9009            STR              R0,[SP,#36] ; salvo valore di r
                                                            itorno
  235 000000C2 9308            STR              R3,[SP,#32] ; aggiorno SP sorge
                                                            nte
  236 000000C4 9407            STR              R4,[SP,#28] ; aggiorno SP desti
                                                            nazione
  237 000000C6 E003            B                return
  238 000000C8         
  239 000000C8 F04F 0000 
                       fail    MOV              R0,#0       ;imposto valore di 
                                                            ritorno
  240 000000CC 9009            STR              R0,[SP,#36]
  241 000000CE E7FF            B                return
  242 000000D0         
  243 000000D0 BDF9    return  POP              {R0,R3,R4,R5,R6,R7,PC}
  244 000000D2                 ENDP
  245 000000D2         
  246 000000D2         
  247 000000D2         
  248 000000D2         
  249 000000D2         ; Dummy Exception Handlers (infinite loops which can be 
                       modified)
  250 000000D2         
  251 000000D2         NMI_Handler
                               PROC
  252 000000D2                 EXPORT           NMI_Handler               [WEAK
]
  253 000000D2 E7FE            B                .
  254 000000D4                 ENDP
  256 000000D4         HardFault_Handler
                               PROC
  257 000000D4                 EXPORT           HardFault_Handler         [WEAK
]
  258 000000D4 E7FE            B                .
  259 000000D6                 ENDP
  261 000000D6         MemManage_Handler
                               PROC
  262 000000D6                 EXPORT           MemManage_Handler         [WEAK
]
  263 000000D6 E7FE            B                .
  264 000000D8                 ENDP



ARM Macro Assembler    Page 11 


  266 000000D8         BusFault_Handler
                               PROC
  267 000000D8                 EXPORT           BusFault_Handler          [WEAK
]
  268 000000D8 E7FE            B                .
  269 000000DA                 ENDP
  271 000000DA         UsageFault_Handler
                               PROC
  272 000000DA                 EXPORT           UsageFault_Handler        [WEAK
]
  273 000000DA E7FE            B                .
  274 000000DC                 ENDP
  275 000000DC         SVC_Handler
                               PROC
  276 000000DC                 EXPORT           SVC_Handler               [WEAK
]
  277 000000DC E7FE            B                .
  278 000000DE                 ENDP
  280 000000DE         DebugMon_Handler
                               PROC
  281 000000DE                 EXPORT           DebugMon_Handler          [WEAK
]
  282 000000DE E7FE            B                .
  283 000000E0                 ENDP
  284 000000E0         PendSV_Handler
                               PROC
  285 000000E0                 EXPORT           PendSV_Handler            [WEAK
]
  286 000000E0 E7FE            B                .
  287 000000E2                 ENDP
  288 000000E2         SysTick_Handler
                               PROC
  289 000000E2                 EXPORT           SysTick_Handler           [WEAK
]
  290 000000E2 E7FE            B                .
  291 000000E4                 ENDP
  292 000000E4         
  293 000000E4         Default_Handler
                               PROC
  294 000000E4         
  295 000000E4                 EXPORT           WDT_IRQHandler            [WEAK
]
  296 000000E4                 EXPORT           TIMER0_IRQHandler         [WEAK
]
  297 000000E4                 EXPORT           TIMER1_IRQHandler         [WEAK
]
  298 000000E4                 EXPORT           TIMER2_IRQHandler         [WEAK
]
  299 000000E4                 EXPORT           TIMER3_IRQHandler         [WEAK
]
  300 000000E4                 EXPORT           UART0_IRQHandler          [WEAK
]
  301 000000E4                 EXPORT           UART1_IRQHandler          [WEAK
]
  302 000000E4                 EXPORT           UART2_IRQHandler          [WEAK
]
  303 000000E4                 EXPORT           UART3_IRQHandler          [WEAK
]
  304 000000E4                 EXPORT           PWM1_IRQHandler           [WEAK



ARM Macro Assembler    Page 12 


]
  305 000000E4                 EXPORT           I2C0_IRQHandler           [WEAK
]
  306 000000E4                 EXPORT           I2C1_IRQHandler           [WEAK
]
  307 000000E4                 EXPORT           I2C2_IRQHandler           [WEAK
]
  308 000000E4                 EXPORT           SPI_IRQHandler            [WEAK
]
  309 000000E4                 EXPORT           SSP0_IRQHandler           [WEAK
]
  310 000000E4                 EXPORT           SSP1_IRQHandler           [WEAK
]
  311 000000E4                 EXPORT           PLL0_IRQHandler           [WEAK
]
  312 000000E4                 EXPORT           RTC_IRQHandler            [WEAK
]
  313 000000E4                 EXPORT           EINT0_IRQHandler          [WEAK
]
  314 000000E4                 EXPORT           EINT1_IRQHandler          [WEAK
]
  315 000000E4                 EXPORT           EINT2_IRQHandler          [WEAK
]
  316 000000E4                 EXPORT           EINT3_IRQHandler          [WEAK
]
  317 000000E4                 EXPORT           ADC_IRQHandler            [WEAK
]
  318 000000E4                 EXPORT           BOD_IRQHandler            [WEAK
]
  319 000000E4                 EXPORT           USB_IRQHandler            [WEAK
]
  320 000000E4                 EXPORT           CAN_IRQHandler            [WEAK
]
  321 000000E4                 EXPORT           DMA_IRQHandler            [WEAK
]
  322 000000E4                 EXPORT           I2S_IRQHandler            [WEAK
]
  323 000000E4                 EXPORT           ENET_IRQHandler           [WEAK
]
  324 000000E4                 EXPORT           RIT_IRQHandler            [WEAK
]
  325 000000E4                 EXPORT           MCPWM_IRQHandler          [WEAK
]
  326 000000E4                 EXPORT           QEI_IRQHandler            [WEAK
]
  327 000000E4                 EXPORT           PLL1_IRQHandler           [WEAK
]
  328 000000E4                 EXPORT           USBActivity_IRQHandler    [WEAK
]
  329 000000E4                 EXPORT           CANActivity_IRQHandler    [WEAK
]
  330 000000E4         
  331 000000E4         WDT_IRQHandler
  332 000000E4         TIMER0_IRQHandler
  333 000000E4         TIMER1_IRQHandler
  334 000000E4         TIMER2_IRQHandler
  335 000000E4         TIMER3_IRQHandler
  336 000000E4         UART0_IRQHandler
  337 000000E4         UART1_IRQHandler



ARM Macro Assembler    Page 13 


  338 000000E4         UART2_IRQHandler
  339 000000E4         UART3_IRQHandler
  340 000000E4         PWM1_IRQHandler
  341 000000E4         I2C0_IRQHandler
  342 000000E4         I2C1_IRQHandler
  343 000000E4         I2C2_IRQHandler
  344 000000E4         SPI_IRQHandler
  345 000000E4         SSP0_IRQHandler
  346 000000E4         SSP1_IRQHandler
  347 000000E4         PLL0_IRQHandler
  348 000000E4         RTC_IRQHandler
  349 000000E4         EINT0_IRQHandler
  350 000000E4         EINT1_IRQHandler
  351 000000E4         EINT2_IRQHandler
  352 000000E4         EINT3_IRQHandler
  353 000000E4         ADC_IRQHandler
  354 000000E4         BOD_IRQHandler
  355 000000E4         USB_IRQHandler
  356 000000E4         CAN_IRQHandler
  357 000000E4         DMA_IRQHandler
  358 000000E4         I2S_IRQHandler
  359 000000E4         ENET_IRQHandler
  360 000000E4         RIT_IRQHandler
  361 000000E4         MCPWM_IRQHandler
  362 000000E4         QEI_IRQHandler
  363 000000E4         PLL1_IRQHandler
  364 000000E4         USBActivity_IRQHandler
  365 000000E4         CANActivity_IRQHandler
  366 000000E4         
  367 000000E4 E7FE            B                .
  368 000000E6         
  369 000000E6                 ENDP
  370 000000E6         
  371 000000E6         
  372 000000E6 00 00           ALIGN
  373 000000E8         
  374 000000E8         
  375 000000E8         ; User Initial Stack & Heap
  376 000000E8         
  377 000000E8                 IF               :DEF:__MICROLIB
  384 000000E8         
  385 000000E8         ;IMPORT  __use_two_region_memory
  386 000000E8                 EXPORT           __user_initial_stackheap
  387 000000E8         __user_initial_stackheap
  388 000000E8         
  389 000000E8 4806            LDR              R0, =  Heap_Mem
  390 000000EA 4907            LDR              R1, =(Stack_Mem + Stack_Size)
  391 000000EC 4A05            LDR              R2, = (Heap_Mem +  Heap_Size)
  392 000000EE 4B07            LDR              R3, = Stack_Mem
  393 000000F0 4770            BX               LR
  394 000000F2         
  395 000000F2 00 00           ALIGN
  396 000000F4         
  397 000000F4                 ENDIF
  398 000000F4         
  399 000000F4         
  400 000000F4                 END
              00000000 
              00000000 



ARM Macro Assembler    Page 14 


              00000000 
              00000000 
              00000000 
              00000200 
              00000000 
Command Line: --debug --xref --cpu=Cortex-M3 --apcs=interwork --depend=.\startu
p_lpc17xx.d -o.\startup_lpc17xx.o -I"Z:\Volumes\HDD\Documenti HDD\Politecnico 2
018:2019\ASE\Keil\ARM\RV31\INC" -I"Z:\Volumes\HDD\Documenti HDD\Politecnico 201
8:2019\ASE\Keil\ARM\CMSIS\Include" -I"Z:\Volumes\HDD\Documenti HDD\Politecnico 
2018:2019\ASE\Keil\ARM\Inc\NXP\LPC17xx" --predefine="__EVAL SETA 1" --list=.\st
artup_lpc17xx.lst startup_LPC17xx.s



ARM Macro Assembler    Page 1 Alphabetic symbol ordering
Relocatable symbols

STACK 00000000

Symbol: STACK
   Definitions
      At line 33 in file startup_LPC17xx.s
   Uses
      None
Comment: STACK unused
Stack_Mem 00000000

Symbol: Stack_Mem
   Definitions
      At line 34 in file startup_LPC17xx.s
   Uses
      At line 390 in file startup_LPC17xx.s
      At line 392 in file startup_LPC17xx.s

__initial_sp 00000200

Symbol: __initial_sp
   Definitions
      At line 35 in file startup_LPC17xx.s
   Uses
      At line 59 in file startup_LPC17xx.s
Comment: __initial_sp used once
3 symbols



ARM Macro Assembler    Page 1 Alphabetic symbol ordering
Relocatable symbols

HEAP 00000000

Symbol: HEAP
   Definitions
      At line 44 in file startup_LPC17xx.s
   Uses
      None
Comment: HEAP unused
Heap_Mem 00000000

Symbol: Heap_Mem
   Definitions
      At line 46 in file startup_LPC17xx.s
   Uses
      At line 389 in file startup_LPC17xx.s
      At line 391 in file startup_LPC17xx.s

__heap_base 00000000

Symbol: __heap_base
   Definitions
      At line 45 in file startup_LPC17xx.s
   Uses
      None
Comment: __heap_base unused
__heap_limit 00000000

Symbol: __heap_limit
   Definitions
      At line 47 in file startup_LPC17xx.s
   Uses
      None
Comment: __heap_limit unused
4 symbols



ARM Macro Assembler    Page 1 Alphabetic symbol ordering
Relocatable symbols

RESET 00000000

Symbol: RESET
   Definitions
      At line 56 in file startup_LPC17xx.s
   Uses
      None
Comment: RESET unused
__Vectors 00000000

Symbol: __Vectors
   Definitions
      At line 59 in file startup_LPC17xx.s
   Uses
      At line 57 in file startup_LPC17xx.s
Comment: __Vectors used once
2 symbols



ARM Macro Assembler    Page 1 Alphabetic symbol ordering
Relocatable symbols

.ARM.__at_0x02FC 00000000

Symbol: .ARM.__at_0x02FC
   Definitions
      At line 115 in file startup_LPC17xx.s
   Uses
      None
Comment: .ARM.__at_0x02FC unused
CRP_Key 00000000

Symbol: CRP_Key
   Definitions
      At line 116 in file startup_LPC17xx.s
   Uses
      None
Comment: CRP_Key unused
2 symbols



ARM Macro Assembler    Page 1 Alphabetic symbol ordering
Relocatable symbols

VAR 00000000

Symbol: VAR
   Definitions
      At line 120 in file startup_LPC17xx.s
   Uses
      At line 133 in file startup_LPC17xx.s
Comment: VAR used once
1 symbol



ARM Macro Assembler    Page 1 Alphabetic symbol ordering
Relocatable symbols

STACK1 00000000

Symbol: STACK1
   Definitions
      At line 123 in file startup_LPC17xx.s
   Uses
      None
Comment: STACK1 unused
stack1 00000000

Symbol: stack1
   Definitions
      At line 124 in file startup_LPC17xx.s
   Uses
      At line 135 in file startup_LPC17xx.s
Comment: stack1 used once
stack2 000000C8

Symbol: stack2
   Definitions
      At line 125 in file startup_LPC17xx.s
   Uses
      At line 139 in file startup_LPC17xx.s
Comment: stack2 used once
stack3 00000190

Symbol: stack3
   Definitions
      At line 126 in file startup_LPC17xx.s
   Uses
      At line 143 in file startup_LPC17xx.s
Comment: stack3 used once
4 symbols



ARM Macro Assembler    Page 1 Alphabetic symbol ordering
Relocatable symbols

.text 00000000

Symbol: .text
   Definitions
      At line 127 in file startup_LPC17xx.s
   Uses
      None
Comment: .text unused
ADC_IRQHandler 000000E4

Symbol: ADC_IRQHandler
   Definitions
      At line 353 in file startup_LPC17xx.s
   Uses
      At line 99 in file startup_LPC17xx.s
      At line 317 in file startup_LPC17xx.s

BOD_IRQHandler 000000E4

Symbol: BOD_IRQHandler
   Definitions
      At line 354 in file startup_LPC17xx.s
   Uses
      At line 100 in file startup_LPC17xx.s
      At line 318 in file startup_LPC17xx.s

BusFault_Handler 000000D8

Symbol: BusFault_Handler
   Definitions
      At line 266 in file startup_LPC17xx.s
   Uses
      At line 64 in file startup_LPC17xx.s
      At line 267 in file startup_LPC17xx.s

CANActivity_IRQHandler 000000E4

Symbol: CANActivity_IRQHandler
   Definitions
      At line 365 in file startup_LPC17xx.s
   Uses
      At line 111 in file startup_LPC17xx.s
      At line 329 in file startup_LPC17xx.s

CAN_IRQHandler 000000E4

Symbol: CAN_IRQHandler
   Definitions
      At line 356 in file startup_LPC17xx.s
   Uses
      At line 102 in file startup_LPC17xx.s
      At line 320 in file startup_LPC17xx.s

DMA_IRQHandler 000000E4

Symbol: DMA_IRQHandler
   Definitions
      At line 357 in file startup_LPC17xx.s
   Uses



ARM Macro Assembler    Page 2 Alphabetic symbol ordering
Relocatable symbols

      At line 103 in file startup_LPC17xx.s
      At line 321 in file startup_LPC17xx.s

DebugMon_Handler 000000DE

Symbol: DebugMon_Handler
   Definitions
      At line 280 in file startup_LPC17xx.s
   Uses
      At line 71 in file startup_LPC17xx.s
      At line 281 in file startup_LPC17xx.s

Default_Handler 000000E4

Symbol: Default_Handler
   Definitions
      At line 293 in file startup_LPC17xx.s
   Uses
      None
Comment: Default_Handler unused
EINT0_IRQHandler 000000E4

Symbol: EINT0_IRQHandler
   Definitions
      At line 349 in file startup_LPC17xx.s
   Uses
      At line 95 in file startup_LPC17xx.s
      At line 313 in file startup_LPC17xx.s

EINT1_IRQHandler 000000E4

Symbol: EINT1_IRQHandler
   Definitions
      At line 350 in file startup_LPC17xx.s
   Uses
      At line 96 in file startup_LPC17xx.s
      At line 314 in file startup_LPC17xx.s

EINT2_IRQHandler 000000E4

Symbol: EINT2_IRQHandler
   Definitions
      At line 351 in file startup_LPC17xx.s
   Uses
      At line 97 in file startup_LPC17xx.s
      At line 315 in file startup_LPC17xx.s

EINT3_IRQHandler 000000E4

Symbol: EINT3_IRQHandler
   Definitions
      At line 352 in file startup_LPC17xx.s
   Uses
      At line 98 in file startup_LPC17xx.s
      At line 316 in file startup_LPC17xx.s

ENET_IRQHandler 000000E4

Symbol: ENET_IRQHandler



ARM Macro Assembler    Page 3 Alphabetic symbol ordering
Relocatable symbols

   Definitions
      At line 359 in file startup_LPC17xx.s
   Uses
      At line 105 in file startup_LPC17xx.s
      At line 323 in file startup_LPC17xx.s

HardFault_Handler 000000D4

Symbol: HardFault_Handler
   Definitions
      At line 256 in file startup_LPC17xx.s
   Uses
      At line 62 in file startup_LPC17xx.s
      At line 257 in file startup_LPC17xx.s

I2C0_IRQHandler 000000E4

Symbol: I2C0_IRQHandler
   Definitions
      At line 341 in file startup_LPC17xx.s
   Uses
      At line 87 in file startup_LPC17xx.s
      At line 305 in file startup_LPC17xx.s

I2C1_IRQHandler 000000E4

Symbol: I2C1_IRQHandler
   Definitions
      At line 342 in file startup_LPC17xx.s
   Uses
      At line 88 in file startup_LPC17xx.s
      At line 306 in file startup_LPC17xx.s

I2C2_IRQHandler 000000E4

Symbol: I2C2_IRQHandler
   Definitions
      At line 343 in file startup_LPC17xx.s
   Uses
      At line 89 in file startup_LPC17xx.s
      At line 307 in file startup_LPC17xx.s

I2S_IRQHandler 000000E4

Symbol: I2S_IRQHandler
   Definitions
      At line 358 in file startup_LPC17xx.s
   Uses
      At line 104 in file startup_LPC17xx.s
      At line 322 in file startup_LPC17xx.s

MCPWM_IRQHandler 000000E4

Symbol: MCPWM_IRQHandler
   Definitions
      At line 361 in file startup_LPC17xx.s
   Uses
      At line 107 in file startup_LPC17xx.s
      At line 325 in file startup_LPC17xx.s



ARM Macro Assembler    Page 4 Alphabetic symbol ordering
Relocatable symbols


MemManage_Handler 000000D6

Symbol: MemManage_Handler
   Definitions
      At line 261 in file startup_LPC17xx.s
   Uses
      At line 63 in file startup_LPC17xx.s
      At line 262 in file startup_LPC17xx.s

NMI_Handler 000000D2

Symbol: NMI_Handler
   Definitions
      At line 251 in file startup_LPC17xx.s
   Uses
      At line 61 in file startup_LPC17xx.s
      At line 252 in file startup_LPC17xx.s

PLL0_IRQHandler 000000E4

Symbol: PLL0_IRQHandler
   Definitions
      At line 347 in file startup_LPC17xx.s
   Uses
      At line 93 in file startup_LPC17xx.s
      At line 311 in file startup_LPC17xx.s

PLL1_IRQHandler 000000E4

Symbol: PLL1_IRQHandler
   Definitions
      At line 363 in file startup_LPC17xx.s
   Uses
      At line 109 in file startup_LPC17xx.s
      At line 327 in file startup_LPC17xx.s

PWM1_IRQHandler 000000E4

Symbol: PWM1_IRQHandler
   Definitions
      At line 340 in file startup_LPC17xx.s
   Uses
      At line 86 in file startup_LPC17xx.s
      At line 304 in file startup_LPC17xx.s

PendSV_Handler 000000E0

Symbol: PendSV_Handler
   Definitions
      At line 284 in file startup_LPC17xx.s
   Uses
      At line 73 in file startup_LPC17xx.s
      At line 285 in file startup_LPC17xx.s

QEI_IRQHandler 000000E4

Symbol: QEI_IRQHandler
   Definitions



ARM Macro Assembler    Page 5 Alphabetic symbol ordering
Relocatable symbols

      At line 362 in file startup_LPC17xx.s
   Uses
      At line 108 in file startup_LPC17xx.s
      At line 326 in file startup_LPC17xx.s

RIT_IRQHandler 000000E4

Symbol: RIT_IRQHandler
   Definitions
      At line 360 in file startup_LPC17xx.s
   Uses
      At line 106 in file startup_LPC17xx.s
      At line 324 in file startup_LPC17xx.s

RTC_IRQHandler 000000E4

Symbol: RTC_IRQHandler
   Definitions
      At line 348 in file startup_LPC17xx.s
   Uses
      At line 94 in file startup_LPC17xx.s
      At line 312 in file startup_LPC17xx.s

Reset_Handler 00000000

Symbol: Reset_Handler
   Definitions
      At line 129 in file startup_LPC17xx.s
   Uses
      At line 60 in file startup_LPC17xx.s
      At line 130 in file startup_LPC17xx.s

SPI_IRQHandler 000000E4

Symbol: SPI_IRQHandler
   Definitions
      At line 344 in file startup_LPC17xx.s
   Uses
      At line 90 in file startup_LPC17xx.s
      At line 308 in file startup_LPC17xx.s

SSP0_IRQHandler 000000E4

Symbol: SSP0_IRQHandler
   Definitions
      At line 345 in file startup_LPC17xx.s
   Uses
      At line 91 in file startup_LPC17xx.s
      At line 309 in file startup_LPC17xx.s

SSP1_IRQHandler 000000E4

Symbol: SSP1_IRQHandler
   Definitions
      At line 346 in file startup_LPC17xx.s
   Uses
      At line 92 in file startup_LPC17xx.s
      At line 310 in file startup_LPC17xx.s




ARM Macro Assembler    Page 6 Alphabetic symbol ordering
Relocatable symbols

STOP 00000046

Symbol: STOP
   Definitions
      At line 160 in file startup_LPC17xx.s
   Uses
      At line 160 in file startup_LPC17xx.s
Comment: STOP used once
SVC_Handler 000000DC

Symbol: SVC_Handler
   Definitions
      At line 275 in file startup_LPC17xx.s
   Uses
      At line 70 in file startup_LPC17xx.s
      At line 276 in file startup_LPC17xx.s

SysTick_Handler 000000E2

Symbol: SysTick_Handler
   Definitions
      At line 288 in file startup_LPC17xx.s
   Uses
      At line 74 in file startup_LPC17xx.s
      At line 289 in file startup_LPC17xx.s

TIMER0_IRQHandler 000000E4

Symbol: TIMER0_IRQHandler
   Definitions
      At line 332 in file startup_LPC17xx.s
   Uses
      At line 78 in file startup_LPC17xx.s
      At line 296 in file startup_LPC17xx.s

TIMER1_IRQHandler 000000E4

Symbol: TIMER1_IRQHandler
   Definitions
      At line 333 in file startup_LPC17xx.s
   Uses
      At line 79 in file startup_LPC17xx.s
      At line 297 in file startup_LPC17xx.s

TIMER2_IRQHandler 000000E4

Symbol: TIMER2_IRQHandler
   Definitions
      At line 334 in file startup_LPC17xx.s
   Uses
      At line 80 in file startup_LPC17xx.s
      At line 298 in file startup_LPC17xx.s

TIMER3_IRQHandler 000000E4

Symbol: TIMER3_IRQHandler
   Definitions
      At line 335 in file startup_LPC17xx.s
   Uses



ARM Macro Assembler    Page 7 Alphabetic symbol ordering
Relocatable symbols

      At line 81 in file startup_LPC17xx.s
      At line 299 in file startup_LPC17xx.s

UART0_IRQHandler 000000E4

Symbol: UART0_IRQHandler
   Definitions
      At line 336 in file startup_LPC17xx.s
   Uses
      At line 82 in file startup_LPC17xx.s
      At line 300 in file startup_LPC17xx.s

UART1_IRQHandler 000000E4

Symbol: UART1_IRQHandler
   Definitions
      At line 337 in file startup_LPC17xx.s
   Uses
      At line 83 in file startup_LPC17xx.s
      At line 301 in file startup_LPC17xx.s

UART2_IRQHandler 000000E4

Symbol: UART2_IRQHandler
   Definitions
      At line 338 in file startup_LPC17xx.s
   Uses
      At line 84 in file startup_LPC17xx.s
      At line 302 in file startup_LPC17xx.s

UART3_IRQHandler 000000E4

Symbol: UART3_IRQHandler
   Definitions
      At line 339 in file startup_LPC17xx.s
   Uses
      At line 85 in file startup_LPC17xx.s
      At line 303 in file startup_LPC17xx.s

USBActivity_IRQHandler 000000E4

Symbol: USBActivity_IRQHandler
   Definitions
      At line 364 in file startup_LPC17xx.s
   Uses
      At line 110 in file startup_LPC17xx.s
      At line 328 in file startup_LPC17xx.s

USB_IRQHandler 000000E4

Symbol: USB_IRQHandler
   Definitions
      At line 355 in file startup_LPC17xx.s
   Uses
      At line 101 in file startup_LPC17xx.s
      At line 319 in file startup_LPC17xx.s

UsageFault_Handler 000000DA




ARM Macro Assembler    Page 8 Alphabetic symbol ordering
Relocatable symbols

Symbol: UsageFault_Handler
   Definitions
      At line 271 in file startup_LPC17xx.s
   Uses
      At line 65 in file startup_LPC17xx.s
      At line 272 in file startup_LPC17xx.s

WDT_IRQHandler 000000E4

Symbol: WDT_IRQHandler
   Definitions
      At line 331 in file startup_LPC17xx.s
   Uses
      At line 77 in file startup_LPC17xx.s
      At line 295 in file startup_LPC17xx.s

__user_initial_stackheap 000000E8

Symbol: __user_initial_stackheap
   Definitions
      At line 387 in file startup_LPC17xx.s
   Uses
      At line 386 in file startup_LPC17xx.s
Comment: __user_initial_stackheap used once
control 00000078

Symbol: control
   Definitions
      At line 190 in file startup_LPC17xx.s
   Uses
      At line 172 in file startup_LPC17xx.s
Comment: control used once
fail 000000C8

Symbol: fail
   Definitions
      At line 239 in file startup_LPC17xx.s
   Uses
      At line 214 in file startup_LPC17xx.s
      At line 221 in file startup_LPC17xx.s

fillLoop 00000052

Symbol: fillLoop
   Definitions
      At line 170 in file startup_LPC17xx.s
   Uses
      At line 187 in file startup_LPC17xx.s
      At line 193 in file startup_LPC17xx.s

fillStack 00000048

Symbol: fillStack
   Definitions
      At line 164 in file startup_LPC17xx.s
   Uses
      At line 137 in file startup_LPC17xx.s
      At line 141 in file startup_LPC17xx.s
      At line 145 in file startup_LPC17xx.s



ARM Macro Assembler    Page 9 Alphabetic symbol ordering
Relocatable symbols


move1 00000090

Symbol: move1
   Definitions
      At line 204 in file startup_LPC17xx.s
   Uses
      At line 155 in file startup_LPC17xx.s
Comment: move1 used once
nextStack 00000082

Symbol: nextStack
   Definitions
      At line 195 in file startup_LPC17xx.s
   Uses
      At line 177 in file startup_LPC17xx.s
      At line 182 in file startup_LPC17xx.s
      At line 184 in file startup_LPC17xx.s

nextStackZero 00000086

Symbol: nextStackZero
   Definitions
      At line 196 in file startup_LPC17xx.s
   Uses
      At line 191 in file startup_LPC17xx.s
Comment: nextStackZero used once
ok 000000AE

Symbol: ok
   Definitions
      At line 225 in file startup_LPC17xx.s
   Uses
      At line 217 in file startup_LPC17xx.s
Comment: ok used once
over 00000062

Symbol: over
   Definitions
      At line 178 in file startup_LPC17xx.s
   Uses
      At line 175 in file startup_LPC17xx.s
Comment: over used once
return 000000D0

Symbol: return
   Definitions
      At line 243 in file startup_LPC17xx.s
   Uses
      At line 237 in file startup_LPC17xx.s
      At line 241 in file startup_LPC17xx.s

59 symbols



ARM Macro Assembler    Page 1 Alphabetic symbol ordering
Absolute symbols

Heap_Size 00000000

Symbol: Heap_Size
   Definitions
      At line 42 in file startup_LPC17xx.s
   Uses
      At line 46 in file startup_LPC17xx.s
      At line 391 in file startup_LPC17xx.s

N 00000003

Symbol: N
   Definitions
      At line 122 in file startup_LPC17xx.s
   Uses
      None
Comment: N unused
Stack_Size 00000200

Symbol: Stack_Size
   Definitions
      At line 31 in file startup_LPC17xx.s
   Uses
      At line 34 in file startup_LPC17xx.s
      At line 390 in file startup_LPC17xx.s

3 symbols
415 symbols in table
