


ARM Macro Assembler    Page 1 


    1 00000000         ;/******************************************************
                       ********************//**
    2 00000000         ; * @file     startup_LPC17xx.s
    3 00000000         ; * @brief    CMSIS Cortex-M3 Core Device Startup File f
                       or
    4 00000000         ; *           NXP LPC17xx Device Series
    5 00000000         ; * @version  V1.10
    6 00000000         ; * @date     06. April 2011
    7 00000000         ; *
    8 00000000         ; * @note
    9 00000000         ; * Copyright (C) 2009-2011 ARM Limited. All rights rese
                       rved.
   10 00000000         ; *
   11 00000000         ; * @par
   12 00000000         ; * ARM Limited (ARM) is supplying this software for use
                        with Cortex-M
   13 00000000         ; * processor based microcontrollers.  This file can be 
                       freely distributed
   14 00000000         ; * within development tools that are supporting such AR
                       M based processors.
   15 00000000         ; *
   16 00000000         ; * @par
   17 00000000         ; * THIS SOFTWARE IS PROVIDED "AS IS".  NO WARRANTIES, W
                       HETHER EXPRESS, IMPLIED
   18 00000000         ; * OR STATUTORY, INCLUDING, BUT NOT LIMITED TO, IMPLIED
                        WARRANTIES OF
   19 00000000         ; * MERCHANTABILITY AND FITNESS FOR A PARTICULAR PURPOSE
                        APPLY TO THIS SOFTWARE.
   20 00000000         ; * ARM SHALL NOT, IN ANY CIRCUMSTANCES, BE LIABLE FOR S
                       PECIAL, INCIDENTAL, OR
   21 00000000         ; * CONSEQUENTIAL DAMAGES, FOR ANY REASON WHATSOEVER.
   22 00000000         ; *
   23 00000000         ; ******************************************************
                       ************************/
   24 00000000         
   25 00000000         ; *------- <<< Use Configuration Wizard in Context Menu 
                       >>> ------------------
   26 00000000         
   27 00000000         ; <h> Stack Configuration
   28 00000000         ;   <o> Stack Size (in Bytes) <0x0-0xFFFFFFFF:8>
   29 00000000         ; </h>
   30 00000000         
   31 00000000 00000200 
                       Stack_Size
                               EQU              0x00000200
   32 00000000         
   33 00000000                 AREA             STACK, NOINIT, READWRITE, ALIGN
=3
   34 00000000         Stack_Mem
                               SPACE            Stack_Size
   35 00000200         __initial_sp
   36 00000200         
   37 00000200         
   38 00000200         ; <h> Heap Configuration
   39 00000200         ;   <o>  Heap Size (in Bytes) <0x0-0xFFFFFFFF:8>
   40 00000200         ; </h>
   41 00000200         
   42 00000200 00000000 
                       Heap_Size



ARM Macro Assembler    Page 2 


                               EQU              0x00000000
   43 00000200         
   44 00000200                 AREA             HEAP, NOINIT, READWRITE, ALIGN=
3
   45 00000000         __heap_base
   46 00000000         Heap_Mem
                               SPACE            Heap_Size
   47 00000000         __heap_limit
   48 00000000         
   49 00000000         
   50 00000000                 PRESERVE8
   51 00000000                 THUMB
   52 00000000         
   53 00000000         
   54 00000000         ; Vector Table Mapped to Address 0 at Reset
   55 00000000         
   56 00000000                 AREA             RESET, DATA, READONLY
   57 00000000                 EXPORT           __Vectors
   58 00000000         
   59 00000000 00000000 
                       __Vectors
                               DCD              __initial_sp ; Top of Stack
   60 00000004 00000000        DCD              Reset_Handler ; Reset Handler
   61 00000008 00000000        DCD              NMI_Handler ; NMI Handler
   62 0000000C 00000000        DCD              HardFault_Handler ; Hard Fault 
                                                            Handler
   63 00000010 00000000        DCD              MemManage_Handler 
                                                            ; MPU Fault Handler
                                                            
   64 00000014 00000000        DCD              BusFault_Handler 
                                                            ; Bus Fault Handler
                                                            
   65 00000018 00000000        DCD              UsageFault_Handler ; Usage Faul
                                                            t Handler
   66 0000001C 00000000        DCD              0           ; Reserved
   67 00000020 00000000        DCD              0           ; Reserved
   68 00000024 00000000        DCD              0           ; Reserved
   69 00000028 00000000        DCD              0           ; Reserved
   70 0000002C 00000000        DCD              SVC_Handler ; SVCall Handler
   71 00000030 00000000        DCD              DebugMon_Handler ; Debug Monito
                                                            r Handler
   72 00000034 00000000        DCD              0           ; Reserved
   73 00000038 00000000        DCD              PendSV_Handler ; PendSV Handler
                                                            
   74 0000003C 00000000        DCD              SysTick_Handler 
                                                            ; SysTick Handler
   75 00000040         
   76 00000040         ; External Interrupts
   77 00000040 00000000        DCD              WDT_IRQHandler ; 16: Watchdog T
                                                            imer
   78 00000044 00000000        DCD              TIMER0_IRQHandler ; 17: Timer0
   79 00000048 00000000        DCD              TIMER1_IRQHandler ; 18: Timer1
   80 0000004C 00000000        DCD              TIMER2_IRQHandler ; 19: Timer2
   81 00000050 00000000        DCD              TIMER3_IRQHandler ; 20: Timer3
   82 00000054 00000000        DCD              UART0_IRQHandler ; 21: UART0
   83 00000058 00000000        DCD              UART1_IRQHandler ; 22: UART1
   84 0000005C 00000000        DCD              UART2_IRQHandler ; 23: UART2
   85 00000060 00000000        DCD              UART3_IRQHandler ; 24: UART3
   86 00000064 00000000        DCD              PWM1_IRQHandler ; 25: PWM1



ARM Macro Assembler    Page 3 


   87 00000068 00000000        DCD              I2C0_IRQHandler ; 26: I2C0
   88 0000006C 00000000        DCD              I2C1_IRQHandler ; 27: I2C1
   89 00000070 00000000        DCD              I2C2_IRQHandler ; 28: I2C2
   90 00000074 00000000        DCD              SPI_IRQHandler ; 29: SPI
   91 00000078 00000000        DCD              SSP0_IRQHandler ; 30: SSP0
   92 0000007C 00000000        DCD              SSP1_IRQHandler ; 31: SSP1
   93 00000080 00000000        DCD              PLL0_IRQHandler ; 32: PLL0 Lock
                                                             (Main PLL)
   94 00000084 00000000        DCD              RTC_IRQHandler ; 33: Real Time 
                                                            Clock
   95 00000088 00000000        DCD              EINT0_IRQHandler ; 34: External
                                                             Interrupt 0
   96 0000008C 00000000        DCD              EINT1_IRQHandler ; 35: External
                                                             Interrupt 1
   97 00000090 00000000        DCD              EINT2_IRQHandler ; 36: External
                                                             Interrupt 2
   98 00000094 00000000        DCD              EINT3_IRQHandler ; 37: External
                                                             Interrupt 3
   99 00000098 00000000        DCD              ADC_IRQHandler 
                                                            ; 38: A/D Converter
                                                            
  100 0000009C 00000000        DCD              BOD_IRQHandler ; 39: Brown-Out 
                                                            Detect
  101 000000A0 00000000        DCD              USB_IRQHandler ; 40: USB
  102 000000A4 00000000        DCD              CAN_IRQHandler ; 41: CAN
  103 000000A8 00000000        DCD              DMA_IRQHandler ; 42: General Pu
                                                            rpose DMA
  104 000000AC 00000000        DCD              I2S_IRQHandler ; 43: I2S
  105 000000B0 00000000        DCD              ENET_IRQHandler ; 44: Ethernet
  106 000000B4 00000000        DCD              RIT_IRQHandler ; 45: Repetitive
                                                             Interrupt Timer
  107 000000B8 00000000        DCD              MCPWM_IRQHandler ; 46: Motor Co
                                                            ntrol PWM
  108 000000BC 00000000        DCD              QEI_IRQHandler ; 47: Quadrature
                                                             Encoder Interface
  109 000000C0 00000000        DCD              PLL1_IRQHandler ; 48: PLL1 Lock
                                                             (USB PLL)
  110 000000C4 00000000        DCD              USBActivity_IRQHandler ; 49: US
                                                            B Activity interrup
                                                            t to wakeup
  111 000000C8 00000000        DCD              CANActivity_IRQHandler ; 50: CA
                                                            N Activity interrup
                                                            t to wakeup
  112 000000CC         
  113 000000CC         
  114 000000CC                 IF               :LNOT::DEF:NO_CRP
  115 000000CC                 AREA             |.ARM.__at_0x02FC|, CODE, READO
NLY
  116 00000000 FFFFFFFF 
                       CRP_Key DCD              0xFFFFFFFF
  117 00000004                 ENDIF
  118 00000004         ;---------------------------------------------------
  119 00000004                 AREA             myData,DATA,READWRITE
  120 00000000 00 00 00 
              00 00 00 
              00 00 00 
              00 00 00 
              00 00 00 
              00 00 00 



ARM Macro Assembler    Page 4 


              00 00 00 
              00 00 00 
              00 00    mem_alloc
                               SPACE            26
  121 0000001A         
  122 0000001A                 AREA             |.text|, CODE, READONLY
  123 00000000         
  124 00000000         
  125 00000000         ; Reset Handler
  126 00000000         
  127 00000000         Reset_Handler
                               PROC
  128 00000000                 EXPORT           Reset_Handler             [WEAK
]
  129 00000000 EA80 0000       EOR              R0,R0
  130 00000004 EA81 0101       EOR              R1,R1
  131 00000008 F04F 0001       MOV              R0,#0x1
  132 0000000C F04F 0101       MOV              R1,#0x1
  133 00000010 EB01 0200       ADD              R2,R1,R0
  134 00000014 EB02 0301       ADD              R3,R2,R1
  135 00000018 EB03 0402       ADD              R4,R3,R2
  136 0000001C EB04 0503       ADD              R5,R4,R3
  137 00000020 EB05 0604       ADD              R6,R5,R4
  138 00000024 EB06 0705       ADD              R7,R6,R5
  139 00000028 EB07 0806       ADD              R8,R7,R6
  140 0000002C EB08 0907       ADD              R9,R8,R7
  141 00000030 EB09 0A08       ADD              R10,R9,R8
  142 00000034 EB0A 0B09       ADD              R11,R10,R9
  143 00000038 EB0B 0C0A       ADD              R12,R11,R10
  144 0000003C         
  145 0000003C         
  146 0000003C F8DF E08C       LDR              R14,=mem_alloc ;pseudo-istruzio
                                                            ne, mette l'indiriz
                                                            zo in una literal p
                                                            ool poi lo carica n
                                                            el registro
  147 00000040 F88E 0000       STRB             R0,[R14]
  148 00000044 F80E 1F01       STRB             R1,[R14,#0x1]!
  149 00000048 F80E 2F01       STRB             R2,[R14,#0x1]!
  150 0000004C F80E 3F01       STRB             R3,[R14,#0x1]!
  151 00000050 F80E 4F01       STRB             R4,[R14,#0x1]!
  152 00000054 F80E 5F01       STRB             R5,[R14,#0x1]!
  153 00000058 F80E 6F01       STRB             R6,[R14,#0x1]!
  154 0000005C F80E 7F01       STRB             R7,[R14,#0x1]!
  155 00000060 F80E 8F01       STRB             R8,[R14,#0x1]!
  156 00000064 F80E 9F01       STRB             R9,[R14,#0x1]!
  157 00000068 F80E AF01       STRB             R10,[R14,#0x1]!
  158 0000006C F80E BF01       STRB             R11,[R14,#0x1]!
  159 00000070 F80E CF01       STRB             R12,[R14,#0x1]!
  160 00000074 F10E 0E01       ADD              R14,#0x1
  161 00000078 F80E CB01       STRB             R12,[R14],#0x1
  162 0000007C F80E BB01       STRB             R11,[R14],#0x1
  163 00000080 F80E AB01       STRB             R10,[R14],#0x1
  164 00000084 F80E 9B01       STRB             R9,[R14],#0x1
  165 00000088 F80E 8B01       STRB             R8,[R14],#0x1
  166 0000008C F80E 7B01       STRB             R7,[R14],#0x1
  167 00000090 F80E 6B01       STRB             R6,[R14],#0x1
  168 00000094 F80E 5B01       STRB             R5,[R14],#0x1
  169 00000098 F80E 4B01       STRB             R4,[R14],#0x1



ARM Macro Assembler    Page 5 


  170 0000009C F80E 3B01       STRB             R3,[R14],#0x1
  171 000000A0 F80E 2B01       STRB             R2,[R14],#0x1
  172 000000A4 F80E 1B01       STRB             R1,[R14],#0x1
  173 000000A8 F80E 0B01       STRB             R0,[R14],#0x1
  174 000000AC         
  175 000000AC                 ENDP
  176 000000AC         
  177 000000AC         ;---------------------------------------------------
  178 000000AC         ; Dummy Exception Handlers (infinite loops which can be 
                       modified)
  179 000000AC         
  180 000000AC         NMI_Handler
                               PROC
  181 000000AC                 EXPORT           NMI_Handler               [WEAK
]
  182 000000AC E7FE            B                .
  183 000000AE                 ENDP
  185 000000AE         HardFault_Handler
                               PROC
  186 000000AE                 EXPORT           HardFault_Handler         [WEAK
]
  187 000000AE E7FE            B                .
  188 000000B0                 ENDP
  190 000000B0         MemManage_Handler
                               PROC
  191 000000B0                 EXPORT           MemManage_Handler         [WEAK
]
  192 000000B0 E7FE            B                .
  193 000000B2                 ENDP
  195 000000B2         BusFault_Handler
                               PROC
  196 000000B2                 EXPORT           BusFault_Handler          [WEAK
]
  197 000000B2 E7FE            B                .
  198 000000B4                 ENDP
  200 000000B4         UsageFault_Handler
                               PROC
  201 000000B4                 EXPORT           UsageFault_Handler        [WEAK
]
  202 000000B4 E7FE            B                .
  203 000000B6                 ENDP
  204 000000B6         SVC_Handler
                               PROC
  205 000000B6                 EXPORT           SVC_Handler               [WEAK
]
  206 000000B6 E7FE            B                .
  207 000000B8                 ENDP
  209 000000B8         DebugMon_Handler
                               PROC
  210 000000B8                 EXPORT           DebugMon_Handler          [WEAK
]
  211 000000B8 E7FE            B                .
  212 000000BA                 ENDP
  213 000000BA         PendSV_Handler
                               PROC
  214 000000BA                 EXPORT           PendSV_Handler            [WEAK
]
  215 000000BA E7FE            B                .
  216 000000BC                 ENDP



ARM Macro Assembler    Page 6 


  217 000000BC         SysTick_Handler
                               PROC
  218 000000BC                 EXPORT           SysTick_Handler           [WEAK
]
  219 000000BC E7FE            B                .
  220 000000BE                 ENDP
  221 000000BE         
  222 000000BE         Default_Handler
                               PROC
  223 000000BE         
  224 000000BE                 EXPORT           WDT_IRQHandler            [WEAK
]
  225 000000BE                 EXPORT           TIMER0_IRQHandler         [WEAK
]
  226 000000BE                 EXPORT           TIMER1_IRQHandler         [WEAK
]
  227 000000BE                 EXPORT           TIMER2_IRQHandler         [WEAK
]
  228 000000BE                 EXPORT           TIMER3_IRQHandler         [WEAK
]
  229 000000BE                 EXPORT           UART0_IRQHandler          [WEAK
]
  230 000000BE                 EXPORT           UART1_IRQHandler          [WEAK
]
  231 000000BE                 EXPORT           UART2_IRQHandler          [WEAK
]
  232 000000BE                 EXPORT           UART3_IRQHandler          [WEAK
]
  233 000000BE                 EXPORT           PWM1_IRQHandler           [WEAK
]
  234 000000BE                 EXPORT           I2C0_IRQHandler           [WEAK
]
  235 000000BE                 EXPORT           I2C1_IRQHandler           [WEAK
]
  236 000000BE                 EXPORT           I2C2_IRQHandler           [WEAK
]
  237 000000BE                 EXPORT           SPI_IRQHandler            [WEAK
]
  238 000000BE                 EXPORT           SSP0_IRQHandler           [WEAK
]
  239 000000BE                 EXPORT           SSP1_IRQHandler           [WEAK
]
  240 000000BE                 EXPORT           PLL0_IRQHandler           [WEAK
]
  241 000000BE                 EXPORT           RTC_IRQHandler            [WEAK
]
  242 000000BE                 EXPORT           EINT0_IRQHandler          [WEAK
]
  243 000000BE                 EXPORT           EINT1_IRQHandler          [WEAK
]
  244 000000BE                 EXPORT           EINT2_IRQHandler          [WEAK
]
  245 000000BE                 EXPORT           EINT3_IRQHandler          [WEAK
]
  246 000000BE                 EXPORT           ADC_IRQHandler            [WEAK
]
  247 000000BE                 EXPORT           BOD_IRQHandler            [WEAK
]
  248 000000BE                 EXPORT           USB_IRQHandler            [WEAK



ARM Macro Assembler    Page 7 


]
  249 000000BE                 EXPORT           CAN_IRQHandler            [WEAK
]
  250 000000BE                 EXPORT           DMA_IRQHandler            [WEAK
]
  251 000000BE                 EXPORT           I2S_IRQHandler            [WEAK
]
  252 000000BE                 EXPORT           ENET_IRQHandler           [WEAK
]
  253 000000BE                 EXPORT           RIT_IRQHandler            [WEAK
]
  254 000000BE                 EXPORT           MCPWM_IRQHandler          [WEAK
]
  255 000000BE                 EXPORT           QEI_IRQHandler            [WEAK
]
  256 000000BE                 EXPORT           PLL1_IRQHandler           [WEAK
]
  257 000000BE                 EXPORT           USBActivity_IRQHandler    [WEAK
]
  258 000000BE                 EXPORT           CANActivity_IRQHandler    [WEAK
]
  259 000000BE         
  260 000000BE         WDT_IRQHandler
  261 000000BE         TIMER0_IRQHandler
  262 000000BE         TIMER1_IRQHandler
  263 000000BE         TIMER2_IRQHandler
  264 000000BE         TIMER3_IRQHandler
  265 000000BE         UART0_IRQHandler
  266 000000BE         UART1_IRQHandler
  267 000000BE         UART2_IRQHandler
  268 000000BE         UART3_IRQHandler
  269 000000BE         PWM1_IRQHandler
  270 000000BE         I2C0_IRQHandler
  271 000000BE         I2C1_IRQHandler
  272 000000BE         I2C2_IRQHandler
  273 000000BE         SPI_IRQHandler
  274 000000BE         SSP0_IRQHandler
  275 000000BE         SSP1_IRQHandler
  276 000000BE         PLL0_IRQHandler
  277 000000BE         RTC_IRQHandler
  278 000000BE         EINT0_IRQHandler
  279 000000BE         EINT1_IRQHandler
  280 000000BE         EINT2_IRQHandler
  281 000000BE         EINT3_IRQHandler
  282 000000BE         ADC_IRQHandler
  283 000000BE         BOD_IRQHandler
  284 000000BE         USB_IRQHandler
  285 000000BE         CAN_IRQHandler
  286 000000BE         DMA_IRQHandler
  287 000000BE         I2S_IRQHandler
  288 000000BE         ENET_IRQHandler
  289 000000BE         RIT_IRQHandler
  290 000000BE         MCPWM_IRQHandler
  291 000000BE         QEI_IRQHandler
  292 000000BE         PLL1_IRQHandler
  293 000000BE         USBActivity_IRQHandler
  294 000000BE         CANActivity_IRQHandler
  295 000000BE         
  296 000000BE E7FE            B                .



ARM Macro Assembler    Page 8 


  297 000000C0         
  298 000000C0                 ENDP
  299 000000C0         
  300 000000C0         
  301 000000C0                 ALIGN
  302 000000C0         
  303 000000C0         
  304 000000C0         ; User Initial Stack & Heap
  305 000000C0         
  306 000000C0                 IF               :DEF:__MICROLIB
  313 000000C0         
  314 000000C0         ;IMPORT  __use_two_region_memory
  315 000000C0                 EXPORT           __user_initial_stackheap
  316 000000C0         __user_initial_stackheap
  317 000000C0         
  318 000000C0 4803            LDR              R0, =  Heap_Mem
  319 000000C2 4904            LDR              R1, =(Stack_Mem + Stack_Size)
  320 000000C4 4A02            LDR              R2, = (Heap_Mem +  Heap_Size)
  321 000000C6 4B04            LDR              R3, = Stack_Mem
  322 000000C8 4770            BX               LR
  323 000000CA         
  324 000000CA 00 00           ALIGN
  325 000000CC         
  326 000000CC                 ENDIF
  327 000000CC         
  328 000000CC         
  329 000000CC                 END
              00000000 
              00000000 
              00000200 
              00000000 
Command Line: --debug --xref --cpu=Cortex-M3 --apcs=interwork --depend=.\startu
p_lpc17xx.d -o.\startup_lpc17xx.o -I"Z:\Volumes\HDD\Documenti HDD\Politecnico 2
018:2019\ASE\Keil\ARM\RV31\INC" -I"Z:\Volumes\HDD\Documenti HDD\Politecnico 201
8:2019\ASE\Keil\ARM\CMSIS\Include" -I"Z:\Volumes\HDD\Documenti HDD\Politecnico 
2018:2019\ASE\Keil\ARM\Inc\NXP\LPC17xx" --predefine="__EVAL SETA 1" --list=.\st
artup_lpc17xx.lst startup_LPC17xx.s



ARM Macro Assembler    Page 1 Alphabetic symbol ordering
Relocatable symbols

STACK 00000000

Symbol: STACK
   Definitions
      At line 33 in file startup_LPC17xx.s
   Uses
      None
Comment: STACK unused
Stack_Mem 00000000

Symbol: Stack_Mem
   Definitions
      At line 34 in file startup_LPC17xx.s
   Uses
      At line 319 in file startup_LPC17xx.s
      At line 321 in file startup_LPC17xx.s

__initial_sp 00000200

Symbol: __initial_sp
   Definitions
      At line 35 in file startup_LPC17xx.s
   Uses
      At line 59 in file startup_LPC17xx.s
Comment: __initial_sp used once
3 symbols



ARM Macro Assembler    Page 1 Alphabetic symbol ordering
Relocatable symbols

HEAP 00000000

Symbol: HEAP
   Definitions
      At line 44 in file startup_LPC17xx.s
   Uses
      None
Comment: HEAP unused
Heap_Mem 00000000

Symbol: Heap_Mem
   Definitions
      At line 46 in file startup_LPC17xx.s
   Uses
      At line 318 in file startup_LPC17xx.s
      At line 320 in file startup_LPC17xx.s

__heap_base 00000000

Symbol: __heap_base
   Definitions
      At line 45 in file startup_LPC17xx.s
   Uses
      None
Comment: __heap_base unused
__heap_limit 00000000

Symbol: __heap_limit
   Definitions
      At line 47 in file startup_LPC17xx.s
   Uses
      None
Comment: __heap_limit unused
4 symbols



ARM Macro Assembler    Page 1 Alphabetic symbol ordering
Relocatable symbols

RESET 00000000

Symbol: RESET
   Definitions
      At line 56 in file startup_LPC17xx.s
   Uses
      None
Comment: RESET unused
__Vectors 00000000

Symbol: __Vectors
   Definitions
      At line 59 in file startup_LPC17xx.s
   Uses
      At line 57 in file startup_LPC17xx.s
Comment: __Vectors used once
2 symbols



ARM Macro Assembler    Page 1 Alphabetic symbol ordering
Relocatable symbols

.ARM.__at_0x02FC 00000000

Symbol: .ARM.__at_0x02FC
   Definitions
      At line 115 in file startup_LPC17xx.s
   Uses
      None
Comment: .ARM.__at_0x02FC unused
CRP_Key 00000000

Symbol: CRP_Key
   Definitions
      At line 116 in file startup_LPC17xx.s
   Uses
      None
Comment: CRP_Key unused
2 symbols



ARM Macro Assembler    Page 1 Alphabetic symbol ordering
Relocatable symbols

mem_alloc 00000000

Symbol: mem_alloc
   Definitions
      At line 120 in file startup_LPC17xx.s
   Uses
      At line 146 in file startup_LPC17xx.s
Comment: mem_alloc used once
myData 00000000

Symbol: myData
   Definitions
      At line 119 in file startup_LPC17xx.s
   Uses
      None
Comment: myData unused
2 symbols



ARM Macro Assembler    Page 1 Alphabetic symbol ordering
Relocatable symbols

.text 00000000

Symbol: .text
   Definitions
      At line 122 in file startup_LPC17xx.s
   Uses
      None
Comment: .text unused
ADC_IRQHandler 000000BE

Symbol: ADC_IRQHandler
   Definitions
      At line 282 in file startup_LPC17xx.s
   Uses
      At line 99 in file startup_LPC17xx.s
      At line 246 in file startup_LPC17xx.s

BOD_IRQHandler 000000BE

Symbol: BOD_IRQHandler
   Definitions
      At line 283 in file startup_LPC17xx.s
   Uses
      At line 100 in file startup_LPC17xx.s
      At line 247 in file startup_LPC17xx.s

BusFault_Handler 000000B2

Symbol: BusFault_Handler
   Definitions
      At line 195 in file startup_LPC17xx.s
   Uses
      At line 64 in file startup_LPC17xx.s
      At line 196 in file startup_LPC17xx.s

CANActivity_IRQHandler 000000BE

Symbol: CANActivity_IRQHandler
   Definitions
      At line 294 in file startup_LPC17xx.s
   Uses
      At line 111 in file startup_LPC17xx.s
      At line 258 in file startup_LPC17xx.s

CAN_IRQHandler 000000BE

Symbol: CAN_IRQHandler
   Definitions
      At line 285 in file startup_LPC17xx.s
   Uses
      At line 102 in file startup_LPC17xx.s
      At line 249 in file startup_LPC17xx.s

DMA_IRQHandler 000000BE

Symbol: DMA_IRQHandler
   Definitions
      At line 286 in file startup_LPC17xx.s
   Uses



ARM Macro Assembler    Page 2 Alphabetic symbol ordering
Relocatable symbols

      At line 103 in file startup_LPC17xx.s
      At line 250 in file startup_LPC17xx.s

DebugMon_Handler 000000B8

Symbol: DebugMon_Handler
   Definitions
      At line 209 in file startup_LPC17xx.s
   Uses
      At line 71 in file startup_LPC17xx.s
      At line 210 in file startup_LPC17xx.s

Default_Handler 000000BE

Symbol: Default_Handler
   Definitions
      At line 222 in file startup_LPC17xx.s
   Uses
      None
Comment: Default_Handler unused
EINT0_IRQHandler 000000BE

Symbol: EINT0_IRQHandler
   Definitions
      At line 278 in file startup_LPC17xx.s
   Uses
      At line 95 in file startup_LPC17xx.s
      At line 242 in file startup_LPC17xx.s

EINT1_IRQHandler 000000BE

Symbol: EINT1_IRQHandler
   Definitions
      At line 279 in file startup_LPC17xx.s
   Uses
      At line 96 in file startup_LPC17xx.s
      At line 243 in file startup_LPC17xx.s

EINT2_IRQHandler 000000BE

Symbol: EINT2_IRQHandler
   Definitions
      At line 280 in file startup_LPC17xx.s
   Uses
      At line 97 in file startup_LPC17xx.s
      At line 244 in file startup_LPC17xx.s

EINT3_IRQHandler 000000BE

Symbol: EINT3_IRQHandler
   Definitions
      At line 281 in file startup_LPC17xx.s
   Uses
      At line 98 in file startup_LPC17xx.s
      At line 245 in file startup_LPC17xx.s

ENET_IRQHandler 000000BE

Symbol: ENET_IRQHandler



ARM Macro Assembler    Page 3 Alphabetic symbol ordering
Relocatable symbols

   Definitions
      At line 288 in file startup_LPC17xx.s
   Uses
      At line 105 in file startup_LPC17xx.s
      At line 252 in file startup_LPC17xx.s

HardFault_Handler 000000AE

Symbol: HardFault_Handler
   Definitions
      At line 185 in file startup_LPC17xx.s
   Uses
      At line 62 in file startup_LPC17xx.s
      At line 186 in file startup_LPC17xx.s

I2C0_IRQHandler 000000BE

Symbol: I2C0_IRQHandler
   Definitions
      At line 270 in file startup_LPC17xx.s
   Uses
      At line 87 in file startup_LPC17xx.s
      At line 234 in file startup_LPC17xx.s

I2C1_IRQHandler 000000BE

Symbol: I2C1_IRQHandler
   Definitions
      At line 271 in file startup_LPC17xx.s
   Uses
      At line 88 in file startup_LPC17xx.s
      At line 235 in file startup_LPC17xx.s

I2C2_IRQHandler 000000BE

Symbol: I2C2_IRQHandler
   Definitions
      At line 272 in file startup_LPC17xx.s
   Uses
      At line 89 in file startup_LPC17xx.s
      At line 236 in file startup_LPC17xx.s

I2S_IRQHandler 000000BE

Symbol: I2S_IRQHandler
   Definitions
      At line 287 in file startup_LPC17xx.s
   Uses
      At line 104 in file startup_LPC17xx.s
      At line 251 in file startup_LPC17xx.s

MCPWM_IRQHandler 000000BE

Symbol: MCPWM_IRQHandler
   Definitions
      At line 290 in file startup_LPC17xx.s
   Uses
      At line 107 in file startup_LPC17xx.s
      At line 254 in file startup_LPC17xx.s



ARM Macro Assembler    Page 4 Alphabetic symbol ordering
Relocatable symbols


MemManage_Handler 000000B0

Symbol: MemManage_Handler
   Definitions
      At line 190 in file startup_LPC17xx.s
   Uses
      At line 63 in file startup_LPC17xx.s
      At line 191 in file startup_LPC17xx.s

NMI_Handler 000000AC

Symbol: NMI_Handler
   Definitions
      At line 180 in file startup_LPC17xx.s
   Uses
      At line 61 in file startup_LPC17xx.s
      At line 181 in file startup_LPC17xx.s

PLL0_IRQHandler 000000BE

Symbol: PLL0_IRQHandler
   Definitions
      At line 276 in file startup_LPC17xx.s
   Uses
      At line 93 in file startup_LPC17xx.s
      At line 240 in file startup_LPC17xx.s

PLL1_IRQHandler 000000BE

Symbol: PLL1_IRQHandler
   Definitions
      At line 292 in file startup_LPC17xx.s
   Uses
      At line 109 in file startup_LPC17xx.s
      At line 256 in file startup_LPC17xx.s

PWM1_IRQHandler 000000BE

Symbol: PWM1_IRQHandler
   Definitions
      At line 269 in file startup_LPC17xx.s
   Uses
      At line 86 in file startup_LPC17xx.s
      At line 233 in file startup_LPC17xx.s

PendSV_Handler 000000BA

Symbol: PendSV_Handler
   Definitions
      At line 213 in file startup_LPC17xx.s
   Uses
      At line 73 in file startup_LPC17xx.s
      At line 214 in file startup_LPC17xx.s

QEI_IRQHandler 000000BE

Symbol: QEI_IRQHandler
   Definitions



ARM Macro Assembler    Page 5 Alphabetic symbol ordering
Relocatable symbols

      At line 291 in file startup_LPC17xx.s
   Uses
      At line 108 in file startup_LPC17xx.s
      At line 255 in file startup_LPC17xx.s

RIT_IRQHandler 000000BE

Symbol: RIT_IRQHandler
   Definitions
      At line 289 in file startup_LPC17xx.s
   Uses
      At line 106 in file startup_LPC17xx.s
      At line 253 in file startup_LPC17xx.s

RTC_IRQHandler 000000BE

Symbol: RTC_IRQHandler
   Definitions
      At line 277 in file startup_LPC17xx.s
   Uses
      At line 94 in file startup_LPC17xx.s
      At line 241 in file startup_LPC17xx.s

Reset_Handler 00000000

Symbol: Reset_Handler
   Definitions
      At line 127 in file startup_LPC17xx.s
   Uses
      At line 60 in file startup_LPC17xx.s
      At line 128 in file startup_LPC17xx.s

SPI_IRQHandler 000000BE

Symbol: SPI_IRQHandler
   Definitions
      At line 273 in file startup_LPC17xx.s
   Uses
      At line 90 in file startup_LPC17xx.s
      At line 237 in file startup_LPC17xx.s

SSP0_IRQHandler 000000BE

Symbol: SSP0_IRQHandler
   Definitions
      At line 274 in file startup_LPC17xx.s
   Uses
      At line 91 in file startup_LPC17xx.s
      At line 238 in file startup_LPC17xx.s

SSP1_IRQHandler 000000BE

Symbol: SSP1_IRQHandler
   Definitions
      At line 275 in file startup_LPC17xx.s
   Uses
      At line 92 in file startup_LPC17xx.s
      At line 239 in file startup_LPC17xx.s




ARM Macro Assembler    Page 6 Alphabetic symbol ordering
Relocatable symbols

SVC_Handler 000000B6

Symbol: SVC_Handler
   Definitions
      At line 204 in file startup_LPC17xx.s
   Uses
      At line 70 in file startup_LPC17xx.s
      At line 205 in file startup_LPC17xx.s

SysTick_Handler 000000BC

Symbol: SysTick_Handler
   Definitions
      At line 217 in file startup_LPC17xx.s
   Uses
      At line 74 in file startup_LPC17xx.s
      At line 218 in file startup_LPC17xx.s

TIMER0_IRQHandler 000000BE

Symbol: TIMER0_IRQHandler
   Definitions
      At line 261 in file startup_LPC17xx.s
   Uses
      At line 78 in file startup_LPC17xx.s
      At line 225 in file startup_LPC17xx.s

TIMER1_IRQHandler 000000BE

Symbol: TIMER1_IRQHandler
   Definitions
      At line 262 in file startup_LPC17xx.s
   Uses
      At line 79 in file startup_LPC17xx.s
      At line 226 in file startup_LPC17xx.s

TIMER2_IRQHandler 000000BE

Symbol: TIMER2_IRQHandler
   Definitions
      At line 263 in file startup_LPC17xx.s
   Uses
      At line 80 in file startup_LPC17xx.s
      At line 227 in file startup_LPC17xx.s

TIMER3_IRQHandler 000000BE

Symbol: TIMER3_IRQHandler
   Definitions
      At line 264 in file startup_LPC17xx.s
   Uses
      At line 81 in file startup_LPC17xx.s
      At line 228 in file startup_LPC17xx.s

UART0_IRQHandler 000000BE

Symbol: UART0_IRQHandler
   Definitions
      At line 265 in file startup_LPC17xx.s



ARM Macro Assembler    Page 7 Alphabetic symbol ordering
Relocatable symbols

   Uses
      At line 82 in file startup_LPC17xx.s
      At line 229 in file startup_LPC17xx.s

UART1_IRQHandler 000000BE

Symbol: UART1_IRQHandler
   Definitions
      At line 266 in file startup_LPC17xx.s
   Uses
      At line 83 in file startup_LPC17xx.s
      At line 230 in file startup_LPC17xx.s

UART2_IRQHandler 000000BE

Symbol: UART2_IRQHandler
   Definitions
      At line 267 in file startup_LPC17xx.s
   Uses
      At line 84 in file startup_LPC17xx.s
      At line 231 in file startup_LPC17xx.s

UART3_IRQHandler 000000BE

Symbol: UART3_IRQHandler
   Definitions
      At line 268 in file startup_LPC17xx.s
   Uses
      At line 85 in file startup_LPC17xx.s
      At line 232 in file startup_LPC17xx.s

USBActivity_IRQHandler 000000BE

Symbol: USBActivity_IRQHandler
   Definitions
      At line 293 in file startup_LPC17xx.s
   Uses
      At line 110 in file startup_LPC17xx.s
      At line 257 in file startup_LPC17xx.s

USB_IRQHandler 000000BE

Symbol: USB_IRQHandler
   Definitions
      At line 284 in file startup_LPC17xx.s
   Uses
      At line 101 in file startup_LPC17xx.s
      At line 248 in file startup_LPC17xx.s

UsageFault_Handler 000000B4

Symbol: UsageFault_Handler
   Definitions
      At line 200 in file startup_LPC17xx.s
   Uses
      At line 65 in file startup_LPC17xx.s
      At line 201 in file startup_LPC17xx.s

WDT_IRQHandler 000000BE



ARM Macro Assembler    Page 8 Alphabetic symbol ordering
Relocatable symbols


Symbol: WDT_IRQHandler
   Definitions
      At line 260 in file startup_LPC17xx.s
   Uses
      At line 77 in file startup_LPC17xx.s
      At line 224 in file startup_LPC17xx.s

__user_initial_stackheap 000000C0

Symbol: __user_initial_stackheap
   Definitions
      At line 316 in file startup_LPC17xx.s
   Uses
      At line 315 in file startup_LPC17xx.s
Comment: __user_initial_stackheap used once
48 symbols



ARM Macro Assembler    Page 1 Alphabetic symbol ordering
Absolute symbols

Heap_Size 00000000

Symbol: Heap_Size
   Definitions
      At line 42 in file startup_LPC17xx.s
   Uses
      At line 46 in file startup_LPC17xx.s
      At line 320 in file startup_LPC17xx.s

Stack_Size 00000200

Symbol: Stack_Size
   Definitions
      At line 31 in file startup_LPC17xx.s
   Uses
      At line 34 in file startup_LPC17xx.s
      At line 319 in file startup_LPC17xx.s

2 symbols
400 symbols in table
