


ARM Macro Assembler    Page 1 


    1 00000000         ;/******************************************************
                       ********************//**
    2 00000000         ; * @file     startup_LPC17xx.s
    3 00000000         ; * @brief    CMSIS Cortex-M3 Core Device Startup File f
                       or
    4 00000000         ; *           NXP LPC17xx Device Series
    5 00000000         ; * @version  V1.10
    6 00000000         ; * @date     06. April 2011
    7 00000000         ; *
    8 00000000         ; * @note
    9 00000000         ; * Copyright (C) 2009-2011 ARM Limited. All rights rese
                       rved.
   10 00000000         ; *
   11 00000000         ; * @par
   12 00000000         ; * ARM Limited (ARM) is supplying this software for use
                        with Cortex-M
   13 00000000         ; * processor based microcontrollers.  This file can be 
                       freely distributed
   14 00000000         ; * within development tools that are supporting such AR
                       M based processors.
   15 00000000         ; *
   16 00000000         ; * @par
   17 00000000         ; * THIS SOFTWARE IS PROVIDED "AS IS".  NO WARRANTIES, W
                       HETHER EXPRESS, IMPLIED
   18 00000000         ; * OR STATUTORY, INCLUDING, BUT NOT LIMITED TO, IMPLIED
                        WARRANTIES OF
   19 00000000         ; * MERCHANTABILITY AND FITNESS FOR A PARTICULAR PURPOSE
                        APPLY TO THIS SOFTWARE.
   20 00000000         ; * ARM SHALL NOT, IN ANY CIRCUMSTANCES, BE LIABLE FOR S
                       PECIAL, INCIDENTAL, OR
   21 00000000         ; * CONSEQUENTIAL DAMAGES, FOR ANY REASON WHATSOEVER.
   22 00000000         ; *
   23 00000000         ; ******************************************************
                       ************************/
   24 00000000         
   25 00000000         ; *------- <<< Use Configuration Wizard in Context Menu 
                       >>> ------------------
   26 00000000         
   27 00000000         ; <h> Stack Configuration
   28 00000000         ;   <o> Stack Size (in Bytes) <0x0-0xFFFFFFFF:8>
   29 00000000         ; </h>
   30 00000000         
   31 00000000 00000200 
                       Stack_Size
                               EQU              0x00000200
   32 00000000         
   33 00000000                 AREA             STACK, NOINIT, READWRITE, ALIGN
=3
   34 00000000         Stack_Mem
                               SPACE            Stack_Size
   35 00000200         __initial_sp
   36 00000200         
   37 00000200         
   38 00000200         ; <h> Heap Configuration
   39 00000200         ;   <o>  Heap Size (in Bytes) <0x0-0xFFFFFFFF:8>
   40 00000200         ; </h>
   41 00000200         
   42 00000200 00000000 
                       Heap_Size



ARM Macro Assembler    Page 2 


                               EQU              0x00000000
   43 00000200         
   44 00000200                 AREA             HEAP, NOINIT, READWRITE, ALIGN=
3
   45 00000000         __heap_base
   46 00000000         Heap_Mem
                               SPACE            Heap_Size
   47 00000000         __heap_limit
   48 00000000         
   49 00000000         
   50 00000000                 PRESERVE8
   51 00000000                 THUMB
   52 00000000         
   53 00000000         
   54 00000000         ; Vector Table Mapped to Address 0 at Reset
   55 00000000         
   56 00000000                 AREA             RESET, DATA, READONLY
   57 00000000                 EXPORT           __Vectors
   58 00000000         
   59 00000000 00000000 
                       __Vectors
                               DCD              __initial_sp ; Top of Stack
   60 00000004 00000000        DCD              Reset_Handler ; Reset Handler
   61 00000008 00000000        DCD              NMI_Handler ; NMI Handler
   62 0000000C 00000000        DCD              HardFault_Handler ; Hard Fault 
                                                            Handler
   63 00000010 00000000        DCD              MemManage_Handler 
                                                            ; MPU Fault Handler
                                                            
   64 00000014 00000000        DCD              BusFault_Handler 
                                                            ; Bus Fault Handler
                                                            
   65 00000018 00000000        DCD              UsageFault_Handler ; Usage Faul
                                                            t Handler
   66 0000001C 00000000        DCD              0           ; Reserved
   67 00000020 00000000        DCD              0           ; Reserved
   68 00000024 00000000        DCD              0           ; Reserved
   69 00000028 00000000        DCD              0           ; Reserved
   70 0000002C 00000000        DCD              SVC_Handler ; SVCall Handler
   71 00000030 00000000        DCD              DebugMon_Handler ; Debug Monito
                                                            r Handler
   72 00000034 00000000        DCD              0           ; Reserved
   73 00000038 00000000        DCD              PendSV_Handler ; PendSV Handler
                                                            
   74 0000003C 00000000        DCD              SysTick_Handler 
                                                            ; SysTick Handler
   75 00000040         
   76 00000040         ; External Interrupts
   77 00000040 00000000        DCD              WDT_IRQHandler ; 16: Watchdog T
                                                            imer
   78 00000044 00000000        DCD              TIMER0_IRQHandler ; 17: Timer0
   79 00000048 00000000        DCD              TIMER1_IRQHandler ; 18: Timer1
   80 0000004C 00000000        DCD              TIMER2_IRQHandler ; 19: Timer2
   81 00000050 00000000        DCD              TIMER3_IRQHandler ; 20: Timer3
   82 00000054 00000000        DCD              UART0_IRQHandler ; 21: UART0
   83 00000058 00000000        DCD              UART1_IRQHandler ; 22: UART1
   84 0000005C 00000000        DCD              UART2_IRQHandler ; 23: UART2
   85 00000060 00000000        DCD              UART3_IRQHandler ; 24: UART3
   86 00000064 00000000        DCD              PWM1_IRQHandler ; 25: PWM1



ARM Macro Assembler    Page 3 


   87 00000068 00000000        DCD              I2C0_IRQHandler ; 26: I2C0
   88 0000006C 00000000        DCD              I2C1_IRQHandler ; 27: I2C1
   89 00000070 00000000        DCD              I2C2_IRQHandler ; 28: I2C2
   90 00000074 00000000        DCD              SPI_IRQHandler ; 29: SPI
   91 00000078 00000000        DCD              SSP0_IRQHandler ; 30: SSP0
   92 0000007C 00000000        DCD              SSP1_IRQHandler ; 31: SSP1
   93 00000080 00000000        DCD              PLL0_IRQHandler ; 32: PLL0 Lock
                                                             (Main PLL)
   94 00000084 00000000        DCD              RTC_IRQHandler ; 33: Real Time 
                                                            Clock
   95 00000088 00000000        DCD              EINT0_IRQHandler ; 34: External
                                                             Interrupt 0
   96 0000008C 00000000        DCD              EINT1_IRQHandler ; 35: External
                                                             Interrupt 1
   97 00000090 00000000        DCD              EINT2_IRQHandler ; 36: External
                                                             Interrupt 2
   98 00000094 00000000        DCD              EINT3_IRQHandler ; 37: External
                                                             Interrupt 3
   99 00000098 00000000        DCD              ADC_IRQHandler 
                                                            ; 38: A/D Converter
                                                            
  100 0000009C 00000000        DCD              BOD_IRQHandler ; 39: Brown-Out 
                                                            Detect
  101 000000A0 00000000        DCD              USB_IRQHandler ; 40: USB
  102 000000A4 00000000        DCD              CAN_IRQHandler ; 41: CAN
  103 000000A8 00000000        DCD              DMA_IRQHandler ; 42: General Pu
                                                            rpose DMA
  104 000000AC 00000000        DCD              I2S_IRQHandler ; 43: I2S
  105 000000B0 00000000        DCD              ENET_IRQHandler ; 44: Ethernet
  106 000000B4 00000000        DCD              RIT_IRQHandler ; 45: Repetitive
                                                             Interrupt Timer
  107 000000B8 00000000        DCD              MCPWM_IRQHandler ; 46: Motor Co
                                                            ntrol PWM
  108 000000BC 00000000        DCD              QEI_IRQHandler ; 47: Quadrature
                                                             Encoder Interface
  109 000000C0 00000000        DCD              PLL1_IRQHandler ; 48: PLL1 Lock
                                                             (USB PLL)
  110 000000C4 00000000        DCD              USBActivity_IRQHandler ; 49: US
                                                            B Activity interrup
                                                            t to wakeup
  111 000000C8 00000000        DCD              CANActivity_IRQHandler ; 50: CA
                                                            N Activity interrup
                                                            t to wakeup
  112 000000CC         
  113 000000CC         
  114 000000CC                 IF               :LNOT::DEF:NO_CRP
  115 000000CC                 AREA             |.ARM.__at_0x02FC|, CODE, READO
NLY
  116 00000000 FFFFFFFF 
                       CRP_Key DCD              0xFFFFFFFF
  117 00000004                 ENDIF
  118 00000004         
  119 00000004                 AREA             VAR,DATA,READONLY
  120 00000000 00000009 
              00000006 
              00000003 
              00000002 
              00000001 
              00000008 



ARM Macro Assembler    Page 4 


              00000007 
              00000000 
              00000005 
              00000004 
              00000000         DCD              9,6,3,2,1,8,7,0,5,4,0
  121 0000002C 00000003 
                       N       EQU              3
  122 0000002C                 AREA             STACK1,DATA,READWRITE
  123 00000000 00 00 00 
              00 00 00 
              00 00 00 
              00 00 00 
              00 00 00 
              00 00 00 
              00 00 00 
              00 00 00 
              00 00 00 
              00 00 00 
              00 00 00 
              00 00 00 
              00 00 00 
              00 00 00 
              00 00 00 
              00 00 00 
              00 00 00 
              00 00 00 
              00 00 00 
              00 00 00 
              00 00 00 
              00 00 00 
              00 00 00 
              00 00 00 
              00 00 00 
              00 00 00 
              00 00 00 
              00 00 00 
              00 00 00 
              00 00 00 
              00 00 00 
              00 00 00 
              00 00 00 
              00 00 00 
              00 00 00 
              00 00 00 
              00 00 00 
              00 00 00 
              00 00 00 
              00 00 00 
              00 00 00 
              00 00 00 
              00 00 00 
              00 00 00 
              00 00 00 
              00 00 00 
              00 00 00 
              00 00 00 
              00 00 00 
              00 00 00 
              00 00 00 



ARM Macro Assembler    Page 5 


              00 00 00 
              00 00 00 
              00 00 00 
              00 00 00 
              00 00 00 
              00 00 00 
              00 00 00 
              00 00 00 
              00 00 00 
              00 00 00 
              00 00 00 
              00 00 00 
              00 00 00 
              00 00 00 
              00 00 00 
              00 00    stack1  SPACE            200
  124 000000C8 00 00 00 
              00 00 00 
              00 00 00 
              00 00 00 
              00 00 00 
              00 00 00 
              00 00 00 
              00 00 00 
              00 00 00 
              00 00 00 
              00 00 00 
              00 00 00 
              00 00 00 
              00 00 00 
              00 00 00 
              00 00 00 
              00 00 00 
              00 00 00 
              00 00 00 
              00 00 00 
              00 00 00 
              00 00 00 
              00 00 00 
              00 00 00 
              00 00 00 
              00 00 00 
              00 00 00 
              00 00 00 
              00 00 00 
              00 00 00 
              00 00 00 
              00 00 00 
              00 00 00 
              00 00 00 
              00 00 00 
              00 00 00 
              00 00 00 
              00 00 00 
              00 00 00 
              00 00 00 
              00 00 00 
              00 00 00 
              00 00 00 



ARM Macro Assembler    Page 6 


              00 00 00 
              00 00 00 
              00 00 00 
              00 00 00 
              00 00 00 
              00 00 00 
              00 00 00 
              00 00 00 
              00 00 00 
              00 00 00 
              00 00 00 
              00 00 00 
              00 00 00 
              00 00 00 
              00 00 00 
              00 00 00 
              00 00 00 
              00 00 00 
              00 00 00 
              00 00 00 
              00 00 00 
              00 00 00 
              00 00 00 
              00 00    stack2  SPACE            200
  125 00000190 00 00 00 
              00 00 00 
              00 00 00 
              00 00 00 
              00 00 00 
              00 00 00 
              00 00 00 
              00 00 00 
              00 00 00 
              00 00 00 
              00 00 00 
              00 00 00 
              00 00 00 
              00 00 00 
              00 00 00 
              00 00 00 
              00 00 00 
              00 00 00 
              00 00 00 
              00 00 00 
              00 00 00 
              00 00 00 
              00 00 00 
              00 00 00 
              00 00 00 
              00 00 00 
              00 00 00 
              00 00 00 
              00 00 00 
              00 00 00 
              00 00 00 
              00 00 00 
              00 00 00 
              00 00 00 
              00 00 00 



ARM Macro Assembler    Page 7 


              00 00 00 
              00 00 00 
              00 00 00 
              00 00 00 
              00 00 00 
              00 00 00 
              00 00 00 
              00 00 00 
              00 00 00 
              00 00 00 
              00 00 00 
              00 00 00 
              00 00 00 
              00 00 00 
              00 00 00 
              00 00 00 
              00 00 00 
              00 00 00 
              00 00 00 
              00 00 00 
              00 00 00 
              00 00 00 
              00 00 00 
              00 00 00 
              00 00 00 
              00 00 00 
              00 00 00 
              00 00 00 
              00 00 00 
              00 00 00 
              00 00 00 
              00 00    stack3  SPACE            200
  126 00000258                 AREA             |.text|, CODE, READONLY
  127 00000000         
  128 00000000         Reset_Handler
                               PROC
  129 00000000                 EXPORT           Reset_Handler             [WEAK
]
  130 00000000         
  131 00000000 EA80 0000       EOR              R0,R0
  132 00000004 4A20            LDR              R2,=VAR
  133 00000006         
  134 00000006         
  135 00000006 4921            LDR              R1,=stack1
  136 00000008 B406            PUSH             {R1,R2}
  137 0000000A F7FF FFFE       BL               fillStack
  138 0000000E BC06            POP              {R1,R2}     ;svuoto stack
  139 00000010 491F            LDR              R1,=stack2
  140 00000012 B406            PUSH             {R1,R2}
  141 00000014 F7FF FFFE       BL               fillStack
  142 00000018 BC06            POP              {R1,R2}
  143 0000001A 491E            LDR              R1,=stack3
  144 0000001C B406            PUSH             {R1,R2}
  145 0000001E F7FF FFFE       BL               fillStack
  146 00000022 E7FE    STOP    B                STOP
  147 00000024                 ENDP
  148 00000024         
  149 00000024         
  150 00000024         fillStack



ARM Macro Assembler    Page 8 


                               PROC
  151 00000024 B5F8            PUSH             {R3,R4,R5,R6,R7,LR}
  152 00000026         
  153 00000026 9D06            LDR              R5,[SP,#24] ; R5 <-- pointer st
                                                            ack
  154 00000028 9E07            LDR              R6,[SP,#28] ; R6 <-- pointer me
                                                            moria variabili
  155 0000002A EA84 0404       EOR              R4,R4
  156 0000002E         
  157 0000002E F856 3B04 
                       fillLoop
                               LDR              R3,[R6],#4  ;prendo  elemento d
                                                            alla memoria
  158 00000032 2B00            CMP              R3,#0
  159 00000034 D00E            BEQ              control
  160 00000036         
  161 00000036 2C00            CMP              R4,#0       ; alla prima iteraz
                                                            ione R4 sarà 0 non 
                                                            devo fare confronto
                                                            
  162 00000038 D001            BEQ              over
  163 0000003A 42A3            CMP              R3,R4       ; verifico se eleme
                                                            nto già nello stack
                                                             è maggiore di quel
                                                            lo che devo mettere
                                                            , R4 sarà
  164 0000003C D80F            BHI              nextStack   ; il valore all'ite
                                                            razione N-1
  165 0000003E C508    over    STMIA            R5!,{R3}
  166 00000040         
  167 00000040 F856 4B04       LDR              R4,[R6],#4  ; prendo elemento d
                                                            alla memoria
  168 00000044 2C00            CMP              R4,#0       ; se prendo salto c
                                                            ambio stack
  169 00000046 D00A            BEQ              nextStack
  170 00000048 429C            CMP              R4,R3       ; verifico se eleme
                                                            nto già nello stack
                                                             è maggiore di quel
                                                            lo che devo mettere
                                                            
  171 0000004A D808            BHI              nextStack
  172 0000004C C510            STMIA            R5!,{R4}
  173 0000004E F107 0701       ADD              R7,#1
  174 00000052 E7EC            B                fillLoop
  175 00000054         
  176 00000054 2F00    control CMP              R7,#0       ; controllo se sono
                                                             alla prima iterazi
                                                            one
  177 00000056 D104            BNE              nextStack0  ; se NON sono alla 
                                                            prima iterazione e 
                                                            ho preso 0 cambio s
                                                            tack
  178 00000058 F107 0701       ADD              R7,#1       ; altrimenti scarto
                                                             lo 0 e non lo inse
                                                            risco
  179 0000005C E7E7            B                fillLoop
  180 0000005E         
  181 0000005E F1A6 0604 
                       nextStack



ARM Macro Assembler    Page 9 


                               SUB              R6,#4       ; se cambio stack p
                                                            erchè valore succes
                                                            sivo maggiore devo 
                                                            tornare indietro 
  182 00000062 9506    nextStack0
                               STR              R5,[SP,#24]
  183 00000064 9607            STR              R6,[SP,#28]
  184 00000066 BDF8            POP              {R3,R4,R5,R6,R7,PC}
  185 00000068                 ENDP
  186 00000068         
  187 00000068         
  188 00000068         
  189 00000068         
  190 00000068         
  191 00000068         
  192 00000068         
  193 00000068         ; Dummy Exception Handlers (infinite loops which can be 
                       modified)
  194 00000068         
  195 00000068         NMI_Handler
                               PROC
  196 00000068                 EXPORT           NMI_Handler               [WEAK
]
  197 00000068 E7FE            B                .
  198 0000006A                 ENDP
  200 0000006A         HardFault_Handler
                               PROC
  201 0000006A                 EXPORT           HardFault_Handler         [WEAK
]
  202 0000006A E7FE            B                .
  203 0000006C                 ENDP
  205 0000006C         MemManage_Handler
                               PROC
  206 0000006C                 EXPORT           MemManage_Handler         [WEAK
]
  207 0000006C E7FE            B                .
  208 0000006E                 ENDP
  210 0000006E         BusFault_Handler
                               PROC
  211 0000006E                 EXPORT           BusFault_Handler          [WEAK
]
  212 0000006E E7FE            B                .
  213 00000070                 ENDP
  215 00000070         UsageFault_Handler
                               PROC
  216 00000070                 EXPORT           UsageFault_Handler        [WEAK
]
  217 00000070 E7FE            B                .
  218 00000072                 ENDP
  219 00000072         SVC_Handler
                               PROC
  220 00000072                 EXPORT           SVC_Handler               [WEAK
]
  221 00000072 E7FE            B                .
  222 00000074                 ENDP
  224 00000074         DebugMon_Handler
                               PROC
  225 00000074                 EXPORT           DebugMon_Handler          [WEAK
]



ARM Macro Assembler    Page 10 


  226 00000074 E7FE            B                .
  227 00000076                 ENDP
  228 00000076         PendSV_Handler
                               PROC
  229 00000076                 EXPORT           PendSV_Handler            [WEAK
]
  230 00000076 E7FE            B                .
  231 00000078                 ENDP
  232 00000078         SysTick_Handler
                               PROC
  233 00000078                 EXPORT           SysTick_Handler           [WEAK
]
  234 00000078 E7FE            B                .
  235 0000007A                 ENDP
  236 0000007A         
  237 0000007A         Default_Handler
                               PROC
  238 0000007A         
  239 0000007A                 EXPORT           WDT_IRQHandler            [WEAK
]
  240 0000007A                 EXPORT           TIMER0_IRQHandler         [WEAK
]
  241 0000007A                 EXPORT           TIMER1_IRQHandler         [WEAK
]
  242 0000007A                 EXPORT           TIMER2_IRQHandler         [WEAK
]
  243 0000007A                 EXPORT           TIMER3_IRQHandler         [WEAK
]
  244 0000007A                 EXPORT           UART0_IRQHandler          [WEAK
]
  245 0000007A                 EXPORT           UART1_IRQHandler          [WEAK
]
  246 0000007A                 EXPORT           UART2_IRQHandler          [WEAK
]
  247 0000007A                 EXPORT           UART3_IRQHandler          [WEAK
]
  248 0000007A                 EXPORT           PWM1_IRQHandler           [WEAK
]
  249 0000007A                 EXPORT           I2C0_IRQHandler           [WEAK
]
  250 0000007A                 EXPORT           I2C1_IRQHandler           [WEAK
]
  251 0000007A                 EXPORT           I2C2_IRQHandler           [WEAK
]
  252 0000007A                 EXPORT           SPI_IRQHandler            [WEAK
]
  253 0000007A                 EXPORT           SSP0_IRQHandler           [WEAK
]
  254 0000007A                 EXPORT           SSP1_IRQHandler           [WEAK
]
  255 0000007A                 EXPORT           PLL0_IRQHandler           [WEAK
]
  256 0000007A                 EXPORT           RTC_IRQHandler            [WEAK
]
  257 0000007A                 EXPORT           EINT0_IRQHandler          [WEAK
]
  258 0000007A                 EXPORT           EINT1_IRQHandler          [WEAK
]
  259 0000007A                 EXPORT           EINT2_IRQHandler          [WEAK



ARM Macro Assembler    Page 11 


]
  260 0000007A                 EXPORT           EINT3_IRQHandler          [WEAK
]
  261 0000007A                 EXPORT           ADC_IRQHandler            [WEAK
]
  262 0000007A                 EXPORT           BOD_IRQHandler            [WEAK
]
  263 0000007A                 EXPORT           USB_IRQHandler            [WEAK
]
  264 0000007A                 EXPORT           CAN_IRQHandler            [WEAK
]
  265 0000007A                 EXPORT           DMA_IRQHandler            [WEAK
]
  266 0000007A                 EXPORT           I2S_IRQHandler            [WEAK
]
  267 0000007A                 EXPORT           ENET_IRQHandler           [WEAK
]
  268 0000007A                 EXPORT           RIT_IRQHandler            [WEAK
]
  269 0000007A                 EXPORT           MCPWM_IRQHandler          [WEAK
]
  270 0000007A                 EXPORT           QEI_IRQHandler            [WEAK
]
  271 0000007A                 EXPORT           PLL1_IRQHandler           [WEAK
]
  272 0000007A                 EXPORT           USBActivity_IRQHandler    [WEAK
]
  273 0000007A                 EXPORT           CANActivity_IRQHandler    [WEAK
]
  274 0000007A         
  275 0000007A         WDT_IRQHandler
  276 0000007A         TIMER0_IRQHandler
  277 0000007A         TIMER1_IRQHandler
  278 0000007A         TIMER2_IRQHandler
  279 0000007A         TIMER3_IRQHandler
  280 0000007A         UART0_IRQHandler
  281 0000007A         UART1_IRQHandler
  282 0000007A         UART2_IRQHandler
  283 0000007A         UART3_IRQHandler
  284 0000007A         PWM1_IRQHandler
  285 0000007A         I2C0_IRQHandler
  286 0000007A         I2C1_IRQHandler
  287 0000007A         I2C2_IRQHandler
  288 0000007A         SPI_IRQHandler
  289 0000007A         SSP0_IRQHandler
  290 0000007A         SSP1_IRQHandler
  291 0000007A         PLL0_IRQHandler
  292 0000007A         RTC_IRQHandler
  293 0000007A         EINT0_IRQHandler
  294 0000007A         EINT1_IRQHandler
  295 0000007A         EINT2_IRQHandler
  296 0000007A         EINT3_IRQHandler
  297 0000007A         ADC_IRQHandler
  298 0000007A         BOD_IRQHandler
  299 0000007A         USB_IRQHandler
  300 0000007A         CAN_IRQHandler
  301 0000007A         DMA_IRQHandler
  302 0000007A         I2S_IRQHandler
  303 0000007A         ENET_IRQHandler



ARM Macro Assembler    Page 12 


  304 0000007A         RIT_IRQHandler
  305 0000007A         MCPWM_IRQHandler
  306 0000007A         QEI_IRQHandler
  307 0000007A         PLL1_IRQHandler
  308 0000007A         USBActivity_IRQHandler
  309 0000007A         CANActivity_IRQHandler
  310 0000007A         
  311 0000007A E7FE            B                .
  312 0000007C         
  313 0000007C                 ENDP
  314 0000007C         
  315 0000007C         
  316 0000007C                 ALIGN
  317 0000007C         
  318 0000007C         
  319 0000007C         ; User Initial Stack & Heap
  320 0000007C         
  321 0000007C                 IF               :DEF:__MICROLIB
  328 0000007C         
  329 0000007C         ;IMPORT  __use_two_region_memory
  330 0000007C                 EXPORT           __user_initial_stackheap
  331 0000007C         __user_initial_stackheap
  332 0000007C         
  333 0000007C 4806            LDR              R0, =  Heap_Mem
  334 0000007E 4907            LDR              R1, =(Stack_Mem + Stack_Size)
  335 00000080 4A05            LDR              R2, = (Heap_Mem +  Heap_Size)
  336 00000082 4B07            LDR              R3, = Stack_Mem
  337 00000084 4770            BX               LR
  338 00000086         
  339 00000086 00 00           ALIGN
  340 00000088         
  341 00000088                 ENDIF
  342 00000088         
  343 00000088         
  344 00000088                 END
              00000000 
              00000000 
              00000000 
              00000000 
              00000000 
              00000200 
              00000000 
Command Line: --debug --xref --cpu=Cortex-M3 --apcs=interwork --depend=.\startu
p_lpc17xx.d -o.\startup_lpc17xx.o -I"Z:\Volumes\HDD\Documenti HDD\Politecnico 2
018:2019\ASE\Keil\ARM\RV31\INC" -I"Z:\Volumes\HDD\Documenti HDD\Politecnico 201
8:2019\ASE\Keil\ARM\CMSIS\Include" -I"Z:\Volumes\HDD\Documenti HDD\Politecnico 
2018:2019\ASE\Keil\ARM\Inc\NXP\LPC17xx" --predefine="__EVAL SETA 1" --list=.\st
artup_lpc17xx.lst startup_LPC17xx.s



ARM Macro Assembler    Page 1 Alphabetic symbol ordering
Relocatable symbols

STACK 00000000

Symbol: STACK
   Definitions
      At line 33 in file startup_LPC17xx.s
   Uses
      None
Comment: STACK unused
Stack_Mem 00000000

Symbol: Stack_Mem
   Definitions
      At line 34 in file startup_LPC17xx.s
   Uses
      At line 334 in file startup_LPC17xx.s
      At line 336 in file startup_LPC17xx.s

__initial_sp 00000200

Symbol: __initial_sp
   Definitions
      At line 35 in file startup_LPC17xx.s
   Uses
      At line 59 in file startup_LPC17xx.s
Comment: __initial_sp used once
3 symbols



ARM Macro Assembler    Page 1 Alphabetic symbol ordering
Relocatable symbols

HEAP 00000000

Symbol: HEAP
   Definitions
      At line 44 in file startup_LPC17xx.s
   Uses
      None
Comment: HEAP unused
Heap_Mem 00000000

Symbol: Heap_Mem
   Definitions
      At line 46 in file startup_LPC17xx.s
   Uses
      At line 333 in file startup_LPC17xx.s
      At line 335 in file startup_LPC17xx.s

__heap_base 00000000

Symbol: __heap_base
   Definitions
      At line 45 in file startup_LPC17xx.s
   Uses
      None
Comment: __heap_base unused
__heap_limit 00000000

Symbol: __heap_limit
   Definitions
      At line 47 in file startup_LPC17xx.s
   Uses
      None
Comment: __heap_limit unused
4 symbols



ARM Macro Assembler    Page 1 Alphabetic symbol ordering
Relocatable symbols

RESET 00000000

Symbol: RESET
   Definitions
      At line 56 in file startup_LPC17xx.s
   Uses
      None
Comment: RESET unused
__Vectors 00000000

Symbol: __Vectors
   Definitions
      At line 59 in file startup_LPC17xx.s
   Uses
      At line 57 in file startup_LPC17xx.s
Comment: __Vectors used once
2 symbols



ARM Macro Assembler    Page 1 Alphabetic symbol ordering
Relocatable symbols

.ARM.__at_0x02FC 00000000

Symbol: .ARM.__at_0x02FC
   Definitions
      At line 115 in file startup_LPC17xx.s
   Uses
      None
Comment: .ARM.__at_0x02FC unused
CRP_Key 00000000

Symbol: CRP_Key
   Definitions
      At line 116 in file startup_LPC17xx.s
   Uses
      None
Comment: CRP_Key unused
2 symbols



ARM Macro Assembler    Page 1 Alphabetic symbol ordering
Relocatable symbols

VAR 00000000

Symbol: VAR
   Definitions
      At line 119 in file startup_LPC17xx.s
   Uses
      At line 132 in file startup_LPC17xx.s
Comment: VAR used once
1 symbol



ARM Macro Assembler    Page 1 Alphabetic symbol ordering
Relocatable symbols

STACK1 00000000

Symbol: STACK1
   Definitions
      At line 122 in file startup_LPC17xx.s
   Uses
      None
Comment: STACK1 unused
stack1 00000000

Symbol: stack1
   Definitions
      At line 123 in file startup_LPC17xx.s
   Uses
      At line 135 in file startup_LPC17xx.s
Comment: stack1 used once
stack2 000000C8

Symbol: stack2
   Definitions
      At line 124 in file startup_LPC17xx.s
   Uses
      At line 139 in file startup_LPC17xx.s
Comment: stack2 used once
stack3 00000190

Symbol: stack3
   Definitions
      At line 125 in file startup_LPC17xx.s
   Uses
      At line 143 in file startup_LPC17xx.s
Comment: stack3 used once
4 symbols



ARM Macro Assembler    Page 1 Alphabetic symbol ordering
Relocatable symbols

.text 00000000

Symbol: .text
   Definitions
      At line 126 in file startup_LPC17xx.s
   Uses
      None
Comment: .text unused
ADC_IRQHandler 0000007A

Symbol: ADC_IRQHandler
   Definitions
      At line 297 in file startup_LPC17xx.s
   Uses
      At line 99 in file startup_LPC17xx.s
      At line 261 in file startup_LPC17xx.s

BOD_IRQHandler 0000007A

Symbol: BOD_IRQHandler
   Definitions
      At line 298 in file startup_LPC17xx.s
   Uses
      At line 100 in file startup_LPC17xx.s
      At line 262 in file startup_LPC17xx.s

BusFault_Handler 0000006E

Symbol: BusFault_Handler
   Definitions
      At line 210 in file startup_LPC17xx.s
   Uses
      At line 64 in file startup_LPC17xx.s
      At line 211 in file startup_LPC17xx.s

CANActivity_IRQHandler 0000007A

Symbol: CANActivity_IRQHandler
   Definitions
      At line 309 in file startup_LPC17xx.s
   Uses
      At line 111 in file startup_LPC17xx.s
      At line 273 in file startup_LPC17xx.s

CAN_IRQHandler 0000007A

Symbol: CAN_IRQHandler
   Definitions
      At line 300 in file startup_LPC17xx.s
   Uses
      At line 102 in file startup_LPC17xx.s
      At line 264 in file startup_LPC17xx.s

DMA_IRQHandler 0000007A

Symbol: DMA_IRQHandler
   Definitions
      At line 301 in file startup_LPC17xx.s
   Uses



ARM Macro Assembler    Page 2 Alphabetic symbol ordering
Relocatable symbols

      At line 103 in file startup_LPC17xx.s
      At line 265 in file startup_LPC17xx.s

DebugMon_Handler 00000074

Symbol: DebugMon_Handler
   Definitions
      At line 224 in file startup_LPC17xx.s
   Uses
      At line 71 in file startup_LPC17xx.s
      At line 225 in file startup_LPC17xx.s

Default_Handler 0000007A

Symbol: Default_Handler
   Definitions
      At line 237 in file startup_LPC17xx.s
   Uses
      None
Comment: Default_Handler unused
EINT0_IRQHandler 0000007A

Symbol: EINT0_IRQHandler
   Definitions
      At line 293 in file startup_LPC17xx.s
   Uses
      At line 95 in file startup_LPC17xx.s
      At line 257 in file startup_LPC17xx.s

EINT1_IRQHandler 0000007A

Symbol: EINT1_IRQHandler
   Definitions
      At line 294 in file startup_LPC17xx.s
   Uses
      At line 96 in file startup_LPC17xx.s
      At line 258 in file startup_LPC17xx.s

EINT2_IRQHandler 0000007A

Symbol: EINT2_IRQHandler
   Definitions
      At line 295 in file startup_LPC17xx.s
   Uses
      At line 97 in file startup_LPC17xx.s
      At line 259 in file startup_LPC17xx.s

EINT3_IRQHandler 0000007A

Symbol: EINT3_IRQHandler
   Definitions
      At line 296 in file startup_LPC17xx.s
   Uses
      At line 98 in file startup_LPC17xx.s
      At line 260 in file startup_LPC17xx.s

ENET_IRQHandler 0000007A

Symbol: ENET_IRQHandler



ARM Macro Assembler    Page 3 Alphabetic symbol ordering
Relocatable symbols

   Definitions
      At line 303 in file startup_LPC17xx.s
   Uses
      At line 105 in file startup_LPC17xx.s
      At line 267 in file startup_LPC17xx.s

HardFault_Handler 0000006A

Symbol: HardFault_Handler
   Definitions
      At line 200 in file startup_LPC17xx.s
   Uses
      At line 62 in file startup_LPC17xx.s
      At line 201 in file startup_LPC17xx.s

I2C0_IRQHandler 0000007A

Symbol: I2C0_IRQHandler
   Definitions
      At line 285 in file startup_LPC17xx.s
   Uses
      At line 87 in file startup_LPC17xx.s
      At line 249 in file startup_LPC17xx.s

I2C1_IRQHandler 0000007A

Symbol: I2C1_IRQHandler
   Definitions
      At line 286 in file startup_LPC17xx.s
   Uses
      At line 88 in file startup_LPC17xx.s
      At line 250 in file startup_LPC17xx.s

I2C2_IRQHandler 0000007A

Symbol: I2C2_IRQHandler
   Definitions
      At line 287 in file startup_LPC17xx.s
   Uses
      At line 89 in file startup_LPC17xx.s
      At line 251 in file startup_LPC17xx.s

I2S_IRQHandler 0000007A

Symbol: I2S_IRQHandler
   Definitions
      At line 302 in file startup_LPC17xx.s
   Uses
      At line 104 in file startup_LPC17xx.s
      At line 266 in file startup_LPC17xx.s

MCPWM_IRQHandler 0000007A

Symbol: MCPWM_IRQHandler
   Definitions
      At line 305 in file startup_LPC17xx.s
   Uses
      At line 107 in file startup_LPC17xx.s
      At line 269 in file startup_LPC17xx.s



ARM Macro Assembler    Page 4 Alphabetic symbol ordering
Relocatable symbols


MemManage_Handler 0000006C

Symbol: MemManage_Handler
   Definitions
      At line 205 in file startup_LPC17xx.s
   Uses
      At line 63 in file startup_LPC17xx.s
      At line 206 in file startup_LPC17xx.s

NMI_Handler 00000068

Symbol: NMI_Handler
   Definitions
      At line 195 in file startup_LPC17xx.s
   Uses
      At line 61 in file startup_LPC17xx.s
      At line 196 in file startup_LPC17xx.s

PLL0_IRQHandler 0000007A

Symbol: PLL0_IRQHandler
   Definitions
      At line 291 in file startup_LPC17xx.s
   Uses
      At line 93 in file startup_LPC17xx.s
      At line 255 in file startup_LPC17xx.s

PLL1_IRQHandler 0000007A

Symbol: PLL1_IRQHandler
   Definitions
      At line 307 in file startup_LPC17xx.s
   Uses
      At line 109 in file startup_LPC17xx.s
      At line 271 in file startup_LPC17xx.s

PWM1_IRQHandler 0000007A

Symbol: PWM1_IRQHandler
   Definitions
      At line 284 in file startup_LPC17xx.s
   Uses
      At line 86 in file startup_LPC17xx.s
      At line 248 in file startup_LPC17xx.s

PendSV_Handler 00000076

Symbol: PendSV_Handler
   Definitions
      At line 228 in file startup_LPC17xx.s
   Uses
      At line 73 in file startup_LPC17xx.s
      At line 229 in file startup_LPC17xx.s

QEI_IRQHandler 0000007A

Symbol: QEI_IRQHandler
   Definitions



ARM Macro Assembler    Page 5 Alphabetic symbol ordering
Relocatable symbols

      At line 306 in file startup_LPC17xx.s
   Uses
      At line 108 in file startup_LPC17xx.s
      At line 270 in file startup_LPC17xx.s

RIT_IRQHandler 0000007A

Symbol: RIT_IRQHandler
   Definitions
      At line 304 in file startup_LPC17xx.s
   Uses
      At line 106 in file startup_LPC17xx.s
      At line 268 in file startup_LPC17xx.s

RTC_IRQHandler 0000007A

Symbol: RTC_IRQHandler
   Definitions
      At line 292 in file startup_LPC17xx.s
   Uses
      At line 94 in file startup_LPC17xx.s
      At line 256 in file startup_LPC17xx.s

Reset_Handler 00000000

Symbol: Reset_Handler
   Definitions
      At line 128 in file startup_LPC17xx.s
   Uses
      At line 60 in file startup_LPC17xx.s
      At line 129 in file startup_LPC17xx.s

SPI_IRQHandler 0000007A

Symbol: SPI_IRQHandler
   Definitions
      At line 288 in file startup_LPC17xx.s
   Uses
      At line 90 in file startup_LPC17xx.s
      At line 252 in file startup_LPC17xx.s

SSP0_IRQHandler 0000007A

Symbol: SSP0_IRQHandler
   Definitions
      At line 289 in file startup_LPC17xx.s
   Uses
      At line 91 in file startup_LPC17xx.s
      At line 253 in file startup_LPC17xx.s

SSP1_IRQHandler 0000007A

Symbol: SSP1_IRQHandler
   Definitions
      At line 290 in file startup_LPC17xx.s
   Uses
      At line 92 in file startup_LPC17xx.s
      At line 254 in file startup_LPC17xx.s




ARM Macro Assembler    Page 6 Alphabetic symbol ordering
Relocatable symbols

STOP 00000022

Symbol: STOP
   Definitions
      At line 146 in file startup_LPC17xx.s
   Uses
      At line 146 in file startup_LPC17xx.s
Comment: STOP used once
SVC_Handler 00000072

Symbol: SVC_Handler
   Definitions
      At line 219 in file startup_LPC17xx.s
   Uses
      At line 70 in file startup_LPC17xx.s
      At line 220 in file startup_LPC17xx.s

SysTick_Handler 00000078

Symbol: SysTick_Handler
   Definitions
      At line 232 in file startup_LPC17xx.s
   Uses
      At line 74 in file startup_LPC17xx.s
      At line 233 in file startup_LPC17xx.s

TIMER0_IRQHandler 0000007A

Symbol: TIMER0_IRQHandler
   Definitions
      At line 276 in file startup_LPC17xx.s
   Uses
      At line 78 in file startup_LPC17xx.s
      At line 240 in file startup_LPC17xx.s

TIMER1_IRQHandler 0000007A

Symbol: TIMER1_IRQHandler
   Definitions
      At line 277 in file startup_LPC17xx.s
   Uses
      At line 79 in file startup_LPC17xx.s
      At line 241 in file startup_LPC17xx.s

TIMER2_IRQHandler 0000007A

Symbol: TIMER2_IRQHandler
   Definitions
      At line 278 in file startup_LPC17xx.s
   Uses
      At line 80 in file startup_LPC17xx.s
      At line 242 in file startup_LPC17xx.s

TIMER3_IRQHandler 0000007A

Symbol: TIMER3_IRQHandler
   Definitions
      At line 279 in file startup_LPC17xx.s
   Uses



ARM Macro Assembler    Page 7 Alphabetic symbol ordering
Relocatable symbols

      At line 81 in file startup_LPC17xx.s
      At line 243 in file startup_LPC17xx.s

UART0_IRQHandler 0000007A

Symbol: UART0_IRQHandler
   Definitions
      At line 280 in file startup_LPC17xx.s
   Uses
      At line 82 in file startup_LPC17xx.s
      At line 244 in file startup_LPC17xx.s

UART1_IRQHandler 0000007A

Symbol: UART1_IRQHandler
   Definitions
      At line 281 in file startup_LPC17xx.s
   Uses
      At line 83 in file startup_LPC17xx.s
      At line 245 in file startup_LPC17xx.s

UART2_IRQHandler 0000007A

Symbol: UART2_IRQHandler
   Definitions
      At line 282 in file startup_LPC17xx.s
   Uses
      At line 84 in file startup_LPC17xx.s
      At line 246 in file startup_LPC17xx.s

UART3_IRQHandler 0000007A

Symbol: UART3_IRQHandler
   Definitions
      At line 283 in file startup_LPC17xx.s
   Uses
      At line 85 in file startup_LPC17xx.s
      At line 247 in file startup_LPC17xx.s

USBActivity_IRQHandler 0000007A

Symbol: USBActivity_IRQHandler
   Definitions
      At line 308 in file startup_LPC17xx.s
   Uses
      At line 110 in file startup_LPC17xx.s
      At line 272 in file startup_LPC17xx.s

USB_IRQHandler 0000007A

Symbol: USB_IRQHandler
   Definitions
      At line 299 in file startup_LPC17xx.s
   Uses
      At line 101 in file startup_LPC17xx.s
      At line 263 in file startup_LPC17xx.s

UsageFault_Handler 00000070




ARM Macro Assembler    Page 8 Alphabetic symbol ordering
Relocatable symbols

Symbol: UsageFault_Handler
   Definitions
      At line 215 in file startup_LPC17xx.s
   Uses
      At line 65 in file startup_LPC17xx.s
      At line 216 in file startup_LPC17xx.s

WDT_IRQHandler 0000007A

Symbol: WDT_IRQHandler
   Definitions
      At line 275 in file startup_LPC17xx.s
   Uses
      At line 77 in file startup_LPC17xx.s
      At line 239 in file startup_LPC17xx.s

__user_initial_stackheap 0000007C

Symbol: __user_initial_stackheap
   Definitions
      At line 331 in file startup_LPC17xx.s
   Uses
      At line 330 in file startup_LPC17xx.s
Comment: __user_initial_stackheap used once
control 00000054

Symbol: control
   Definitions
      At line 176 in file startup_LPC17xx.s
   Uses
      At line 159 in file startup_LPC17xx.s
Comment: control used once
fillLoop 0000002E

Symbol: fillLoop
   Definitions
      At line 157 in file startup_LPC17xx.s
   Uses
      At line 174 in file startup_LPC17xx.s
      At line 179 in file startup_LPC17xx.s

fillStack 00000024

Symbol: fillStack
   Definitions
      At line 150 in file startup_LPC17xx.s
   Uses
      At line 137 in file startup_LPC17xx.s
      At line 141 in file startup_LPC17xx.s
      At line 145 in file startup_LPC17xx.s

nextStack 0000005E

Symbol: nextStack
   Definitions
      At line 181 in file startup_LPC17xx.s
   Uses
      At line 164 in file startup_LPC17xx.s
      At line 169 in file startup_LPC17xx.s



ARM Macro Assembler    Page 9 Alphabetic symbol ordering
Relocatable symbols

      At line 171 in file startup_LPC17xx.s

nextStack0 00000062

Symbol: nextStack0
   Definitions
      At line 182 in file startup_LPC17xx.s
   Uses
      At line 177 in file startup_LPC17xx.s
Comment: nextStack0 used once
over 0000003E

Symbol: over
   Definitions
      At line 165 in file startup_LPC17xx.s
   Uses
      At line 162 in file startup_LPC17xx.s
Comment: over used once
55 symbols



ARM Macro Assembler    Page 1 Alphabetic symbol ordering
Absolute symbols

Heap_Size 00000000

Symbol: Heap_Size
   Definitions
      At line 42 in file startup_LPC17xx.s
   Uses
      At line 46 in file startup_LPC17xx.s
      At line 335 in file startup_LPC17xx.s

N 00000003

Symbol: N
   Definitions
      At line 121 in file startup_LPC17xx.s
   Uses
      None
Comment: N unused
Stack_Size 00000200

Symbol: Stack_Size
   Definitions
      At line 31 in file startup_LPC17xx.s
   Uses
      At line 34 in file startup_LPC17xx.s
      At line 334 in file startup_LPC17xx.s

3 symbols
411 symbols in table
